[2026-07-03 10:38:32] === Run started: fu_domain_fedbn_canada_oral_335336 ===
[2026-07-03 10:38:32] Forking from source FL run: fl_fedavg_oral_329811
[2026-07-03 10:38:32] Forgetting hospital: Canada_Dataset (index 1 of ['Spain_Dataset', 'Canada_Dataset', 'India_Dataset'])
[2026-07-03 10:38:32] Phase-2 algorithm: fedbn
[2026-07-03 10:38:32] global_epoch=50, local_epoch=3, batch_size=16
[2026-07-03 10:38:37] Loaded source checkpoint (read-only) from checkpoints/fl/fl_fedavg_oral_329811/best.pt
[2026-07-03 10:38:39] Built 3 hospital train loaders, 3 hospital test loaders, in order ['Spain_Dataset', 'Canada_Dataset', 'India_Dataset'].
[2026-07-03 10:38:39] Running FUSED forget_client_train_domain (algorithm=fedbn)...
[2026-07-03 10:43:03] [FUSED forget_client_train:fedbn] Epoch=0, avg_r_acc=0.6295, avg_f_acc=0.7825
[2026-07-03 10:46:38] [FUSED forget_client_train:fedbn] Epoch=1, avg_r_acc=0.6055, avg_f_acc=0.7406
[2026-07-03 10:50:13] [FUSED forget_client_train:fedbn] Epoch=2, avg_r_acc=0.6139, avg_f_acc=0.7749
[2026-07-03 10:53:12] [FUSED forget_client_train:fedbn] Epoch=3, avg_r_acc=0.6259, avg_f_acc=0.7738
[2026-07-03 10:56:46] [FUSED forget_client_train:fedbn] Epoch=4, avg_r_acc=0.5944, avg_f_acc=0.7465
[2026-07-03 11:00:13] [FUSED forget_client_train:fedbn] Epoch=5, avg_r_acc=0.6017, avg_f_acc=0.7492
[2026-07-03 11:03:35] [FUSED forget_client_train:fedbn] Epoch=6, avg_r_acc=0.5946, avg_f_acc=0.7712
[2026-07-03 11:06:48] [FUSED forget_client_train:fedbn] Epoch=7, avg_r_acc=0.5843, avg_f_acc=0.7287
[2026-07-03 11:10:07] [FUSED forget_client_train:fedbn] Epoch=8, avg_r_acc=0.6107, avg_f_acc=0.7611
[2026-07-03 11:13:28] [FUSED forget_client_train:fedbn] Epoch=9, avg_r_acc=0.6014, avg_f_acc=0.7787
[2026-07-03 11:16:52] [FUSED forget_client_train:fedbn] Epoch=10, avg_r_acc=0.6050, avg_f_acc=0.7626
[2026-07-03 11:20:13] [FUSED forget_client_train:fedbn] Epoch=11, avg_r_acc=0.5684, avg_f_acc=0.7100
[2026-07-03 11:23:35] [FUSED forget_client_train:fedbn] Epoch=12, avg_r_acc=0.5966, avg_f_acc=0.7013
[2026-07-03 11:27:04] [FUSED forget_client_train:fedbn] Epoch=13, avg_r_acc=0.5976, avg_f_acc=0.7757
[2026-07-03 11:30:25] [FUSED forget_client_train:fedbn] Epoch=14, avg_r_acc=0.5957, avg_f_acc=0.7462
[2026-07-03 11:33:49] [FUSED forget_client_train:fedbn] Epoch=15, avg_r_acc=0.6262, avg_f_acc=0.7839
[2026-07-03 11:37:12] [FUSED forget_client_train:fedbn] Epoch=16, avg_r_acc=0.6178, avg_f_acc=0.7903
[2026-07-03 11:40:31] [FUSED forget_client_train:fedbn] Epoch=17, avg_r_acc=0.5905, avg_f_acc=0.7743
[2026-07-03 11:44:00] [FUSED forget_client_train:fedbn] Epoch=18, avg_r_acc=0.6178, avg_f_acc=0.8017
[2026-07-03 11:47:24] [FUSED forget_client_train:fedbn] Epoch=19, avg_r_acc=0.6211, avg_f_acc=0.8004
[2026-07-03 11:50:49] [FUSED forget_client_train:fedbn] Epoch=20, avg_r_acc=0.6088, avg_f_acc=0.7712
[2026-07-03 11:54:08] [FUSED forget_client_train:fedbn] Epoch=21, avg_r_acc=0.5934, avg_f_acc=0.7414
[2026-07-03 11:57:30] [FUSED forget_client_train:fedbn] Epoch=22, avg_r_acc=0.6312, avg_f_acc=0.7899
[2026-07-03 12:00:48] [FUSED forget_client_train:fedbn] Epoch=23, avg_r_acc=0.6022, avg_f_acc=0.7667
[2026-07-03 12:04:06] [FUSED forget_client_train:fedbn] Epoch=24, avg_r_acc=0.6013, avg_f_acc=0.7567
[2026-07-03 12:07:23] [FUSED forget_client_train:fedbn] Epoch=25, avg_r_acc=0.6306, avg_f_acc=0.8110
[2026-07-03 12:10:49] [FUSED forget_client_train:fedbn] Epoch=26, avg_r_acc=0.5845, avg_f_acc=0.7055
[2026-07-03 12:14:08] [FUSED forget_client_train:fedbn] Epoch=27, avg_r_acc=0.6043, avg_f_acc=0.7619
[2026-07-03 12:17:35] [FUSED forget_client_train:fedbn] Epoch=28, avg_r_acc=0.5905, avg_f_acc=0.7347
[2026-07-03 12:21:00] [FUSED forget_client_train:fedbn] Epoch=29, avg_r_acc=0.6078, avg_f_acc=0.7549
[2026-07-03 12:24:08] [FUSED forget_client_train:fedbn] Epoch=30, avg_r_acc=0.6047, avg_f_acc=0.7742
[2026-07-03 12:27:28] [FUSED forget_client_train:fedbn] Epoch=31, avg_r_acc=0.5940, avg_f_acc=0.7667
[2026-07-03 12:30:46] [FUSED forget_client_train:fedbn] Epoch=32, avg_r_acc=0.6036, avg_f_acc=0.7936
[2026-07-03 12:34:04] [FUSED forget_client_train:fedbn] Epoch=33, avg_r_acc=0.6013, avg_f_acc=0.7589
[2026-07-03 12:37:31] [FUSED forget_client_train:fedbn] Epoch=34, avg_r_acc=0.5967, avg_f_acc=0.7396
[2026-07-03 12:40:57] [FUSED forget_client_train:fedbn] Epoch=35, avg_r_acc=0.5766, avg_f_acc=0.7836
[2026-07-03 12:44:17] [FUSED forget_client_train:fedbn] Epoch=36, avg_r_acc=0.6056, avg_f_acc=0.8088
[2026-07-03 12:47:36] [FUSED forget_client_train:fedbn] Epoch=37, avg_r_acc=0.5536, avg_f_acc=0.6790
[2026-07-03 12:50:58] [FUSED forget_client_train:fedbn] Epoch=38, avg_r_acc=0.5877, avg_f_acc=0.7145
[2026-07-03 12:54:15] [FUSED forget_client_train:fedbn] Epoch=39, avg_r_acc=0.6098, avg_f_acc=0.7424
[2026-07-03 12:57:35] [FUSED forget_client_train:fedbn] Epoch=40, avg_r_acc=0.5797, avg_f_acc=0.7712
[2026-07-03 13:00:55] [FUSED forget_client_train:fedbn] Epoch=41, avg_r_acc=0.5688, avg_f_acc=0.7122
[2026-07-03 13:04:17] [FUSED forget_client_train:fedbn] Epoch=42, avg_r_acc=0.5971, avg_f_acc=0.7944
[2026-07-03 13:07:35] [FUSED forget_client_train:fedbn] Epoch=43, avg_r_acc=0.5943, avg_f_acc=0.7903
[2026-07-03 13:10:59] [FUSED forget_client_train:fedbn] Epoch=44, avg_r_acc=0.5262, avg_f_acc=0.6696
[2026-07-03 13:14:14] [FUSED forget_client_train:fedbn] Epoch=45, avg_r_acc=0.5587, avg_f_acc=0.6976
[2026-07-03 13:17:24] [FUSED forget_client_train:fedbn] Epoch=46, avg_r_acc=0.5984, avg_f_acc=0.7993
[2026-07-03 13:20:45] [FUSED forget_client_train:fedbn] Epoch=47, avg_r_acc=0.5964, avg_f_acc=0.8045
[2026-07-03 13:24:09] [FUSED forget_client_train:fedbn] Epoch=48, avg_r_acc=0.6165, avg_f_acc=0.7560
[2026-07-03 13:27:27] [FUSED forget_client_train:fedbn] Epoch=49, avg_r_acc=0.5979, avg_f_acc=0.7955
[2026-07-03 13:27:27] FUSED unlearning complete. LoRA trainable params: 254000/11432051 (2.2218%).
[2026-07-03 13:27:27] Running relearn (ReA) probe for 50 rounds (algorithm-agnostic)...
[2026-07-03 13:29:38] [Relearn] Round=0, avg_f_acc=0.8033 (ReA), avg_r_acc=0.5868
[2026-07-03 13:30:48] [Relearn] Round=1, avg_f_acc=0.7738 (ReA), avg_r_acc=0.5554
[2026-07-03 13:31:55] [Relearn] Round=2, avg_f_acc=0.8180 (ReA), avg_r_acc=0.5855
[2026-07-03 13:33:03] [Relearn] Round=3, avg_f_acc=0.7471 (ReA), avg_r_acc=0.5339
[2026-07-03 13:34:11] [Relearn] Round=4, avg_f_acc=0.7249 (ReA), avg_r_acc=0.5273
[2026-07-03 13:35:21] [Relearn] Round=5, avg_f_acc=0.7788 (ReA), avg_r_acc=0.5490
[2026-07-03 13:36:30] [Relearn] Round=6, avg_f_acc=0.8063 (ReA), avg_r_acc=0.5980
[2026-07-03 13:37:37] [Relearn] Round=7, avg_f_acc=0.7440 (ReA), avg_r_acc=0.5362
[2026-07-03 13:38:47] [Relearn] Round=8, avg_f_acc=0.7482 (ReA), avg_r_acc=0.5495
[2026-07-03 13:39:56] [Relearn] Round=9, avg_f_acc=0.7442 (ReA), avg_r_acc=0.5518
[2026-07-03 13:41:06] [Relearn] Round=10, avg_f_acc=0.7209 (ReA), avg_r_acc=0.5367
[2026-07-03 13:42:15] [Relearn] Round=11, avg_f_acc=0.7619 (ReA), avg_r_acc=0.5518
[2026-07-03 13:43:25] [Relearn] Round=12, avg_f_acc=0.7613 (ReA), avg_r_acc=0.5710
[2026-07-03 13:44:35] [Relearn] Round=13, avg_f_acc=0.7777 (ReA), avg_r_acc=0.5798
[2026-07-03 13:45:44] [Relearn] Round=14, avg_f_acc=0.8148 (ReA), avg_r_acc=0.5534
[2026-07-03 13:46:53] [Relearn] Round=15, avg_f_acc=0.7749 (ReA), avg_r_acc=0.5639
[2026-07-03 13:48:02] [Relearn] Round=16, avg_f_acc=0.7191 (ReA), avg_r_acc=0.5181
[2026-07-03 13:49:12] [Relearn] Round=17, avg_f_acc=0.7777 (ReA), avg_r_acc=0.5647
[2026-07-03 13:50:20] [Relearn] Round=18, avg_f_acc=0.7335 (ReA), avg_r_acc=0.5439
[2026-07-03 13:51:29] [Relearn] Round=19, avg_f_acc=0.7027 (ReA), avg_r_acc=0.5095
[2026-07-03 13:52:37] [Relearn] Round=20, avg_f_acc=0.7524 (ReA), avg_r_acc=0.5639
[2026-07-03 13:53:45] [Relearn] Round=21, avg_f_acc=0.7219 (ReA), avg_r_acc=0.5167
[2026-07-03 13:54:53] [Relearn] Round=22, avg_f_acc=0.7208 (ReA), avg_r_acc=0.5226
[2026-07-03 13:56:02] [Relearn] Round=23, avg_f_acc=0.7989 (ReA), avg_r_acc=0.5824
[2026-07-03 13:57:10] [Relearn] Round=24, avg_f_acc=0.7653 (ReA), avg_r_acc=0.5375
[2026-07-03 13:58:18] [Relearn] Round=25, avg_f_acc=0.7279 (ReA), avg_r_acc=0.5316
[2026-07-03 13:59:27] [Relearn] Round=26, avg_f_acc=0.7624 (ReA), avg_r_acc=0.5456
[2026-07-03 14:00:37] [Relearn] Round=27, avg_f_acc=0.8066 (ReA), avg_r_acc=0.6080
[2026-07-03 14:01:46] [Relearn] Round=28, avg_f_acc=0.8000 (ReA), avg_r_acc=0.5816
[2026-07-03 14:02:54] [Relearn] Round=29, avg_f_acc=0.8158 (ReA), avg_r_acc=0.5860
[2026-07-03 14:04:04] [Relearn] Round=30, avg_f_acc=0.7894 (ReA), avg_r_acc=0.5508
[2026-07-03 14:05:13] [Relearn] Round=31, avg_f_acc=0.8210 (ReA), avg_r_acc=0.5921
[2026-07-03 14:06:23] [Relearn] Round=32, avg_f_acc=0.8360 (ReA), avg_r_acc=0.6263
[2026-07-03 14:07:31] [Relearn] Round=33, avg_f_acc=0.7219 (ReA), avg_r_acc=0.5247
[2026-07-03 14:08:40] [Relearn] Round=34, avg_f_acc=0.8041 (ReA), avg_r_acc=0.5831
[2026-07-03 14:09:50] [Relearn] Round=35, avg_f_acc=0.7153 (ReA), avg_r_acc=0.5216
[2026-07-03 14:10:58] [Relearn] Round=36, avg_f_acc=0.7379 (ReA), avg_r_acc=0.5302
[2026-07-03 14:12:08] [Relearn] Round=37, avg_f_acc=0.7247 (ReA), avg_r_acc=0.5267
[2026-07-03 14:13:17] [Relearn] Round=38, avg_f_acc=0.7207 (ReA), avg_r_acc=0.5325
[2026-07-03 14:14:25] [Relearn] Round=39, avg_f_acc=0.7851 (ReA), avg_r_acc=0.5896
[2026-07-03 14:15:35] [Relearn] Round=40, avg_f_acc=0.7874 (ReA), avg_r_acc=0.5686
[2026-07-03 14:16:43] [Relearn] Round=41, avg_f_acc=0.7432 (ReA), avg_r_acc=0.5445
[2026-07-03 14:17:53] [Relearn] Round=42, avg_f_acc=0.7448 (ReA), avg_r_acc=0.5334
[2026-07-03 14:19:03] [Relearn] Round=43, avg_f_acc=0.7832 (ReA), avg_r_acc=0.5873
[2026-07-03 14:20:13] [Relearn] Round=44, avg_f_acc=0.8010 (ReA), avg_r_acc=0.5829
[2026-07-03 14:21:21] [Relearn] Round=45, avg_f_acc=0.7006 (ReA), avg_r_acc=0.5051
[2026-07-03 14:22:30] [Relearn] Round=46, avg_f_acc=0.7240 (ReA), avg_r_acc=0.5261
[2026-07-03 14:23:40] [Relearn] Round=47, avg_f_acc=0.7652 (ReA), avg_r_acc=0.5408
[2026-07-03 14:24:49] [Relearn] Round=48, avg_f_acc=0.7874 (ReA), avg_r_acc=0.5865
[2026-07-03 14:25:58] [Relearn] Round=49, avg_f_acc=0.7493 (ReA), avg_r_acc=0.5639
[2026-07-03 14:25:58] ReA (post-relearn forget-client accuracy) = 0.7493
[2026-07-03 14:26:16] Final unlearned model: global test loss=0.0921, acc=0.6484
[2026-07-03 14:26:16] Saved unlearned model to checkpoints/fu_domain/fu_domain_fedbn_canada_oral_335336/unlearned_model.pt
[2026-07-03 14:26:16] === Run finished: fu_domain_fedbn_canada_oral_335336 (elapsed 13664.8s) ===
