[2026-07-07 21:29:03] === Run started: fu_cli_fedbn_spain_backbone_oral_341144 ===
[2026-07-07 21:29:03] Forking from source FL run: fl_fedbn_oral_330775
[2026-07-07 21:29:03] Forgetting: Spain_Dataset (index 0 of ['Spain_Dataset', 'Canada_Dataset', 'India_Dataset'])
[2026-07-07 21:29:03] Phase-2 mechanism: FUSED-CLI (Algorithm 1), algorithm=fedbn
[2026-07-07 21:29:04] Loaded source checkpoint (read-only) from checkpoints/fl/fl_fedbn_oral_330775/best.pt
[2026-07-07 21:29:04] Built 3 hospital train loaders in order ['Spain_Dataset', 'Canada_Dataset', 'India_Dataset'], sizes=[319, 1308, 404]
[2026-07-07 21:29:04] Built 3 proxy hospital train loaders (proxy_frac=0.2), sizes=[79, 327, 101].
[2026-07-07 21:29:04] Running FUSED-CLI unlearning (algorithm=fedbn)...
[2026-07-07 21:29:04] Running Critical Layer Identification (one federated round, remember clients only)...
[2026-07-07 21:29:27] Selected 4 critical layers: ['layer4.1.conv2.weight', 'layer4.0.conv2.weight', 'layer4.1.conv1.weight', 'layer4.0.conv1.weight']
[2026-07-07 21:29:27] FedBN-local (never-aggregated) critical layers among selection: none
[2026-07-07 21:30:45] [FUSED-CLI:fedbn] Round=0, avg_r_acc=0.5904, avg_f_acc=0.8403, adapter_density=413080/8257536
[2026-07-07 21:32:00] [FUSED-CLI:fedbn] Round=1, avg_r_acc=0.6150, avg_f_acc=0.7894, adapter_density=413080/8257536
[2026-07-07 21:33:14] [FUSED-CLI:fedbn] Round=2, avg_r_acc=0.6038, avg_f_acc=0.7894, adapter_density=413080/8257536
[2026-07-07 21:34:31] [FUSED-CLI:fedbn] Round=3, avg_r_acc=0.6040, avg_f_acc=0.7775, adapter_density=413080/8257536
[2026-07-07 21:35:46] [FUSED-CLI:fedbn] Round=4, avg_r_acc=0.6092, avg_f_acc=0.7537, adapter_density=413080/8257536
[2026-07-07 21:36:59] [FUSED-CLI:fedbn] Round=5, avg_r_acc=0.6062, avg_f_acc=0.7632, adapter_density=413080/8257536
[2026-07-07 21:38:14] [FUSED-CLI:fedbn] Round=6, avg_r_acc=0.6061, avg_f_acc=0.7632, adapter_density=413080/8257536
[2026-07-07 21:39:28] [FUSED-CLI:fedbn] Round=7, avg_r_acc=0.6038, avg_f_acc=0.7632, adapter_density=413080/8257536
[2026-07-07 21:40:41] [FUSED-CLI:fedbn] Round=8, avg_r_acc=0.6045, avg_f_acc=0.7632, adapter_density=413080/8257536
[2026-07-07 21:41:55] [FUSED-CLI:fedbn] Round=9, avg_r_acc=0.6028, avg_f_acc=0.7632, adapter_density=413080/8257536
[2026-07-07 21:43:09] [FUSED-CLI:fedbn] Round=10, avg_r_acc=0.6102, avg_f_acc=0.7632, adapter_density=413080/8257536
[2026-07-07 21:44:22] [FUSED-CLI:fedbn] Round=11, avg_r_acc=0.6078, avg_f_acc=0.7632, adapter_density=413080/8257536
[2026-07-07 21:45:36] [FUSED-CLI:fedbn] Round=12, avg_r_acc=0.6078, avg_f_acc=0.7632, adapter_density=413080/8257536
[2026-07-07 21:46:49] [FUSED-CLI:fedbn] Round=13, avg_r_acc=0.6078, avg_f_acc=0.7632, adapter_density=413080/8257536
[2026-07-07 21:48:04] [FUSED-CLI:fedbn] Round=14, avg_r_acc=0.6078, avg_f_acc=0.7632, adapter_density=413080/8257536
[2026-07-07 21:49:17] [FUSED-CLI:fedbn] Round=15, avg_r_acc=0.6078, avg_f_acc=0.7632, adapter_density=413080/8257536
[2026-07-07 21:50:30] [FUSED-CLI:fedbn] Round=16, avg_r_acc=0.6078, avg_f_acc=0.7632, adapter_density=413080/8257536
[2026-07-07 21:51:43] [FUSED-CLI:fedbn] Round=17, avg_r_acc=0.6085, avg_f_acc=0.7632, adapter_density=413080/8257536
[2026-07-07 21:52:56] [FUSED-CLI:fedbn] Round=18, avg_r_acc=0.6085, avg_f_acc=0.7632, adapter_density=413080/8257536
[2026-07-07 21:54:09] [FUSED-CLI:fedbn] Round=19, avg_r_acc=0.6107, avg_f_acc=0.7632, adapter_density=413080/8257536
[2026-07-07 21:55:22] [FUSED-CLI:fedbn] Round=20, avg_r_acc=0.6107, avg_f_acc=0.7632, adapter_density=413080/8257536
[2026-07-07 21:56:35] [FUSED-CLI:fedbn] Round=21, avg_r_acc=0.6107, avg_f_acc=0.7632, adapter_density=413080/8257536
[2026-07-07 21:57:48] [FUSED-CLI:fedbn] Round=22, avg_r_acc=0.6129, avg_f_acc=0.7632, adapter_density=413080/8257536
[2026-07-07 21:59:02] [FUSED-CLI:fedbn] Round=23, avg_r_acc=0.6085, avg_f_acc=0.7632, adapter_density=413080/8257536
[2026-07-07 22:00:15] [FUSED-CLI:fedbn] Round=24, avg_r_acc=0.6085, avg_f_acc=0.7632, adapter_density=413080/8257536
[2026-07-07 22:01:28] [FUSED-CLI:fedbn] Round=25, avg_r_acc=0.6114, avg_f_acc=0.7632, adapter_density=413080/8257536
[2026-07-07 22:02:42] [FUSED-CLI:fedbn] Round=26, avg_r_acc=0.6092, avg_f_acc=0.7632, adapter_density=413080/8257536
[2026-07-07 22:03:55] [FUSED-CLI:fedbn] Round=27, avg_r_acc=0.6166, avg_f_acc=0.7632, adapter_density=413080/8257536
[2026-07-07 22:05:09] [FUSED-CLI:fedbn] Round=28, avg_r_acc=0.6166, avg_f_acc=0.7632, adapter_density=413080/8257536
[2026-07-07 22:06:22] [FUSED-CLI:fedbn] Round=29, avg_r_acc=0.6166, avg_f_acc=0.7632, adapter_density=413080/8257536
[2026-07-07 22:07:35] [FUSED-CLI:fedbn] Round=30, avg_r_acc=0.6166, avg_f_acc=0.7632, adapter_density=413080/8257536
[2026-07-07 22:08:49] [FUSED-CLI:fedbn] Round=31, avg_r_acc=0.6166, avg_f_acc=0.7632, adapter_density=413080/8257536
[2026-07-07 22:10:03] [FUSED-CLI:fedbn] Round=32, avg_r_acc=0.6166, avg_f_acc=0.7632, adapter_density=413080/8257536
[2026-07-07 22:11:16] [FUSED-CLI:fedbn] Round=33, avg_r_acc=0.6166, avg_f_acc=0.7632, adapter_density=413080/8257536
[2026-07-07 22:12:31] [FUSED-CLI:fedbn] Round=34, avg_r_acc=0.6159, avg_f_acc=0.7632, adapter_density=413080/8257536
[2026-07-07 22:13:44] [FUSED-CLI:fedbn] Round=35, avg_r_acc=0.6159, avg_f_acc=0.7632, adapter_density=413080/8257536
[2026-07-07 22:14:57] [FUSED-CLI:fedbn] Round=36, avg_r_acc=0.6159, avg_f_acc=0.7632, adapter_density=413080/8257536
[2026-07-07 22:16:11] [FUSED-CLI:fedbn] Round=37, avg_r_acc=0.6159, avg_f_acc=0.7632, adapter_density=413080/8257536
[2026-07-07 22:17:24] [FUSED-CLI:fedbn] Round=38, avg_r_acc=0.6166, avg_f_acc=0.7632, adapter_density=413080/8257536
[2026-07-07 22:18:37] [FUSED-CLI:fedbn] Round=39, avg_r_acc=0.6166, avg_f_acc=0.7632, adapter_density=413080/8257536
[2026-07-07 22:19:51] [FUSED-CLI:fedbn] Round=40, avg_r_acc=0.6166, avg_f_acc=0.7632, adapter_density=413080/8257536
[2026-07-07 22:21:03] [FUSED-CLI:fedbn] Round=41, avg_r_acc=0.6166, avg_f_acc=0.7632, adapter_density=413080/8257536
[2026-07-07 22:22:16] [FUSED-CLI:fedbn] Round=42, avg_r_acc=0.6166, avg_f_acc=0.7632, adapter_density=413080/8257536
[2026-07-07 22:23:30] [FUSED-CLI:fedbn] Round=43, avg_r_acc=0.6173, avg_f_acc=0.7632, adapter_density=413080/8257536
[2026-07-07 22:24:43] [FUSED-CLI:fedbn] Round=44, avg_r_acc=0.6144, avg_f_acc=0.7632, adapter_density=413080/8257536
[2026-07-07 22:25:56] [FUSED-CLI:fedbn] Round=45, avg_r_acc=0.6144, avg_f_acc=0.7632, adapter_density=413080/8257536
[2026-07-07 22:27:09] [FUSED-CLI:fedbn] Round=46, avg_r_acc=0.6173, avg_f_acc=0.7632, adapter_density=413080/8257536
[2026-07-07 22:28:21] [FUSED-CLI:fedbn] Round=47, avg_r_acc=0.6151, avg_f_acc=0.7632, adapter_density=413080/8257536
[2026-07-07 22:29:35] [FUSED-CLI:fedbn] Round=48, avg_r_acc=0.6195, avg_f_acc=0.7632, adapter_density=413080/8257536
[2026-07-07 22:30:48] [FUSED-CLI:fedbn] Round=49, avg_r_acc=0.6195, avg_f_acc=0.7632, adapter_density=413080/8257536
[2026-07-07 22:30:48] FUSED-CLI unlearning complete. Critical layers: ['layer4.1.conv2.weight', 'layer4.0.conv2.weight', 'layer4.1.conv1.weight', 'layer4.0.conv1.weight']
[2026-07-07 22:30:48] Running relearn (ReA) probe for 50 rounds...
[2026-07-07 22:32:42] [Relearn] Round=0, avg_f_acc=0.8727 (ReA), avg_r_acc=0.6083
[2026-07-07 22:34:37] [Relearn] Round=1, avg_f_acc=0.9030 (ReA), avg_r_acc=0.6299
[2026-07-07 22:36:32] [Relearn] Round=2, avg_f_acc=0.8879 (ReA), avg_r_acc=0.6606
[2026-07-07 22:38:23] [Relearn] Round=3, avg_f_acc=0.8879 (ReA), avg_r_acc=0.5889
[2026-07-07 22:40:14] [Relearn] Round=4, avg_f_acc=0.8879 (ReA), avg_r_acc=0.6344
[2026-07-07 22:42:12] [Relearn] Round=5, avg_f_acc=0.8879 (ReA), avg_r_acc=0.6245
[2026-07-07 22:44:06] [Relearn] Round=6, avg_f_acc=0.8784 (ReA), avg_r_acc=0.6325
[2026-07-07 22:46:06] [Relearn] Round=7, avg_f_acc=0.8784 (ReA), avg_r_acc=0.6326
[2026-07-07 22:48:03] [Relearn] Round=8, avg_f_acc=0.8784 (ReA), avg_r_acc=0.6245
[2026-07-07 22:49:40] [Relearn] Round=9, avg_f_acc=0.8784 (ReA), avg_r_acc=0.6440
[2026-07-07 22:51:19] [Relearn] Round=10, avg_f_acc=0.8784 (ReA), avg_r_acc=0.6613
[2026-07-07 22:53:10] [Relearn] Round=11, avg_f_acc=0.8935 (ReA), avg_r_acc=0.6466
[2026-07-07 22:55:03] [Relearn] Round=12, avg_f_acc=0.9030 (ReA), avg_r_acc=0.6479
[2026-07-07 22:56:42] [Relearn] Round=13, avg_f_acc=0.9030 (ReA), avg_r_acc=0.6523
[2026-07-07 22:58:37] [Relearn] Round=14, avg_f_acc=0.9030 (ReA), avg_r_acc=0.6285
[2026-07-07 23:00:16] [Relearn] Round=15, avg_f_acc=0.8840 (ReA), avg_r_acc=0.6184
[2026-07-07 23:02:13] [Relearn] Round=16, avg_f_acc=0.9030 (ReA), avg_r_acc=0.6198
[2026-07-07 23:03:53] [Relearn] Round=17, avg_f_acc=0.9087 (ReA), avg_r_acc=0.6177
[2026-07-07 23:05:44] [Relearn] Round=18, avg_f_acc=0.9087 (ReA), avg_r_acc=0.6414
[2026-07-07 23:07:39] [Relearn] Round=19, avg_f_acc=0.9087 (ReA), avg_r_acc=0.6440
[2026-07-07 23:09:37] [Relearn] Round=20, avg_f_acc=0.9087 (ReA), avg_r_acc=0.5914
[2026-07-07 23:11:29] [Relearn] Round=21, avg_f_acc=0.9087 (ReA), avg_r_acc=0.6595
[2026-07-07 23:13:22] [Relearn] Round=22, avg_f_acc=0.8879 (ReA), avg_r_acc=0.6398
[2026-07-07 23:15:00] [Relearn] Round=23, avg_f_acc=0.8879 (ReA), avg_r_acc=0.6404
[2026-07-07 23:16:47] [Relearn] Round=24, avg_f_acc=0.9182 (ReA), avg_r_acc=0.6619
[2026-07-07 23:18:27] [Relearn] Round=25, avg_f_acc=0.8991 (ReA), avg_r_acc=0.6593
[2026-07-07 23:20:06] [Relearn] Round=26, avg_f_acc=0.9087 (ReA), avg_r_acc=0.6556
[2026-07-07 23:21:45] [Relearn] Round=27, avg_f_acc=0.8935 (ReA), avg_r_acc=0.6406
[2026-07-07 23:23:42] [Relearn] Round=28, avg_f_acc=0.8879 (ReA), avg_r_acc=0.6352
[2026-07-07 23:25:22] [Relearn] Round=29, avg_f_acc=0.8935 (ReA), avg_r_acc=0.6556
[2026-07-07 23:27:15] [Relearn] Round=30, avg_f_acc=0.9030 (ReA), avg_r_acc=0.6522
[2026-07-07 23:28:53] [Relearn] Round=31, avg_f_acc=0.9030 (ReA), avg_r_acc=0.6462
[2026-07-07 23:30:33] [Relearn] Round=32, avg_f_acc=0.9030 (ReA), avg_r_acc=0.6580
[2026-07-07 23:32:17] [Relearn] Round=33, avg_f_acc=0.8879 (ReA), avg_r_acc=0.6630
[2026-07-07 23:33:58] [Relearn] Round=34, avg_f_acc=0.9182 (ReA), avg_r_acc=0.6337
[2026-07-07 23:35:37] [Relearn] Round=35, avg_f_acc=0.9182 (ReA), avg_r_acc=0.6162
[2026-07-07 23:37:37] [Relearn] Round=36, avg_f_acc=0.9182 (ReA), avg_r_acc=0.6345
[2026-07-07 23:39:31] [Relearn] Round=37, avg_f_acc=0.8879 (ReA), avg_r_acc=0.6137
[2026-07-07 23:41:30] [Relearn] Round=38, avg_f_acc=0.8935 (ReA), avg_r_acc=0.6126
[2026-07-07 23:43:20] [Relearn] Round=39, avg_f_acc=0.8935 (ReA), avg_r_acc=0.6448
[2026-07-07 23:45:15] [Relearn] Round=40, avg_f_acc=0.8935 (ReA), avg_r_acc=0.6504
[2026-07-07 23:47:07] [Relearn] Round=41, avg_f_acc=0.9030 (ReA), avg_r_acc=0.6457
[2026-07-07 23:49:10] [Relearn] Round=42, avg_f_acc=0.9030 (ReA), avg_r_acc=0.6517
[2026-07-07 23:51:05] [Relearn] Round=43, avg_f_acc=0.9030 (ReA), avg_r_acc=0.6609
[2026-07-07 23:53:03] [Relearn] Round=44, avg_f_acc=0.9030 (ReA), avg_r_acc=0.6745
[2026-07-07 23:54:43] [Relearn] Round=45, avg_f_acc=0.9030 (ReA), avg_r_acc=0.6540
[2026-07-07 23:56:37] [Relearn] Round=46, avg_f_acc=0.9030 (ReA), avg_r_acc=0.6605
[2026-07-07 23:58:37] [Relearn] Round=47, avg_f_acc=0.9030 (ReA), avg_r_acc=0.6577
[2026-07-08 00:00:35] [Relearn] Round=48, avg_f_acc=0.8784 (ReA), avg_r_acc=0.6492
[2026-07-08 00:02:31] [Relearn] Round=49, avg_f_acc=0.8935 (ReA), avg_r_acc=0.6476
[2026-07-08 00:02:31] ReA = 0.8935
[2026-07-08 00:02:47] Final unlearned model: global test loss=0.0736, acc=0.7410
[2026-07-08 00:03:51] [eval/classification] accuracy=0.7410 macro_precision=0.7231 macro_recall=0.6796 macro_f1=0.6949 weighted_f1=0.7328
[2026-07-08 00:03:51] [eval] overall_acc=0.7410 overall_loss=1.1631 | macro_precision=0.7231 macro_recall=0.6796 macro_f1=0.6949 weighted_f1=0.7328 | per_hospital={ Spain_Dataset: 0.7925, Canada_Dataset: 0.8421, India_Dataset: 0.3939 }
[2026-07-08 00:04:11] [eval/unlearning/remember_classification] accuracy=0.7347 macro_precision=0.6837 macro_recall=0.6503 macro_f1=0.6627 weighted_f1=0.7266
[2026-07-08 00:04:20] [eval/unlearning/forget_classification] accuracy=0.7765 macro_precision=0.8556 macro_recall=0.7632 macro_f1=0.7715 weighted_f1=0.7670
[2026-07-08 00:06:15] [eval/unlearning] RA=0.7347 FA=0.7765 ReA=1.0000 remember_macro_f1=0.6627 forget_macro_f1=0.7715 MIA_acc=0.3268
[2026-07-08 00:06:15] [symmetric eval] RA=0.7347 FA=0.7765 ReA=1.0000 MIA_acc=0.3268
[2026-07-08 00:06:15] Running shadow-model MIA (n_shadow=3, attack_epochs=50, proxy_frac=0.2)...
