[2026-07-08 21:11:14] === Run started: fu_cli_fedmoon_canada_backbone_oral_342727 ===
[2026-07-08 21:11:14] Forking from source FL run: fl_fedmoon_oral_330530
[2026-07-08 21:11:14] Forgetting: Canada_Dataset (index 1 of ['Spain_Dataset', 'Canada_Dataset', 'India_Dataset'])
[2026-07-08 21:11:14] Phase-2 mechanism: FUSED-CLI (Algorithm 1), algorithm=fedmoon
[2026-07-08 21:11:17] Loaded source checkpoint (read-only) from checkpoints/fl/fl_fedmoon_oral_330530/best.pt
[2026-07-08 21:11:17] Built 3 hospital train loaders in order ['Spain_Dataset', 'Canada_Dataset', 'India_Dataset'], sizes=[319, 1308, 404]
[2026-07-08 21:11:17] Built 3 proxy hospital train loaders (proxy_frac=0.2), sizes=[79, 327, 101].
[2026-07-08 21:11:17] Running FUSED-CLI unlearning (algorithm=fedmoon)...
[2026-07-08 21:11:17] Running Critical Layer Identification (one federated round, remember clients only)...
[2026-07-08 21:12:06] Selected 4 critical layers: ['layer4.0.conv2.weight', 'layer4.0.conv1.weight', 'layer3.0.conv2.weight', 'layer4.1.conv1.weight']
[2026-07-08 21:14:29] [FUSED-CLI:fedmoon] Round=0, avg_r_acc=0.6239, avg_f_acc=0.7944, adapter_density=324695/6488064
[2026-07-08 21:16:50] [FUSED-CLI:fedmoon] Round=1, avg_r_acc=0.6051, avg_f_acc=0.8028, adapter_density=324695/6488064
[2026-07-08 21:19:13] [FUSED-CLI:fedmoon] Round=2, avg_r_acc=0.5728, avg_f_acc=0.8139, adapter_density=324695/6488064
[2026-07-08 21:21:35] [FUSED-CLI:fedmoon] Round=3, avg_r_acc=0.5751, avg_f_acc=0.8208, adapter_density=324695/6488064
[2026-07-08 21:23:51] [FUSED-CLI:fedmoon] Round=4, avg_r_acc=0.5899, avg_f_acc=0.8194, adapter_density=324695/6488064
[2026-07-08 21:26:14] [FUSED-CLI:fedmoon] Round=5, avg_r_acc=0.5977, avg_f_acc=0.8180, adapter_density=324695/6488064
[2026-07-08 21:28:37] [FUSED-CLI:fedmoon] Round=6, avg_r_acc=0.5911, avg_f_acc=0.8229, adapter_density=324695/6488064
[2026-07-08 21:31:02] [FUSED-CLI:fedmoon] Round=7, avg_r_acc=0.5993, avg_f_acc=0.8186, adapter_density=324695/6488064
[2026-07-08 21:33:18] [FUSED-CLI:fedmoon] Round=8, avg_r_acc=0.6015, avg_f_acc=0.8129, adapter_density=324695/6488064
[2026-07-08 21:35:40] [FUSED-CLI:fedmoon] Round=9, avg_r_acc=0.6071, avg_f_acc=0.8115, adapter_density=324695/6488064
[2026-07-08 21:38:05] [FUSED-CLI:fedmoon] Round=10, avg_r_acc=0.6068, avg_f_acc=0.8046, adapter_density=324695/6488064
[2026-07-08 21:40:27] [FUSED-CLI:fedmoon] Round=11, avg_r_acc=0.6172, avg_f_acc=0.8031, adapter_density=324695/6488064
[2026-07-08 21:42:50] [FUSED-CLI:fedmoon] Round=12, avg_r_acc=0.6194, avg_f_acc=0.8017, adapter_density=324695/6488064
[2026-07-08 21:45:12] [FUSED-CLI:fedmoon] Round=13, avg_r_acc=0.6121, avg_f_acc=0.7960, adapter_density=324695/6488064
[2026-07-08 21:47:33] [FUSED-CLI:fedmoon] Round=14, avg_r_acc=0.6181, avg_f_acc=0.8009, adapter_density=324695/6488064
[2026-07-08 21:49:54] [FUSED-CLI:fedmoon] Round=15, avg_r_acc=0.5962, avg_f_acc=0.7995, adapter_density=324695/6488064
[2026-07-08 21:52:16] [FUSED-CLI:fedmoon] Round=16, avg_r_acc=0.5985, avg_f_acc=0.8099, adapter_density=324695/6488064
[2026-07-08 21:54:39] [FUSED-CLI:fedmoon] Round=17, avg_r_acc=0.6029, avg_f_acc=0.8057, adapter_density=324695/6488064
[2026-07-08 21:57:00] [FUSED-CLI:fedmoon] Round=18, avg_r_acc=0.6004, avg_f_acc=0.8063, adapter_density=324695/6488064
[2026-07-08 21:59:24] [FUSED-CLI:fedmoon] Round=19, avg_r_acc=0.6108, avg_f_acc=0.8063, adapter_density=324695/6488064
[2026-07-08 22:01:35] [FUSED-CLI:fedmoon] Round=20, avg_r_acc=0.6243, avg_f_acc=0.8063, adapter_density=324695/6488064
[2026-07-08 22:03:55] [FUSED-CLI:fedmoon] Round=21, avg_r_acc=0.6302, avg_f_acc=0.8063, adapter_density=324695/6488064
[2026-07-08 22:06:17] [FUSED-CLI:fedmoon] Round=22, avg_r_acc=0.6302, avg_f_acc=0.8063, adapter_density=324695/6488064
[2026-07-08 22:08:39] [FUSED-CLI:fedmoon] Round=23, avg_r_acc=0.6255, avg_f_acc=0.8063, adapter_density=324695/6488064
[2026-07-08 22:10:55] [FUSED-CLI:fedmoon] Round=24, avg_r_acc=0.6255, avg_f_acc=0.8063, adapter_density=324695/6488064
[2026-07-08 22:13:17] [FUSED-CLI:fedmoon] Round=25, avg_r_acc=0.6255, avg_f_acc=0.8034, adapter_density=324695/6488064
[2026-07-08 22:15:40] [FUSED-CLI:fedmoon] Round=26, avg_r_acc=0.6277, avg_f_acc=0.8020, adapter_density=324695/6488064
[2026-07-08 22:18:02] [FUSED-CLI:fedmoon] Round=27, avg_r_acc=0.6277, avg_f_acc=0.8006, adapter_density=324695/6488064
[2026-07-08 22:20:18] [FUSED-CLI:fedmoon] Round=28, avg_r_acc=0.6299, avg_f_acc=0.8006, adapter_density=324695/6488064
[2026-07-08 22:22:41] [FUSED-CLI:fedmoon] Round=29, avg_r_acc=0.6299, avg_f_acc=0.7978, adapter_density=324695/6488064
[2026-07-08 22:25:02] [FUSED-CLI:fedmoon] Round=30, avg_r_acc=0.6299, avg_f_acc=0.7978, adapter_density=324695/6488064
[2026-07-08 22:27:25] [FUSED-CLI:fedmoon] Round=31, avg_r_acc=0.6252, avg_f_acc=0.7978, adapter_density=324695/6488064
[2026-07-08 22:29:45] [FUSED-CLI:fedmoon] Round=32, avg_r_acc=0.6252, avg_f_acc=0.7978, adapter_density=324695/6488064
[2026-07-08 22:32:11] [FUSED-CLI:fedmoon] Round=33, avg_r_acc=0.6252, avg_f_acc=0.7963, adapter_density=324695/6488064
[2026-07-08 22:34:32] [FUSED-CLI:fedmoon] Round=34, avg_r_acc=0.6252, avg_f_acc=0.7963, adapter_density=324695/6488064
[2026-07-08 22:36:37] [FUSED-CLI:fedmoon] Round=35, avg_r_acc=0.6274, avg_f_acc=0.7963, adapter_density=324695/6488064
[2026-07-08 22:38:59] [FUSED-CLI:fedmoon] Round=36, avg_r_acc=0.6229, avg_f_acc=0.7963, adapter_density=324695/6488064
[2026-07-08 22:41:20] [FUSED-CLI:fedmoon] Round=37, avg_r_acc=0.6252, avg_f_acc=0.7963, adapter_density=324695/6488064
[2026-07-08 22:43:43] [FUSED-CLI:fedmoon] Round=38, avg_r_acc=0.6252, avg_f_acc=0.7949, adapter_density=324695/6488064
[2026-07-08 22:46:06] [FUSED-CLI:fedmoon] Round=39, avg_r_acc=0.6252, avg_f_acc=0.7949, adapter_density=324695/6488064
[2026-07-08 22:48:30] [FUSED-CLI:fedmoon] Round=40, avg_r_acc=0.6252, avg_f_acc=0.7935, adapter_density=324695/6488064
[2026-07-08 22:50:51] [FUSED-CLI:fedmoon] Round=41, avg_r_acc=0.6252, avg_f_acc=0.7921, adapter_density=324695/6488064
[2026-07-08 22:53:12] [FUSED-CLI:fedmoon] Round=42, avg_r_acc=0.6185, avg_f_acc=0.7921, adapter_density=324695/6488064
[2026-07-08 22:55:33] [FUSED-CLI:fedmoon] Round=43, avg_r_acc=0.6185, avg_f_acc=0.7921, adapter_density=324695/6488064
[2026-07-08 22:57:54] [FUSED-CLI:fedmoon] Round=44, avg_r_acc=0.6185, avg_f_acc=0.7921, adapter_density=324695/6488064
[2026-07-08 23:00:08] [FUSED-CLI:fedmoon] Round=45, avg_r_acc=0.6185, avg_f_acc=0.7878, adapter_density=324695/6488064
[2026-07-08 23:02:31] [FUSED-CLI:fedmoon] Round=46, avg_r_acc=0.6185, avg_f_acc=0.7850, adapter_density=324695/6488064
[2026-07-08 23:04:52] [FUSED-CLI:fedmoon] Round=47, avg_r_acc=0.6185, avg_f_acc=0.7850, adapter_density=324695/6488064
[2026-07-08 23:07:14] [FUSED-CLI:fedmoon] Round=48, avg_r_acc=0.6185, avg_f_acc=0.7850, adapter_density=324695/6488064
[2026-07-08 23:09:30] [FUSED-CLI:fedmoon] Round=49, avg_r_acc=0.6185, avg_f_acc=0.7850, adapter_density=324695/6488064
[2026-07-08 23:09:30] FUSED-CLI unlearning complete. Critical layers: ['layer4.0.conv2.weight', 'layer4.0.conv1.weight', 'layer3.0.conv2.weight', 'layer4.1.conv1.weight']
[2026-07-08 23:09:30] Running relearn (ReA) probe for 50 rounds...
[2026-07-08 23:10:19] [Relearn] Round=0, avg_f_acc=0.7927 (ReA), avg_r_acc=0.5311
[2026-07-08 23:11:08] [Relearn] Round=1, avg_f_acc=0.7831 (ReA), avg_r_acc=0.5178
[2026-07-08 23:11:57] [Relearn] Round=2, avg_f_acc=0.7648 (ReA), avg_r_acc=0.5087
[2026-07-08 23:12:47] [Relearn] Round=3, avg_f_acc=0.7567 (ReA), avg_r_acc=0.4978
[2026-07-08 23:13:36] [Relearn] Round=4, avg_f_acc=0.7900 (ReA), avg_r_acc=0.4991
[2026-07-08 23:14:25] [Relearn] Round=5, avg_f_acc=0.7623 (ReA), avg_r_acc=0.5076
[2026-07-08 23:15:15] [Relearn] Round=6, avg_f_acc=0.7886 (ReA), avg_r_acc=0.5143
[2026-07-08 23:16:05] [Relearn] Round=7, avg_f_acc=0.7670 (ReA), avg_r_acc=0.4700
[2026-07-08 23:16:55] [Relearn] Round=8, avg_f_acc=0.7622 (ReA), avg_r_acc=0.4852
[2026-07-08 23:17:44] [Relearn] Round=9, avg_f_acc=0.7823 (ReA), avg_r_acc=0.4954
[2026-07-08 23:18:33] [Relearn] Round=10, avg_f_acc=0.7636 (ReA), avg_r_acc=0.4904
[2026-07-08 23:19:22] [Relearn] Round=11, avg_f_acc=0.7774 (ReA), avg_r_acc=0.4954
[2026-07-08 23:20:12] [Relearn] Round=12, avg_f_acc=0.7740 (ReA), avg_r_acc=0.4926
[2026-07-08 23:21:02] [Relearn] Round=13, avg_f_acc=0.7774 (ReA), avg_r_acc=0.4894
[2026-07-08 23:21:51] [Relearn] Round=14, avg_f_acc=0.7789 (ReA), avg_r_acc=0.4904
[2026-07-08 23:22:41] [Relearn] Round=15, avg_f_acc=0.7803 (ReA), avg_r_acc=0.4806
[2026-07-08 23:23:30] [Relearn] Round=16, avg_f_acc=0.7774 (ReA), avg_r_acc=0.4745
[2026-07-08 23:24:19] [Relearn] Round=17, avg_f_acc=0.7712 (ReA), avg_r_acc=0.4745
[2026-07-08 23:25:08] [Relearn] Round=18, avg_f_acc=0.7789 (ReA), avg_r_acc=0.4604
[2026-07-08 23:25:58] [Relearn] Round=19, avg_f_acc=0.7774 (ReA), avg_r_acc=0.4812
[2026-07-08 23:26:48] [Relearn] Round=20, avg_f_acc=0.7691 (ReA), avg_r_acc=0.4581
[2026-07-08 23:27:37] [Relearn] Round=21, avg_f_acc=0.7628 (ReA), avg_r_acc=0.4859
[2026-07-08 23:28:26] [Relearn] Round=22, avg_f_acc=0.7614 (ReA), avg_r_acc=0.4641
[2026-07-08 23:29:16] [Relearn] Round=23, avg_f_acc=0.7740 (ReA), avg_r_acc=0.4859
[2026-07-08 23:30:05] [Relearn] Round=24, avg_f_acc=0.7302 (ReA), avg_r_acc=0.4685
[2026-07-08 23:30:55] [Relearn] Round=25, avg_f_acc=0.7406 (ReA), avg_r_acc=0.4506
[2026-07-08 23:31:44] [Relearn] Round=26, avg_f_acc=0.7524 (ReA), avg_r_acc=0.4483
[2026-07-08 23:32:33] [Relearn] Round=27, avg_f_acc=0.7663 (ReA), avg_r_acc=0.4789
[2026-07-08 23:33:23] [Relearn] Round=28, avg_f_acc=0.7670 (ReA), avg_r_acc=0.4654
[2026-07-08 23:34:12] [Relearn] Round=29, avg_f_acc=0.7544 (ReA), avg_r_acc=0.4708
[2026-07-08 23:35:02] [Relearn] Round=30, avg_f_acc=0.7510 (ReA), avg_r_acc=0.4663
[2026-07-08 23:35:51] [Relearn] Round=31, avg_f_acc=0.7636 (ReA), avg_r_acc=0.4617
[2026-07-08 23:36:41] [Relearn] Round=32, avg_f_acc=0.7573 (ReA), avg_r_acc=0.4581
[2026-07-08 23:37:30] [Relearn] Round=33, avg_f_acc=0.7601 (ReA), avg_r_acc=0.4559
[2026-07-08 23:38:20] [Relearn] Round=34, avg_f_acc=0.7636 (ReA), avg_r_acc=0.4768
[2026-07-08 23:39:09] [Relearn] Round=35, avg_f_acc=0.7573 (ReA), avg_r_acc=0.5068
[2026-07-08 23:39:59] [Relearn] Round=36, avg_f_acc=0.7663 (ReA), avg_r_acc=0.5006
[2026-07-08 23:40:48] [Relearn] Round=37, avg_f_acc=0.7740 (ReA), avg_r_acc=0.4872
[2026-07-08 23:41:38] [Relearn] Round=38, avg_f_acc=0.7650 (ReA), avg_r_acc=0.5024
[2026-07-08 23:42:27] [Relearn] Round=39, avg_f_acc=0.7774 (ReA), avg_r_acc=0.5289
[2026-07-08 23:43:17] [Relearn] Round=40, avg_f_acc=0.7684 (ReA), avg_r_acc=0.5402
[2026-07-08 23:44:06] [Relearn] Round=41, avg_f_acc=0.7573 (ReA), avg_r_acc=0.5087
[2026-07-08 23:44:55] [Relearn] Round=42, avg_f_acc=0.7636 (ReA), avg_r_acc=0.5224
[2026-07-08 23:45:44] [Relearn] Round=43, avg_f_acc=0.7573 (ReA), avg_r_acc=0.5009
[2026-07-08 23:46:33] [Relearn] Round=44, avg_f_acc=0.7573 (ReA), avg_r_acc=0.5090
[2026-07-08 23:47:23] [Relearn] Round=45, avg_f_acc=0.7615 (ReA), avg_r_acc=0.4754
[2026-07-08 23:48:13] [Relearn] Round=46, avg_f_acc=0.7664 (ReA), avg_r_acc=0.4800
[2026-07-08 23:49:03] [Relearn] Round=47, avg_f_acc=0.7650 (ReA), avg_r_acc=0.5074
[2026-07-08 23:49:52] [Relearn] Round=48, avg_f_acc=0.7650 (ReA), avg_r_acc=0.4777
[2026-07-08 23:50:41] [Relearn] Round=49, avg_f_acc=0.7650 (ReA), avg_r_acc=0.4904
[2026-07-08 23:50:41] ReA = 0.7650
[2026-07-08 23:50:58] Final unlearned model: global test loss=0.0684, acc=0.7206
[2026-07-08 23:52:00] [eval/classification] accuracy=0.7206 macro_precision=0.7123 macro_recall=0.7320 macro_f1=0.7075 weighted_f1=0.7265
[2026-07-08 23:52:00] [eval] overall_acc=0.7206 overall_loss=1.0831 | macro_precision=0.7123 macro_recall=0.7320 macro_f1=0.7075 weighted_f1=0.7265 | per_hospital={ Spain_Dataset: 0.8208, Canada_Dataset: 0.7143, India_Dataset: 0.6591 }
[2026-07-08 23:52:24] [eval/unlearning/remember_classification] accuracy=0.7173 macro_precision=0.6956 macro_recall=0.6950 macro_f1=0.6950 weighted_f1=0.7178
[2026-07-08 23:52:27] [eval/unlearning/forget_classification] accuracy=0.7188 macro_precision=0.6725 macro_recall=0.7850 macro_f1=0.6885 weighted_f1=0.7406
[2026-07-08 23:52:52] [eval/unlearning] RA=0.7173 FA=0.7188 ReA=1.0000 remember_macro_f1=0.6950 forget_macro_f1=0.6885 MIA_acc=0.5734
[2026-07-08 23:52:52] [symmetric eval] RA=0.7173 FA=0.7188 ReA=1.0000 MIA_acc=0.5734
[2026-07-08 23:52:52] Running shadow-model MIA (n_shadow=3, attack_epochs=50, proxy_frac=0.2)...
[2026-07-09 01:49:09] Shadow-model MIA accuracy = 0.6902 (per-client: {0: 0.42574257425742573, 1: 0.9232186732186732, 2: 0.7215686274509804})
[2026-07-09 01:49:10] Saved unlearned model to checkpoints/fu_cli_domain/fu_cli_fedmoon_canada_backbone_oral_342727/unlearned_model.pt
[2026-07-09 01:49:10] === Run finished: fu_cli_fedmoon_canada_backbone_oral_342727 (elapsed 16675.9s) ===
