[2026-07-07 00:39:31] === Run started: fu_domain_fedmoon_spain_backbone_oral_340074 ===
[2026-07-07 00:39:31] Forking from source FL run: fl_fedmoon_oral_330530
[2026-07-07 00:39:31] Forgetting hospital: Spain_Dataset (index 0 of ['Spain_Dataset', 'Canada_Dataset', 'India_Dataset'])
[2026-07-07 00:39:31] Phase-2 algorithm: fedmoon
[2026-07-07 00:39:31] global_epoch=50, local_epoch=3, batch_size=16
[2026-07-07 00:39:32] Loaded source checkpoint (read-only) from checkpoints/fl/fl_fedmoon_oral_330530/best.pt
[2026-07-07 00:39:32] Built 3 hospital train loaders, 3 hospital test loaders, in order ['Spain_Dataset', 'Canada_Dataset', 'India_Dataset'].
[2026-07-07 00:39:32] Running FUSED forget_client_train_domain (algorithm=fedmoon)...
[2026-07-07 00:41:15] [FUSED forget_client_train:fedmoon] Epoch=0, avg_r_acc=0.6448, avg_f_acc=0.8249
[2026-07-07 00:42:54] [FUSED forget_client_train:fedmoon] Epoch=1, avg_r_acc=0.6391, avg_f_acc=0.8151
[2026-07-07 00:44:33] [FUSED forget_client_train:fedmoon] Epoch=2, avg_r_acc=0.6237, avg_f_acc=0.8249
[2026-07-07 00:46:10] [FUSED forget_client_train:fedmoon] Epoch=3, avg_r_acc=0.6424, avg_f_acc=0.8073
[2026-07-07 00:47:47] [FUSED forget_client_train:fedmoon] Epoch=4, avg_r_acc=0.6402, avg_f_acc=0.8073
[2026-07-07 00:49:24] [FUSED forget_client_train:fedmoon] Epoch=5, avg_r_acc=0.6408, avg_f_acc=0.8073
[2026-07-07 00:50:58] [FUSED forget_client_train:fedmoon] Epoch=6, avg_r_acc=0.6387, avg_f_acc=0.8151
[2026-07-07 00:52:34] [FUSED forget_client_train:fedmoon] Epoch=7, avg_r_acc=0.6516, avg_f_acc=0.8161
[2026-07-07 00:54:12] [FUSED forget_client_train:fedmoon] Epoch=8, avg_r_acc=0.6247, avg_f_acc=0.8129
[2026-07-07 00:55:50] [FUSED forget_client_train:fedmoon] Epoch=9, avg_r_acc=0.6661, avg_f_acc=0.8284
[2026-07-07 00:57:26] [FUSED forget_client_train:fedmoon] Epoch=10, avg_r_acc=0.6460, avg_f_acc=0.8372
[2026-07-07 00:59:05] [FUSED forget_client_train:fedmoon] Epoch=11, avg_r_acc=0.6523, avg_f_acc=0.8294
[2026-07-07 01:00:40] [FUSED forget_client_train:fedmoon] Epoch=12, avg_r_acc=0.6713, avg_f_acc=0.7986
[2026-07-07 01:02:14] [FUSED forget_client_train:fedmoon] Epoch=13, avg_r_acc=0.6273, avg_f_acc=0.8062
[2026-07-07 01:03:50] [FUSED forget_client_train:fedmoon] Epoch=14, avg_r_acc=0.6410, avg_f_acc=0.7898
[2026-07-07 01:05:27] [FUSED forget_client_train:fedmoon] Epoch=15, avg_r_acc=0.6467, avg_f_acc=0.8119
[2026-07-07 01:07:04] [FUSED forget_client_train:fedmoon] Epoch=16, avg_r_acc=0.6709, avg_f_acc=0.8031
[2026-07-07 01:08:40] [FUSED forget_client_train:fedmoon] Epoch=17, avg_r_acc=0.6186, avg_f_acc=0.7984
[2026-07-07 01:10:14] [FUSED forget_client_train:fedmoon] Epoch=18, avg_r_acc=0.6444, avg_f_acc=0.7984
[2026-07-07 01:11:46] [FUSED forget_client_train:fedmoon] Epoch=19, avg_r_acc=0.6462, avg_f_acc=0.8139
[2026-07-07 01:13:18] [FUSED forget_client_train:fedmoon] Epoch=20, avg_r_acc=0.6612, avg_f_acc=0.8284
[2026-07-07 01:14:53] [FUSED forget_client_train:fedmoon] Epoch=21, avg_r_acc=0.6518, avg_f_acc=0.8207
[2026-07-07 01:16:25] [FUSED forget_client_train:fedmoon] Epoch=22, avg_r_acc=0.6461, avg_f_acc=0.8294
[2026-07-07 01:18:01] [FUSED forget_client_train:fedmoon] Epoch=23, avg_r_acc=0.6551, avg_f_acc=0.8294
[2026-07-07 01:19:32] [FUSED forget_client_train:fedmoon] Epoch=24, avg_r_acc=0.6449, avg_f_acc=0.8294
[2026-07-07 01:21:06] [FUSED forget_client_train:fedmoon] Epoch=25, avg_r_acc=0.6734, avg_f_acc=0.8196
[2026-07-07 01:22:38] [FUSED forget_client_train:fedmoon] Epoch=26, avg_r_acc=0.6703, avg_f_acc=0.8284
[2026-07-07 01:24:14] [FUSED forget_client_train:fedmoon] Epoch=27, avg_r_acc=0.6352, avg_f_acc=0.8150
[2026-07-07 01:25:45] [FUSED forget_client_train:fedmoon] Epoch=28, avg_r_acc=0.6306, avg_f_acc=0.8072
[2026-07-07 01:27:19] [FUSED forget_client_train:fedmoon] Epoch=29, avg_r_acc=0.6468, avg_f_acc=0.8372
[2026-07-07 01:28:51] [FUSED forget_client_train:fedmoon] Epoch=30, avg_r_acc=0.6484, avg_f_acc=0.7917
[2026-07-07 01:30:25] [FUSED forget_client_train:fedmoon] Epoch=31, avg_r_acc=0.6496, avg_f_acc=0.8196
[2026-07-07 01:31:59] [FUSED forget_client_train:fedmoon] Epoch=32, avg_r_acc=0.6561, avg_f_acc=0.8207
[2026-07-07 01:33:32] [FUSED forget_client_train:fedmoon] Epoch=33, avg_r_acc=0.6357, avg_f_acc=0.8072
[2026-07-07 01:35:08] [FUSED forget_client_train:fedmoon] Epoch=34, avg_r_acc=0.6485, avg_f_acc=0.7897
[2026-07-07 01:36:40] [FUSED forget_client_train:fedmoon] Epoch=35, avg_r_acc=0.6457, avg_f_acc=0.8217
[2026-07-07 01:38:15] [FUSED forget_client_train:fedmoon] Epoch=36, avg_r_acc=0.6425, avg_f_acc=0.8129
[2026-07-07 01:39:50] [FUSED forget_client_train:fedmoon] Epoch=37, avg_r_acc=0.6540, avg_f_acc=0.8041
[2026-07-07 01:41:21] [FUSED forget_client_train:fedmoon] Epoch=38, avg_r_acc=0.6690, avg_f_acc=0.8207
[2026-07-07 01:42:55] [FUSED forget_client_train:fedmoon] Epoch=39, avg_r_acc=0.6527, avg_f_acc=0.8217
[2026-07-07 01:44:28] [FUSED forget_client_train:fedmoon] Epoch=40, avg_r_acc=0.6514, avg_f_acc=0.8196
[2026-07-07 01:46:04] [FUSED forget_client_train:fedmoon] Epoch=41, avg_r_acc=0.6469, avg_f_acc=0.8139
[2026-07-07 01:47:37] [FUSED forget_client_train:fedmoon] Epoch=42, avg_r_acc=0.6475, avg_f_acc=0.8217
[2026-07-07 01:49:11] [FUSED forget_client_train:fedmoon] Epoch=43, avg_r_acc=0.6258, avg_f_acc=0.8150
[2026-07-07 01:50:46] [FUSED forget_client_train:fedmoon] Epoch=44, avg_r_acc=0.6376, avg_f_acc=0.8170
[2026-07-07 01:52:20] [FUSED forget_client_train:fedmoon] Epoch=45, avg_r_acc=0.6449, avg_f_acc=0.8207
[2026-07-07 01:53:53] [FUSED forget_client_train:fedmoon] Epoch=46, avg_r_acc=0.6677, avg_f_acc=0.8073
[2026-07-07 01:55:24] [FUSED forget_client_train:fedmoon] Epoch=47, avg_r_acc=0.6474, avg_f_acc=0.8372
[2026-07-07 01:57:00] [FUSED forget_client_train:fedmoon] Epoch=48, avg_r_acc=0.6502, avg_f_acc=0.8207
[2026-07-07 01:58:34] [FUSED forget_client_train:fedmoon] Epoch=49, avg_r_acc=0.6478, avg_f_acc=0.8294
[2026-07-07 01:58:34] FUSED unlearning complete. LoRA trainable params: 254000/11432051 (2.2218%).
[2026-07-07 01:58:34] Running relearn (ReA) probe for 50 rounds (algorithm-agnostic)...
[2026-07-07 02:00:56] [Relearn] Round=0, avg_f_acc=0.8222 (ReA), avg_r_acc=0.6259
[2026-07-07 02:03:24] [Relearn] Round=1, avg_f_acc=0.8222 (ReA), avg_r_acc=0.6403
[2026-07-07 02:05:57] [Relearn] Round=2, avg_f_acc=0.8310 (ReA), avg_r_acc=0.6362
[2026-07-07 02:08:24] [Relearn] Round=3, avg_f_acc=0.8135 (ReA), avg_r_acc=0.6368
[2026-07-07 02:10:40] [Relearn] Round=4, avg_f_acc=0.7956 (ReA), avg_r_acc=0.6346
[2026-07-07 02:13:11] [Relearn] Round=5, avg_f_acc=0.8124 (ReA), avg_r_acc=0.6312
[2026-07-07 02:15:41] [Relearn] Round=6, avg_f_acc=0.8115 (ReA), avg_r_acc=0.6481
[2026-07-07 02:18:13] [Relearn] Round=7, avg_f_acc=0.8135 (ReA), avg_r_acc=0.6384
[2026-07-07 02:20:48] [Relearn] Round=8, avg_f_acc=0.8398 (ReA), avg_r_acc=0.6360
[2026-07-07 02:23:16] [Relearn] Round=9, avg_f_acc=0.8124 (ReA), avg_r_acc=0.6459
[2026-07-07 02:25:39] [Relearn] Round=10, avg_f_acc=0.8347 (ReA), avg_r_acc=0.6175
[2026-07-07 02:28:10] [Relearn] Round=11, avg_f_acc=0.8222 (ReA), avg_r_acc=0.6347
[2026-07-07 02:30:31] [Relearn] Round=12, avg_f_acc=0.8310 (ReA), avg_r_acc=0.6427
[2026-07-07 02:32:44] [Relearn] Round=13, avg_f_acc=0.8192 (ReA), avg_r_acc=0.6351
[2026-07-07 02:35:13] [Relearn] Round=14, avg_f_acc=0.8222 (ReA), avg_r_acc=0.6391
[2026-07-07 02:37:44] [Relearn] Round=15, avg_f_acc=0.8135 (ReA), avg_r_acc=0.6320
[2026-07-07 02:40:07] [Relearn] Round=16, avg_f_acc=0.8398 (ReA), avg_r_acc=0.6456
[2026-07-07 02:42:36] [Relearn] Round=17, avg_f_acc=0.8222 (ReA), avg_r_acc=0.6397
[2026-07-07 02:45:09] [Relearn] Round=18, avg_f_acc=0.8310 (ReA), avg_r_acc=0.6324
[2026-07-07 02:47:34] [Relearn] Round=19, avg_f_acc=0.8264 (ReA), avg_r_acc=0.6344
[2026-07-07 02:50:01] [Relearn] Round=20, avg_f_acc=0.8408 (ReA), avg_r_acc=0.6443
[2026-07-07 02:52:35] [Relearn] Round=21, avg_f_acc=0.8320 (ReA), avg_r_acc=0.6418
[2026-07-07 02:54:56] [Relearn] Round=22, avg_f_acc=0.7858 (ReA), avg_r_acc=0.6267
[2026-07-07 02:57:28] [Relearn] Round=23, avg_f_acc=0.8357 (ReA), avg_r_acc=0.6458
[2026-07-07 02:59:53] [Relearn] Round=24, avg_f_acc=0.8279 (ReA), avg_r_acc=0.6394
[2026-07-07 03:02:17] [Relearn] Round=25, avg_f_acc=0.8357 (ReA), avg_r_acc=0.6542
[2026-07-07 03:04:25] [Relearn] Round=26, avg_f_acc=0.8357 (ReA), avg_r_acc=0.6523
[2026-07-07 03:07:00] [Relearn] Round=27, avg_f_acc=0.8356 (ReA), avg_r_acc=0.6373
[2026-07-07 03:09:31] [Relearn] Round=28, avg_f_acc=0.8310 (ReA), avg_r_acc=0.6463
[2026-07-07 03:11:57] [Relearn] Round=29, avg_f_acc=0.8222 (ReA), avg_r_acc=0.6587
[2026-07-07 03:14:23] [Relearn] Round=30, avg_f_acc=0.8310 (ReA), avg_r_acc=0.6501
[2026-07-07 03:16:46] [Relearn] Round=31, avg_f_acc=0.8398 (ReA), avg_r_acc=0.6420
[2026-07-07 03:19:18] [Relearn] Round=32, avg_f_acc=0.8408 (ReA), avg_r_acc=0.6476
[2026-07-07 03:21:49] [Relearn] Round=33, avg_f_acc=0.7925 (ReA), avg_r_acc=0.6477
[2026-07-07 03:24:12] [Relearn] Round=34, avg_f_acc=0.8290 (ReA), avg_r_acc=0.6345
[2026-07-07 03:26:38] [Relearn] Round=35, avg_f_acc=0.8310 (ReA), avg_r_acc=0.6488
[2026-07-07 03:29:11] [Relearn] Round=36, avg_f_acc=0.8310 (ReA), avg_r_acc=0.6478
[2026-07-07 03:31:33] [Relearn] Round=37, avg_f_acc=0.8222 (ReA), avg_r_acc=0.6426
[2026-07-07 03:33:57] [Relearn] Round=38, avg_f_acc=0.8310 (ReA), avg_r_acc=0.6443
[2026-07-07 03:36:29] [Relearn] Round=39, avg_f_acc=0.8388 (ReA), avg_r_acc=0.6320
[2026-07-07 03:38:51] [Relearn] Round=40, avg_f_acc=0.8310 (ReA), avg_r_acc=0.6465
[2026-07-07 03:41:16] [Relearn] Round=41, avg_f_acc=0.8135 (ReA), avg_r_acc=0.6456
[2026-07-07 03:43:46] [Relearn] Round=42, avg_f_acc=0.8356 (ReA), avg_r_acc=0.6447
[2026-07-07 03:46:09] [Relearn] Round=43, avg_f_acc=0.8290 (ReA), avg_r_acc=0.6469
[2026-07-07 03:48:35] [Relearn] Round=44, avg_f_acc=0.8212 (ReA), avg_r_acc=0.6325
[2026-07-07 03:51:00] [Relearn] Round=45, avg_f_acc=0.8310 (ReA), avg_r_acc=0.6374
[2026-07-07 03:53:04] [Relearn] Round=46, avg_f_acc=0.8398 (ReA), avg_r_acc=0.6420
[2026-07-07 03:55:34] [Relearn] Round=47, avg_f_acc=0.8290 (ReA), avg_r_acc=0.6364
[2026-07-07 03:58:07] [Relearn] Round=48, avg_f_acc=0.8367 (ReA), avg_r_acc=0.6428
[2026-07-07 04:00:29] [Relearn] Round=49, avg_f_acc=0.8388 (ReA), avg_r_acc=0.6299
[2026-07-07 04:00:29] ReA (post-relearn forget-client accuracy) = 0.8388
[2026-07-07 04:00:47] Final unlearned model: global test loss=0.0731, acc=0.7441
