[2026-07-07 16:44:49] === Run started: fu_domain_fedbn_india_backbone_oral_341132 ===
[2026-07-07 16:44:49] Forking from source FL run: fl_fedbn_oral_330775
[2026-07-07 16:44:49] Forgetting hospital: India_Dataset (index 2 of ['Spain_Dataset', 'Canada_Dataset', 'India_Dataset'])
[2026-07-07 16:44:49] Phase-2 algorithm: fedbn
[2026-07-07 16:44:49] global_epoch=50, local_epoch=3, batch_size=16
[2026-07-07 16:44:50] Loaded source checkpoint (read-only) from checkpoints/fl/fl_fedbn_oral_330775/best.pt
[2026-07-07 16:44:50] Built 3 hospital train loaders, 3 hospital test loaders, in order ['Spain_Dataset', 'Canada_Dataset', 'India_Dataset'], sizes=[319, 1308, 404].
[2026-07-07 16:44:50] Built 3 proxy hospital train loaders (proxy_frac=0.2), sizes=[79, 327, 101].
[2026-07-07 16:44:50] Running FUSED forget_client_train_domain (algorithm=fedbn)...
[2026-07-07 16:47:33] [FUSED forget_client_train:fedbn] Epoch=0, avg_r_acc=0.7649, avg_f_acc=0.3867
[2026-07-07 16:50:18] [FUSED forget_client_train:fedbn] Epoch=1, avg_r_acc=0.7975, avg_f_acc=0.3911
[2026-07-07 16:53:00] [FUSED forget_client_train:fedbn] Epoch=2, avg_r_acc=0.8158, avg_f_acc=0.4844
[2026-07-07 16:55:16] [FUSED forget_client_train:fedbn] Epoch=3, avg_r_acc=0.8103, avg_f_acc=0.4178
[2026-07-07 16:57:44] [FUSED forget_client_train:fedbn] Epoch=4, avg_r_acc=0.7985, avg_f_acc=0.4044
[2026-07-07 17:00:19] [FUSED forget_client_train:fedbn] Epoch=5, avg_r_acc=0.8152, avg_f_acc=0.4133
[2026-07-07 17:02:47] [FUSED forget_client_train:fedbn] Epoch=6, avg_r_acc=0.7677, avg_f_acc=0.3867
[2026-07-07 17:05:16] [FUSED forget_client_train:fedbn] Epoch=7, avg_r_acc=0.7753, avg_f_acc=0.3956
[2026-07-07 17:07:56] [FUSED forget_client_train:fedbn] Epoch=8, avg_r_acc=0.8322, avg_f_acc=0.4667
[2026-07-07 17:10:28] [FUSED forget_client_train:fedbn] Epoch=9, avg_r_acc=0.7644, avg_f_acc=0.3600
[2026-07-07 17:12:59] [FUSED forget_client_train:fedbn] Epoch=10, avg_r_acc=0.7088, avg_f_acc=0.3511
[2026-07-07 17:15:31] [FUSED forget_client_train:fedbn] Epoch=11, avg_r_acc=0.8092, avg_f_acc=0.4089
[2026-07-07 17:18:09] [FUSED forget_client_train:fedbn] Epoch=12, avg_r_acc=0.7484, avg_f_acc=0.3778
[2026-07-07 17:20:42] [FUSED forget_client_train:fedbn] Epoch=13, avg_r_acc=0.7696, avg_f_acc=0.4044
[2026-07-07 17:23:09] [FUSED forget_client_train:fedbn] Epoch=14, avg_r_acc=0.7783, avg_f_acc=0.4489
[2026-07-07 17:25:38] [FUSED forget_client_train:fedbn] Epoch=15, avg_r_acc=0.8018, avg_f_acc=0.4356
[2026-07-07 17:28:07] [FUSED forget_client_train:fedbn] Epoch=16, avg_r_acc=0.8344, avg_f_acc=0.4978
[2026-07-07 17:30:35] [FUSED forget_client_train:fedbn] Epoch=17, avg_r_acc=0.7996, avg_f_acc=0.4133
[2026-07-07 17:33:07] [FUSED forget_client_train:fedbn] Epoch=18, avg_r_acc=0.7682, avg_f_acc=0.3822
[2026-07-07 17:35:39] [FUSED forget_client_train:fedbn] Epoch=19, avg_r_acc=0.8007, avg_f_acc=0.4222
[2026-07-07 17:38:16] [FUSED forget_client_train:fedbn] Epoch=20, avg_r_acc=0.7769, avg_f_acc=0.3911
[2026-07-07 17:40:51] [FUSED forget_client_train:fedbn] Epoch=21, avg_r_acc=0.7609, avg_f_acc=0.3956
[2026-07-07 17:43:25] [FUSED forget_client_train:fedbn] Epoch=22, avg_r_acc=0.7472, avg_f_acc=0.3822
[2026-07-07 17:46:06] [FUSED forget_client_train:fedbn] Epoch=23, avg_r_acc=0.8017, avg_f_acc=0.4089
[2026-07-07 17:48:36] [FUSED forget_client_train:fedbn] Epoch=24, avg_r_acc=0.7972, avg_f_acc=0.4000
[2026-07-07 17:51:00] [FUSED forget_client_train:fedbn] Epoch=25, avg_r_acc=0.7318, avg_f_acc=0.3422
[2026-07-07 17:53:37] [FUSED forget_client_train:fedbn] Epoch=26, avg_r_acc=0.7783, avg_f_acc=0.3911
[2026-07-07 17:56:09] [FUSED forget_client_train:fedbn] Epoch=27, avg_r_acc=0.7797, avg_f_acc=0.4089
[2026-07-07 17:58:51] [FUSED forget_client_train:fedbn] Epoch=28, avg_r_acc=0.7508, avg_f_acc=0.3733
[2026-07-07 18:01:26] [FUSED forget_client_train:fedbn] Epoch=29, avg_r_acc=0.7883, avg_f_acc=0.4356
[2026-07-07 18:03:56] [FUSED forget_client_train:fedbn] Epoch=30, avg_r_acc=0.7613, avg_f_acc=0.3689
[2026-07-07 18:06:31] [FUSED forget_client_train:fedbn] Epoch=31, avg_r_acc=0.7885, avg_f_acc=0.3911
[2026-07-07 18:09:04] [FUSED forget_client_train:fedbn] Epoch=32, avg_r_acc=0.7866, avg_f_acc=0.4133
[2026-07-07 18:11:21] [FUSED forget_client_train:fedbn] Epoch=33, avg_r_acc=0.7773, avg_f_acc=0.4044
[2026-07-07 18:13:55] [FUSED forget_client_train:fedbn] Epoch=34, avg_r_acc=0.7378, avg_f_acc=0.3822
[2026-07-07 18:16:26] [FUSED forget_client_train:fedbn] Epoch=35, avg_r_acc=0.7826, avg_f_acc=0.4178
[2026-07-07 18:18:58] [FUSED forget_client_train:fedbn] Epoch=36, avg_r_acc=0.7531, avg_f_acc=0.4000
[2026-07-07 18:21:34] [FUSED forget_client_train:fedbn] Epoch=37, avg_r_acc=0.7516, avg_f_acc=0.3956
[2026-07-07 18:23:59] [FUSED forget_client_train:fedbn] Epoch=38, avg_r_acc=0.7699, avg_f_acc=0.4267
[2026-07-07 18:26:33] [FUSED forget_client_train:fedbn] Epoch=39, avg_r_acc=0.6998, avg_f_acc=0.3778
[2026-07-07 18:29:06] [FUSED forget_client_train:fedbn] Epoch=40, avg_r_acc=0.7556, avg_f_acc=0.4267
[2026-07-07 18:31:40] [FUSED forget_client_train:fedbn] Epoch=41, avg_r_acc=0.7444, avg_f_acc=0.3956
[2026-07-07 18:33:57] [FUSED forget_client_train:fedbn] Epoch=42, avg_r_acc=0.7662, avg_f_acc=0.4044
[2026-07-07 18:36:31] [FUSED forget_client_train:fedbn] Epoch=43, avg_r_acc=0.7850, avg_f_acc=0.4356
[2026-07-07 18:39:03] [FUSED forget_client_train:fedbn] Epoch=44, avg_r_acc=0.7690, avg_f_acc=0.4267
[2026-07-07 18:41:33] [FUSED forget_client_train:fedbn] Epoch=45, avg_r_acc=0.7641, avg_f_acc=0.4044
[2026-07-07 18:44:05] [FUSED forget_client_train:fedbn] Epoch=46, avg_r_acc=0.7736, avg_f_acc=0.4356
[2026-07-07 18:46:37] [FUSED forget_client_train:fedbn] Epoch=47, avg_r_acc=0.7545, avg_f_acc=0.4089
[2026-07-07 18:49:02] [FUSED forget_client_train:fedbn] Epoch=48, avg_r_acc=0.7704, avg_f_acc=0.4444
[2026-07-07 18:51:39] [FUSED forget_client_train:fedbn] Epoch=49, avg_r_acc=0.7294, avg_f_acc=0.3778
[2026-07-07 18:51:39] FUSED unlearning complete. LoRA trainable params: 254000/11432051 (2.2218%).
[2026-07-07 18:51:39] Running relearn (ReA) probe for 50 rounds (algorithm-agnostic)...
[2026-07-07 18:52:19] [Relearn] Round=0, avg_f_acc=0.4444 (ReA), avg_r_acc=0.5620
[2026-07-07 18:52:59] [Relearn] Round=1, avg_f_acc=0.4711 (ReA), avg_r_acc=0.6304
[2026-07-07 18:53:37] [Relearn] Round=2, avg_f_acc=0.4667 (ReA), avg_r_acc=0.6005
[2026-07-07 18:54:17] [Relearn] Round=3, avg_f_acc=0.4578 (ReA), avg_r_acc=0.5167
[2026-07-07 18:54:57] [Relearn] Round=4, avg_f_acc=0.4444 (ReA), avg_r_acc=0.5986
[2026-07-07 18:55:37] [Relearn] Round=5, avg_f_acc=0.4444 (ReA), avg_r_acc=0.4966
[2026-07-07 18:56:17] [Relearn] Round=6, avg_f_acc=0.4800 (ReA), avg_r_acc=0.5847
[2026-07-07 18:56:57] [Relearn] Round=7, avg_f_acc=0.4000 (ReA), avg_r_acc=0.4869
[2026-07-07 18:57:36] [Relearn] Round=8, avg_f_acc=0.4711 (ReA), avg_r_acc=0.5674
[2026-07-07 18:58:16] [Relearn] Round=9, avg_f_acc=0.4578 (ReA), avg_r_acc=0.5662
[2026-07-07 18:58:56] [Relearn] Round=10, avg_f_acc=0.4622 (ReA), avg_r_acc=0.5754
[2026-07-07 18:59:35] [Relearn] Round=11, avg_f_acc=0.4489 (ReA), avg_r_acc=0.5573
[2026-07-07 19:00:15] [Relearn] Round=12, avg_f_acc=0.4444 (ReA), avg_r_acc=0.5489
[2026-07-07 19:00:54] [Relearn] Round=13, avg_f_acc=0.4711 (ReA), avg_r_acc=0.5682
[2026-07-07 19:01:34] [Relearn] Round=14, avg_f_acc=0.4356 (ReA), avg_r_acc=0.6236
[2026-07-07 19:02:15] [Relearn] Round=15, avg_f_acc=0.5422 (ReA), avg_r_acc=0.6714
[2026-07-07 19:02:54] [Relearn] Round=16, avg_f_acc=0.4844 (ReA), avg_r_acc=0.5586
[2026-07-07 19:03:35] [Relearn] Round=17, avg_f_acc=0.4711 (ReA), avg_r_acc=0.5698
[2026-07-07 19:04:15] [Relearn] Round=18, avg_f_acc=0.4711 (ReA), avg_r_acc=0.5915
[2026-07-07 19:04:55] [Relearn] Round=19, avg_f_acc=0.4578 (ReA), avg_r_acc=0.6121
[2026-07-07 19:05:36] [Relearn] Round=20, avg_f_acc=0.4489 (ReA), avg_r_acc=0.5752
[2026-07-07 19:06:17] [Relearn] Round=21, avg_f_acc=0.4711 (ReA), avg_r_acc=0.5790
[2026-07-07 19:06:59] [Relearn] Round=22, avg_f_acc=0.4667 (ReA), avg_r_acc=0.5662
[2026-07-07 19:07:40] [Relearn] Round=23, avg_f_acc=0.4356 (ReA), avg_r_acc=0.4985
[2026-07-07 19:08:19] [Relearn] Round=24, avg_f_acc=0.4444 (ReA), avg_r_acc=0.4774
[2026-07-07 19:09:00] [Relearn] Round=25, avg_f_acc=0.4711 (ReA), avg_r_acc=0.5518
[2026-07-07 19:09:40] [Relearn] Round=26, avg_f_acc=0.5156 (ReA), avg_r_acc=0.6117
[2026-07-07 19:10:23] [Relearn] Round=27, avg_f_acc=0.4622 (ReA), avg_r_acc=0.5766
[2026-07-07 19:11:02] [Relearn] Round=28, avg_f_acc=0.4978 (ReA), avg_r_acc=0.5771
[2026-07-07 19:11:43] [Relearn] Round=29, avg_f_acc=0.4889 (ReA), avg_r_acc=0.5705
[2026-07-07 19:12:24] [Relearn] Round=30, avg_f_acc=0.4756 (ReA), avg_r_acc=0.5651
[2026-07-07 19:13:05] [Relearn] Round=31, avg_f_acc=0.4956 (ReA), avg_r_acc=0.5915
[2026-07-07 19:13:45] [Relearn] Round=32, avg_f_acc=0.4711 (ReA), avg_r_acc=0.5682
[2026-07-07 19:14:25] [Relearn] Round=33, avg_f_acc=0.4622 (ReA), avg_r_acc=0.5597
[2026-07-07 19:15:05] [Relearn] Round=34, avg_f_acc=0.5889 (ReA), avg_r_acc=0.6550
[2026-07-07 19:15:45] [Relearn] Round=35, avg_f_acc=0.4756 (ReA), avg_r_acc=0.5571
[2026-07-07 19:16:24] [Relearn] Round=36, avg_f_acc=0.4622 (ReA), avg_r_acc=0.6161
[2026-07-07 19:17:05] [Relearn] Round=37, avg_f_acc=0.4711 (ReA), avg_r_acc=0.5372
[2026-07-07 19:17:44] [Relearn] Round=38, avg_f_acc=0.4978 (ReA), avg_r_acc=0.5654
[2026-07-07 19:18:24] [Relearn] Round=39, avg_f_acc=0.5356 (ReA), avg_r_acc=0.6656
[2026-07-07 19:19:03] [Relearn] Round=40, avg_f_acc=0.4933 (ReA), avg_r_acc=0.5578
[2026-07-07 19:19:44] [Relearn] Round=41, avg_f_acc=0.4756 (ReA), avg_r_acc=0.6152
[2026-07-07 19:20:26] [Relearn] Round=42, avg_f_acc=0.4756 (ReA), avg_r_acc=0.4840
[2026-07-07 19:21:07] [Relearn] Round=43, avg_f_acc=0.4978 (ReA), avg_r_acc=0.5813
[2026-07-07 19:21:48] [Relearn] Round=44, avg_f_acc=0.4800 (ReA), avg_r_acc=0.5142
[2026-07-07 19:22:29] [Relearn] Round=45, avg_f_acc=0.4889 (ReA), avg_r_acc=0.5666
[2026-07-07 19:23:10] [Relearn] Round=46, avg_f_acc=0.4667 (ReA), avg_r_acc=0.5622
[2026-07-07 19:23:50] [Relearn] Round=47, avg_f_acc=0.4889 (ReA), avg_r_acc=0.5458
[2026-07-07 19:24:31] [Relearn] Round=48, avg_f_acc=0.4978 (ReA), avg_r_acc=0.5680
[2026-07-07 19:25:11] [Relearn] Round=49, avg_f_acc=0.4667 (ReA), avg_r_acc=0.4823
[2026-07-07 19:25:11] ReA (post-relearn forget-client accuracy) = 0.4667
[2026-07-07 19:25:27] Final unlearned model: global test loss=0.1294, acc=0.7206
[2026-07-07 19:26:32] [eval/classification] accuracy=0.7206 macro_precision=0.7638 macro_recall=0.6231 macro_f1=0.6582 weighted_f1=0.7000
[2026-07-07 19:26:32] [eval] overall_acc=0.7206 overall_loss=2.0482 | macro_precision=0.7638 macro_recall=0.6231 macro_f1=0.6582 weighted_f1=0.7000 | per_hospital={ Spain_Dataset: 0.7642, Canada_Dataset: 0.8647, India_Dataset: 0.2500 }
[2026-07-07 19:26:57] [eval/unlearning/remember_classification] accuracy=0.8469 macro_precision=0.8740 macro_recall=0.7329 macro_f1=0.7822 weighted_f1=0.8394
[2026-07-07 19:27:00] [eval/unlearning/forget_classification] accuracy=0.2170 macro_precision=0.4289 macro_recall=0.3778 macro_f1=0.2445 weighted_f1=0.2706
[2026-07-07 19:27:37] [eval/unlearning] RA=0.8469 FA=0.2170 ReA=0.8491 remember_macro_f1=0.7822 forget_macro_f1=0.2445 MIA_acc=0.1507
[2026-07-07 19:27:37] [symmetric eval] RA=0.8469 FA=0.2170 ReA=0.8491 MIA_acc=0.1507
[2026-07-07 19:27:37] Running shadow-model MIA (n_shadow=3, attack_epochs=50, proxy_frac=0.2)...
[2026-07-07 21:28:23] Shadow-model MIA accuracy = 0.6496 (per-client: {0: 0.5767326732673267, 1: 0.6996314496314496, 2: 0.6725490196078432})
[2026-07-07 21:28:23] Saved unlearned model to checkpoints/fu_domain/fu_domain_fedbn_india_backbone_oral_341132/unlearned_model.pt
[2026-07-07 21:28:23] === Run finished: fu_domain_fedbn_india_backbone_oral_341132 (elapsed 17014.5s) ===
