[2026-07-21 11:31:56] === Run started: fu_cli_india_fedbn_stdce_oral_347942 ===
[2026-07-21 11:31:56] Forking from source FL run: fl_fedbn_oral_344913
[2026-07-21 11:31:56] Forgetting: India_Dataset
[2026-07-21 11:31:56] Phase-2 mechanism: FUSED-CLI (Algorithm 1), algorithm=fedbn
[2026-07-21 11:31:56] Forgetting hospital: India_Dataset -> partition indices [2] of 3 total clients (client_split=hospital_based).
[2026-07-21 11:32:00] Loaded matched FedBN source model using retained-only BN states. forget_client=India_Dataset, retained_clients=['Canada_Dataset', 'Spain_Dataset']
[2026-07-21 11:32:00] [class_imbalance] source_method=weighted_sampler, use_weighted_sampler=True
[2026-07-21 11:32:00] Built 3 hospital train loaders in order ['Spain_Dataset', 'Canada_Dataset', 'India_Dataset'], sizes=[319, 1309, 405], handle_class_imbalance=True
[2026-07-21 11:32:00] Built 3 proxy hospital train loaders (proxy_frac=0.2), sizes=[79, 326, 100].
[2026-07-21 11:32:00] Running FUSED-CLI unlearning (algorithm=fedbn)...
[2026-07-21 11:32:00] Running Critical Layer Identification (one federated round, ALL clients (paper Eq 11-13))...
[2026-07-21 11:32:57] Selected 4 critical layers: ['layer4.1.conv2.weight', 'layer4.0.conv2.weight', 'layer4.1.conv1.weight', 'layer4.0.conv1.weight']
[2026-07-21 11:32:57] FedBN-local (never-aggregated) critical layers among selection: none
[2026-07-21 11:35:09] [FUSED-CLI:fedbn] Round=0, avg_r_acc=0.7349, avg_f_acc=0.4184, adapter_density=413080/8257536
[2026-07-21 11:37:17] [FUSED-CLI:fedbn] Round=1, avg_r_acc=0.7349, avg_f_acc=0.4184, adapter_density=413080/8257536
[2026-07-21 11:39:25] [FUSED-CLI:fedbn] Round=2, avg_r_acc=0.7349, avg_f_acc=0.4184, adapter_density=413080/8257536
[2026-07-21 11:41:32] [FUSED-CLI:fedbn] Round=3, avg_r_acc=0.7349, avg_f_acc=0.4184, adapter_density=413080/8257536
[2026-07-21 11:43:41] [FUSED-CLI:fedbn] Round=4, avg_r_acc=0.7349, avg_f_acc=0.4184, adapter_density=413080/8257536
[2026-07-21 11:45:49] [FUSED-CLI:fedbn] Round=5, avg_r_acc=0.7349, avg_f_acc=0.4184, adapter_density=413080/8257536
[2026-07-21 11:47:59] [FUSED-CLI:fedbn] Round=6, avg_r_acc=0.7349, avg_f_acc=0.4184, adapter_density=413080/8257536
[2026-07-21 11:50:08] [FUSED-CLI:fedbn] Round=7, avg_r_acc=0.7349, avg_f_acc=0.4184, adapter_density=413080/8257536
[2026-07-21 11:52:17] [FUSED-CLI:fedbn] Round=8, avg_r_acc=0.7294, avg_f_acc=0.4184, adapter_density=413080/8257536
[2026-07-21 11:54:27] [FUSED-CLI:fedbn] Round=9, avg_r_acc=0.7294, avg_f_acc=0.4184, adapter_density=413080/8257536
[2026-07-21 11:56:35] [FUSED-CLI:fedbn] Round=10, avg_r_acc=0.7294, avg_f_acc=0.4184, adapter_density=413080/8257536
[2026-07-21 11:58:42] [FUSED-CLI:fedbn] Round=11, avg_r_acc=0.7287, avg_f_acc=0.4184, adapter_density=413080/8257536
[2026-07-21 12:00:52] [FUSED-CLI:fedbn] Round=12, avg_r_acc=0.7280, avg_f_acc=0.4184, adapter_density=413080/8257536
[2026-07-21 12:03:01] [FUSED-CLI:fedbn] Round=13, avg_r_acc=0.7280, avg_f_acc=0.4184, adapter_density=413080/8257536
[2026-07-21 12:05:08] [FUSED-CLI:fedbn] Round=14, avg_r_acc=0.7280, avg_f_acc=0.4184, adapter_density=413080/8257536
[2026-07-21 12:07:14] [FUSED-CLI:fedbn] Round=15, avg_r_acc=0.7280, avg_f_acc=0.4184, adapter_density=413080/8257536
[2026-07-21 12:09:24] [FUSED-CLI:fedbn] Round=16, avg_r_acc=0.7280, avg_f_acc=0.4184, adapter_density=413080/8257536
[2026-07-21 12:11:33] [FUSED-CLI:fedbn] Round=17, avg_r_acc=0.7280, avg_f_acc=0.4184, adapter_density=413080/8257536
[2026-07-21 12:13:43] [FUSED-CLI:fedbn] Round=18, avg_r_acc=0.7280, avg_f_acc=0.4184, adapter_density=413080/8257536
[2026-07-21 12:15:50] [FUSED-CLI:fedbn] Round=19, avg_r_acc=0.7280, avg_f_acc=0.4184, adapter_density=413080/8257536
[2026-07-21 12:17:57] [FUSED-CLI:fedbn] Round=20, avg_r_acc=0.7280, avg_f_acc=0.4184, adapter_density=413080/8257536
[2026-07-21 12:20:07] [FUSED-CLI:fedbn] Round=21, avg_r_acc=0.7280, avg_f_acc=0.4184, adapter_density=413080/8257536
[2026-07-21 12:22:17] [FUSED-CLI:fedbn] Round=22, avg_r_acc=0.7280, avg_f_acc=0.4184, adapter_density=413080/8257536
[2026-07-21 12:24:27] [FUSED-CLI:fedbn] Round=23, avg_r_acc=0.7280, avg_f_acc=0.4184, adapter_density=413080/8257536
[2026-07-21 12:26:40] [FUSED-CLI:fedbn] Round=24, avg_r_acc=0.7280, avg_f_acc=0.4184, adapter_density=413080/8257536
[2026-07-21 12:28:49] [FUSED-CLI:fedbn] Round=25, avg_r_acc=0.7280, avg_f_acc=0.4184, adapter_density=413080/8257536
[2026-07-21 12:30:59] [FUSED-CLI:fedbn] Round=26, avg_r_acc=0.7280, avg_f_acc=0.4184, adapter_density=413080/8257536
[2026-07-21 12:33:08] [FUSED-CLI:fedbn] Round=27, avg_r_acc=0.7313, avg_f_acc=0.4184, adapter_density=413080/8257536
[2026-07-21 12:35:19] [FUSED-CLI:fedbn] Round=28, avg_r_acc=0.7313, avg_f_acc=0.4184, adapter_density=413080/8257536
[2026-07-21 12:37:28] [FUSED-CLI:fedbn] Round=29, avg_r_acc=0.7313, avg_f_acc=0.4184, adapter_density=413080/8257536
[2026-07-21 12:39:35] [FUSED-CLI:fedbn] Round=30, avg_r_acc=0.7313, avg_f_acc=0.4184, adapter_density=413080/8257536
[2026-07-21 12:41:43] [FUSED-CLI:fedbn] Round=31, avg_r_acc=0.7313, avg_f_acc=0.4184, adapter_density=413080/8257536
[2026-07-21 12:43:49] [FUSED-CLI:fedbn] Round=32, avg_r_acc=0.7313, avg_f_acc=0.4184, adapter_density=413080/8257536
[2026-07-21 12:45:58] [FUSED-CLI:fedbn] Round=33, avg_r_acc=0.7298, avg_f_acc=0.4184, adapter_density=413080/8257536
[2026-07-21 12:48:07] [FUSED-CLI:fedbn] Round=34, avg_r_acc=0.7381, avg_f_acc=0.4184, adapter_density=413080/8257536
[2026-07-21 12:50:22] [FUSED-CLI:fedbn] Round=35, avg_r_acc=0.7381, avg_f_acc=0.4184, adapter_density=413080/8257536
[2026-07-21 12:52:38] [FUSED-CLI:fedbn] Round=36, avg_r_acc=0.7433, avg_f_acc=0.4184, adapter_density=413080/8257536
[2026-07-21 12:54:56] [FUSED-CLI:fedbn] Round=37, avg_r_acc=0.7433, avg_f_acc=0.4184, adapter_density=413080/8257536
[2026-07-21 12:57:13] [FUSED-CLI:fedbn] Round=38, avg_r_acc=0.7433, avg_f_acc=0.4184, adapter_density=413080/8257536
[2026-07-21 12:59:29] [FUSED-CLI:fedbn] Round=39, avg_r_acc=0.7433, avg_f_acc=0.4184, adapter_density=413080/8257536
[2026-07-21 13:01:44] [FUSED-CLI:fedbn] Round=40, avg_r_acc=0.7433, avg_f_acc=0.4184, adapter_density=413080/8257536
[2026-07-21 13:03:57] [FUSED-CLI:fedbn] Round=41, avg_r_acc=0.7433, avg_f_acc=0.4184, adapter_density=413080/8257536
[2026-07-21 13:06:15] [FUSED-CLI:fedbn] Round=42, avg_r_acc=0.7433, avg_f_acc=0.4184, adapter_density=413080/8257536
[2026-07-21 13:08:31] [FUSED-CLI:fedbn] Round=43, avg_r_acc=0.7433, avg_f_acc=0.4184, adapter_density=413080/8257536
[2026-07-21 13:10:45] [FUSED-CLI:fedbn] Round=44, avg_r_acc=0.7433, avg_f_acc=0.4184, adapter_density=413080/8257536
[2026-07-21 13:13:01] [FUSED-CLI:fedbn] Round=45, avg_r_acc=0.7433, avg_f_acc=0.4184, adapter_density=413080/8257536
[2026-07-21 13:15:14] [FUSED-CLI:fedbn] Round=46, avg_r_acc=0.7433, avg_f_acc=0.4184, adapter_density=413080/8257536
[2026-07-21 13:17:29] [FUSED-CLI:fedbn] Round=47, avg_r_acc=0.7433, avg_f_acc=0.4184, adapter_density=413080/8257536
[2026-07-21 13:19:44] [FUSED-CLI:fedbn] Round=48, avg_r_acc=0.7433, avg_f_acc=0.4184, adapter_density=413080/8257536
[2026-07-21 13:21:56] [FUSED-CLI:fedbn] Round=49, avg_r_acc=0.7433, avg_f_acc=0.4184, adapter_density=413080/8257536
[2026-07-21 13:21:56] FUSED-CLI unlearning complete. Critical layers: ['layer4.1.conv2.weight', 'layer4.0.conv2.weight', 'layer4.1.conv1.weight', 'layer4.0.conv1.weight']
[2026-07-21 13:21:56] Running relearn (ReA) probe for 50 rounds...
[2026-07-21 13:22:37] [Relearn] Round=0, avg_f_acc=0.5498 (ReA), avg_r_acc=0.6043
[2026-07-21 13:23:20] [Relearn] Round=1, avg_f_acc=0.5232 (ReA), avg_r_acc=0.5513
[2026-07-21 13:24:04] [Relearn] Round=2, avg_f_acc=0.5454 (ReA), avg_r_acc=0.5883
[2026-07-21 13:24:46] [Relearn] Round=3, avg_f_acc=0.5676 (ReA), avg_r_acc=0.6225
[2026-07-21 13:25:30] [Relearn] Round=4, avg_f_acc=0.5410 (ReA), avg_r_acc=0.6339
[2026-07-21 13:26:13] [Relearn] Round=5, avg_f_acc=0.5200 (ReA), avg_r_acc=0.6003
[2026-07-21 13:26:58] [Relearn] Round=6, avg_f_acc=0.5676 (ReA), avg_r_acc=0.5699
[2026-07-21 13:27:43] [Relearn] Round=7, avg_f_acc=0.5498 (ReA), avg_r_acc=0.5730
[2026-07-21 13:28:27] [Relearn] Round=8, avg_f_acc=0.5587 (ReA), avg_r_acc=0.5999
[2026-07-21 13:29:10] [Relearn] Round=9, avg_f_acc=0.5498 (ReA), avg_r_acc=0.6139
[2026-07-21 13:29:54] [Relearn] Round=10, avg_f_acc=0.5587 (ReA), avg_r_acc=0.6011
[2026-07-21 13:30:35] [Relearn] Round=11, avg_f_acc=0.5721 (ReA), avg_r_acc=0.6028
[2026-07-21 13:31:20] [Relearn] Round=12, avg_f_acc=0.5721 (ReA), avg_r_acc=0.6027
[2026-07-21 13:32:02] [Relearn] Round=13, avg_f_acc=0.5676 (ReA), avg_r_acc=0.5926
[2026-07-21 13:32:44] [Relearn] Round=14, avg_f_acc=0.5632 (ReA), avg_r_acc=0.6144
[2026-07-21 13:33:26] [Relearn] Round=15, avg_f_acc=0.5632 (ReA), avg_r_acc=0.5976
[2026-07-21 13:34:12] [Relearn] Round=16, avg_f_acc=0.5543 (ReA), avg_r_acc=0.5891
[2026-07-21 13:34:54] [Relearn] Round=17, avg_f_acc=0.5721 (ReA), avg_r_acc=0.5829
[2026-07-21 13:35:41] [Relearn] Round=18, avg_f_acc=0.6019 (ReA), avg_r_acc=0.5938
[2026-07-21 13:36:27] [Relearn] Round=19, avg_f_acc=0.5156 (ReA), avg_r_acc=0.5795
[2026-07-21 13:37:12] [Relearn] Round=20, avg_f_acc=0.5378 (ReA), avg_r_acc=0.5815
[2026-07-21 13:38:00] [Relearn] Round=21, avg_f_acc=0.5156 (ReA), avg_r_acc=0.5716
[2026-07-21 13:38:44] [Relearn] Round=22, avg_f_acc=0.5111 (ReA), avg_r_acc=0.5413
[2026-07-21 13:39:27] [Relearn] Round=23, avg_f_acc=0.5543 (ReA), avg_r_acc=0.5780
[2026-07-21 13:40:13] [Relearn] Round=24, avg_f_acc=0.5187 (ReA), avg_r_acc=0.5759
[2026-07-21 13:40:58] [Relearn] Round=25, avg_f_acc=0.5410 (ReA), avg_r_acc=0.5725
[2026-07-21 13:41:44] [Relearn] Round=26, avg_f_acc=0.5244 (ReA), avg_r_acc=0.5542
[2026-07-21 13:42:29] [Relearn] Round=27, avg_f_acc=0.5721 (ReA), avg_r_acc=0.6008
[2026-07-21 13:43:16] [Relearn] Round=28, avg_f_acc=0.5765 (ReA), avg_r_acc=0.5935
[2026-07-21 13:43:58] [Relearn] Round=29, avg_f_acc=0.5898 (ReA), avg_r_acc=0.6106
[2026-07-21 13:44:40] [Relearn] Round=30, avg_f_acc=0.5676 (ReA), avg_r_acc=0.5523
[2026-07-21 13:45:22] [Relearn] Round=31, avg_f_acc=0.5943 (ReA), avg_r_acc=0.5855
[2026-07-21 13:46:07] [Relearn] Round=32, avg_f_acc=0.5543 (ReA), avg_r_acc=0.6027
[2026-07-21 13:46:49] [Relearn] Round=33, avg_f_acc=0.5454 (ReA), avg_r_acc=0.5971
[2026-07-21 13:47:34] [Relearn] Round=34, avg_f_acc=0.5543 (ReA), avg_r_acc=0.5782
[2026-07-21 13:48:20] [Relearn] Round=35, avg_f_acc=0.5721 (ReA), avg_r_acc=0.5825
[2026-07-21 13:49:02] [Relearn] Round=36, avg_f_acc=0.5676 (ReA), avg_r_acc=0.5918
[2026-07-21 13:49:47] [Relearn] Round=37, avg_f_acc=0.5898 (ReA), avg_r_acc=0.5515
[2026-07-21 13:50:29] [Relearn] Round=38, avg_f_acc=0.5854 (ReA), avg_r_acc=0.5803
[2026-07-21 13:51:13] [Relearn] Round=39, avg_f_acc=0.5765 (ReA), avg_r_acc=0.5584
[2026-07-21 13:51:56] [Relearn] Round=40, avg_f_acc=0.5810 (ReA), avg_r_acc=0.5671
[2026-07-21 13:52:38] [Relearn] Round=41, avg_f_acc=0.5854 (ReA), avg_r_acc=0.5358
[2026-07-21 13:53:23] [Relearn] Round=42, avg_f_acc=0.5765 (ReA), avg_r_acc=0.5647
[2026-07-21 13:54:09] [Relearn] Round=43, avg_f_acc=0.5632 (ReA), avg_r_acc=0.5853
[2026-07-21 13:54:52] [Relearn] Round=44, avg_f_acc=0.5676 (ReA), avg_r_acc=0.5661
[2026-07-21 13:55:32] [Relearn] Round=45, avg_f_acc=0.5810 (ReA), avg_r_acc=0.5625
[2026-07-21 13:56:13] [Relearn] Round=46, avg_f_acc=0.5854 (ReA), avg_r_acc=0.5356
[2026-07-21 13:56:58] [Relearn] Round=47, avg_f_acc=0.5676 (ReA), avg_r_acc=0.5662
[2026-07-21 13:57:40] [Relearn] Round=48, avg_f_acc=0.5587 (ReA), avg_r_acc=0.5768
[2026-07-21 13:58:27] [Relearn] Round=49, avg_f_acc=0.5721 (ReA), avg_r_acc=0.5492
[2026-07-21 13:58:27] ReA = 0.5721
[2026-07-21 13:58:42] Final unlearned model: global test loss=1.2557, acc=0.7412
[2026-07-21 13:58:42] [fedbn/retrain] hospital=Spain_Dataset, selected_client_id=Spain_Dataset, available_client_ids=['Spain_Dataset']
[2026-07-21 13:58:42] [fedbn/retrain] hospital=Canada_Dataset, selected_client_id=Canada_Dataset, available_client_ids=['Canada_Dataset']
[2026-07-21 13:58:42] Running matched FedBN evaluation: retained hospitals use personalized BN models; the forgotten hospital uses the retained-only averaged BN fallback.
[2026-07-21 13:58:42] [fedbn/retrain] Retained hospitals use personalized BN models. The forgotten hospital uses the retained-BN average model.
[2026-07-21 13:58:56] [eval/classification] accuracy=0.7568 macro_precision=0.7344 macro_recall=0.7228 macro_f1=0.7253 weighted_f1=0.7514
[2026-07-21 13:58:56] [eval/fedbn_retrain] overall_acc=0.7568 overall_loss=1.1959 macro_f1=0.7253 weighted_f1=0.7514 per_hospital={ Spain_Dataset: 0.7326, Canada_Dataset: 0.8941, India_Dataset: 0.3645 }
[2026-07-21 13:59:12] [eval/unlearning/remember_classification] accuracy=0.8600 macro_precision=0.8330 macro_recall=0.8410 macro_f1=0.8344 weighted_f1=0.8628
[2026-07-21 13:59:12] [eval/unlearning/forget_classification] accuracy=0.3645 macro_precision=0.4305 macro_recall=0.4184 macro_f1=0.3380 weighted_f1=0.4269
[2026-07-21 13:59:48] [eval/unlearning/fedbn_retrain] RA=0.8600 FA=0.3645 ReA=0.9720 MIA_acc=0.5798
[2026-07-21 13:59:48] [symmetric eval] RA=0.8600 FA=0.3645 ReA=0.9720 MIA_acc=0.5798
[2026-07-21 13:59:48] Saved matched FedBN FU outputs: 2 retained personalized models and one retained-BN fallback model.
[2026-07-21 13:59:48] Saved unlearned model to checkpoints/fu_cli_domain/fu_cli_india_fedbn_stdce_oral_347942/unlearned_model.pt
[2026-07-21 13:59:48] === Run finished: fu_cli_india_fedbn_stdce_oral_347942 (elapsed 8872.2s) ===
