[2026-07-06 21:30:59] === Run started: fu_cli_fedprox_spain_backbone_oral_340066 ===
[2026-07-06 21:30:59] Forking from source FL run: fl_fedprox_oral_330529
[2026-07-06 21:30:59] Forgetting: Spain_Dataset (index 0 of ['Spain_Dataset', 'Canada_Dataset', 'India_Dataset'])
[2026-07-06 21:30:59] Phase-2 mechanism: FUSED-CLI (Algorithm 1), algorithm=fedprox
[2026-07-06 21:31:04] Loaded source checkpoint (read-only) from checkpoints/fl/fl_fedprox_oral_330529/best.pt
[2026-07-06 21:31:04] Built 3 hospital train loaders in order ['Spain_Dataset', 'Canada_Dataset', 'India_Dataset'], sizes=[398, 1635, 505]
[2026-07-06 21:31:04] Running FUSED-CLI unlearning (algorithm=fedprox)...
[2026-07-06 21:31:04] Running Critical Layer Identification (one federated round, remember clients only)...
[2026-07-06 21:32:19] Selected 4 critical layers: ['layer3.0.conv1.weight', 'layer2.0.conv2.weight', 'layer3.0.conv2.weight', 'layer2.1.conv1.weight']
[2026-07-06 21:34:15] [FUSED-CLI:fedprox] Round=0, avg_r_acc=0.6807, avg_f_acc=0.8644, adapter_density=59136/1179648
[2026-07-06 21:36:05] [FUSED-CLI:fedprox] Round=1, avg_r_acc=0.6843, avg_f_acc=0.8644, adapter_density=59136/1179648
[2026-07-06 21:37:53] [FUSED-CLI:fedprox] Round=2, avg_r_acc=0.6724, avg_f_acc=0.8644, adapter_density=59136/1179648
[2026-07-06 21:39:43] [FUSED-CLI:fedprox] Round=3, avg_r_acc=0.6760, avg_f_acc=0.8644, adapter_density=59136/1179648
[2026-07-06 21:41:35] [FUSED-CLI:fedprox] Round=4, avg_r_acc=0.6843, avg_f_acc=0.8644, adapter_density=59136/1179648
[2026-07-06 21:43:25] [FUSED-CLI:fedprox] Round=5, avg_r_acc=0.6872, avg_f_acc=0.8644, adapter_density=59136/1179648
[2026-07-06 21:45:18] [FUSED-CLI:fedprox] Round=6, avg_r_acc=0.6883, avg_f_acc=0.8644, adapter_density=59136/1179648
[2026-07-06 21:47:09] [FUSED-CLI:fedprox] Round=7, avg_r_acc=0.6893, avg_f_acc=0.8644, adapter_density=59136/1179648
[2026-07-06 21:49:00] [FUSED-CLI:fedprox] Round=8, avg_r_acc=0.6922, avg_f_acc=0.8732, adapter_density=59136/1179648
[2026-07-06 21:50:48] [FUSED-CLI:fedprox] Round=9, avg_r_acc=0.6941, avg_f_acc=0.8732, adapter_density=59136/1179648
[2026-07-06 21:52:38] [FUSED-CLI:fedprox] Round=10, avg_r_acc=0.6820, avg_f_acc=0.8644, adapter_density=59136/1179648
[2026-07-06 21:54:29] [FUSED-CLI:fedprox] Round=11, avg_r_acc=0.6880, avg_f_acc=0.8644, adapter_density=59136/1179648
[2026-07-06 21:56:16] [FUSED-CLI:fedprox] Round=12, avg_r_acc=0.6916, avg_f_acc=0.8732, adapter_density=59136/1179648
[2026-07-06 21:58:01] [FUSED-CLI:fedprox] Round=13, avg_r_acc=0.6948, avg_f_acc=0.8598, adapter_density=59136/1179648
[2026-07-06 21:59:51] [FUSED-CLI:fedprox] Round=14, avg_r_acc=0.6907, avg_f_acc=0.8644, adapter_density=59136/1179648
[2026-07-06 22:01:42] [FUSED-CLI:fedprox] Round=15, avg_r_acc=0.6919, avg_f_acc=0.8598, adapter_density=59136/1179648
[2026-07-06 22:03:25] [FUSED-CLI:fedprox] Round=16, avg_r_acc=0.7098, avg_f_acc=0.8598, adapter_density=59136/1179648
[2026-07-06 22:05:14] [FUSED-CLI:fedprox] Round=17, avg_r_acc=0.7098, avg_f_acc=0.8598, adapter_density=59136/1179648
[2026-07-06 22:06:58] [FUSED-CLI:fedprox] Round=18, avg_r_acc=0.7156, avg_f_acc=0.8556, adapter_density=59136/1179648
[2026-07-06 22:10:07] [FUSED-CLI:fedprox] Round=19, avg_r_acc=0.7174, avg_f_acc=0.8423, adapter_density=59136/1179648
[2026-07-06 22:11:56] [FUSED-CLI:fedprox] Round=20, avg_r_acc=0.7133, avg_f_acc=0.8465, adapter_density=59136/1179648
[2026-07-06 22:13:43] [FUSED-CLI:fedprox] Round=21, avg_r_acc=0.7133, avg_f_acc=0.8465, adapter_density=59136/1179648
[2026-07-06 22:15:29] [FUSED-CLI:fedprox] Round=22, avg_r_acc=0.7180, avg_f_acc=0.8290, adapter_density=59136/1179648
[2026-07-06 22:17:17] [FUSED-CLI:fedprox] Round=23, avg_r_acc=0.7127, avg_f_acc=0.8377, adapter_density=59136/1179648
[2026-07-06 22:19:04] [FUSED-CLI:fedprox] Round=24, avg_r_acc=0.7122, avg_f_acc=0.8465, adapter_density=59136/1179648
[2026-07-06 22:20:51] [FUSED-CLI:fedprox] Round=25, avg_r_acc=0.7154, avg_f_acc=0.8465, adapter_density=59136/1179648
[2026-07-06 22:22:39] [FUSED-CLI:fedprox] Round=26, avg_r_acc=0.7222, avg_f_acc=0.8377, adapter_density=59136/1179648
[2026-07-06 22:24:27] [FUSED-CLI:fedprox] Round=27, avg_r_acc=0.7163, avg_f_acc=0.8465, adapter_density=59136/1179648
[2026-07-06 22:26:15] [FUSED-CLI:fedprox] Round=28, avg_r_acc=0.7222, avg_f_acc=0.8465, adapter_density=59136/1179648
[2026-07-06 22:28:01] [FUSED-CLI:fedprox] Round=29, avg_r_acc=0.7228, avg_f_acc=0.8290, adapter_density=59136/1179648
[2026-07-06 22:29:52] [FUSED-CLI:fedprox] Round=30, avg_r_acc=0.7240, avg_f_acc=0.8377, adapter_density=59136/1179648
[2026-07-06 22:31:37] [FUSED-CLI:fedprox] Round=31, avg_r_acc=0.7228, avg_f_acc=0.8290, adapter_density=59136/1179648
[2026-07-06 22:33:27] [FUSED-CLI:fedprox] Round=32, avg_r_acc=0.7217, avg_f_acc=0.8465, adapter_density=59136/1179648
[2026-07-06 22:35:17] [FUSED-CLI:fedprox] Round=33, avg_r_acc=0.7263, avg_f_acc=0.8377, adapter_density=59136/1179648
[2026-07-06 22:37:08] [FUSED-CLI:fedprox] Round=34, avg_r_acc=0.7240, avg_f_acc=0.8465, adapter_density=59136/1179648
[2026-07-06 22:38:56] [FUSED-CLI:fedprox] Round=35, avg_r_acc=0.7257, avg_f_acc=0.8290, adapter_density=59136/1179648
[2026-07-06 22:40:43] [FUSED-CLI:fedprox] Round=36, avg_r_acc=0.7303, avg_f_acc=0.8465, adapter_density=59136/1179648
[2026-07-06 22:42:30] [FUSED-CLI:fedprox] Round=37, avg_r_acc=0.7222, avg_f_acc=0.8465, adapter_density=59136/1179648
[2026-07-06 22:44:18] [FUSED-CLI:fedprox] Round=38, avg_r_acc=0.7253, avg_f_acc=0.8465, adapter_density=59136/1179648
[2026-07-06 22:46:05] [FUSED-CLI:fedprox] Round=39, avg_r_acc=0.7195, avg_f_acc=0.8465, adapter_density=59136/1179648
[2026-07-06 22:47:52] [FUSED-CLI:fedprox] Round=40, avg_r_acc=0.7275, avg_f_acc=0.8377, adapter_density=59136/1179648
[2026-07-06 22:49:39] [FUSED-CLI:fedprox] Round=41, avg_r_acc=0.7275, avg_f_acc=0.8598, adapter_density=59136/1179648
[2026-07-06 22:51:24] [FUSED-CLI:fedprox] Round=42, avg_r_acc=0.7281, avg_f_acc=0.8644, adapter_density=59136/1179648
[2026-07-06 22:53:12] [FUSED-CLI:fedprox] Round=43, avg_r_acc=0.7287, avg_f_acc=0.8465, adapter_density=59136/1179648
[2026-07-06 22:54:58] [FUSED-CLI:fedprox] Round=44, avg_r_acc=0.7286, avg_f_acc=0.8377, adapter_density=59136/1179648
[2026-07-06 22:56:47] [FUSED-CLI:fedprox] Round=45, avg_r_acc=0.7281, avg_f_acc=0.8465, adapter_density=59136/1179648
[2026-07-06 22:58:33] [FUSED-CLI:fedprox] Round=46, avg_r_acc=0.7269, avg_f_acc=0.8465, adapter_density=59136/1179648
[2026-07-06 23:00:21] [FUSED-CLI:fedprox] Round=47, avg_r_acc=0.7275, avg_f_acc=0.8465, adapter_density=59136/1179648
[2026-07-06 23:02:10] [FUSED-CLI:fedprox] Round=48, avg_r_acc=0.7265, avg_f_acc=0.8377, adapter_density=59136/1179648
[2026-07-06 23:03:56] [FUSED-CLI:fedprox] Round=49, avg_r_acc=0.7276, avg_f_acc=0.8465, adapter_density=59136/1179648
[2026-07-06 23:03:56] FUSED-CLI unlearning complete. Critical layers: ['layer3.0.conv1.weight', 'layer2.0.conv2.weight', 'layer3.0.conv2.weight', 'layer2.1.conv1.weight']
[2026-07-06 23:03:56] Running relearn (ReA) probe for 50 rounds...
[2026-07-06 23:08:32] [Relearn] Round=0, avg_f_acc=0.9263 (ReA), avg_r_acc=0.7412
[2026-07-06 23:11:24] [Relearn] Round=1, avg_f_acc=0.9263 (ReA), avg_r_acc=0.7556
[2026-07-06 23:14:17] [Relearn] Round=2, avg_f_acc=0.9098 (ReA), avg_r_acc=0.7308
[2026-07-06 23:17:02] [Relearn] Round=3, avg_f_acc=0.8831 (ReA), avg_r_acc=0.7166
[2026-07-06 23:19:58] [Relearn] Round=4, avg_f_acc=0.9052 (ReA), avg_r_acc=0.7408
[2026-07-06 23:22:46] [Relearn] Round=5, avg_f_acc=0.9098 (ReA), avg_r_acc=0.7331
[2026-07-06 23:25:37] [Relearn] Round=6, avg_f_acc=0.8943 (ReA), avg_r_acc=0.7161
[2026-07-06 23:28:15] [Relearn] Round=7, avg_f_acc=0.8819 (ReA), avg_r_acc=0.7132
[2026-07-06 23:30:46] [Relearn] Round=8, avg_f_acc=0.8964 (ReA), avg_r_acc=0.7345
[2026-07-06 23:33:11] [Relearn] Round=9, avg_f_acc=0.9020 (ReA), avg_r_acc=0.7390
[2026-07-06 23:36:08] [Relearn] Round=10, avg_f_acc=0.9118 (ReA), avg_r_acc=0.7296
[2026-07-06 23:38:54] [Relearn] Round=11, avg_f_acc=0.8954 (ReA), avg_r_acc=0.6914
[2026-07-06 23:41:47] [Relearn] Round=12, avg_f_acc=0.9221 (ReA), avg_r_acc=0.6931
[2026-07-06 23:44:25] [Relearn] Round=13, avg_f_acc=0.8666 (ReA), avg_r_acc=0.7128
[2026-07-06 23:46:59] [Relearn] Round=14, avg_f_acc=0.9032 (ReA), avg_r_acc=0.7024
[2026-07-06 23:49:20] [Relearn] Round=15, avg_f_acc=0.9263 (ReA), avg_r_acc=0.6792
[2026-07-06 23:51:46] [Relearn] Round=16, avg_f_acc=0.9263 (ReA), avg_r_acc=0.7321
[2026-07-06 23:54:38] [Relearn] Round=17, avg_f_acc=0.9175 (ReA), avg_r_acc=0.6992
[2026-07-06 23:57:11] [Relearn] Round=18, avg_f_acc=0.9253 (ReA), avg_r_acc=0.6891
[2026-07-06 23:59:57] [Relearn] Round=19, avg_f_acc=0.9211 (ReA), avg_r_acc=0.6934
[2026-07-07 00:02:37] [Relearn] Round=20, avg_f_acc=0.9133 (ReA), avg_r_acc=0.7011
[2026-07-07 00:05:19] [Relearn] Round=21, avg_f_acc=0.9077 (ReA), avg_r_acc=0.7116
[2026-07-07 00:07:59] [Relearn] Round=22, avg_f_acc=0.9077 (ReA), avg_r_acc=0.7073
[2026-07-07 00:10:40] [Relearn] Round=23, avg_f_acc=0.9077 (ReA), avg_r_acc=0.6847
[2026-07-07 00:13:22] [Relearn] Round=24, avg_f_acc=0.8944 (ReA), avg_r_acc=0.6889
[2026-07-07 00:16:09] [Relearn] Round=25, avg_f_acc=0.9087 (ReA), avg_r_acc=0.6896
[2026-07-07 00:19:01] [Relearn] Round=26, avg_f_acc=0.9032 (ReA), avg_r_acc=0.6878
[2026-07-07 00:21:34] [Relearn] Round=27, avg_f_acc=0.9175 (ReA), avg_r_acc=0.6866
[2026-07-07 00:24:21] [Relearn] Round=28, avg_f_acc=0.9308 (ReA), avg_r_acc=0.7106
[2026-07-07 00:26:41] [Relearn] Round=29, avg_f_acc=0.9042 (ReA), avg_r_acc=0.7193
[2026-07-07 00:29:01] [Relearn] Round=30, avg_f_acc=0.9143 (ReA), avg_r_acc=0.7210
[2026-07-07 00:31:50] [Relearn] Round=31, avg_f_acc=0.9298 (ReA), avg_r_acc=0.6943
[2026-07-07 00:34:41] [Relearn] Round=32, avg_f_acc=0.9308 (ReA), avg_r_acc=0.6937
[2026-07-07 00:37:21] [Relearn] Round=33, avg_f_acc=0.9221 (ReA), avg_r_acc=0.7001
[2026-07-07 00:39:59] [Relearn] Round=34, avg_f_acc=0.9020 (ReA), avg_r_acc=0.6604
[2026-07-07 00:42:49] [Relearn] Round=35, avg_f_acc=0.8877 (ReA), avg_r_acc=0.6940
[2026-07-07 00:45:39] [Relearn] Round=36, avg_f_acc=0.9010 (ReA), avg_r_acc=0.6970
[2026-07-07 00:48:19] [Relearn] Round=37, avg_f_acc=0.9010 (ReA), avg_r_acc=0.6984
[2026-07-07 00:51:11] [Relearn] Round=38, avg_f_acc=0.8831 (ReA), avg_r_acc=0.6929
[2026-07-07 00:53:53] [Relearn] Round=39, avg_f_acc=0.9175 (ReA), avg_r_acc=0.7094
[2026-07-07 00:56:16] [Relearn] Round=40, avg_f_acc=0.9020 (ReA), avg_r_acc=0.7118
[2026-07-07 00:58:51] [Relearn] Round=41, avg_f_acc=0.9030 (ReA), avg_r_acc=0.7029
[2026-07-07 01:01:11] [Relearn] Round=42, avg_f_acc=0.9175 (ReA), avg_r_acc=0.7057
[2026-07-07 01:03:35] [Relearn] Round=43, avg_f_acc=0.9098 (ReA), avg_r_acc=0.7009
[2026-07-07 01:06:23] [Relearn] Round=44, avg_f_acc=0.9118 (ReA), avg_r_acc=0.7005
[2026-07-07 01:09:04] [Relearn] Round=45, avg_f_acc=0.8943 (ReA), avg_r_acc=0.6855
[2026-07-07 01:11:39] [Relearn] Round=46, avg_f_acc=0.8845 (ReA), avg_r_acc=0.7498
[2026-07-07 01:14:25] [Relearn] Round=47, avg_f_acc=0.9076 (ReA), avg_r_acc=0.7222
[2026-07-07 01:17:09] [Relearn] Round=48, avg_f_acc=0.9020 (ReA), avg_r_acc=0.6946
[2026-07-07 01:19:41] [Relearn] Round=49, avg_f_acc=0.9153 (ReA), avg_r_acc=0.6984
[2026-07-07 01:19:41] ReA = 0.9153
[2026-07-07 01:19:58] Final unlearned model: global test loss=0.0400, acc=0.8289
