[2026-07-05 02:17:00] === Run started: fu_cli_fedmoon_canada_oral_337323 ===
[2026-07-05 02:17:00] Forking from source FL run: fl_fedavg_oral_329811
[2026-07-05 02:17:00] Forgetting: Canada_Dataset (index 1 of ['Spain_Dataset', 'Canada_Dataset', 'India_Dataset'])
[2026-07-05 02:17:00] Phase-2 mechanism: FUSED-CLI (Algorithm 1), algorithm=fedmoon
[2026-07-05 02:17:06] Loaded source checkpoint (read-only) from checkpoints/fl/fl_fedavg_oral_329811/best.pt
[2026-07-05 02:17:07] Built 3 hospital train loaders in order ['Spain_Dataset', 'Canada_Dataset', 'India_Dataset'], sizes=[398, 1635, 505]
[2026-07-05 02:17:07] Running FUSED-CLI unlearning (algorithm=fedmoon)...
[2026-07-05 02:17:07] Running Critical Layer Identification (one federated round, remember clients only)...
[2026-07-05 02:18:41] Selected 4 critical layers: ['layer4.0.conv1.weight', 'layer4.0.conv2.weight', 'layer3.0.conv2.weight', 'layer4.1.conv1.weight']
[2026-07-05 02:21:39] [FUSED-CLI:fedmoon] Round=0, avg_r_acc=0.6472, avg_f_acc=0.8286, adapter_density=324695/6488064
[2026-07-05 02:24:41] [FUSED-CLI:fedmoon] Round=1, avg_r_acc=0.6240, avg_f_acc=0.8388, adapter_density=324695/6488064
[2026-07-05 02:27:41] [FUSED-CLI:fedmoon] Round=2, avg_r_acc=0.6361, avg_f_acc=0.8384, adapter_density=324695/6488064
[2026-07-05 02:30:43] [FUSED-CLI:fedmoon] Round=3, avg_r_acc=0.6484, avg_f_acc=0.8339, adapter_density=324695/6488064
[2026-07-05 02:33:44] [FUSED-CLI:fedmoon] Round=4, avg_r_acc=0.6490, avg_f_acc=0.8368, adapter_density=324695/6488064
[2026-07-05 02:36:45] [FUSED-CLI:fedmoon] Round=5, avg_r_acc=0.6343, avg_f_acc=0.8278, adapter_density=324695/6488064
[2026-07-05 02:39:41] [FUSED-CLI:fedmoon] Round=6, avg_r_acc=0.6196, avg_f_acc=0.8275, adapter_density=324695/6488064
[2026-07-05 02:42:42] [FUSED-CLI:fedmoon] Round=7, avg_r_acc=0.6250, avg_f_acc=0.8230, adapter_density=324695/6488064
[2026-07-05 02:45:42] [FUSED-CLI:fedmoon] Round=8, avg_r_acc=0.6104, avg_f_acc=0.8111, adapter_density=324695/6488064
[2026-07-05 02:48:43] [FUSED-CLI:fedmoon] Round=9, avg_r_acc=0.5998, avg_f_acc=0.8077, adapter_density=324695/6488064
[2026-07-05 02:51:45] [FUSED-CLI:fedmoon] Round=10, avg_r_acc=0.5959, avg_f_acc=0.8044, adapter_density=324695/6488064
[2026-07-05 02:54:46] [FUSED-CLI:fedmoon] Round=11, avg_r_acc=0.5882, avg_f_acc=0.8021, adapter_density=324695/6488064
[2026-07-05 02:57:50] [FUSED-CLI:fedmoon] Round=12, avg_r_acc=0.5882, avg_f_acc=0.7988, adapter_density=324695/6488064
[2026-07-05 03:00:49] [FUSED-CLI:fedmoon] Round=13, avg_r_acc=0.5882, avg_f_acc=0.7965, adapter_density=324695/6488064
[2026-07-05 03:03:45] [FUSED-CLI:fedmoon] Round=14, avg_r_acc=0.5900, avg_f_acc=0.7943, adapter_density=324695/6488064
[2026-07-05 03:06:42] [FUSED-CLI:fedmoon] Round=15, avg_r_acc=0.5918, avg_f_acc=0.7920, adapter_density=324695/6488064
[2026-07-05 03:09:39] [FUSED-CLI:fedmoon] Round=16, avg_r_acc=0.5936, avg_f_acc=0.7887, adapter_density=324695/6488064
[2026-07-05 03:12:38] [FUSED-CLI:fedmoon] Round=17, avg_r_acc=0.5936, avg_f_acc=0.7928, adapter_density=324695/6488064
[2026-07-05 03:15:36] [FUSED-CLI:fedmoon] Round=18, avg_r_acc=0.6007, avg_f_acc=0.7906, adapter_density=324695/6488064
[2026-07-05 03:18:35] [FUSED-CLI:fedmoon] Round=19, avg_r_acc=0.6007, avg_f_acc=0.7906, adapter_density=324695/6488064
[2026-07-05 03:21:32] [FUSED-CLI:fedmoon] Round=20, avg_r_acc=0.6007, avg_f_acc=0.7959, adapter_density=324695/6488064
[2026-07-05 03:24:27] [FUSED-CLI:fedmoon] Round=21, avg_r_acc=0.5969, avg_f_acc=0.7925, adapter_density=324695/6488064
[2026-07-05 03:27:26] [FUSED-CLI:fedmoon] Round=22, avg_r_acc=0.5969, avg_f_acc=0.8011, adapter_density=324695/6488064
[2026-07-05 03:30:20] [FUSED-CLI:fedmoon] Round=23, avg_r_acc=0.5969, avg_f_acc=0.8011, adapter_density=324695/6488064
[2026-07-05 03:33:18] [FUSED-CLI:fedmoon] Round=24, avg_r_acc=0.5987, avg_f_acc=0.8011, adapter_density=324695/6488064
[2026-07-05 03:36:19] [FUSED-CLI:fedmoon] Round=25, avg_r_acc=0.5987, avg_f_acc=0.7988, adapter_density=324695/6488064
[2026-07-05 03:39:15] [FUSED-CLI:fedmoon] Round=26, avg_r_acc=0.5987, avg_f_acc=0.7977, adapter_density=324695/6488064
[2026-07-05 03:42:18] [FUSED-CLI:fedmoon] Round=27, avg_r_acc=0.5987, avg_f_acc=0.7977, adapter_density=324695/6488064
[2026-07-05 03:44:57] [FUSED-CLI:fedmoon] Round=28, avg_r_acc=0.6022, avg_f_acc=0.7977, adapter_density=324695/6488064
[2026-07-05 03:47:57] [FUSED-CLI:fedmoon] Round=29, avg_r_acc=0.6022, avg_f_acc=0.7977, adapter_density=324695/6488064
[2026-07-05 03:50:58] [FUSED-CLI:fedmoon] Round=30, avg_r_acc=0.6022, avg_f_acc=0.7977, adapter_density=324695/6488064
[2026-07-05 03:53:54] [FUSED-CLI:fedmoon] Round=31, avg_r_acc=0.6022, avg_f_acc=0.7977, adapter_density=324695/6488064
[2026-07-05 03:56:49] [FUSED-CLI:fedmoon] Round=32, avg_r_acc=0.6022, avg_f_acc=0.7977, adapter_density=324695/6488064
[2026-07-05 03:59:46] [FUSED-CLI:fedmoon] Round=33, avg_r_acc=0.6022, avg_f_acc=0.7977, adapter_density=324695/6488064
[2026-07-05 04:02:47] [FUSED-CLI:fedmoon] Round=34, avg_r_acc=0.6022, avg_f_acc=0.7977, adapter_density=324695/6488064
[2026-07-05 04:05:51] [FUSED-CLI:fedmoon] Round=35, avg_r_acc=0.6022, avg_f_acc=0.7977, adapter_density=324695/6488064
[2026-07-05 04:08:48] [FUSED-CLI:fedmoon] Round=36, avg_r_acc=0.6022, avg_f_acc=0.7943, adapter_density=324695/6488064
[2026-07-05 04:11:48] [FUSED-CLI:fedmoon] Round=37, avg_r_acc=0.6022, avg_f_acc=0.7943, adapter_density=324695/6488064
[2026-07-05 04:14:51] [FUSED-CLI:fedmoon] Round=38, avg_r_acc=0.6022, avg_f_acc=0.7954, adapter_density=324695/6488064
[2026-07-05 04:17:51] [FUSED-CLI:fedmoon] Round=39, avg_r_acc=0.6022, avg_f_acc=0.7954, adapter_density=324695/6488064
[2026-07-05 04:20:53] [FUSED-CLI:fedmoon] Round=40, avg_r_acc=0.6022, avg_f_acc=0.7954, adapter_density=324695/6488064
[2026-07-05 04:23:50] [FUSED-CLI:fedmoon] Round=41, avg_r_acc=0.6022, avg_f_acc=0.7954, adapter_density=324695/6488064
[2026-07-05 04:26:43] [FUSED-CLI:fedmoon] Round=42, avg_r_acc=0.6022, avg_f_acc=0.7954, adapter_density=324695/6488064
[2026-07-05 04:29:39] [FUSED-CLI:fedmoon] Round=43, avg_r_acc=0.6022, avg_f_acc=0.7954, adapter_density=324695/6488064
[2026-07-05 04:32:32] [FUSED-CLI:fedmoon] Round=44, avg_r_acc=0.6022, avg_f_acc=0.7954, adapter_density=324695/6488064
[2026-07-05 04:35:32] [FUSED-CLI:fedmoon] Round=45, avg_r_acc=0.6022, avg_f_acc=0.7954, adapter_density=324695/6488064
[2026-07-05 04:38:34] [FUSED-CLI:fedmoon] Round=46, avg_r_acc=0.6040, avg_f_acc=0.7954, adapter_density=324695/6488064
[2026-07-05 04:41:33] [FUSED-CLI:fedmoon] Round=47, avg_r_acc=0.6040, avg_f_acc=0.7954, adapter_density=324695/6488064
[2026-07-05 04:44:35] [FUSED-CLI:fedmoon] Round=48, avg_r_acc=0.6040, avg_f_acc=0.7954, adapter_density=324695/6488064
[2026-07-05 04:47:34] [FUSED-CLI:fedmoon] Round=49, avg_r_acc=0.6040, avg_f_acc=0.7954, adapter_density=324695/6488064
[2026-07-05 04:47:34] FUSED-CLI unlearning complete. Critical layers: ['layer4.0.conv1.weight', 'layer4.0.conv2.weight', 'layer3.0.conv2.weight', 'layer4.1.conv1.weight']
[2026-07-05 04:47:34] Running relearn (ReA) probe for 50 rounds...
[2026-07-05 04:48:38] [Relearn] Round=0, avg_f_acc=0.7485 (ReA), avg_r_acc=0.5157
[2026-07-05 04:49:41] [Relearn] Round=1, avg_f_acc=0.7671 (ReA), avg_r_acc=0.5536
[2026-07-05 04:50:44] [Relearn] Round=2, avg_f_acc=0.7311 (ReA), avg_r_acc=0.5251
[2026-07-05 04:51:46] [Relearn] Round=3, avg_f_acc=0.7588 (ReA), avg_r_acc=0.5505
[2026-07-05 04:52:50] [Relearn] Round=4, avg_f_acc=0.7737 (ReA), avg_r_acc=0.5284
[2026-07-05 04:53:53] [Relearn] Round=5, avg_f_acc=0.7546 (ReA), avg_r_acc=0.5107
[2026-07-05 04:54:56] [Relearn] Round=6, avg_f_acc=0.6527 (ReA), avg_r_acc=0.4653
[2026-07-05 04:55:59] [Relearn] Round=7, avg_f_acc=0.7747 (ReA), avg_r_acc=0.5196
[2026-07-05 04:57:01] [Relearn] Round=8, avg_f_acc=0.7140 (ReA), avg_r_acc=0.4643
[2026-07-05 04:58:05] [Relearn] Round=9, avg_f_acc=0.7410 (ReA), avg_r_acc=0.5323
[2026-07-05 04:59:11] [Relearn] Round=10, avg_f_acc=0.7239 (ReA), avg_r_acc=0.5438
[2026-07-05 05:00:16] [Relearn] Round=11, avg_f_acc=0.7057 (ReA), avg_r_acc=0.5097
[2026-07-05 05:01:21] [Relearn] Round=12, avg_f_acc=0.7154 (ReA), avg_r_acc=0.5084
[2026-07-05 05:02:25] [Relearn] Round=13, avg_f_acc=0.7332 (ReA), avg_r_acc=0.5359
[2026-07-05 05:03:30] [Relearn] Round=14, avg_f_acc=0.7226 (ReA), avg_r_acc=0.5341
[2026-07-05 05:04:32] [Relearn] Round=15, avg_f_acc=0.7173 (ReA), avg_r_acc=0.5408
[2026-07-05 05:05:37] [Relearn] Round=16, avg_f_acc=0.7366 (ReA), avg_r_acc=0.5035
[2026-07-05 05:06:38] [Relearn] Round=17, avg_f_acc=0.7292 (ReA), avg_r_acc=0.5074
[2026-07-05 05:07:43] [Relearn] Round=18, avg_f_acc=0.6686 (ReA), avg_r_acc=0.4897
[2026-07-05 05:08:47] [Relearn] Round=19, avg_f_acc=0.7272 (ReA), avg_r_acc=0.5238
[2026-07-05 05:09:51] [Relearn] Round=20, avg_f_acc=0.7155 (ReA), avg_r_acc=0.5310
[2026-07-05 05:10:54] [Relearn] Round=21, avg_f_acc=0.7028 (ReA), avg_r_acc=0.5045
[2026-07-05 05:11:58] [Relearn] Round=22, avg_f_acc=0.7069 (ReA), avg_r_acc=0.4889
[2026-07-05 05:13:02] [Relearn] Round=23, avg_f_acc=0.6637 (ReA), avg_r_acc=0.4614
[2026-07-05 05:14:08] [Relearn] Round=24, avg_f_acc=0.7346 (ReA), avg_r_acc=0.4995
[2026-07-05 05:15:13] [Relearn] Round=25, avg_f_acc=0.7463 (ReA), avg_r_acc=0.5222
[2026-07-05 05:16:15] [Relearn] Round=26, avg_f_acc=0.7115 (ReA), avg_r_acc=0.5212
[2026-07-05 05:17:19] [Relearn] Round=27, avg_f_acc=0.7493 (ReA), avg_r_acc=0.5225
[2026-07-05 05:18:24] [Relearn] Round=28, avg_f_acc=0.7070 (ReA), avg_r_acc=0.5092
[2026-07-05 05:19:28] [Relearn] Round=29, avg_f_acc=0.7303 (ReA), avg_r_acc=0.5195
[2026-07-05 05:20:31] [Relearn] Round=30, avg_f_acc=0.6826 (ReA), avg_r_acc=0.4956
[2026-07-05 05:21:35] [Relearn] Round=31, avg_f_acc=0.7295 (ReA), avg_r_acc=0.5455
[2026-07-05 05:22:38] [Relearn] Round=32, avg_f_acc=0.7195 (ReA), avg_r_acc=0.5063
[2026-07-05 05:23:42] [Relearn] Round=33, avg_f_acc=0.7112 (ReA), avg_r_acc=0.5014
[2026-07-05 05:24:44] [Relearn] Round=34, avg_f_acc=0.6826 (ReA), avg_r_acc=0.4956
[2026-07-05 05:25:47] [Relearn] Round=35, avg_f_acc=0.7079 (ReA), avg_r_acc=0.5066
[2026-07-05 05:26:50] [Relearn] Round=36, avg_f_acc=0.6921 (ReA), avg_r_acc=0.5102
[2026-07-05 05:27:56] [Relearn] Round=37, avg_f_acc=0.7271 (ReA), avg_r_acc=0.4964
[2026-07-05 05:29:00] [Relearn] Round=38, avg_f_acc=0.7218 (ReA), avg_r_acc=0.5217
[2026-07-05 05:30:05] [Relearn] Round=39, avg_f_acc=0.7241 (ReA), avg_r_acc=0.5443
[2026-07-05 05:31:10] [Relearn] Round=40, avg_f_acc=0.7378 (ReA), avg_r_acc=0.5677
[2026-07-05 05:32:14] [Relearn] Round=41, avg_f_acc=0.7165 (ReA), avg_r_acc=0.5251
[2026-07-05 05:33:19] [Relearn] Round=42, avg_f_acc=0.6932 (ReA), avg_r_acc=0.4964
[2026-07-05 05:34:22] [Relearn] Round=43, avg_f_acc=0.7378 (ReA), avg_r_acc=0.5460
[2026-07-05 05:35:26] [Relearn] Round=44, avg_f_acc=0.7082 (ReA), avg_r_acc=0.4959
[2026-07-05 05:36:26] [Relearn] Round=45, avg_f_acc=0.7280 (ReA), avg_r_acc=0.5061
[2026-07-05 05:37:29] [Relearn] Round=46, avg_f_acc=0.7207 (ReA), avg_r_acc=0.5021
[2026-07-05 05:38:30] [Relearn] Round=47, avg_f_acc=0.7239 (ReA), avg_r_acc=0.5131
[2026-07-05 05:39:32] [Relearn] Round=48, avg_f_acc=0.7588 (ReA), avg_r_acc=0.5673
[2026-07-05 05:40:32] [Relearn] Round=49, avg_f_acc=0.7400 (ReA), avg_r_acc=0.5105
[2026-07-05 05:40:32] ReA = 0.7400
[2026-07-05 05:40:48] Final unlearned model: global test loss=0.0883, acc=0.6813
[2026-07-05 05:40:48] Saved unlearned model to checkpoints/fu_cli_domain/fu_cli_fedmoon_canada_oral_337323/unlearned_model.pt
[2026-07-05 05:40:48] === Run finished: fu_cli_fedmoon_canada_oral_337323 (elapsed 12228.5s) ===
