[2026-07-05 02:16:59] === Run started: fu_cli_fedbn_canada_oral_337321 ===
[2026-07-05 02:16:59] Forking from source FL run: fl_fedavg_oral_329811
[2026-07-05 02:16:59] Forgetting: Canada_Dataset (index 1 of ['Spain_Dataset', 'Canada_Dataset', 'India_Dataset'])
[2026-07-05 02:16:59] Phase-2 mechanism: FUSED-CLI (Algorithm 1), algorithm=fedbn
[2026-07-05 02:17:06] Loaded source checkpoint (read-only) from checkpoints/fl/fl_fedavg_oral_329811/best.pt
[2026-07-05 02:17:07] Built 3 hospital train loaders in order ['Spain_Dataset', 'Canada_Dataset', 'India_Dataset'], sizes=[398, 1635, 505]
[2026-07-05 02:17:07] Running FUSED-CLI unlearning (algorithm=fedbn)...
[2026-07-05 02:17:07] Running Critical Layer Identification (one federated round, remember clients only)...
[2026-07-05 02:18:41] Selected 4 critical layers: ['layer4.0.conv1.weight', 'layer4.0.conv2.weight', 'layer3.0.conv2.weight', 'layer4.1.conv1.weight']
[2026-07-05 02:18:41] FedBN-local (never-aggregated) critical layers among selection: none
[2026-07-05 02:21:29] [FUSED-CLI:fedbn] Round=0, avg_r_acc=0.6472, avg_f_acc=0.8286, adapter_density=324695/6488064
[2026-07-05 02:24:11] [FUSED-CLI:fedbn] Round=1, avg_r_acc=0.6240, avg_f_acc=0.8388, adapter_density=324695/6488064
[2026-07-05 02:26:46] [FUSED-CLI:fedbn] Round=2, avg_r_acc=0.6361, avg_f_acc=0.8384, adapter_density=324695/6488064
[2026-07-05 02:29:23] [FUSED-CLI:fedbn] Round=3, avg_r_acc=0.6484, avg_f_acc=0.8339, adapter_density=324695/6488064
[2026-07-05 02:32:00] [FUSED-CLI:fedbn] Round=4, avg_r_acc=0.6490, avg_f_acc=0.8368, adapter_density=324695/6488064
[2026-07-05 02:34:34] [FUSED-CLI:fedbn] Round=5, avg_r_acc=0.6289, avg_f_acc=0.8278, adapter_density=324695/6488064
[2026-07-05 02:37:13] [FUSED-CLI:fedbn] Round=6, avg_r_acc=0.6196, avg_f_acc=0.8275, adapter_density=324695/6488064
[2026-07-05 02:39:50] [FUSED-CLI:fedbn] Round=7, avg_r_acc=0.6250, avg_f_acc=0.8230, adapter_density=324695/6488064
[2026-07-05 02:42:27] [FUSED-CLI:fedbn] Round=8, avg_r_acc=0.6104, avg_f_acc=0.8111, adapter_density=324695/6488064
[2026-07-05 02:45:04] [FUSED-CLI:fedbn] Round=9, avg_r_acc=0.5998, avg_f_acc=0.8077, adapter_density=324695/6488064
[2026-07-05 02:47:40] [FUSED-CLI:fedbn] Round=10, avg_r_acc=0.5921, avg_f_acc=0.8044, adapter_density=324695/6488064
[2026-07-05 02:50:15] [FUSED-CLI:fedbn] Round=11, avg_r_acc=0.5882, avg_f_acc=0.8010, adapter_density=324695/6488064
[2026-07-05 02:52:51] [FUSED-CLI:fedbn] Round=12, avg_r_acc=0.5882, avg_f_acc=0.7988, adapter_density=324695/6488064
[2026-07-05 02:55:28] [FUSED-CLI:fedbn] Round=13, avg_r_acc=0.5882, avg_f_acc=0.7965, adapter_density=324695/6488064
[2026-07-05 02:58:04] [FUSED-CLI:fedbn] Round=14, avg_r_acc=0.5900, avg_f_acc=0.7943, adapter_density=324695/6488064
[2026-07-05 03:00:41] [FUSED-CLI:fedbn] Round=15, avg_r_acc=0.5918, avg_f_acc=0.7909, adapter_density=324695/6488064
[2026-07-05 03:03:18] [FUSED-CLI:fedbn] Round=16, avg_r_acc=0.5936, avg_f_acc=0.7939, adapter_density=324695/6488064
[2026-07-05 03:05:53] [FUSED-CLI:fedbn] Round=17, avg_r_acc=0.5936, avg_f_acc=0.7928, adapter_density=324695/6488064
[2026-07-05 03:08:27] [FUSED-CLI:fedbn] Round=18, avg_r_acc=0.6007, avg_f_acc=0.7906, adapter_density=324695/6488064
[2026-07-05 03:11:02] [FUSED-CLI:fedbn] Round=19, avg_r_acc=0.6007, avg_f_acc=0.7906, adapter_density=324695/6488064
[2026-07-05 03:13:36] [FUSED-CLI:fedbn] Round=20, avg_r_acc=0.6007, avg_f_acc=0.7959, adapter_density=324695/6488064
[2026-07-05 03:16:09] [FUSED-CLI:fedbn] Round=21, avg_r_acc=0.5969, avg_f_acc=0.7925, adapter_density=324695/6488064
[2026-07-05 03:18:47] [FUSED-CLI:fedbn] Round=22, avg_r_acc=0.5969, avg_f_acc=0.8011, adapter_density=324695/6488064
[2026-07-05 03:21:23] [FUSED-CLI:fedbn] Round=23, avg_r_acc=0.5969, avg_f_acc=0.8011, adapter_density=324695/6488064
[2026-07-05 03:23:56] [FUSED-CLI:fedbn] Round=24, avg_r_acc=0.5987, avg_f_acc=0.7999, adapter_density=324695/6488064
[2026-07-05 03:26:31] [FUSED-CLI:fedbn] Round=25, avg_r_acc=0.5987, avg_f_acc=0.7988, adapter_density=324695/6488064
[2026-07-05 03:29:04] [FUSED-CLI:fedbn] Round=26, avg_r_acc=0.5987, avg_f_acc=0.7977, adapter_density=324695/6488064
[2026-07-05 03:31:37] [FUSED-CLI:fedbn] Round=27, avg_r_acc=0.6004, avg_f_acc=0.7977, adapter_density=324695/6488064
[2026-07-05 03:34:10] [FUSED-CLI:fedbn] Round=28, avg_r_acc=0.6022, avg_f_acc=0.7977, adapter_density=324695/6488064
[2026-07-05 03:36:44] [FUSED-CLI:fedbn] Round=29, avg_r_acc=0.6022, avg_f_acc=0.7977, adapter_density=324695/6488064
[2026-07-05 03:39:20] [FUSED-CLI:fedbn] Round=30, avg_r_acc=0.6022, avg_f_acc=0.7977, adapter_density=324695/6488064
[2026-07-05 03:41:56] [FUSED-CLI:fedbn] Round=31, avg_r_acc=0.6022, avg_f_acc=0.7977, adapter_density=324695/6488064
[2026-07-05 03:44:35] [FUSED-CLI:fedbn] Round=32, avg_r_acc=0.6022, avg_f_acc=0.7977, adapter_density=324695/6488064
[2026-07-05 03:47:14] [FUSED-CLI:fedbn] Round=33, avg_r_acc=0.6022, avg_f_acc=0.7977, adapter_density=324695/6488064
[2026-07-05 03:49:51] [FUSED-CLI:fedbn] Round=34, avg_r_acc=0.6022, avg_f_acc=0.7977, adapter_density=324695/6488064
[2026-07-05 03:52:29] [FUSED-CLI:fedbn] Round=35, avg_r_acc=0.6022, avg_f_acc=0.7977, adapter_density=324695/6488064
[2026-07-05 03:55:06] [FUSED-CLI:fedbn] Round=36, avg_r_acc=0.6022, avg_f_acc=0.7943, adapter_density=324695/6488064
[2026-07-05 03:57:44] [FUSED-CLI:fedbn] Round=37, avg_r_acc=0.6022, avg_f_acc=0.7943, adapter_density=324695/6488064
[2026-07-05 04:00:21] [FUSED-CLI:fedbn] Round=38, avg_r_acc=0.6022, avg_f_acc=0.7954, adapter_density=324695/6488064
[2026-07-05 04:02:56] [FUSED-CLI:fedbn] Round=39, avg_r_acc=0.6022, avg_f_acc=0.7954, adapter_density=324695/6488064
[2026-07-05 04:05:34] [FUSED-CLI:fedbn] Round=40, avg_r_acc=0.6022, avg_f_acc=0.7954, adapter_density=324695/6488064
[2026-07-05 04:08:10] [FUSED-CLI:fedbn] Round=41, avg_r_acc=0.6022, avg_f_acc=0.7954, adapter_density=324695/6488064
[2026-07-05 04:10:45] [FUSED-CLI:fedbn] Round=42, avg_r_acc=0.6022, avg_f_acc=0.7954, adapter_density=324695/6488064
[2026-07-05 04:13:23] [FUSED-CLI:fedbn] Round=43, avg_r_acc=0.6022, avg_f_acc=0.7954, adapter_density=324695/6488064
[2026-07-05 04:15:58] [FUSED-CLI:fedbn] Round=44, avg_r_acc=0.6022, avg_f_acc=0.7954, adapter_density=324695/6488064
[2026-07-05 04:18:35] [FUSED-CLI:fedbn] Round=45, avg_r_acc=0.6022, avg_f_acc=0.7954, adapter_density=324695/6488064
[2026-07-05 04:21:12] [FUSED-CLI:fedbn] Round=46, avg_r_acc=0.6040, avg_f_acc=0.7954, adapter_density=324695/6488064
[2026-07-05 04:23:47] [FUSED-CLI:fedbn] Round=47, avg_r_acc=0.6040, avg_f_acc=0.7954, adapter_density=324695/6488064
[2026-07-05 04:26:27] [FUSED-CLI:fedbn] Round=48, avg_r_acc=0.6040, avg_f_acc=0.7954, adapter_density=324695/6488064
[2026-07-05 04:29:02] [FUSED-CLI:fedbn] Round=49, avg_r_acc=0.6040, avg_f_acc=0.7954, adapter_density=324695/6488064
[2026-07-05 04:29:02] FUSED-CLI unlearning complete. Critical layers: ['layer4.0.conv1.weight', 'layer4.0.conv2.weight', 'layer3.0.conv2.weight', 'layer4.1.conv1.weight']
[2026-07-05 04:29:02] Running relearn (ReA) probe for 50 rounds...
[2026-07-05 04:30:04] [Relearn] Round=0, avg_f_acc=0.7485 (ReA), avg_r_acc=0.5183
[2026-07-05 04:31:06] [Relearn] Round=1, avg_f_acc=0.7619 (ReA), avg_r_acc=0.5633
[2026-07-05 04:32:08] [Relearn] Round=2, avg_f_acc=0.7270 (ReA), avg_r_acc=0.5287
[2026-07-05 04:33:11] [Relearn] Round=3, avg_f_acc=0.7621 (ReA), avg_r_acc=0.5510
[2026-07-05 04:34:14] [Relearn] Round=4, avg_f_acc=0.7748 (ReA), avg_r_acc=0.5404
[2026-07-05 04:35:17] [Relearn] Round=5, avg_f_acc=0.7493 (ReA), avg_r_acc=0.5173
[2026-07-05 04:36:20] [Relearn] Round=6, avg_f_acc=0.6718 (ReA), avg_r_acc=0.4635
[2026-07-05 04:37:25] [Relearn] Round=7, avg_f_acc=0.7747 (ReA), avg_r_acc=0.5152
[2026-07-05 04:38:29] [Relearn] Round=8, avg_f_acc=0.7152 (ReA), avg_r_acc=0.4684
[2026-07-05 04:39:33] [Relearn] Round=9, avg_f_acc=0.7421 (ReA), avg_r_acc=0.5372
[2026-07-05 04:40:35] [Relearn] Round=10, avg_f_acc=0.7292 (ReA), avg_r_acc=0.5438
[2026-07-05 04:41:38] [Relearn] Round=11, avg_f_acc=0.7110 (ReA), avg_r_acc=0.4889
[2026-07-05 04:42:41] [Relearn] Round=12, avg_f_acc=0.7154 (ReA), avg_r_acc=0.5128
[2026-07-05 04:43:42] [Relearn] Round=13, avg_f_acc=0.7332 (ReA), avg_r_acc=0.5151
[2026-07-05 04:44:46] [Relearn] Round=14, avg_f_acc=0.7237 (ReA), avg_r_acc=0.5341
[2026-07-05 04:45:50] [Relearn] Round=15, avg_f_acc=0.7184 (ReA), avg_r_acc=0.5341
[2026-07-05 04:46:54] [Relearn] Round=16, avg_f_acc=0.7325 (ReA), avg_r_acc=0.5017
[2026-07-05 04:47:57] [Relearn] Round=17, avg_f_acc=0.7292 (ReA), avg_r_acc=0.5141
[2026-07-05 04:49:01] [Relearn] Round=18, avg_f_acc=0.6686 (ReA), avg_r_acc=0.4799
[2026-07-05 04:50:04] [Relearn] Round=19, avg_f_acc=0.7208 (ReA), avg_r_acc=0.5256
[2026-07-05 04:51:08] [Relearn] Round=20, avg_f_acc=0.7155 (ReA), avg_r_acc=0.5202
[2026-07-05 04:52:12] [Relearn] Round=21, avg_f_acc=0.7113 (ReA), avg_r_acc=0.5027
[2026-07-05 04:53:16] [Relearn] Round=22, avg_f_acc=0.7122 (ReA), avg_r_acc=0.4889
[2026-07-05 04:54:19] [Relearn] Round=23, avg_f_acc=0.6690 (ReA), avg_r_acc=0.4614
[2026-07-05 04:55:23] [Relearn] Round=24, avg_f_acc=0.7324 (ReA), avg_r_acc=0.4884
[2026-07-05 04:56:24] [Relearn] Round=25, avg_f_acc=0.7399 (ReA), avg_r_acc=0.5240
[2026-07-05 04:57:28] [Relearn] Round=26, avg_f_acc=0.7168 (ReA), avg_r_acc=0.5146
[2026-07-05 04:58:29] [Relearn] Round=27, avg_f_acc=0.7546 (ReA), avg_r_acc=0.5225
[2026-07-05 04:59:31] [Relearn] Round=28, avg_f_acc=0.7059 (ReA), avg_r_acc=0.5048
[2026-07-05 05:00:34] [Relearn] Round=29, avg_f_acc=0.7303 (ReA), avg_r_acc=0.5221
[2026-07-05 05:01:37] [Relearn] Round=30, avg_f_acc=0.6773 (ReA), avg_r_acc=0.4884
[2026-07-05 05:02:38] [Relearn] Round=31, avg_f_acc=0.7210 (ReA), avg_r_acc=0.5455
[2026-07-05 05:03:40] [Relearn] Round=32, avg_f_acc=0.7271 (ReA), avg_r_acc=0.5063
[2026-07-05 05:04:42] [Relearn] Round=33, avg_f_acc=0.7006 (ReA), avg_r_acc=0.5045
[2026-07-05 05:05:44] [Relearn] Round=34, avg_f_acc=0.6923 (ReA), avg_r_acc=0.5089
[2026-07-05 05:06:47] [Relearn] Round=35, avg_f_acc=0.6994 (ReA), avg_r_acc=0.5115
[2026-07-05 05:07:50] [Relearn] Round=36, avg_f_acc=0.6921 (ReA), avg_r_acc=0.5084
[2026-07-05 05:08:52] [Relearn] Round=37, avg_f_acc=0.7271 (ReA), avg_r_acc=0.4964
[2026-07-05 05:09:55] [Relearn] Round=38, avg_f_acc=0.7165 (ReA), avg_r_acc=0.5235
[2026-07-05 05:10:57] [Relearn] Round=39, avg_f_acc=0.7188 (ReA), avg_r_acc=0.5510
[2026-07-05 05:12:01] [Relearn] Round=40, avg_f_acc=0.7525 (ReA), avg_r_acc=0.5677
[2026-07-05 05:13:04] [Relearn] Round=41, avg_f_acc=0.7292 (ReA), avg_r_acc=0.5393
[2026-07-05 05:14:10] [Relearn] Round=42, avg_f_acc=0.6932 (ReA), avg_r_acc=0.4959
[2026-07-05 05:15:12] [Relearn] Round=43, avg_f_acc=0.7419 (ReA), avg_r_acc=0.5416
[2026-07-05 05:16:15] [Relearn] Round=44, avg_f_acc=0.7082 (ReA), avg_r_acc=0.4915
[2026-07-05 05:17:17] [Relearn] Round=45, avg_f_acc=0.7280 (ReA), avg_r_acc=0.5084
[2026-07-05 05:18:20] [Relearn] Round=46, avg_f_acc=0.7142 (ReA), avg_r_acc=0.4977
[2026-07-05 05:19:24] [Relearn] Round=47, avg_f_acc=0.7239 (ReA), avg_r_acc=0.5149
[2026-07-05 05:20:26] [Relearn] Round=48, avg_f_acc=0.7652 (ReA), avg_r_acc=0.5606
[2026-07-05 05:21:27] [Relearn] Round=49, avg_f_acc=0.7336 (ReA), avg_r_acc=0.5061
[2026-07-05 05:21:27] ReA = 0.7336
[2026-07-05 05:21:43] Final unlearned model: global test loss=0.0884, acc=0.6813
[2026-07-05 05:21:43] Saved unlearned model to checkpoints/fu_cli_domain/fu_cli_fedbn_canada_oral_337321/unlearned_model.pt
[2026-07-05 05:21:43] === Run finished: fu_cli_fedbn_canada_oral_337321 (elapsed 11083.8s) ===
