[2026-07-02 15:55:28] === Run started: retrain_spain_fedmoon_oral_333872 ===
[2026-07-02 15:55:28] Config loaded from configs/retrain_baseline.yaml
[2026-07-02 15:55:28] Retrain baseline: this is an INDEPENDENT FL run with the forget client/scope excluded from round 0. No source checkpoint is loaded.
[2026-07-02 15:55:28] Unlearning scope: client. Forgetting hospital/client 'Spain_Dataset' (1 partition(s)); remembering 2 partition(s).
[2026-07-02 15:55:28] Retraining FL model using ONLY remember partitions (forget data excluded from round 0).
[2026-07-02 15:55:28] Run hyperparameters:
  algorithm: fedmoon
  model: resnet18
  num_clients: 2
  global_epochs: 50
  local_epochs: 3
  batch_size: 16
  learning_rate: 0.001
  domain_adaptation: False
[2026-07-02 15:55:28] Starting Flower simulation: algorithm=fedmoon, clients=2, rounds=50
[2026-07-02 15:56:32] [FL round 1] comm=89501528B comp=90.78s
[2026-07-02 15:57:26] [FL round 2] comm=89501528B comp=84.02s
[2026-07-02 15:58:20] [FL round 3] comm=89501528B comp=85.40s
[2026-07-02 15:59:14] [FL round 4] comm=89501528B comp=85.14s
[2026-07-02 16:00:07] [FL round 5] comm=89501528B comp=86.90s
[2026-07-02 16:01:02] [FL round 6] comm=89501528B comp=86.50s
[2026-07-02 16:01:56] [FL round 7] comm=89501528B comp=86.87s
[2026-07-02 16:02:51] [FL round 8] comm=89501528B comp=89.74s
[2026-07-02 16:03:44] [FL round 9] comm=89501528B comp=85.84s
[2026-07-02 16:04:39] [FL round 10] comm=89501528B comp=87.26s
[2026-07-02 16:05:32] [FL round 11] comm=89501528B comp=85.02s
[2026-07-02 16:06:26] [FL round 12] comm=89501528B comp=91.06s
[2026-07-02 16:07:20] [FL round 13] comm=89501528B comp=82.83s
[2026-07-02 16:08:13] [FL round 14] comm=89501528B comp=88.96s
[2026-07-02 16:09:06] [FL round 15] comm=89501528B comp=87.63s
[2026-07-02 16:10:01] [FL round 16] comm=89501528B comp=87.19s
[2026-07-02 16:10:56] [FL round 17] comm=89501528B comp=86.73s
[2026-07-02 16:11:50] [FL round 18] comm=89501528B comp=85.33s
[2026-07-02 16:12:44] [FL round 19] comm=89501528B comp=85.72s
[2026-07-02 16:13:38] [FL round 20] comm=89501528B comp=86.26s
[2026-07-02 16:14:32] [FL round 21] comm=89501528B comp=88.15s
[2026-07-02 16:15:25] [FL round 22] comm=89501528B comp=87.18s
[2026-07-02 16:16:20] [FL round 23] comm=89501528B comp=89.88s
[2026-07-02 16:17:13] [FL round 24] comm=89501528B comp=85.58s
[2026-07-02 16:18:08] [FL round 25] comm=89501528B comp=87.38s
[2026-07-02 16:19:01] [FL round 26] comm=89501528B comp=84.28s
[2026-07-02 16:19:56] [FL round 27] comm=89501528B comp=88.58s
[2026-07-02 16:20:51] [FL round 28] comm=89501528B comp=87.91s
[2026-07-02 16:21:45] [FL round 29] comm=89501528B comp=87.85s
[2026-07-02 16:22:39] [FL round 30] comm=89501528B comp=86.00s
[2026-07-02 16:23:33] [FL round 31] comm=89501528B comp=86.37s
[2026-07-02 16:24:29] [FL round 32] comm=89501528B comp=87.89s
[2026-07-02 16:25:22] [FL round 33] comm=89501528B comp=82.74s
[2026-07-02 16:26:17] [FL round 34] comm=89501528B comp=88.03s
[2026-07-02 16:27:11] [FL round 35] comm=89501528B comp=85.40s
[2026-07-02 16:28:04] [FL round 36] comm=89501528B comp=86.34s
[2026-07-02 16:28:59] [FL round 37] comm=89501528B comp=88.47s
[2026-07-02 16:29:53] [FL round 38] comm=89501528B comp=87.07s
[2026-07-02 16:30:48] [FL round 39] comm=89501528B comp=90.14s
[2026-07-02 16:31:41] [FL round 40] comm=89501528B comp=85.02s
[2026-07-02 16:32:36] [FL round 41] comm=89501528B comp=88.30s
[2026-07-02 16:33:30] [FL round 42] comm=89501528B comp=87.67s
[2026-07-02 16:34:24] [FL round 43] comm=89501528B comp=84.83s
[2026-07-02 16:35:20] [FL round 44] comm=89501528B comp=87.58s
[2026-07-02 16:36:15] [FL round 45] comm=89501528B comp=85.87s
[2026-07-02 16:37:08] [FL round 46] comm=89501528B comp=86.79s
[2026-07-02 16:38:02] [FL round 47] comm=89501528B comp=85.00s
[2026-07-02 16:38:57] [FL round 48] comm=89501528B comp=90.05s
[2026-07-02 16:39:51] [FL round 49] comm=89501528B comp=85.15s
[2026-07-02 16:40:46] [FL round 50] comm=89501528B comp=86.78s
[2026-07-02 16:40:52] Checkpoint assembled from fully-federated parameters (no domain adaptation).
[2026-07-02 16:42:12] [eval/classification] accuracy=0.7630 macro_precision=0.7469 macro_recall=0.7147 macro_f1=0.7252 weighted_f1=0.7565
[2026-07-02 16:42:12] [eval] overall_acc=0.7630 overall_loss=1.1794 | macro_precision=0.7469 macro_recall=0.7147 macro_f1=0.7252 weighted_f1=0.7565 | per_hospital={ Spain_Dataset: 0.6038, Canada_Dataset: 0.8847, India_Dataset: 0.5227 }
[2026-07-02 16:42:43] [eval/unlearning/remember_classification] accuracy=0.7947 macro_precision=0.7615 macro_recall=0.7470 macro_f1=0.7512 weighted_f1=0.7906
[2026-07-02 16:42:57] [eval/unlearning/forget_classification] accuracy=0.6038 macro_precision=0.6697 macro_recall=0.5896 macro_f1=0.5967 weighted_f1=0.5937
[2026-07-02 16:45:16] [eval/unlearning] RA=0.7947 FA=0.6038 ReA=0.8962 remember_macro_f1=0.7512 forget_macro_f1=0.5967 MIA_acc=0.2559
[2026-07-02 16:45:17] Saved retrained baseline checkpoint to checkpoints/retrain/retrain_spain_fedmoon_oral_333872
[2026-07-02 16:45:17] === Run finished: retrain_spain_fedmoon_oral_333872 (elapsed 2989.1s) ===
