[2026-06-30 10:24:14] === Run started: fu_lora_spain_oral_331041 ===
[2026-06-30 10:24:14] Forking from source FL run: fl_fedavg_oral_329811
[2026-06-30 10:24:14] Forgetting hospital: Spain_Dataset (index 0 of ['Spain_Dataset', 'Canada_Dataset', 'India_Dataset'])
[2026-06-30 10:24:14] global_epoch=50, local_epoch=3, batch_size=16
[2026-06-30 10:24:15] Loaded source checkpoint (read-only) from checkpoints/fl/fl_fedavg_oral_329811/best.pt
[2026-06-30 10:24:15] Built 3 hospital train loaders, 3 hospital test loaders, in order ['Spain_Dataset', 'Canada_Dataset', 'India_Dataset'].
[2026-06-30 10:24:15] Running FUSED forget_client_train (LoRA adapter, remember clients only)...
[2026-06-30 10:26:17] [FUSED forget_client_train] Epoch=0, avg_r_acc=0.6734, avg_f_acc=0.8226
[2026-06-30 10:28:11] [FUSED forget_client_train] Epoch=1, avg_r_acc=0.6790, avg_f_acc=0.7995
[2026-06-30 10:30:10] [FUSED forget_client_train] Epoch=2, avg_r_acc=0.6616, avg_f_acc=0.8113
[2026-06-30 10:32:05] [FUSED forget_client_train] Epoch=3, avg_r_acc=0.6609, avg_f_acc=0.7949
[2026-06-30 10:34:01] [FUSED forget_client_train] Epoch=4, avg_r_acc=0.6564, avg_f_acc=0.8190
[2026-06-30 10:35:58] [FUSED forget_client_train] Epoch=5, avg_r_acc=0.6645, avg_f_acc=0.8015
[2026-06-30 10:37:50] [FUSED forget_client_train] Epoch=6, avg_r_acc=0.6660, avg_f_acc=0.8190
[2026-06-30 10:39:45] [FUSED forget_client_train] Epoch=7, avg_r_acc=0.6668, avg_f_acc=0.8092
[2026-06-30 10:41:39] [FUSED forget_client_train] Epoch=8, avg_r_acc=0.6670, avg_f_acc=0.8226
[2026-06-30 10:43:35] [FUSED forget_client_train] Epoch=9, avg_r_acc=0.6644, avg_f_acc=0.8061
[2026-06-30 10:45:32] [FUSED forget_client_train] Epoch=10, avg_r_acc=0.6630, avg_f_acc=0.7773
[2026-06-30 10:47:27] [FUSED forget_client_train] Epoch=11, avg_r_acc=0.6646, avg_f_acc=0.8025
[2026-06-30 10:49:22] [FUSED forget_client_train] Epoch=12, avg_r_acc=0.6662, avg_f_acc=0.7829
[2026-06-30 10:51:17] [FUSED forget_client_train] Epoch=13, avg_r_acc=0.6654, avg_f_acc=0.7850
[2026-06-30 10:53:11] [FUSED forget_client_train] Epoch=14, avg_r_acc=0.6665, avg_f_acc=0.8103
[2026-06-30 10:55:05] [FUSED forget_client_train] Epoch=15, avg_r_acc=0.6600, avg_f_acc=0.8061
[2026-06-30 10:56:59] [FUSED forget_client_train] Epoch=16, avg_r_acc=0.6672, avg_f_acc=0.7850
[2026-06-30 10:58:53] [FUSED forget_client_train] Epoch=17, avg_r_acc=0.6670, avg_f_acc=0.8092
[2026-06-30 11:00:45] [FUSED forget_client_train] Epoch=18, avg_r_acc=0.6585, avg_f_acc=0.7973
[2026-06-30 11:02:40] [FUSED forget_client_train] Epoch=19, avg_r_acc=0.6684, avg_f_acc=0.8268
[2026-06-30 11:04:33] [FUSED forget_client_train] Epoch=20, avg_r_acc=0.6632, avg_f_acc=0.7937
[2026-06-30 11:06:29] [FUSED forget_client_train] Epoch=21, avg_r_acc=0.6630, avg_f_acc=0.8103
[2026-06-30 11:08:25] [FUSED forget_client_train] Epoch=22, avg_r_acc=0.6629, avg_f_acc=0.7885
[2026-06-30 11:10:20] [FUSED forget_client_train] Epoch=23, avg_r_acc=0.6621, avg_f_acc=0.8082
[2026-06-30 11:12:14] [FUSED forget_client_train] Epoch=24, avg_r_acc=0.6597, avg_f_acc=0.7819
[2026-06-30 11:14:08] [FUSED forget_client_train] Epoch=25, avg_r_acc=0.6393, avg_f_acc=0.7517
[2026-06-30 11:16:03] [FUSED forget_client_train] Epoch=26, avg_r_acc=0.6638, avg_f_acc=0.7995
[2026-06-30 11:17:57] [FUSED forget_client_train] Epoch=27, avg_r_acc=0.6624, avg_f_acc=0.8061
[2026-06-30 11:19:51] [FUSED forget_client_train] Epoch=28, avg_r_acc=0.6609, avg_f_acc=0.7927
[2026-06-30 11:21:44] [FUSED forget_client_train] Epoch=29, avg_r_acc=0.6674, avg_f_acc=0.7839
[2026-06-30 11:23:42] [FUSED forget_client_train] Epoch=30, avg_r_acc=0.6582, avg_f_acc=0.7861
[2026-06-30 11:25:37] [FUSED forget_client_train] Epoch=31, avg_r_acc=0.6638, avg_f_acc=0.7917
[2026-06-30 11:27:26] [FUSED forget_client_train] Epoch=32, avg_r_acc=0.6695, avg_f_acc=0.7839
[2026-06-30 11:29:19] [FUSED forget_client_train] Epoch=33, avg_r_acc=0.6619, avg_f_acc=0.7973
[2026-06-30 11:31:11] [FUSED forget_client_train] Epoch=34, avg_r_acc=0.6642, avg_f_acc=0.8025
[2026-06-30 11:33:04] [FUSED forget_client_train] Epoch=35, avg_r_acc=0.6624, avg_f_acc=0.7731
[2026-06-30 11:34:55] [FUSED forget_client_train] Epoch=36, avg_r_acc=0.6593, avg_f_acc=0.7752
[2026-06-30 11:36:52] [FUSED forget_client_train] Epoch=37, avg_r_acc=0.6590, avg_f_acc=0.7770
[2026-06-30 11:38:45] [FUSED forget_client_train] Epoch=38, avg_r_acc=0.6691, avg_f_acc=0.7995
[2026-06-30 11:40:39] [FUSED forget_client_train] Epoch=39, avg_r_acc=0.6546, avg_f_acc=0.8061
[2026-06-30 11:42:35] [FUSED forget_client_train] Epoch=40, avg_r_acc=0.6605, avg_f_acc=0.8005
[2026-06-30 11:44:30] [FUSED forget_client_train] Epoch=41, avg_r_acc=0.6692, avg_f_acc=0.7664
[2026-06-30 11:46:28] [FUSED forget_client_train] Epoch=42, avg_r_acc=0.6644, avg_f_acc=0.7742
[2026-06-30 11:48:21] [FUSED forget_client_train] Epoch=43, avg_r_acc=0.6671, avg_f_acc=0.8148
[2026-06-30 11:50:16] [FUSED forget_client_train] Epoch=44, avg_r_acc=0.6597, avg_f_acc=0.8180
[2026-06-30 11:52:12] [FUSED forget_client_train] Epoch=45, avg_r_acc=0.6637, avg_f_acc=0.7419
[2026-06-30 11:54:06] [FUSED forget_client_train] Epoch=46, avg_r_acc=0.6708, avg_f_acc=0.7552
[2026-06-30 11:55:58] [FUSED forget_client_train] Epoch=47, avg_r_acc=0.6679, avg_f_acc=0.8190
[2026-06-30 11:57:55] [FUSED forget_client_train] Epoch=48, avg_r_acc=0.6668, avg_f_acc=0.7917
[2026-06-30 11:59:46] [FUSED forget_client_train] Epoch=49, avg_r_acc=0.6600, avg_f_acc=0.7839
[2026-06-30 11:59:46] FUSED unlearning complete. LoRA trainable params: 254000/11432051 (2.2218%).
[2026-06-30 11:59:46] Running relearn (ReA) probe for 50 rounds...
[2026-06-30 12:02:42] [Relearn] Round=0, avg_f_acc=0.8145 (ReA), avg_r_acc=0.6546
[2026-06-30 12:05:42] [Relearn] Round=1, avg_f_acc=0.8057 (ReA), avg_r_acc=0.6785
[2026-06-30 12:08:49] [Relearn] Round=2, avg_f_acc=0.8082 (ReA), avg_r_acc=0.6823
[2026-06-30 12:11:48] [Relearn] Round=3, avg_f_acc=0.8401 (ReA), avg_r_acc=0.6315
[2026-06-30 12:14:39] [Relearn] Round=4, avg_f_acc=0.8092 (ReA), avg_r_acc=0.6701
[2026-06-30 12:17:35] [Relearn] Round=5, avg_f_acc=0.8345 (ReA), avg_r_acc=0.6535
[2026-06-30 12:20:37] [Relearn] Round=6, avg_f_acc=0.8135 (ReA), avg_r_acc=0.6576
[2026-06-30 12:23:26] [Relearn] Round=7, avg_f_acc=0.8011 (ReA), avg_r_acc=0.6534
[2026-06-30 12:26:21] [Relearn] Round=8, avg_f_acc=0.8092 (ReA), avg_r_acc=0.6681
[2026-06-30 12:29:12] [Relearn] Round=9, avg_f_acc=0.8226 (ReA), avg_r_acc=0.6742
[2026-06-30 12:32:09] [Relearn] Round=10, avg_f_acc=0.7907 (ReA), avg_r_acc=0.6794
[2026-06-30 12:35:04] [Relearn] Round=11, avg_f_acc=0.8345 (ReA), avg_r_acc=0.6762
[2026-06-30 12:38:01] [Relearn] Round=12, avg_f_acc=0.8124 (ReA), avg_r_acc=0.6572
[2026-06-30 12:40:58] [Relearn] Round=13, avg_f_acc=0.8047 (ReA), avg_r_acc=0.6741
[2026-06-30 12:43:47] [Relearn] Round=14, avg_f_acc=0.8135 (ReA), avg_r_acc=0.6504
[2026-06-30 12:46:31] [Relearn] Round=15, avg_f_acc=0.8092 (ReA), avg_r_acc=0.6633
[2026-06-30 12:49:26] [Relearn] Round=16, avg_f_acc=0.8222 (ReA), avg_r_acc=0.6741
[2026-06-30 12:52:18] [Relearn] Round=17, avg_f_acc=0.8138 (ReA), avg_r_acc=0.6680
[2026-06-30 12:55:11] [Relearn] Round=18, avg_f_acc=0.8222 (ReA), avg_r_acc=0.6509
[2026-06-30 12:58:05] [Relearn] Round=19, avg_f_acc=0.8278 (ReA), avg_r_acc=0.6520
[2026-06-30 13:01:05] [Relearn] Round=20, avg_f_acc=0.7995 (ReA), avg_r_acc=0.6522
[2026-06-30 13:03:58] [Relearn] Round=21, avg_f_acc=0.8356 (ReA), avg_r_acc=0.6771
[2026-06-30 13:06:52] [Relearn] Round=22, avg_f_acc=0.7861 (ReA), avg_r_acc=0.6714
[2026-06-30 13:09:40] [Relearn] Round=23, avg_f_acc=0.7917 (ReA), avg_r_acc=0.6439
[2026-06-30 13:12:33] [Relearn] Round=24, avg_f_acc=0.8170 (ReA), avg_r_acc=0.6732
[2026-06-30 13:15:33] [Relearn] Round=25, avg_f_acc=0.7984 (ReA), avg_r_acc=0.6781
[2026-06-30 13:18:25] [Relearn] Round=26, avg_f_acc=0.8092 (ReA), avg_r_acc=0.6298
[2026-06-30 13:21:13] [Relearn] Round=27, avg_f_acc=0.8190 (ReA), avg_r_acc=0.6551
[2026-06-30 13:24:07] [Relearn] Round=28, avg_f_acc=0.8258 (ReA), avg_r_acc=0.6487
[2026-06-30 13:26:57] [Relearn] Round=29, avg_f_acc=0.8216 (ReA), avg_r_acc=0.6747
[2026-06-30 13:29:54] [Relearn] Round=30, avg_f_acc=0.8401 (ReA), avg_r_acc=0.6518
[2026-06-30 13:32:46] [Relearn] Round=31, avg_f_acc=0.8145 (ReA), avg_r_acc=0.6502
[2026-06-30 13:35:41] [Relearn] Round=32, avg_f_acc=0.8179 (ReA), avg_r_acc=0.6277
[2026-06-30 13:38:42] [Relearn] Round=33, avg_f_acc=0.7984 (ReA), avg_r_acc=0.6690
[2026-06-30 13:41:38] [Relearn] Round=34, avg_f_acc=0.8226 (ReA), avg_r_acc=0.6475
[2026-06-30 13:44:20] [Relearn] Round=35, avg_f_acc=0.7907 (ReA), avg_r_acc=0.6688
[2026-06-30 13:47:16] [Relearn] Round=36, avg_f_acc=0.8057 (ReA), avg_r_acc=0.6497
[2026-06-30 13:50:12] [Relearn] Round=37, avg_f_acc=0.7939 (ReA), avg_r_acc=0.6749
[2026-06-30 13:53:22] [Relearn] Round=38, avg_f_acc=0.8222 (ReA), avg_r_acc=0.6768
[2026-06-30 13:56:30] [Relearn] Round=39, avg_f_acc=0.8180 (ReA), avg_r_acc=0.6691
[2026-06-30 13:59:22] [Relearn] Round=40, avg_f_acc=0.8411 (ReA), avg_r_acc=0.6296
[2026-06-30 14:02:17] [Relearn] Round=41, avg_f_acc=0.8278 (ReA), avg_r_acc=0.6510
[2026-06-30 14:05:25] [Relearn] Round=42, avg_f_acc=0.8236 (ReA), avg_r_acc=0.6496
[2026-06-30 14:08:21] [Relearn] Round=43, avg_f_acc=0.7907 (ReA), avg_r_acc=0.6709
[2026-06-30 14:11:14] [Relearn] Round=44, avg_f_acc=0.8082 (ReA), avg_r_acc=0.6673
[2026-06-30 14:14:05] [Relearn] Round=45, avg_f_acc=0.8040 (ReA), avg_r_acc=0.6483
[2026-06-30 14:16:58] [Relearn] Round=46, avg_f_acc=0.8401 (ReA), avg_r_acc=0.6453
[2026-06-30 14:19:49] [Relearn] Round=47, avg_f_acc=0.8226 (ReA), avg_r_acc=0.6438
[2026-06-30 14:22:45] [Relearn] Round=48, avg_f_acc=0.8278 (ReA), avg_r_acc=0.6459
[2026-06-30 14:25:37] [Relearn] Round=49, avg_f_acc=0.8324 (ReA), avg_r_acc=0.6263
[2026-06-30 14:25:37] ReA (post-relearn forget-client accuracy) = 0.8324
[2026-06-30 14:25:57] Final unlearned model: global test loss=0.0924, acc=0.7221
[2026-06-30 14:25:57] Saved unlearned model to checkpoints/fu_lora/fu_lora_spain_oral_331041/unlearned_model.pt
[2026-06-30 14:25:57] === Run finished: fu_lora_spain_oral_331041 (elapsed 14502.9s) ===
