[2026-07-08 07:24:20] === Run started: fu_cli_fedbn_spain_oral_341168 ===
[2026-07-08 07:24:20] Forking from source FL run: fl_fedavg_oral_329811
[2026-07-08 07:24:20] Forgetting: Spain_Dataset (index 0 of ['Spain_Dataset', 'Canada_Dataset', 'India_Dataset'])
[2026-07-08 07:24:20] Phase-2 mechanism: FUSED-CLI (Algorithm 1), algorithm=fedbn
[2026-07-08 07:24:21] Loaded source checkpoint (read-only) from checkpoints/fl/fl_fedavg_oral_329811/best.pt
[2026-07-08 07:24:21] Built 3 hospital train loaders in order ['Spain_Dataset', 'Canada_Dataset', 'India_Dataset'], sizes=[319, 1308, 404]
[2026-07-08 07:24:21] Built 3 proxy hospital train loaders (proxy_frac=0.2), sizes=[79, 327, 101].
[2026-07-08 07:24:21] Running FUSED-CLI unlearning (algorithm=fedbn)...
[2026-07-08 07:24:21] Running Critical Layer Identification (one federated round, remember clients only)...
[2026-07-08 07:24:42] Selected 4 critical layers: ['layer4.0.conv2.weight', 'layer4.1.conv2.weight', 'layer4.1.conv1.weight', 'layer4.0.conv1.weight']
[2026-07-08 07:24:42] FedBN-local (never-aggregated) critical layers among selection: none
[2026-07-08 07:25:54] [FUSED-CLI:fedbn] Round=0, avg_r_acc=0.6661, avg_f_acc=0.7903, adapter_density=413080/8257536
[2026-07-08 07:27:05] [FUSED-CLI:fedbn] Round=1, avg_r_acc=0.6684, avg_f_acc=0.7903, adapter_density=413080/8257536
[2026-07-08 07:28:15] [FUSED-CLI:fedbn] Round=2, avg_r_acc=0.6676, avg_f_acc=0.7903, adapter_density=413080/8257536
[2026-07-08 07:29:26] [FUSED-CLI:fedbn] Round=3, avg_r_acc=0.6669, avg_f_acc=0.7807, adapter_density=413080/8257536
[2026-07-08 07:30:36] [FUSED-CLI:fedbn] Round=4, avg_r_acc=0.6662, avg_f_acc=0.7807, adapter_density=413080/8257536
[2026-07-08 07:31:46] [FUSED-CLI:fedbn] Round=5, avg_r_acc=0.6677, avg_f_acc=0.7807, adapter_density=413080/8257536
[2026-07-08 07:32:58] [FUSED-CLI:fedbn] Round=6, avg_r_acc=0.6733, avg_f_acc=0.7807, adapter_density=413080/8257536
[2026-07-08 07:34:09] [FUSED-CLI:fedbn] Round=7, avg_r_acc=0.6778, avg_f_acc=0.7807, adapter_density=413080/8257536
[2026-07-08 07:35:19] [FUSED-CLI:fedbn] Round=8, avg_r_acc=0.6500, avg_f_acc=0.7807, adapter_density=413080/8257536
[2026-07-08 07:36:30] [FUSED-CLI:fedbn] Round=9, avg_r_acc=0.6493, avg_f_acc=0.7807, adapter_density=413080/8257536
[2026-07-08 07:37:42] [FUSED-CLI:fedbn] Round=10, avg_r_acc=0.6486, avg_f_acc=0.7807, adapter_density=413080/8257536
[2026-07-08 07:38:52] [FUSED-CLI:fedbn] Round=11, avg_r_acc=0.6508, avg_f_acc=0.7807, adapter_density=413080/8257536
[2026-07-08 07:40:03] [FUSED-CLI:fedbn] Round=12, avg_r_acc=0.6508, avg_f_acc=0.7807, adapter_density=413080/8257536
[2026-07-08 07:41:13] [FUSED-CLI:fedbn] Round=13, avg_r_acc=0.6539, avg_f_acc=0.7807, adapter_density=413080/8257536
[2026-07-08 07:42:24] [FUSED-CLI:fedbn] Round=14, avg_r_acc=0.6539, avg_f_acc=0.7712, adapter_density=413080/8257536
[2026-07-08 07:43:35] [FUSED-CLI:fedbn] Round=15, avg_r_acc=0.6532, avg_f_acc=0.7712, adapter_density=413080/8257536
[2026-07-08 07:44:45] [FUSED-CLI:fedbn] Round=16, avg_r_acc=0.6532, avg_f_acc=0.7712, adapter_density=413080/8257536
[2026-07-08 07:45:55] [FUSED-CLI:fedbn] Round=17, avg_r_acc=0.6518, avg_f_acc=0.7712, adapter_density=413080/8257536
[2026-07-08 07:47:05] [FUSED-CLI:fedbn] Round=18, avg_r_acc=0.6518, avg_f_acc=0.7712, adapter_density=413080/8257536
[2026-07-08 07:48:17] [FUSED-CLI:fedbn] Round=19, avg_r_acc=0.6518, avg_f_acc=0.7712, adapter_density=413080/8257536
[2026-07-08 07:49:27] [FUSED-CLI:fedbn] Round=20, avg_r_acc=0.6518, avg_f_acc=0.7712, adapter_density=413080/8257536
[2026-07-08 07:50:38] [FUSED-CLI:fedbn] Round=21, avg_r_acc=0.6518, avg_f_acc=0.7712, adapter_density=413080/8257536
[2026-07-08 07:51:48] [FUSED-CLI:fedbn] Round=22, avg_r_acc=0.6518, avg_f_acc=0.7712, adapter_density=413080/8257536
[2026-07-08 07:52:59] [FUSED-CLI:fedbn] Round=23, avg_r_acc=0.6511, avg_f_acc=0.7712, adapter_density=413080/8257536
[2026-07-08 07:54:10] [FUSED-CLI:fedbn] Round=24, avg_r_acc=0.6511, avg_f_acc=0.7712, adapter_density=413080/8257536
[2026-07-08 07:55:20] [FUSED-CLI:fedbn] Round=25, avg_r_acc=0.6511, avg_f_acc=0.7712, adapter_density=413080/8257536
[2026-07-08 07:56:30] [FUSED-CLI:fedbn] Round=26, avg_r_acc=0.6563, avg_f_acc=0.7712, adapter_density=413080/8257536
[2026-07-08 07:57:40] [FUSED-CLI:fedbn] Round=27, avg_r_acc=0.6563, avg_f_acc=0.7712, adapter_density=413080/8257536
[2026-07-08 07:58:51] [FUSED-CLI:fedbn] Round=28, avg_r_acc=0.6585, avg_f_acc=0.7712, adapter_density=413080/8257536
[2026-07-08 08:00:01] [FUSED-CLI:fedbn] Round=29, avg_r_acc=0.6585, avg_f_acc=0.7712, adapter_density=413080/8257536
[2026-07-08 08:01:13] [FUSED-CLI:fedbn] Round=30, avg_r_acc=0.6585, avg_f_acc=0.7712, adapter_density=413080/8257536
[2026-07-08 08:02:23] [FUSED-CLI:fedbn] Round=31, avg_r_acc=0.6585, avg_f_acc=0.7712, adapter_density=413080/8257536
[2026-07-08 08:03:34] [FUSED-CLI:fedbn] Round=32, avg_r_acc=0.6578, avg_f_acc=0.7712, adapter_density=413080/8257536
[2026-07-08 08:04:45] [FUSED-CLI:fedbn] Round=33, avg_r_acc=0.6578, avg_f_acc=0.7712, adapter_density=413080/8257536
[2026-07-08 08:05:55] [FUSED-CLI:fedbn] Round=34, avg_r_acc=0.6578, avg_f_acc=0.7712, adapter_density=413080/8257536
[2026-07-08 08:07:06] [FUSED-CLI:fedbn] Round=35, avg_r_acc=0.6578, avg_f_acc=0.7712, adapter_density=413080/8257536
[2026-07-08 08:08:16] [FUSED-CLI:fedbn] Round=36, avg_r_acc=0.6578, avg_f_acc=0.7712, adapter_density=413080/8257536
[2026-07-08 08:09:26] [FUSED-CLI:fedbn] Round=37, avg_r_acc=0.6578, avg_f_acc=0.7712, adapter_density=413080/8257536
[2026-07-08 08:10:37] [FUSED-CLI:fedbn] Round=38, avg_r_acc=0.6578, avg_f_acc=0.7712, adapter_density=413080/8257536
[2026-07-08 08:11:46] [FUSED-CLI:fedbn] Round=39, avg_r_acc=0.6578, avg_f_acc=0.7712, adapter_density=413080/8257536
[2026-07-08 08:12:57] [FUSED-CLI:fedbn] Round=40, avg_r_acc=0.6578, avg_f_acc=0.7712, adapter_density=413080/8257536
[2026-07-08 08:14:07] [FUSED-CLI:fedbn] Round=41, avg_r_acc=0.6578, avg_f_acc=0.7712, adapter_density=413080/8257536
[2026-07-08 08:15:17] [FUSED-CLI:fedbn] Round=42, avg_r_acc=0.6578, avg_f_acc=0.7712, adapter_density=413080/8257536
[2026-07-08 08:16:27] [FUSED-CLI:fedbn] Round=43, avg_r_acc=0.6578, avg_f_acc=0.7712, adapter_density=413080/8257536
[2026-07-08 08:17:37] [FUSED-CLI:fedbn] Round=44, avg_r_acc=0.6578, avg_f_acc=0.7712, adapter_density=413080/8257536
[2026-07-08 08:18:47] [FUSED-CLI:fedbn] Round=45, avg_r_acc=0.6578, avg_f_acc=0.7712, adapter_density=413080/8257536
[2026-07-08 08:19:58] [FUSED-CLI:fedbn] Round=46, avg_r_acc=0.6578, avg_f_acc=0.7712, adapter_density=413080/8257536
[2026-07-08 08:21:07] [FUSED-CLI:fedbn] Round=47, avg_r_acc=0.6578, avg_f_acc=0.7712, adapter_density=413080/8257536
[2026-07-08 08:22:19] [FUSED-CLI:fedbn] Round=48, avg_r_acc=0.6578, avg_f_acc=0.7712, adapter_density=413080/8257536
[2026-07-08 08:23:28] [FUSED-CLI:fedbn] Round=49, avg_r_acc=0.6578, avg_f_acc=0.7712, adapter_density=413080/8257536
[2026-07-08 08:23:28] FUSED-CLI unlearning complete. Critical layers: ['layer4.0.conv2.weight', 'layer4.1.conv2.weight', 'layer4.1.conv1.weight', 'layer4.0.conv1.weight']
[2026-07-08 08:23:28] Running relearn (ReA) probe for 50 rounds...
[2026-07-08 08:25:07] [Relearn] Round=0, avg_f_acc=0.8848 (ReA), avg_r_acc=0.6513
[2026-07-08 08:26:59] [Relearn] Round=1, avg_f_acc=0.8355 (ReA), avg_r_acc=0.6547
[2026-07-08 08:28:34] [Relearn] Round=2, avg_f_acc=0.8578 (ReA), avg_r_acc=0.6649
[2026-07-08 08:30:09] [Relearn] Round=3, avg_f_acc=0.8483 (ReA), avg_r_acc=0.6532
[2026-07-08 08:31:46] [Relearn] Round=4, avg_f_acc=0.8673 (ReA), avg_r_acc=0.6640
[2026-07-08 08:33:39] [Relearn] Round=5, avg_f_acc=0.8483 (ReA), avg_r_acc=0.6501
[2026-07-08 08:35:27] [Relearn] Round=6, avg_f_acc=0.8483 (ReA), avg_r_acc=0.6404
[2026-07-08 08:37:04] [Relearn] Round=7, avg_f_acc=0.8602 (ReA), avg_r_acc=0.6358
[2026-07-08 08:38:42] [Relearn] Round=8, avg_f_acc=0.8578 (ReA), avg_r_acc=0.6611
[2026-07-08 08:40:38] [Relearn] Round=9, avg_f_acc=0.8602 (ReA), avg_r_acc=0.6611
[2026-07-08 08:42:16] [Relearn] Round=10, avg_f_acc=0.8602 (ReA), avg_r_acc=0.6572
[2026-07-08 08:44:12] [Relearn] Round=11, avg_f_acc=0.8602 (ReA), avg_r_acc=0.6517
[2026-07-08 08:46:01] [Relearn] Round=12, avg_f_acc=0.8483 (ReA), avg_r_acc=0.6605
[2026-07-08 08:47:51] [Relearn] Round=13, avg_f_acc=0.8483 (ReA), avg_r_acc=0.6576
[2026-07-08 08:49:45] [Relearn] Round=14, avg_f_acc=0.8483 (ReA), avg_r_acc=0.6545
[2026-07-08 08:51:40] [Relearn] Round=15, avg_f_acc=0.8483 (ReA), avg_r_acc=0.6583
[2026-07-08 08:53:28] [Relearn] Round=16, avg_f_acc=0.8331 (ReA), avg_r_acc=0.6545
[2026-07-08 08:55:18] [Relearn] Round=17, avg_f_acc=0.8483 (ReA), avg_r_acc=0.6656
[2026-07-08 08:57:09] [Relearn] Round=18, avg_f_acc=0.8578 (ReA), avg_r_acc=0.6762
[2026-07-08 08:59:00] [Relearn] Round=19, avg_f_acc=0.8483 (ReA), avg_r_acc=0.6682
[2026-07-08 09:00:54] [Relearn] Round=20, avg_f_acc=0.8483 (ReA), avg_r_acc=0.6696
[2026-07-08 09:02:49] [Relearn] Round=21, avg_f_acc=0.8578 (ReA), avg_r_acc=0.6555
[2026-07-08 09:04:46] [Relearn] Round=22, avg_f_acc=0.8483 (ReA), avg_r_acc=0.6582
[2026-07-08 09:06:40] [Relearn] Round=23, avg_f_acc=0.8483 (ReA), avg_r_acc=0.6679
[2026-07-08 09:08:37] [Relearn] Round=24, avg_f_acc=0.8578 (ReA), avg_r_acc=0.6737
[2026-07-08 09:10:32] [Relearn] Round=25, avg_f_acc=0.8483 (ReA), avg_r_acc=0.6758
[2026-07-08 09:12:25] [Relearn] Round=26, avg_f_acc=0.8578 (ReA), avg_r_acc=0.6724
[2026-07-08 09:14:19] [Relearn] Round=27, avg_f_acc=0.8578 (ReA), avg_r_acc=0.6779
[2026-07-08 09:16:17] [Relearn] Round=28, avg_f_acc=0.8483 (ReA), avg_r_acc=0.6759
[2026-07-08 09:18:14] [Relearn] Round=29, avg_f_acc=0.8578 (ReA), avg_r_acc=0.6730
[2026-07-08 09:20:06] [Relearn] Round=30, avg_f_acc=0.8483 (ReA), avg_r_acc=0.6819
[2026-07-08 09:22:02] [Relearn] Round=31, avg_f_acc=0.8483 (ReA), avg_r_acc=0.6686
[2026-07-08 09:23:46] [Relearn] Round=32, avg_f_acc=0.8483 (ReA), avg_r_acc=0.6863
[2026-07-08 09:25:41] [Relearn] Round=33, avg_f_acc=0.8673 (ReA), avg_r_acc=0.6671
[2026-07-08 09:27:36] [Relearn] Round=34, avg_f_acc=0.8673 (ReA), avg_r_acc=0.6790
[2026-07-08 09:29:27] [Relearn] Round=35, avg_f_acc=0.8483 (ReA), avg_r_acc=0.6619
[2026-07-08 09:31:22] [Relearn] Round=36, avg_f_acc=0.8483 (ReA), avg_r_acc=0.6804
[2026-07-08 09:33:11] [Relearn] Round=37, avg_f_acc=0.8483 (ReA), avg_r_acc=0.6715
[2026-07-08 09:35:04] [Relearn] Round=38, avg_f_acc=0.8483 (ReA), avg_r_acc=0.6676
[2026-07-08 09:37:01] [Relearn] Round=39, avg_f_acc=0.8483 (ReA), avg_r_acc=0.6636
[2026-07-08 09:38:56] [Relearn] Round=40, avg_f_acc=0.8634 (ReA), avg_r_acc=0.6813
[2026-07-08 09:40:37] [Relearn] Round=41, avg_f_acc=0.8634 (ReA), avg_r_acc=0.6694
[2026-07-08 09:42:31] [Relearn] Round=42, avg_f_acc=0.8483 (ReA), avg_r_acc=0.6619
[2026-07-08 09:44:22] [Relearn] Round=43, avg_f_acc=0.8578 (ReA), avg_r_acc=0.6650
[2026-07-08 09:46:13] [Relearn] Round=44, avg_f_acc=0.8634 (ReA), avg_r_acc=0.6746
[2026-07-08 09:48:15] [Relearn] Round=45, avg_f_acc=0.8483 (ReA), avg_r_acc=0.6745
[2026-07-08 09:50:07] [Relearn] Round=46, avg_f_acc=0.8634 (ReA), avg_r_acc=0.6716
[2026-07-08 09:52:05] [Relearn] Round=47, avg_f_acc=0.8634 (ReA), avg_r_acc=0.6686
[2026-07-08 09:54:05] [Relearn] Round=48, avg_f_acc=0.8578 (ReA), avg_r_acc=0.6612
[2026-07-08 09:56:07] [Relearn] Round=49, avg_f_acc=0.8483 (ReA), avg_r_acc=0.6596
[2026-07-08 09:56:07] ReA = 0.8483
[2026-07-08 09:56:22] Final unlearned model: global test loss=0.0809, acc=0.7520
[2026-07-08 09:57:23] [eval/classification] accuracy=0.7520 macro_precision=0.7221 macro_recall=0.7220 macro_f1=0.7192 weighted_f1=0.7492
[2026-07-08 09:57:23] [eval] overall_acc=0.7520 overall_loss=1.2752 | macro_precision=0.7221 macro_recall=0.7220 macro_f1=0.7192 weighted_f1=0.7492 | per_hospital={ Spain_Dataset: 0.7547, Canada_Dataset: 0.8471, India_Dataset: 0.4621 }
[2026-07-08 09:57:42] [eval/unlearning/remember_classification] accuracy=0.7488 macro_precision=0.7024 macro_recall=0.7061 macro_f1=0.7012 weighted_f1=0.7471
[2026-07-08 09:57:50] [eval/unlearning/forget_classification] accuracy=0.7765 macro_precision=0.8112 macro_recall=0.7712 macro_f1=0.7753 weighted_f1=0.7689
[2026-07-08 09:59:25] [eval/unlearning] RA=0.7488 FA=0.7765 ReA=1.0000 remember_macro_f1=0.7012 forget_macro_f1=0.7753 MIA_acc=0.3190
[2026-07-08 09:59:25] [symmetric eval] RA=0.7488 FA=0.7765 ReA=1.0000 MIA_acc=0.3190
[2026-07-08 09:59:25] Running shadow-model MIA (n_shadow=3, attack_epochs=50, proxy_frac=0.2)...
