[2026-07-07 16:44:49] === Run started: fu_domain_fedprox_india_backbone_oral_341134 ===
[2026-07-07 16:44:49] Forking from source FL run: fl_fedprox_oral_330529
[2026-07-07 16:44:49] Forgetting hospital: India_Dataset (index 2 of ['Spain_Dataset', 'Canada_Dataset', 'India_Dataset'])
[2026-07-07 16:44:49] Phase-2 algorithm: fedprox (mu=0.01)
[2026-07-07 16:44:49] global_epoch=50, local_epoch=3, batch_size=16
[2026-07-07 16:44:50] Loaded source checkpoint (read-only) from checkpoints/fl/fl_fedprox_oral_330529/best.pt
[2026-07-07 16:44:50] Built 3 hospital train loaders, 3 hospital test loaders, in order ['Spain_Dataset', 'Canada_Dataset', 'India_Dataset'], sizes=[319, 1308, 404].
[2026-07-07 16:44:50] Built 3 proxy hospital train loaders (proxy_frac=0.2), sizes=[79, 327, 101].
[2026-07-07 16:44:50] Running FUSED forget_client_train_domain (algorithm=fedprox)...
[2026-07-07 16:47:34] [FUSED forget_client_train:fedprox] Epoch=0, avg_r_acc=0.8326, avg_f_acc=0.5778
[2026-07-07 16:50:10] [FUSED forget_client_train:fedprox] Epoch=1, avg_r_acc=0.8680, avg_f_acc=0.6267
[2026-07-07 16:52:36] [FUSED forget_client_train:fedprox] Epoch=2, avg_r_acc=0.8412, avg_f_acc=0.5911
[2026-07-07 16:55:08] [FUSED forget_client_train:fedprox] Epoch=3, avg_r_acc=0.8319, avg_f_acc=0.5778
[2026-07-07 16:57:42] [FUSED forget_client_train:fedprox] Epoch=4, avg_r_acc=0.8624, avg_f_acc=0.5956
[2026-07-07 17:00:15] [FUSED forget_client_train:fedprox] Epoch=5, avg_r_acc=0.8663, avg_f_acc=0.6000
[2026-07-07 17:02:41] [FUSED forget_client_train:fedprox] Epoch=6, avg_r_acc=0.7880, avg_f_acc=0.5378
[2026-07-07 17:05:14] [FUSED forget_client_train:fedprox] Epoch=7, avg_r_acc=0.8405, avg_f_acc=0.6044
[2026-07-07 17:07:49] [FUSED forget_client_train:fedprox] Epoch=8, avg_r_acc=0.8552, avg_f_acc=0.6311
[2026-07-07 17:10:29] [FUSED forget_client_train:fedprox] Epoch=9, avg_r_acc=0.7604, avg_f_acc=0.5067
[2026-07-07 17:13:03] [FUSED forget_client_train:fedprox] Epoch=10, avg_r_acc=0.8659, avg_f_acc=0.6022
[2026-07-07 17:15:36] [FUSED forget_client_train:fedprox] Epoch=11, avg_r_acc=0.8552, avg_f_acc=0.5311
[2026-07-07 17:18:14] [FUSED forget_client_train:fedprox] Epoch=12, avg_r_acc=0.8126, avg_f_acc=0.5556
[2026-07-07 17:20:48] [FUSED forget_client_train:fedprox] Epoch=13, avg_r_acc=0.8109, avg_f_acc=0.6000
[2026-07-07 17:23:21] [FUSED forget_client_train:fedprox] Epoch=14, avg_r_acc=0.8400, avg_f_acc=0.5489
[2026-07-07 17:25:51] [FUSED forget_client_train:fedprox] Epoch=15, avg_r_acc=0.8528, avg_f_acc=0.6133
[2026-07-07 17:28:35] [FUSED forget_client_train:fedprox] Epoch=16, avg_r_acc=0.8665, avg_f_acc=0.5844
[2026-07-07 17:31:10] [FUSED forget_client_train:fedprox] Epoch=17, avg_r_acc=0.8232, avg_f_acc=0.5778
[2026-07-07 17:33:40] [FUSED forget_client_train:fedprox] Epoch=18, avg_r_acc=0.8555, avg_f_acc=0.6178
[2026-07-07 17:36:13] [FUSED forget_client_train:fedprox] Epoch=19, avg_r_acc=0.8610, avg_f_acc=0.6044
[2026-07-07 17:38:33] [FUSED forget_client_train:fedprox] Epoch=20, avg_r_acc=0.7297, avg_f_acc=0.5244
[2026-07-07 17:41:05] [FUSED forget_client_train:fedprox] Epoch=21, avg_r_acc=0.8601, avg_f_acc=0.6444
[2026-07-07 17:43:38] [FUSED forget_client_train:fedprox] Epoch=22, avg_r_acc=0.7457, avg_f_acc=0.5378
[2026-07-07 17:46:15] [FUSED forget_client_train:fedprox] Epoch=23, avg_r_acc=0.8625, avg_f_acc=0.6489
[2026-07-07 17:48:46] [FUSED forget_client_train:fedprox] Epoch=24, avg_r_acc=0.8589, avg_f_acc=0.6133
[2026-07-07 17:51:16] [FUSED forget_client_train:fedprox] Epoch=25, avg_r_acc=0.8016, avg_f_acc=0.5556
[2026-07-07 17:53:47] [FUSED forget_client_train:fedprox] Epoch=26, avg_r_acc=0.8648, avg_f_acc=0.5889
[2026-07-07 17:56:23] [FUSED forget_client_train:fedprox] Epoch=27, avg_r_acc=0.8116, avg_f_acc=0.5778
[2026-07-07 17:59:02] [FUSED forget_client_train:fedprox] Epoch=28, avg_r_acc=0.8610, avg_f_acc=0.6089
[2026-07-07 18:01:33] [FUSED forget_client_train:fedprox] Epoch=29, avg_r_acc=0.8423, avg_f_acc=0.6089
[2026-07-07 18:04:08] [FUSED forget_client_train:fedprox] Epoch=30, avg_r_acc=0.8320, avg_f_acc=0.6133
[2026-07-07 18:06:44] [FUSED forget_client_train:fedprox] Epoch=31, avg_r_acc=0.8448, avg_f_acc=0.5889
[2026-07-07 18:09:19] [FUSED forget_client_train:fedprox] Epoch=32, avg_r_acc=0.8228, avg_f_acc=0.5822
[2026-07-07 18:11:56] [FUSED forget_client_train:fedprox] Epoch=33, avg_r_acc=0.8362, avg_f_acc=0.5822
[2026-07-07 18:14:32] [FUSED forget_client_train:fedprox] Epoch=34, avg_r_acc=0.8362, avg_f_acc=0.6000
[2026-07-07 18:17:10] [FUSED forget_client_train:fedprox] Epoch=35, avg_r_acc=0.8460, avg_f_acc=0.6400
[2026-07-07 18:19:46] [FUSED forget_client_train:fedprox] Epoch=36, avg_r_acc=0.8390, avg_f_acc=0.6267
[2026-07-07 18:22:29] [FUSED forget_client_train:fedprox] Epoch=37, avg_r_acc=0.8428, avg_f_acc=0.6089
[2026-07-07 18:25:10] [FUSED forget_client_train:fedprox] Epoch=38, avg_r_acc=0.8337, avg_f_acc=0.6000
[2026-07-07 18:27:43] [FUSED forget_client_train:fedprox] Epoch=39, avg_r_acc=0.8107, avg_f_acc=0.5867
[2026-07-07 18:30:21] [FUSED forget_client_train:fedprox] Epoch=40, avg_r_acc=0.8597, avg_f_acc=0.5711
[2026-07-07 18:32:50] [FUSED forget_client_train:fedprox] Epoch=41, avg_r_acc=0.8618, avg_f_acc=0.6311
[2026-07-07 18:35:19] [FUSED forget_client_train:fedprox] Epoch=42, avg_r_acc=0.8203, avg_f_acc=0.6044
[2026-07-07 18:38:01] [FUSED forget_client_train:fedprox] Epoch=43, avg_r_acc=0.8535, avg_f_acc=0.6311
[2026-07-07 18:40:36] [FUSED forget_client_train:fedprox] Epoch=44, avg_r_acc=0.8520, avg_f_acc=0.6178
[2026-07-07 18:43:11] [FUSED forget_client_train:fedprox] Epoch=45, avg_r_acc=0.8342, avg_f_acc=0.6267
[2026-07-07 18:45:39] [FUSED forget_client_train:fedprox] Epoch=46, avg_r_acc=0.8494, avg_f_acc=0.6311
[2026-07-07 18:48:13] [FUSED forget_client_train:fedprox] Epoch=47, avg_r_acc=0.8433, avg_f_acc=0.6311
[2026-07-07 18:50:47] [FUSED forget_client_train:fedprox] Epoch=48, avg_r_acc=0.8542, avg_f_acc=0.6044
[2026-07-07 18:53:19] [FUSED forget_client_train:fedprox] Epoch=49, avg_r_acc=0.8566, avg_f_acc=0.6178
[2026-07-07 18:53:19] FUSED unlearning complete. LoRA trainable params: 254000/11432051 (2.2218%).
[2026-07-07 18:53:19] Running relearn (ReA) probe for 50 rounds (algorithm-agnostic)...
[2026-07-07 18:54:02] [Relearn] Round=0, avg_f_acc=0.4800 (ReA), avg_r_acc=0.6119
[2026-07-07 18:54:46] [Relearn] Round=1, avg_f_acc=0.4489 (ReA), avg_r_acc=0.7525
[2026-07-07 18:55:29] [Relearn] Round=2, avg_f_acc=0.4756 (ReA), avg_r_acc=0.6179
[2026-07-07 18:56:12] [Relearn] Round=3, avg_f_acc=0.4178 (ReA), avg_r_acc=0.4773
[2026-07-07 18:56:54] [Relearn] Round=4, avg_f_acc=0.4756 (ReA), avg_r_acc=0.6661
[2026-07-07 18:57:40] [Relearn] Round=5, avg_f_acc=0.4667 (ReA), avg_r_acc=0.5478
[2026-07-07 18:58:24] [Relearn] Round=6, avg_f_acc=0.4622 (ReA), avg_r_acc=0.6802
[2026-07-07 18:59:08] [Relearn] Round=7, avg_f_acc=0.4844 (ReA), avg_r_acc=0.5919
[2026-07-07 18:59:54] [Relearn] Round=8, avg_f_acc=0.4711 (ReA), avg_r_acc=0.6072
[2026-07-07 19:00:39] [Relearn] Round=9, avg_f_acc=0.4667 (ReA), avg_r_acc=0.6196
[2026-07-07 19:01:25] [Relearn] Round=10, avg_f_acc=0.4667 (ReA), avg_r_acc=0.5682
[2026-07-07 19:02:10] [Relearn] Round=11, avg_f_acc=0.4844 (ReA), avg_r_acc=0.6354
[2026-07-07 19:02:56] [Relearn] Round=12, avg_f_acc=0.4800 (ReA), avg_r_acc=0.5990
[2026-07-07 19:03:42] [Relearn] Round=13, avg_f_acc=0.4933 (ReA), avg_r_acc=0.6732
[2026-07-07 19:04:27] [Relearn] Round=14, avg_f_acc=0.4933 (ReA), avg_r_acc=0.5989
[2026-07-07 19:05:15] [Relearn] Round=15, avg_f_acc=0.4667 (ReA), avg_r_acc=0.6201
[2026-07-07 19:05:59] [Relearn] Round=16, avg_f_acc=0.4844 (ReA), avg_r_acc=0.6306
[2026-07-07 19:06:44] [Relearn] Round=17, avg_f_acc=0.4800 (ReA), avg_r_acc=0.6341
[2026-07-07 19:07:29] [Relearn] Round=18, avg_f_acc=0.4800 (ReA), avg_r_acc=0.6809
[2026-07-07 19:08:15] [Relearn] Round=19, avg_f_acc=0.4844 (ReA), avg_r_acc=0.6254
[2026-07-07 19:09:00] [Relearn] Round=20, avg_f_acc=0.5111 (ReA), avg_r_acc=0.6233
[2026-07-07 19:09:45] [Relearn] Round=21, avg_f_acc=0.4844 (ReA), avg_r_acc=0.6176
[2026-07-07 19:10:31] [Relearn] Round=22, avg_f_acc=0.4756 (ReA), avg_r_acc=0.6027
[2026-07-07 19:11:18] [Relearn] Round=23, avg_f_acc=0.4933 (ReA), avg_r_acc=0.5966
[2026-07-07 19:12:02] [Relearn] Round=24, avg_f_acc=0.4533 (ReA), avg_r_acc=0.6066
[2026-07-07 19:12:50] [Relearn] Round=25, avg_f_acc=0.4978 (ReA), avg_r_acc=0.6374
[2026-07-07 19:13:35] [Relearn] Round=26, avg_f_acc=0.4889 (ReA), avg_r_acc=0.5944
[2026-07-07 19:14:22] [Relearn] Round=27, avg_f_acc=0.4800 (ReA), avg_r_acc=0.5890
[2026-07-07 19:15:08] [Relearn] Round=28, avg_f_acc=0.4711 (ReA), avg_r_acc=0.5966
[2026-07-07 19:15:53] [Relearn] Round=29, avg_f_acc=0.4800 (ReA), avg_r_acc=0.5892
[2026-07-07 19:16:40] [Relearn] Round=30, avg_f_acc=0.4978 (ReA), avg_r_acc=0.6632
[2026-07-07 19:17:28] [Relearn] Round=31, avg_f_acc=0.5022 (ReA), avg_r_acc=0.5883
[2026-07-07 19:18:12] [Relearn] Round=32, avg_f_acc=0.4756 (ReA), avg_r_acc=0.6004
[2026-07-07 19:18:57] [Relearn] Round=33, avg_f_acc=0.4800 (ReA), avg_r_acc=0.6180
[2026-07-07 19:19:43] [Relearn] Round=34, avg_f_acc=0.4311 (ReA), avg_r_acc=0.5817
[2026-07-07 19:20:29] [Relearn] Round=35, avg_f_acc=0.4444 (ReA), avg_r_acc=0.6011
[2026-07-07 19:21:14] [Relearn] Round=36, avg_f_acc=0.4667 (ReA), avg_r_acc=0.5892
[2026-07-07 19:22:00] [Relearn] Round=37, avg_f_acc=0.4889 (ReA), avg_r_acc=0.6022
[2026-07-07 19:22:44] [Relearn] Round=38, avg_f_acc=0.4667 (ReA), avg_r_acc=0.5885
[2026-07-07 19:23:29] [Relearn] Round=39, avg_f_acc=0.5489 (ReA), avg_r_acc=0.5959
[2026-07-07 19:24:14] [Relearn] Round=40, avg_f_acc=0.4889 (ReA), avg_r_acc=0.5824
[2026-07-07 19:24:59] [Relearn] Round=41, avg_f_acc=0.4578 (ReA), avg_r_acc=0.5789
[2026-07-07 19:25:44] [Relearn] Round=42, avg_f_acc=0.4711 (ReA), avg_r_acc=0.5890
[2026-07-07 19:26:30] [Relearn] Round=43, avg_f_acc=0.5400 (ReA), avg_r_acc=0.5932
[2026-07-07 19:27:15] [Relearn] Round=44, avg_f_acc=0.5400 (ReA), avg_r_acc=0.6221
[2026-07-07 19:27:59] [Relearn] Round=45, avg_f_acc=0.5311 (ReA), avg_r_acc=0.5961
[2026-07-07 19:28:46] [Relearn] Round=46, avg_f_acc=0.5356 (ReA), avg_r_acc=0.6219
[2026-07-07 19:29:31] [Relearn] Round=47, avg_f_acc=0.5533 (ReA), avg_r_acc=0.6006
[2026-07-07 19:30:15] [Relearn] Round=48, avg_f_acc=0.5000 (ReA), avg_r_acc=0.5869
[2026-07-07 19:31:02] [Relearn] Round=49, avg_f_acc=0.4444 (ReA), avg_r_acc=0.5687
[2026-07-07 19:31:02] ReA (post-relearn forget-client accuracy) = 0.4444
[2026-07-07 19:31:20] Final unlearned model: global test loss=0.0786, acc=0.8038
[2026-07-07 19:32:30] [eval/classification] accuracy=0.8038 macro_precision=0.8071 macro_recall=0.7483 macro_f1=0.7656 weighted_f1=0.7939
[2026-07-07 19:32:30] [eval] overall_acc=0.8038 overall_loss=1.2431 | macro_precision=0.8071 macro_recall=0.7483 macro_f1=0.7656 weighted_f1=0.7939 | per_hospital={ Spain_Dataset: 0.8491, Canada_Dataset: 0.9223, India_Dataset: 0.4091 }
[2026-07-07 19:32:58] [eval/unlearning/remember_classification] accuracy=0.9086 macro_precision=0.9168 macro_recall=0.8617 macro_f1=0.8859 weighted_f1=0.9079
[2026-07-07 19:33:01] [eval/unlearning/forget_classification] accuracy=0.3962 macro_precision=0.4881 macro_recall=0.6178 macro_f1=0.3865 weighted_f1=0.4433
[2026-07-07 19:33:42] [eval/unlearning] RA=0.9086 FA=0.3962 ReA=0.9151 remember_macro_f1=0.8859 forget_macro_f1=0.3865 MIA_acc=0.1605
[2026-07-07 19:33:42] [symmetric eval] RA=0.9086 FA=0.3962 ReA=0.9151 MIA_acc=0.1605
[2026-07-07 19:33:42] Running shadow-model MIA (n_shadow=3, attack_epochs=50, proxy_frac=0.2)...
[2026-07-07 21:35:29] Shadow-model MIA accuracy = 0.6798 (per-client: {0: 0.4975247524752475, 1: 0.8378378378378378, 2: 0.703921568627451})
[2026-07-07 21:35:30] Saved unlearned model to checkpoints/fu_domain/fu_domain_fedprox_india_backbone_oral_341134/unlearned_model.pt
[2026-07-07 21:35:30] === Run finished: fu_domain_fedprox_india_backbone_oral_341134 (elapsed 17440.8s) ===
