[2026-07-05 11:04:58] === Run started: fu_domain_fedmoon_canada_oral_337411 ===
[2026-07-05 11:04:58] Forking from source FL run: fl_fedavg_oral_329811
[2026-07-05 11:04:58] Forgetting hospital: Canada_Dataset (index 1 of ['Spain_Dataset', 'Canada_Dataset', 'India_Dataset'])
[2026-07-05 11:04:58] Phase-2 algorithm: fedmoon
[2026-07-05 11:04:58] global_epoch=50, local_epoch=3, batch_size=16
[2026-07-05 11:04:59] Loaded source checkpoint (read-only) from checkpoints/fl/fl_fedavg_oral_329811/best.pt
[2026-07-05 11:04:59] Built 3 hospital train loaders, 3 hospital test loaders, in order ['Spain_Dataset', 'Canada_Dataset', 'India_Dataset'].
[2026-07-05 11:04:59] Running FUSED forget_client_train_domain (algorithm=fedmoon)...
[2026-07-05 11:08:39] [FUSED forget_client_train:fedmoon] Epoch=0, avg_r_acc=0.5919, avg_f_acc=0.7772
[2026-07-05 11:12:03] [FUSED forget_client_train:fedmoon] Epoch=1, avg_r_acc=0.5925, avg_f_acc=0.7873
[2026-07-05 11:15:38] [FUSED forget_client_train:fedmoon] Epoch=2, avg_r_acc=0.6012, avg_f_acc=0.7711
[2026-07-05 11:19:07] [FUSED forget_client_train:fedmoon] Epoch=3, avg_r_acc=0.5994, avg_f_acc=0.7898
[2026-07-05 11:22:20] [FUSED forget_client_train:fedmoon] Epoch=4, avg_r_acc=0.5976, avg_f_acc=0.7865
[2026-07-05 11:25:43] [FUSED forget_client_train:fedmoon] Epoch=5, avg_r_acc=0.5882, avg_f_acc=0.7820
[2026-07-05 11:29:02] [FUSED forget_client_train:fedmoon] Epoch=6, avg_r_acc=0.6014, avg_f_acc=0.7857
[2026-07-05 11:32:16] [FUSED forget_client_train:fedmoon] Epoch=7, avg_r_acc=0.6020, avg_f_acc=0.7969
[2026-07-05 11:35:37] [FUSED forget_client_train:fedmoon] Epoch=8, avg_r_acc=0.5997, avg_f_acc=0.7936
[2026-07-05 11:38:56] [FUSED forget_client_train:fedmoon] Epoch=9, avg_r_acc=0.5997, avg_f_acc=0.7865
[2026-07-05 11:42:04] [FUSED forget_client_train:fedmoon] Epoch=10, avg_r_acc=0.6180, avg_f_acc=0.8070
[2026-07-05 11:45:14] [FUSED forget_client_train:fedmoon] Epoch=11, avg_r_acc=0.5930, avg_f_acc=0.7954
[2026-07-05 11:48:39] [FUSED forget_client_train:fedmoon] Epoch=12, avg_r_acc=0.6017, avg_f_acc=0.8021
[2026-07-05 11:51:54] [FUSED forget_client_train:fedmoon] Epoch=13, avg_r_acc=0.6102, avg_f_acc=0.8021
[2026-07-05 11:55:20] [FUSED forget_client_train:fedmoon] Epoch=14, avg_r_acc=0.6096, avg_f_acc=0.7894
[2026-07-05 11:58:45] [FUSED forget_client_train:fedmoon] Epoch=15, avg_r_acc=0.5941, avg_f_acc=0.8110
[2026-07-05 12:02:07] [FUSED forget_client_train:fedmoon] Epoch=16, avg_r_acc=0.5902, avg_f_acc=0.7980
[2026-07-05 12:05:26] [FUSED forget_client_train:fedmoon] Epoch=17, avg_r_acc=0.6420, avg_f_acc=0.8126
[2026-07-05 12:08:24] [FUSED forget_client_train:fedmoon] Epoch=18, avg_r_acc=0.6019, avg_f_acc=0.7934
[2026-07-05 12:11:24] [FUSED forget_client_train:fedmoon] Epoch=19, avg_r_acc=0.6316, avg_f_acc=0.8122
[2026-07-05 12:14:24] [FUSED forget_client_train:fedmoon] Epoch=20, avg_r_acc=0.5781, avg_f_acc=0.7361
[2026-07-05 12:17:46] [FUSED forget_client_train:fedmoon] Epoch=21, avg_r_acc=0.6002, avg_f_acc=0.8070
[2026-07-05 12:20:44] [FUSED forget_client_train:fedmoon] Epoch=22, avg_r_acc=0.6053, avg_f_acc=0.8066
[2026-07-05 12:24:06] [FUSED forget_client_train:fedmoon] Epoch=23, avg_r_acc=0.6012, avg_f_acc=0.7947
[2026-07-05 12:27:02] [FUSED forget_client_train:fedmoon] Epoch=24, avg_r_acc=0.5994, avg_f_acc=0.7969
[2026-07-05 12:30:22] [FUSED forget_client_train:fedmoon] Epoch=25, avg_r_acc=0.5919, avg_f_acc=0.7943
[2026-07-05 12:33:23] [FUSED forget_client_train:fedmoon] Epoch=26, avg_r_acc=0.5994, avg_f_acc=0.7958
[2026-07-05 12:36:44] [FUSED forget_client_train:fedmoon] Epoch=27, avg_r_acc=0.5999, avg_f_acc=0.7935
[2026-07-05 12:40:10] [FUSED forget_client_train:fedmoon] Epoch=28, avg_r_acc=0.6160, avg_f_acc=0.7742
[2026-07-05 12:43:19] [FUSED forget_client_train:fedmoon] Epoch=29, avg_r_acc=0.6086, avg_f_acc=0.7974
[2026-07-05 12:46:15] [FUSED forget_client_train:fedmoon] Epoch=30, avg_r_acc=0.6012, avg_f_acc=0.7880
[2026-07-05 12:49:14] [FUSED forget_client_train:fedmoon] Epoch=31, avg_r_acc=0.6100, avg_f_acc=0.7980
[2026-07-05 12:52:30] [FUSED forget_client_train:fedmoon] Epoch=32, avg_r_acc=0.5895, avg_f_acc=0.7791
[2026-07-05 12:55:54] [FUSED forget_client_train:fedmoon] Epoch=33, avg_r_acc=0.6261, avg_f_acc=0.7991
[2026-07-05 12:59:15] [FUSED forget_client_train:fedmoon] Epoch=34, avg_r_acc=0.6083, avg_f_acc=0.7839
[2026-07-05 13:02:30] [FUSED forget_client_train:fedmoon] Epoch=35, avg_r_acc=0.6174, avg_f_acc=0.7918
[2026-07-05 13:05:59] [FUSED forget_client_train:fedmoon] Epoch=36, avg_r_acc=0.6228, avg_f_acc=0.8032
[2026-07-05 13:09:25] [FUSED forget_client_train:fedmoon] Epoch=37, avg_r_acc=0.6073, avg_f_acc=0.7742
[2026-07-05 13:12:47] [FUSED forget_client_train:fedmoon] Epoch=38, avg_r_acc=0.5979, avg_f_acc=0.7940
[2026-07-05 13:16:12] [FUSED forget_client_train:fedmoon] Epoch=39, avg_r_acc=0.5958, avg_f_acc=0.7947
[2026-07-05 13:19:39] [FUSED forget_client_train:fedmoon] Epoch=40, avg_r_acc=0.5913, avg_f_acc=0.7780
[2026-07-05 13:22:56] [FUSED forget_client_train:fedmoon] Epoch=41, avg_r_acc=0.6070, avg_f_acc=0.7715
[2026-07-05 13:26:13] [FUSED forget_client_train:fedmoon] Epoch=42, avg_r_acc=0.5922, avg_f_acc=0.7966
[2026-07-05 13:29:33] [FUSED forget_client_train:fedmoon] Epoch=43, avg_r_acc=0.6616, avg_f_acc=0.8268
[2026-07-05 13:32:50] [FUSED forget_client_train:fedmoon] Epoch=44, avg_r_acc=0.6055, avg_f_acc=0.7607
[2026-07-05 13:36:02] [FUSED forget_client_train:fedmoon] Epoch=45, avg_r_acc=0.6142, avg_f_acc=0.7734
[2026-07-05 13:39:19] [FUSED forget_client_train:fedmoon] Epoch=46, avg_r_acc=0.6802, avg_f_acc=0.8252
[2026-07-05 13:42:42] [FUSED forget_client_train:fedmoon] Epoch=47, avg_r_acc=0.6128, avg_f_acc=0.8014
[2026-07-05 13:45:58] [FUSED forget_client_train:fedmoon] Epoch=48, avg_r_acc=0.6235, avg_f_acc=0.8077
[2026-07-05 13:49:25] [FUSED forget_client_train:fedmoon] Epoch=49, avg_r_acc=0.6038, avg_f_acc=0.8002
[2026-07-05 13:49:25] FUSED unlearning complete. LoRA trainable params: 254000/11432051 (2.2218%).
[2026-07-05 13:49:25] Running relearn (ReA) probe for 50 rounds (algorithm-agnostic)...
[2026-07-05 13:50:36] [Relearn] Round=0, avg_f_acc=0.7779 (ReA), avg_r_acc=0.5678
[2026-07-05 13:51:48] [Relearn] Round=1, avg_f_acc=0.7688 (ReA), avg_r_acc=0.5679
[2026-07-05 13:52:59] [Relearn] Round=2, avg_f_acc=0.8009 (ReA), avg_r_acc=0.5601
[2026-07-05 13:54:11] [Relearn] Round=3, avg_f_acc=0.7355 (ReA), avg_r_acc=0.5251
[2026-07-05 13:55:23] [Relearn] Round=4, avg_f_acc=0.7028 (ReA), avg_r_acc=0.5273
[2026-07-05 13:56:33] [Relearn] Round=5, avg_f_acc=0.7798 (ReA), avg_r_acc=0.5624
[2026-07-05 13:57:45] [Relearn] Round=6, avg_f_acc=0.8010 (ReA), avg_r_acc=0.5896
[2026-07-05 13:58:58] [Relearn] Round=7, avg_f_acc=0.7417 (ReA), avg_r_acc=0.5352
[2026-07-05 14:00:09] [Relearn] Round=8, avg_f_acc=0.7257 (ReA), avg_r_acc=0.5468
[2026-07-05 14:01:20] [Relearn] Round=9, avg_f_acc=0.7216 (ReA), avg_r_acc=0.5300
[2026-07-05 14:02:31] [Relearn] Round=10, avg_f_acc=0.7654 (ReA), avg_r_acc=0.5549
[2026-07-05 14:03:43] [Relearn] Round=11, avg_f_acc=0.7916 (ReA), avg_r_acc=0.5678
[2026-07-05 14:04:54] [Relearn] Round=12, avg_f_acc=0.7761 (ReA), avg_r_acc=0.5699
[2026-07-05 14:06:05] [Relearn] Round=13, avg_f_acc=0.7916 (ReA), avg_r_acc=0.5775
[2026-07-05 14:07:15] [Relearn] Round=14, avg_f_acc=0.8095 (ReA), avg_r_acc=0.5534
[2026-07-05 14:08:26] [Relearn] Round=15, avg_f_acc=0.7738 (ReA), avg_r_acc=0.5572
[2026-07-05 14:09:39] [Relearn] Round=16, avg_f_acc=0.7138 (ReA), avg_r_acc=0.5333
[2026-07-05 14:10:50] [Relearn] Round=17, avg_f_acc=0.7863 (ReA), avg_r_acc=0.5739
[2026-07-05 14:12:02] [Relearn] Round=18, avg_f_acc=0.7580 (ReA), avg_r_acc=0.5634
[2026-07-05 14:13:13] [Relearn] Round=19, avg_f_acc=0.7027 (ReA), avg_r_acc=0.4918
[2026-07-05 14:14:25] [Relearn] Round=20, avg_f_acc=0.7439 (ReA), avg_r_acc=0.5670
[2026-07-05 14:15:36] [Relearn] Round=21, avg_f_acc=0.7346 (ReA), avg_r_acc=0.5216
[2026-07-05 14:16:46] [Relearn] Round=22, avg_f_acc=0.7379 (ReA), avg_r_acc=0.5226
[2026-07-05 14:17:59] [Relearn] Round=23, avg_f_acc=0.7978 (ReA), avg_r_acc=0.5824
[2026-07-05 14:19:11] [Relearn] Round=24, avg_f_acc=0.7449 (ReA), avg_r_acc=0.5339
[2026-07-05 14:20:21] [Relearn] Round=25, avg_f_acc=0.7279 (ReA), avg_r_acc=0.5316
[2026-07-05 14:21:33] [Relearn] Round=26, avg_f_acc=0.7379 (ReA), avg_r_acc=0.5226
[2026-07-05 14:22:44] [Relearn] Round=27, avg_f_acc=0.8174 (ReA), avg_r_acc=0.6144
[2026-07-05 14:23:56] [Relearn] Round=28, avg_f_acc=0.8136 (ReA), avg_r_acc=0.5992
[2026-07-05 14:25:06] [Relearn] Round=29, avg_f_acc=0.7949 (ReA), avg_r_acc=0.5780
[2026-07-05 14:26:18] [Relearn] Round=30, avg_f_acc=0.8021 (ReA), avg_r_acc=0.5469
[2026-07-05 14:27:30] [Relearn] Round=31, avg_f_acc=0.7588 (ReA), avg_r_acc=0.5678
[2026-07-05 14:28:40] [Relearn] Round=32, avg_f_acc=0.8201 (ReA), avg_r_acc=0.6076
[2026-07-05 14:29:52] [Relearn] Round=33, avg_f_acc=0.7145 (ReA), avg_r_acc=0.5113
[2026-07-05 14:31:03] [Relearn] Round=34, avg_f_acc=0.8263 (ReA), avg_r_acc=0.5810
[2026-07-05 14:32:15] [Relearn] Round=35, avg_f_acc=0.7544 (ReA), avg_r_acc=0.5770
[2026-07-05 14:33:26] [Relearn] Round=36, avg_f_acc=0.7485 (ReA), avg_r_acc=0.5533
[2026-07-05 14:34:38] [Relearn] Round=37, avg_f_acc=0.7321 (ReA), avg_r_acc=0.5321
[2026-07-05 14:35:49] [Relearn] Round=38, avg_f_acc=0.7036 (ReA), avg_r_acc=0.5191
[2026-07-05 14:36:59] [Relearn] Round=39, avg_f_acc=0.7863 (ReA), avg_r_acc=0.5957
[2026-07-05 14:38:11] [Relearn] Round=40, avg_f_acc=0.7129 (ReA), avg_r_acc=0.5466
[2026-07-05 14:39:23] [Relearn] Round=41, avg_f_acc=0.7358 (ReA), avg_r_acc=0.5445
[2026-07-05 14:40:34] [Relearn] Round=42, avg_f_acc=0.7268 (ReA), avg_r_acc=0.5360
[2026-07-05 14:41:45] [Relearn] Round=43, avg_f_acc=0.7800 (ReA), avg_r_acc=0.5544
[2026-07-05 14:42:56] [Relearn] Round=44, avg_f_acc=0.7957 (ReA), avg_r_acc=0.5868
[2026-07-05 14:44:08] [Relearn] Round=45, avg_f_acc=0.7006 (ReA), avg_r_acc=0.5087
[2026-07-05 14:45:19] [Relearn] Round=46, avg_f_acc=0.7400 (ReA), avg_r_acc=0.5395
[2026-07-05 14:46:30] [Relearn] Round=47, avg_f_acc=0.7675 (ReA), avg_r_acc=0.5474
[2026-07-05 14:47:43] [Relearn] Round=48, avg_f_acc=0.7885 (ReA), avg_r_acc=0.5865
[2026-07-05 14:48:54] [Relearn] Round=49, avg_f_acc=0.7345 (ReA), avg_r_acc=0.5595
[2026-07-05 14:48:54] ReA (post-relearn forget-client accuracy) = 0.7345
[2026-07-05 14:49:14] Final unlearned model: global test loss=0.0928, acc=0.6782
[2026-07-05 14:49:14] Saved unlearned model to checkpoints/fu_domain/fu_domain_fedmoon_canada_oral_337411/unlearned_model.pt
[2026-07-05 14:49:14] === Run finished: fu_domain_fedmoon_canada_oral_337411 (elapsed 13456.0s) ===
