[2026-07-06 21:30:51] === Run started: fu_cli_fedmoon_spain_backbone_oral_340065 ===
[2026-07-06 21:30:51] Forking from source FL run: fl_fedmoon_oral_330530
[2026-07-06 21:30:51] Forgetting: Spain_Dataset (index 0 of ['Spain_Dataset', 'Canada_Dataset', 'India_Dataset'])
[2026-07-06 21:30:51] Phase-2 mechanism: FUSED-CLI (Algorithm 1), algorithm=fedmoon
[2026-07-06 21:30:54] Loaded source checkpoint (read-only) from checkpoints/fl/fl_fedmoon_oral_330530/best.pt
[2026-07-06 21:30:54] Built 3 hospital train loaders in order ['Spain_Dataset', 'Canada_Dataset', 'India_Dataset'], sizes=[398, 1635, 505]
[2026-07-06 21:30:54] Running FUSED-CLI unlearning (algorithm=fedmoon)...
[2026-07-06 21:30:54] Running Critical Layer Identification (one federated round, remember clients only)...
[2026-07-06 21:31:21] Selected 4 critical layers: ['layer4.1.conv2.weight', 'layer4.0.conv2.weight', 'layer4.1.conv1.weight', 'layer4.0.conv1.weight']
[2026-07-06 21:32:55] [FUSED-CLI:fedmoon] Round=0, avg_r_acc=0.6202, avg_f_acc=0.7625, adapter_density=413080/8257536
[2026-07-06 21:34:30] [FUSED-CLI:fedmoon] Round=1, avg_r_acc=0.6209, avg_f_acc=0.7800, adapter_density=413080/8257536
[2026-07-06 21:36:07] [FUSED-CLI:fedmoon] Round=2, avg_r_acc=0.6230, avg_f_acc=0.7888, adapter_density=413080/8257536
[2026-07-06 21:37:42] [FUSED-CLI:fedmoon] Round=3, avg_r_acc=0.6305, avg_f_acc=0.7888, adapter_density=413080/8257536
[2026-07-06 21:39:16] [FUSED-CLI:fedmoon] Round=4, avg_r_acc=0.6109, avg_f_acc=0.7888, adapter_density=413080/8257536
[2026-07-06 21:40:51] [FUSED-CLI:fedmoon] Round=5, avg_r_acc=0.6092, avg_f_acc=0.7888, adapter_density=413080/8257536
[2026-07-06 21:42:26] [FUSED-CLI:fedmoon] Round=6, avg_r_acc=0.6125, avg_f_acc=0.7888, adapter_density=413080/8257536
[2026-07-06 21:44:02] [FUSED-CLI:fedmoon] Round=7, avg_r_acc=0.6125, avg_f_acc=0.7888, adapter_density=413080/8257536
[2026-07-06 21:45:37] [FUSED-CLI:fedmoon] Round=8, avg_r_acc=0.6169, avg_f_acc=0.7888, adapter_density=413080/8257536
[2026-07-06 21:47:13] [FUSED-CLI:fedmoon] Round=9, avg_r_acc=0.5955, avg_f_acc=0.7888, adapter_density=413080/8257536
[2026-07-06 21:48:49] [FUSED-CLI:fedmoon] Round=10, avg_r_acc=0.6033, avg_f_acc=0.7888, adapter_density=413080/8257536
[2026-07-06 21:50:26] [FUSED-CLI:fedmoon] Round=11, avg_r_acc=0.6039, avg_f_acc=0.7888, adapter_density=413080/8257536
[2026-07-06 21:52:03] [FUSED-CLI:fedmoon] Round=12, avg_r_acc=0.6046, avg_f_acc=0.7810, adapter_density=413080/8257536
[2026-07-06 21:53:38] [FUSED-CLI:fedmoon] Round=13, avg_r_acc=0.6028, avg_f_acc=0.7986, adapter_density=413080/8257536
[2026-07-06 21:55:12] [FUSED-CLI:fedmoon] Round=14, avg_r_acc=0.6064, avg_f_acc=0.7986, adapter_density=413080/8257536
[2026-07-06 21:56:48] [FUSED-CLI:fedmoon] Round=15, avg_r_acc=0.6100, avg_f_acc=0.7986, adapter_density=413080/8257536
[2026-07-06 21:58:23] [FUSED-CLI:fedmoon] Round=16, avg_r_acc=0.6094, avg_f_acc=0.7986, adapter_density=413080/8257536
[2026-07-06 21:59:58] [FUSED-CLI:fedmoon] Round=17, avg_r_acc=0.6112, avg_f_acc=0.8073, adapter_density=413080/8257536
[2026-07-06 22:01:33] [FUSED-CLI:fedmoon] Round=18, avg_r_acc=0.6148, avg_f_acc=0.7996, adapter_density=413080/8257536
[2026-07-06 22:03:10] [FUSED-CLI:fedmoon] Round=19, avg_r_acc=0.6142, avg_f_acc=0.7996, adapter_density=413080/8257536
[2026-07-06 22:04:44] [FUSED-CLI:fedmoon] Round=20, avg_r_acc=0.6169, avg_f_acc=0.7996, adapter_density=413080/8257536
[2026-07-06 22:06:19] [FUSED-CLI:fedmoon] Round=21, avg_r_acc=0.6169, avg_f_acc=0.7996, adapter_density=413080/8257536
[2026-07-06 22:07:55] [FUSED-CLI:fedmoon] Round=22, avg_r_acc=0.6181, avg_f_acc=0.7996, adapter_density=413080/8257536
[2026-07-06 22:09:31] [FUSED-CLI:fedmoon] Round=23, avg_r_acc=0.6175, avg_f_acc=0.7996, adapter_density=413080/8257536
[2026-07-06 22:11:06] [FUSED-CLI:fedmoon] Round=24, avg_r_acc=0.6159, avg_f_acc=0.7918, adapter_density=413080/8257536
[2026-07-06 22:12:42] [FUSED-CLI:fedmoon] Round=25, avg_r_acc=0.6189, avg_f_acc=0.7918, adapter_density=413080/8257536
[2026-07-06 22:14:19] [FUSED-CLI:fedmoon] Round=26, avg_r_acc=0.6207, avg_f_acc=0.7918, adapter_density=413080/8257536
[2026-07-06 22:15:54] [FUSED-CLI:fedmoon] Round=27, avg_r_acc=0.6207, avg_f_acc=0.8006, adapter_density=413080/8257536
[2026-07-06 22:17:29] [FUSED-CLI:fedmoon] Round=28, avg_r_acc=0.6207, avg_f_acc=0.8006, adapter_density=413080/8257536
[2026-07-06 22:19:05] [FUSED-CLI:fedmoon] Round=29, avg_r_acc=0.6251, avg_f_acc=0.8006, adapter_density=413080/8257536
[2026-07-06 22:20:41] [FUSED-CLI:fedmoon] Round=30, avg_r_acc=0.6251, avg_f_acc=0.8006, adapter_density=413080/8257536
[2026-07-06 22:22:16] [FUSED-CLI:fedmoon] Round=31, avg_r_acc=0.6251, avg_f_acc=0.8006, adapter_density=413080/8257536
[2026-07-06 22:23:51] [FUSED-CLI:fedmoon] Round=32, avg_r_acc=0.6240, avg_f_acc=0.8094, adapter_density=413080/8257536
[2026-07-06 22:25:27] [FUSED-CLI:fedmoon] Round=33, avg_r_acc=0.6234, avg_f_acc=0.8094, adapter_density=413080/8257536
[2026-07-06 22:27:02] [FUSED-CLI:fedmoon] Round=34, avg_r_acc=0.6252, avg_f_acc=0.8094, adapter_density=413080/8257536
[2026-07-06 22:28:36] [FUSED-CLI:fedmoon] Round=35, avg_r_acc=0.6247, avg_f_acc=0.8094, adapter_density=413080/8257536
[2026-07-06 22:30:11] [FUSED-CLI:fedmoon] Round=36, avg_r_acc=0.6259, avg_f_acc=0.8094, adapter_density=413080/8257536
[2026-07-06 22:31:45] [FUSED-CLI:fedmoon] Round=37, avg_r_acc=0.6259, avg_f_acc=0.8094, adapter_density=413080/8257536
[2026-07-06 22:33:21] [FUSED-CLI:fedmoon] Round=38, avg_r_acc=0.6259, avg_f_acc=0.8094, adapter_density=413080/8257536
[2026-07-06 22:34:56] [FUSED-CLI:fedmoon] Round=39, avg_r_acc=0.6259, avg_f_acc=0.8094, adapter_density=413080/8257536
[2026-07-06 22:36:33] [FUSED-CLI:fedmoon] Round=40, avg_r_acc=0.6277, avg_f_acc=0.8094, adapter_density=413080/8257536
[2026-07-06 22:38:08] [FUSED-CLI:fedmoon] Round=41, avg_r_acc=0.6313, avg_f_acc=0.8094, adapter_density=413080/8257536
[2026-07-06 22:39:42] [FUSED-CLI:fedmoon] Round=42, avg_r_acc=0.6313, avg_f_acc=0.8094, adapter_density=413080/8257536
[2026-07-06 22:41:17] [FUSED-CLI:fedmoon] Round=43, avg_r_acc=0.6313, avg_f_acc=0.8094, adapter_density=413080/8257536
[2026-07-06 22:42:52] [FUSED-CLI:fedmoon] Round=44, avg_r_acc=0.6331, avg_f_acc=0.8094, adapter_density=413080/8257536
[2026-07-06 22:44:27] [FUSED-CLI:fedmoon] Round=45, avg_r_acc=0.6331, avg_f_acc=0.8094, adapter_density=413080/8257536
[2026-07-06 22:46:02] [FUSED-CLI:fedmoon] Round=46, avg_r_acc=0.6331, avg_f_acc=0.8094, adapter_density=413080/8257536
[2026-07-06 22:47:38] [FUSED-CLI:fedmoon] Round=47, avg_r_acc=0.6331, avg_f_acc=0.8094, adapter_density=413080/8257536
[2026-07-06 22:49:12] [FUSED-CLI:fedmoon] Round=48, avg_r_acc=0.6331, avg_f_acc=0.8094, adapter_density=413080/8257536
[2026-07-06 22:50:46] [FUSED-CLI:fedmoon] Round=49, avg_r_acc=0.6331, avg_f_acc=0.8094, adapter_density=413080/8257536
[2026-07-06 22:50:46] FUSED-CLI unlearning complete. Critical layers: ['layer4.1.conv2.weight', 'layer4.0.conv2.weight', 'layer4.1.conv1.weight', 'layer4.0.conv1.weight']
[2026-07-06 22:50:46] Running relearn (ReA) probe for 50 rounds...
[2026-07-06 22:53:22] [Relearn] Round=0, avg_f_acc=0.8531 (ReA), avg_r_acc=0.6673
[2026-07-06 22:55:58] [Relearn] Round=1, avg_f_acc=0.8342 (ReA), avg_r_acc=0.6457
[2026-07-06 22:58:34] [Relearn] Round=2, avg_f_acc=0.8897 (ReA), avg_r_acc=0.6574
[2026-07-06 23:01:02] [Relearn] Round=3, avg_f_acc=0.8830 (ReA), avg_r_acc=0.6507
[2026-07-06 23:03:38] [Relearn] Round=4, avg_f_acc=0.8907 (ReA), avg_r_acc=0.6433
[2026-07-06 23:06:06] [Relearn] Round=5, avg_f_acc=0.8985 (ReA), avg_r_acc=0.6442
[2026-07-06 23:08:45] [Relearn] Round=6, avg_f_acc=0.8907 (ReA), avg_r_acc=0.6376
[2026-07-06 23:11:13] [Relearn] Round=7, avg_f_acc=0.8985 (ReA), avg_r_acc=0.6443
[2026-07-06 23:13:43] [Relearn] Round=8, avg_f_acc=0.9062 (ReA), avg_r_acc=0.6447
[2026-07-06 23:16:12] [Relearn] Round=9, avg_f_acc=0.8907 (ReA), avg_r_acc=0.6400
[2026-07-06 23:18:40] [Relearn] Round=10, avg_f_acc=0.8830 (ReA), avg_r_acc=0.6539
[2026-07-06 23:21:08] [Relearn] Round=11, avg_f_acc=0.8907 (ReA), avg_r_acc=0.6273
[2026-07-06 23:23:39] [Relearn] Round=12, avg_f_acc=0.8985 (ReA), avg_r_acc=0.6586
[2026-07-06 23:26:04] [Relearn] Round=13, avg_f_acc=0.8985 (ReA), avg_r_acc=0.6414
[2026-07-06 23:28:30] [Relearn] Round=14, avg_f_acc=0.8985 (ReA), avg_r_acc=0.6403
[2026-07-06 23:30:58] [Relearn] Round=15, avg_f_acc=0.8985 (ReA), avg_r_acc=0.6442
[2026-07-06 23:33:30] [Relearn] Round=16, avg_f_acc=0.9062 (ReA), avg_r_acc=0.6391
[2026-07-06 23:35:56] [Relearn] Round=17, avg_f_acc=0.8963 (ReA), avg_r_acc=0.6534
[2026-07-06 23:38:24] [Relearn] Round=18, avg_f_acc=0.8963 (ReA), avg_r_acc=0.6452
[2026-07-06 23:40:45] [Relearn] Round=19, avg_f_acc=0.9062 (ReA), avg_r_acc=0.6316
[2026-07-06 23:43:18] [Relearn] Round=20, avg_f_acc=0.8985 (ReA), avg_r_acc=0.6492
[2026-07-06 23:45:42] [Relearn] Round=21, avg_f_acc=0.8985 (ReA), avg_r_acc=0.6717
[2026-07-06 23:48:05] [Relearn] Round=22, avg_f_acc=0.9062 (ReA), avg_r_acc=0.6497
[2026-07-06 23:50:35] [Relearn] Round=23, avg_f_acc=0.9062 (ReA), avg_r_acc=0.6573
[2026-07-06 23:53:06] [Relearn] Round=24, avg_f_acc=0.8985 (ReA), avg_r_acc=0.6582
[2026-07-06 23:55:30] [Relearn] Round=25, avg_f_acc=0.9062 (ReA), avg_r_acc=0.6539
[2026-07-06 23:58:08] [Relearn] Round=26, avg_f_acc=0.9062 (ReA), avg_r_acc=0.6630
[2026-07-07 00:00:37] [Relearn] Round=27, avg_f_acc=0.8974 (ReA), avg_r_acc=0.6459
[2026-07-07 00:03:03] [Relearn] Round=28, avg_f_acc=0.8851 (ReA), avg_r_acc=0.6455
[2026-07-07 00:05:33] [Relearn] Round=29, avg_f_acc=0.8963 (ReA), avg_r_acc=0.6536
[2026-07-07 00:07:58] [Relearn] Round=30, avg_f_acc=0.8885 (ReA), avg_r_acc=0.6413
[2026-07-07 00:10:27] [Relearn] Round=31, avg_f_acc=0.8963 (ReA), avg_r_acc=0.6471
[2026-07-07 00:12:58] [Relearn] Round=32, avg_f_acc=0.8885 (ReA), avg_r_acc=0.6519
[2026-07-07 00:15:27] [Relearn] Round=33, avg_f_acc=0.8985 (ReA), avg_r_acc=0.6439
[2026-07-07 00:17:54] [Relearn] Round=34, avg_f_acc=0.8830 (ReA), avg_r_acc=0.6416
[2026-07-07 00:20:28] [Relearn] Round=35, avg_f_acc=0.8764 (ReA), avg_r_acc=0.6307
[2026-07-07 00:23:00] [Relearn] Round=36, avg_f_acc=0.8907 (ReA), avg_r_acc=0.6368
[2026-07-07 00:25:29] [Relearn] Round=37, avg_f_acc=0.8907 (ReA), avg_r_acc=0.6311
[2026-07-07 00:28:02] [Relearn] Round=38, avg_f_acc=0.8841 (ReA), avg_r_acc=0.6600
[2026-07-07 00:30:30] [Relearn] Round=39, avg_f_acc=0.8907 (ReA), avg_r_acc=0.6593
[2026-07-07 00:33:00] [Relearn] Round=40, avg_f_acc=0.9062 (ReA), avg_r_acc=0.6528
[2026-07-07 00:35:28] [Relearn] Round=41, avg_f_acc=0.8985 (ReA), avg_r_acc=0.6608
[2026-07-07 00:37:53] [Relearn] Round=42, avg_f_acc=0.8907 (ReA), avg_r_acc=0.6548
[2026-07-07 00:40:22] [Relearn] Round=43, avg_f_acc=0.9030 (ReA), avg_r_acc=0.6706
[2026-07-07 00:42:49] [Relearn] Round=44, avg_f_acc=0.8718 (ReA), avg_r_acc=0.6644
[2026-07-07 00:45:18] [Relearn] Round=45, avg_f_acc=0.8907 (ReA), avg_r_acc=0.6613
[2026-07-07 00:47:46] [Relearn] Round=46, avg_f_acc=0.8609 (ReA), avg_r_acc=0.6594
[2026-07-07 00:50:19] [Relearn] Round=47, avg_f_acc=0.8696 (ReA), avg_r_acc=0.6557
[2026-07-07 00:52:49] [Relearn] Round=48, avg_f_acc=0.8885 (ReA), avg_r_acc=0.6736
[2026-07-07 00:55:21] [Relearn] Round=49, avg_f_acc=0.8830 (ReA), avg_r_acc=0.6499
[2026-07-07 00:55:21] ReA = 0.8830
[2026-07-07 00:55:38] Final unlearned model: global test loss=0.0539, acc=0.7567
