[2026-07-06 21:30:53] === Run started: fu_cli_fedmoon_india_backbone_oral_340071 ===
[2026-07-06 21:30:53] Forking from source FL run: fl_fedmoon_oral_330530
[2026-07-06 21:30:53] Forgetting: India_Dataset (index 2 of ['Spain_Dataset', 'Canada_Dataset', 'India_Dataset'])
[2026-07-06 21:30:53] Phase-2 mechanism: FUSED-CLI (Algorithm 1), algorithm=fedmoon
[2026-07-06 21:30:55] Loaded source checkpoint (read-only) from checkpoints/fl/fl_fedmoon_oral_330530/best.pt
[2026-07-06 21:30:55] Built 3 hospital train loaders in order ['Spain_Dataset', 'Canada_Dataset', 'India_Dataset'], sizes=[398, 1635, 505]
[2026-07-06 21:30:55] Running FUSED-CLI unlearning (algorithm=fedmoon)...
[2026-07-06 21:30:55] Running Critical Layer Identification (one federated round, remember clients only)...
[2026-07-06 21:32:23] Selected 4 critical layers: ['layer4.1.conv2.weight', 'layer4.0.conv2.weight', 'layer4.1.conv1.weight', 'layer4.0.conv1.weight']
[2026-07-06 21:36:01] [FUSED-CLI:fedmoon] Round=0, avg_r_acc=0.7763, avg_f_acc=0.4427, adapter_density=413080/8257536
[2026-07-06 21:39:13] [FUSED-CLI:fedmoon] Round=1, avg_r_acc=0.7801, avg_f_acc=0.4427, adapter_density=413080/8257536
[2026-07-06 21:42:02] [FUSED-CLI:fedmoon] Round=2, avg_r_acc=0.7801, avg_f_acc=0.4427, adapter_density=413080/8257536
[2026-07-06 21:44:52] [FUSED-CLI:fedmoon] Round=3, avg_r_acc=0.7801, avg_f_acc=0.4427, adapter_density=413080/8257536
[2026-07-06 21:47:41] [FUSED-CLI:fedmoon] Round=4, avg_r_acc=0.7883, avg_f_acc=0.4427, adapter_density=413080/8257536
[2026-07-06 21:50:29] [FUSED-CLI:fedmoon] Round=5, avg_r_acc=0.7927, avg_f_acc=0.4462, adapter_density=413080/8257536
[2026-07-06 21:53:17] [FUSED-CLI:fedmoon] Round=6, avg_r_acc=0.7953, avg_f_acc=0.4462, adapter_density=413080/8257536
[2026-07-06 21:56:08] [FUSED-CLI:fedmoon] Round=7, avg_r_acc=0.7942, avg_f_acc=0.4462, adapter_density=413080/8257536
[2026-07-06 21:58:58] [FUSED-CLI:fedmoon] Round=8, avg_r_acc=0.7931, avg_f_acc=0.4462, adapter_density=413080/8257536
[2026-07-06 22:01:46] [FUSED-CLI:fedmoon] Round=9, avg_r_acc=0.7925, avg_f_acc=0.4498, adapter_density=413080/8257536
[2026-07-06 22:04:36] [FUSED-CLI:fedmoon] Round=10, avg_r_acc=0.7925, avg_f_acc=0.4534, adapter_density=413080/8257536
[2026-07-06 22:07:27] [FUSED-CLI:fedmoon] Round=11, avg_r_acc=0.7925, avg_f_acc=0.4570, adapter_density=413080/8257536
[2026-07-06 22:10:14] [FUSED-CLI:fedmoon] Round=12, avg_r_acc=0.7952, avg_f_acc=0.4570, adapter_density=413080/8257536
[2026-07-06 22:13:07] [FUSED-CLI:fedmoon] Round=13, avg_r_acc=0.7952, avg_f_acc=0.4606, adapter_density=413080/8257536
[2026-07-06 22:15:52] [FUSED-CLI:fedmoon] Round=14, avg_r_acc=0.7941, avg_f_acc=0.4642, adapter_density=413080/8257536
[2026-07-06 22:18:46] [FUSED-CLI:fedmoon] Round=15, avg_r_acc=0.7941, avg_f_acc=0.4642, adapter_density=413080/8257536
[2026-07-06 22:21:36] [FUSED-CLI:fedmoon] Round=16, avg_r_acc=0.7941, avg_f_acc=0.4642, adapter_density=413080/8257536
[2026-07-06 22:24:26] [FUSED-CLI:fedmoon] Round=17, avg_r_acc=0.7961, avg_f_acc=0.4642, adapter_density=413080/8257536
[2026-07-06 22:27:10] [FUSED-CLI:fedmoon] Round=18, avg_r_acc=0.7982, avg_f_acc=0.4642, adapter_density=413080/8257536
[2026-07-06 22:29:56] [FUSED-CLI:fedmoon] Round=19, avg_r_acc=0.7977, avg_f_acc=0.4642, adapter_density=413080/8257536
[2026-07-06 22:32:46] [FUSED-CLI:fedmoon] Round=20, avg_r_acc=0.7998, avg_f_acc=0.4534, adapter_density=413080/8257536
[2026-07-06 22:35:34] [FUSED-CLI:fedmoon] Round=21, avg_r_acc=0.7992, avg_f_acc=0.4153, adapter_density=413080/8257536
[2026-07-06 22:38:28] [FUSED-CLI:fedmoon] Round=22, avg_r_acc=0.7992, avg_f_acc=0.4153, adapter_density=413080/8257536
[2026-07-06 22:41:15] [FUSED-CLI:fedmoon] Round=23, avg_r_acc=0.7992, avg_f_acc=0.4153, adapter_density=413080/8257536
[2026-07-06 22:44:05] [FUSED-CLI:fedmoon] Round=24, avg_r_acc=0.7992, avg_f_acc=0.4153, adapter_density=413080/8257536
[2026-07-06 22:46:55] [FUSED-CLI:fedmoon] Round=25, avg_r_acc=0.7992, avg_f_acc=0.4153, adapter_density=413080/8257536
[2026-07-06 22:49:42] [FUSED-CLI:fedmoon] Round=26, avg_r_acc=0.8018, avg_f_acc=0.4189, adapter_density=413080/8257536
[2026-07-06 22:52:27] [FUSED-CLI:fedmoon] Round=27, avg_r_acc=0.8018, avg_f_acc=0.4189, adapter_density=413080/8257536
[2026-07-06 22:55:17] [FUSED-CLI:fedmoon] Round=28, avg_r_acc=0.8018, avg_f_acc=0.4189, adapter_density=413080/8257536
[2026-07-06 22:58:05] [FUSED-CLI:fedmoon] Round=29, avg_r_acc=0.8018, avg_f_acc=0.4189, adapter_density=413080/8257536
[2026-07-06 23:00:56] [FUSED-CLI:fedmoon] Round=30, avg_r_acc=0.8018, avg_f_acc=0.4189, adapter_density=413080/8257536
[2026-07-06 23:03:43] [FUSED-CLI:fedmoon] Round=31, avg_r_acc=0.8013, avg_f_acc=0.4189, adapter_density=413080/8257536
[2026-07-06 23:06:32] [FUSED-CLI:fedmoon] Round=32, avg_r_acc=0.8007, avg_f_acc=0.4189, adapter_density=413080/8257536
[2026-07-06 23:09:24] [FUSED-CLI:fedmoon] Round=33, avg_r_acc=0.8034, avg_f_acc=0.4189, adapter_density=413080/8257536
[2026-07-06 23:12:15] [FUSED-CLI:fedmoon] Round=34, avg_r_acc=0.8034, avg_f_acc=0.4189, adapter_density=413080/8257536
[2026-07-06 23:15:07] [FUSED-CLI:fedmoon] Round=35, avg_r_acc=0.8034, avg_f_acc=0.4189, adapter_density=413080/8257536
[2026-07-06 23:17:53] [FUSED-CLI:fedmoon] Round=36, avg_r_acc=0.8034, avg_f_acc=0.4225, adapter_density=413080/8257536
[2026-07-06 23:20:39] [FUSED-CLI:fedmoon] Round=37, avg_r_acc=0.8034, avg_f_acc=0.4225, adapter_density=413080/8257536
[2026-07-06 23:23:24] [FUSED-CLI:fedmoon] Round=38, avg_r_acc=0.8028, avg_f_acc=0.4225, adapter_density=413080/8257536
[2026-07-06 23:26:11] [FUSED-CLI:fedmoon] Round=39, avg_r_acc=0.8028, avg_f_acc=0.4225, adapter_density=413080/8257536
[2026-07-06 23:28:59] [FUSED-CLI:fedmoon] Round=40, avg_r_acc=0.8028, avg_f_acc=0.4225, adapter_density=413080/8257536
[2026-07-06 23:31:48] [FUSED-CLI:fedmoon] Round=41, avg_r_acc=0.8028, avg_f_acc=0.4225, adapter_density=413080/8257536
[2026-07-06 23:34:33] [FUSED-CLI:fedmoon] Round=42, avg_r_acc=0.8028, avg_f_acc=0.4225, adapter_density=413080/8257536
[2026-07-06 23:37:22] [FUSED-CLI:fedmoon] Round=43, avg_r_acc=0.8066, avg_f_acc=0.4225, adapter_density=413080/8257536
[2026-07-06 23:40:11] [FUSED-CLI:fedmoon] Round=44, avg_r_acc=0.8093, avg_f_acc=0.4117, adapter_density=413080/8257536
[2026-07-06 23:43:02] [FUSED-CLI:fedmoon] Round=45, avg_r_acc=0.8093, avg_f_acc=0.4153, adapter_density=413080/8257536
[2026-07-06 23:45:51] [FUSED-CLI:fedmoon] Round=46, avg_r_acc=0.8093, avg_f_acc=0.4189, adapter_density=413080/8257536
[2026-07-06 23:48:40] [FUSED-CLI:fedmoon] Round=47, avg_r_acc=0.8093, avg_f_acc=0.4189, adapter_density=413080/8257536
[2026-07-06 23:51:39] [FUSED-CLI:fedmoon] Round=48, avg_r_acc=0.8093, avg_f_acc=0.4189, adapter_density=413080/8257536
[2026-07-06 23:54:27] [FUSED-CLI:fedmoon] Round=49, avg_r_acc=0.8093, avg_f_acc=0.4189, adapter_density=413080/8257536
[2026-07-06 23:54:27] FUSED-CLI unlearning complete. Critical layers: ['layer4.1.conv2.weight', 'layer4.0.conv2.weight', 'layer4.1.conv1.weight', 'layer4.0.conv1.weight']
[2026-07-06 23:54:27] Running relearn (ReA) probe for 50 rounds...
[2026-07-06 23:55:24] [Relearn] Round=0, avg_f_acc=0.4767 (ReA), avg_r_acc=0.6945
[2026-07-06 23:56:14] [Relearn] Round=1, avg_f_acc=0.4910 (ReA), avg_r_acc=0.6863
[2026-07-06 23:57:06] [Relearn] Round=2, avg_f_acc=0.5435 (ReA), avg_r_acc=0.6669
[2026-07-06 23:57:58] [Relearn] Round=3, avg_f_acc=0.5363 (ReA), avg_r_acc=0.6732
[2026-07-06 23:58:49] [Relearn] Round=4, avg_f_acc=0.5291 (ReA), avg_r_acc=0.6409
[2026-07-06 23:59:42] [Relearn] Round=5, avg_f_acc=0.5327 (ReA), avg_r_acc=0.6666
[2026-07-07 00:00:37] [Relearn] Round=6, avg_f_acc=0.5076 (ReA), avg_r_acc=0.7032
[2026-07-07 00:01:30] [Relearn] Round=7, avg_f_acc=0.5291 (ReA), avg_r_acc=0.6438
[2026-07-07 00:02:23] [Relearn] Round=8, avg_f_acc=0.5470 (ReA), avg_r_acc=0.6679
[2026-07-07 00:03:18] [Relearn] Round=9, avg_f_acc=0.5327 (ReA), avg_r_acc=0.6681
[2026-07-07 00:04:11] [Relearn] Round=10, avg_f_acc=0.5363 (ReA), avg_r_acc=0.6580
[2026-07-07 00:05:05] [Relearn] Round=11, avg_f_acc=0.5291 (ReA), avg_r_acc=0.6693
[2026-07-07 00:05:59] [Relearn] Round=12, avg_f_acc=0.5291 (ReA), avg_r_acc=0.6671
[2026-07-07 00:06:51] [Relearn] Round=13, avg_f_acc=0.5291 (ReA), avg_r_acc=0.6566
[2026-07-07 00:07:44] [Relearn] Round=14, avg_f_acc=0.5470 (ReA), avg_r_acc=0.6782
[2026-07-07 00:08:37] [Relearn] Round=15, avg_f_acc=0.5291 (ReA), avg_r_acc=0.6840
[2026-07-07 00:09:29] [Relearn] Round=16, avg_f_acc=0.5399 (ReA), avg_r_acc=0.6617
[2026-07-07 00:10:22] [Relearn] Round=17, avg_f_acc=0.5327 (ReA), avg_r_acc=0.6668
[2026-07-07 00:11:15] [Relearn] Round=18, avg_f_acc=0.5363 (ReA), avg_r_acc=0.6473
[2026-07-07 00:12:08] [Relearn] Round=19, avg_f_acc=0.5470 (ReA), avg_r_acc=0.6634
[2026-07-07 00:13:00] [Relearn] Round=20, avg_f_acc=0.5399 (ReA), avg_r_acc=0.6616
[2026-07-07 00:13:52] [Relearn] Round=21, avg_f_acc=0.5363 (ReA), avg_r_acc=0.6605
[2026-07-07 00:14:44] [Relearn] Round=22, avg_f_acc=0.5399 (ReA), avg_r_acc=0.6646
[2026-07-07 00:15:37] [Relearn] Round=23, avg_f_acc=0.5435 (ReA), avg_r_acc=0.6626
[2026-07-07 00:16:32] [Relearn] Round=24, avg_f_acc=0.5363 (ReA), avg_r_acc=0.6420
[2026-07-07 00:17:23] [Relearn] Round=25, avg_f_acc=0.5399 (ReA), avg_r_acc=0.6739
[2026-07-07 00:18:15] [Relearn] Round=26, avg_f_acc=0.5506 (ReA), avg_r_acc=0.6499
[2026-07-07 00:19:07] [Relearn] Round=27, avg_f_acc=0.5363 (ReA), avg_r_acc=0.6605
[2026-07-07 00:20:00] [Relearn] Round=28, avg_f_acc=0.5470 (ReA), avg_r_acc=0.6421
[2026-07-07 00:20:51] [Relearn] Round=29, avg_f_acc=0.5399 (ReA), avg_r_acc=0.6480
[2026-07-07 00:21:43] [Relearn] Round=30, avg_f_acc=0.5399 (ReA), avg_r_acc=0.6472
[2026-07-07 00:22:35] [Relearn] Round=31, avg_f_acc=0.5363 (ReA), avg_r_acc=0.6526
[2026-07-07 00:23:27] [Relearn] Round=32, avg_f_acc=0.5327 (ReA), avg_r_acc=0.6642
[2026-07-07 00:24:21] [Relearn] Round=33, avg_f_acc=0.5435 (ReA), avg_r_acc=0.6485
[2026-07-07 00:25:13] [Relearn] Round=34, avg_f_acc=0.5327 (ReA), avg_r_acc=0.6622
[2026-07-07 00:26:08] [Relearn] Round=35, avg_f_acc=0.5542 (ReA), avg_r_acc=0.6661
[2026-07-07 00:27:00] [Relearn] Round=36, avg_f_acc=0.5291 (ReA), avg_r_acc=0.6589
[2026-07-07 00:27:53] [Relearn] Round=37, avg_f_acc=0.5506 (ReA), avg_r_acc=0.6533
[2026-07-07 00:28:44] [Relearn] Round=38, avg_f_acc=0.5291 (ReA), avg_r_acc=0.6531
[2026-07-07 00:29:38] [Relearn] Round=39, avg_f_acc=0.5255 (ReA), avg_r_acc=0.6756
[2026-07-07 00:30:30] [Relearn] Round=40, avg_f_acc=0.5470 (ReA), avg_r_acc=0.6499
[2026-07-07 00:31:22] [Relearn] Round=41, avg_f_acc=0.5291 (ReA), avg_r_acc=0.6673
[2026-07-07 00:32:14] [Relearn] Round=42, avg_f_acc=0.5363 (ReA), avg_r_acc=0.6562
[2026-07-07 00:33:06] [Relearn] Round=43, avg_f_acc=0.5506 (ReA), avg_r_acc=0.6535
[2026-07-07 00:33:59] [Relearn] Round=44, avg_f_acc=0.5435 (ReA), avg_r_acc=0.6738
[2026-07-07 00:34:53] [Relearn] Round=45, avg_f_acc=0.5435 (ReA), avg_r_acc=0.6528
[2026-07-07 00:35:46] [Relearn] Round=46, avg_f_acc=0.5435 (ReA), avg_r_acc=0.6767
[2026-07-07 00:36:38] [Relearn] Round=47, avg_f_acc=0.5435 (ReA), avg_r_acc=0.6525
[2026-07-07 00:37:30] [Relearn] Round=48, avg_f_acc=0.5291 (ReA), avg_r_acc=0.6522
[2026-07-07 00:38:23] [Relearn] Round=49, avg_f_acc=0.5291 (ReA), avg_r_acc=0.6705
[2026-07-07 00:38:23] ReA = 0.5291
[2026-07-07 00:38:41] Final unlearned model: global test loss=0.0643, acc=0.7457
