[2026-07-07 16:44:49] === Run started: fu_domain_fedprox_spain_backbone_oral_341137 ===
[2026-07-07 16:44:49] Forking from source FL run: fl_fedprox_oral_330529
[2026-07-07 16:44:49] Forgetting hospital: Spain_Dataset (index 0 of ['Spain_Dataset', 'Canada_Dataset', 'India_Dataset'])
[2026-07-07 16:44:49] Phase-2 algorithm: fedprox (mu=0.01)
[2026-07-07 16:44:49] global_epoch=50, local_epoch=3, batch_size=16
[2026-07-07 16:44:51] Loaded source checkpoint (read-only) from checkpoints/fl/fl_fedprox_oral_330529/best.pt
[2026-07-07 16:44:52] Built 3 hospital train loaders, 3 hospital test loaders, in order ['Spain_Dataset', 'Canada_Dataset', 'India_Dataset'], sizes=[319, 1308, 404].
[2026-07-07 16:44:52] Built 3 proxy hospital train loaders (proxy_frac=0.2), sizes=[79, 327, 101].
[2026-07-07 16:44:52] Running FUSED forget_client_train_domain (algorithm=fedprox)...
[2026-07-07 16:46:17] [FUSED forget_client_train:fedprox] Epoch=0, avg_r_acc=0.7679, avg_f_acc=0.8738
[2026-07-07 16:47:36] [FUSED forget_client_train:fedprox] Epoch=1, avg_r_acc=0.7195, avg_f_acc=0.8554
[2026-07-07 16:48:54] [FUSED forget_client_train:fedprox] Epoch=2, avg_r_acc=0.6765, avg_f_acc=0.8991
[2026-07-07 16:50:12] [FUSED forget_client_train:fedprox] Epoch=3, avg_r_acc=0.7151, avg_f_acc=0.8682
[2026-07-07 16:51:33] [FUSED forget_client_train:fedprox] Epoch=4, avg_r_acc=0.7414, avg_f_acc=0.8857
[2026-07-07 16:52:52] [FUSED forget_client_train:fedprox] Epoch=5, avg_r_acc=0.7405, avg_f_acc=0.8738
[2026-07-07 16:54:14] [FUSED forget_client_train:fedprox] Epoch=6, avg_r_acc=0.7475, avg_f_acc=0.8706
[2026-07-07 16:55:32] [FUSED forget_client_train:fedprox] Epoch=7, avg_r_acc=0.7490, avg_f_acc=0.8500
[2026-07-07 16:56:51] [FUSED forget_client_train:fedprox] Epoch=8, avg_r_acc=0.7416, avg_f_acc=0.8500
[2026-07-07 16:58:13] [FUSED forget_client_train:fedprox] Epoch=9, avg_r_acc=0.7161, avg_f_acc=0.8587
[2026-07-07 16:59:32] [FUSED forget_client_train:fedprox] Epoch=10, avg_r_acc=0.7043, avg_f_acc=0.8019
[2026-07-07 17:00:51] [FUSED forget_client_train:fedprox] Epoch=11, avg_r_acc=0.7052, avg_f_acc=0.9143
[2026-07-07 17:02:10] [FUSED forget_client_train:fedprox] Epoch=12, avg_r_acc=0.7267, avg_f_acc=0.8682
[2026-07-07 17:03:30] [FUSED forget_client_train:fedprox] Epoch=13, avg_r_acc=0.7309, avg_f_acc=0.8682
[2026-07-07 17:04:47] [FUSED forget_client_train:fedprox] Epoch=14, avg_r_acc=0.7498, avg_f_acc=0.8706
[2026-07-07 17:06:09] [FUSED forget_client_train:fedprox] Epoch=15, avg_r_acc=0.7359, avg_f_acc=0.8682
[2026-07-07 17:07:29] [FUSED forget_client_train:fedprox] Epoch=16, avg_r_acc=0.7393, avg_f_acc=0.8649
[2026-07-07 17:08:49] [FUSED forget_client_train:fedprox] Epoch=17, avg_r_acc=0.7333, avg_f_acc=0.8682
[2026-07-07 17:10:09] [FUSED forget_client_train:fedprox] Epoch=18, avg_r_acc=0.7230, avg_f_acc=0.8076
[2026-07-07 17:11:27] [FUSED forget_client_train:fedprox] Epoch=19, avg_r_acc=0.7402, avg_f_acc=0.8468
[2026-07-07 17:12:44] [FUSED forget_client_train:fedprox] Epoch=20, avg_r_acc=0.7390, avg_f_acc=0.8468
[2026-07-07 17:14:05] [FUSED forget_client_train:fedprox] Epoch=21, avg_r_acc=0.7355, avg_f_acc=0.8682
[2026-07-07 17:15:26] [FUSED forget_client_train:fedprox] Epoch=22, avg_r_acc=0.7604, avg_f_acc=0.8706
[2026-07-07 17:16:46] [FUSED forget_client_train:fedprox] Epoch=23, avg_r_acc=0.7364, avg_f_acc=0.8563
[2026-07-07 17:18:02] [FUSED forget_client_train:fedprox] Epoch=24, avg_r_acc=0.7302, avg_f_acc=0.8563
[2026-07-07 17:19:22] [FUSED forget_client_train:fedprox] Epoch=25, avg_r_acc=0.7291, avg_f_acc=0.8156
[2026-07-07 17:20:41] [FUSED forget_client_train:fedprox] Epoch=26, avg_r_acc=0.7206, avg_f_acc=0.8777
[2026-07-07 17:21:58] [FUSED forget_client_train:fedprox] Epoch=27, avg_r_acc=0.7275, avg_f_acc=0.8649
[2026-07-07 17:23:17] [FUSED forget_client_train:fedprox] Epoch=28, avg_r_acc=0.7330, avg_f_acc=0.8444
[2026-07-07 17:24:34] [FUSED forget_client_train:fedprox] Epoch=29, avg_r_acc=0.7601, avg_f_acc=0.8587
[2026-07-07 17:25:53] [FUSED forget_client_train:fedprox] Epoch=30, avg_r_acc=0.7288, avg_f_acc=0.8682
[2026-07-07 17:27:11] [FUSED forget_client_train:fedprox] Epoch=31, avg_r_acc=0.7515, avg_f_acc=0.8649
[2026-07-07 17:28:32] [FUSED forget_client_train:fedprox] Epoch=32, avg_r_acc=0.7229, avg_f_acc=0.8682
[2026-07-07 17:29:53] [FUSED forget_client_train:fedprox] Epoch=33, avg_r_acc=0.7295, avg_f_acc=0.8682
[2026-07-07 17:31:13] [FUSED forget_client_train:fedprox] Epoch=34, avg_r_acc=0.7372, avg_f_acc=0.8587
[2026-07-07 17:32:33] [FUSED forget_client_train:fedprox] Epoch=35, avg_r_acc=0.7273, avg_f_acc=0.8268
[2026-07-07 17:33:51] [FUSED forget_client_train:fedprox] Epoch=36, avg_r_acc=0.7262, avg_f_acc=0.8602
[2026-07-07 17:35:10] [FUSED forget_client_train:fedprox] Epoch=37, avg_r_acc=0.7324, avg_f_acc=0.8530
[2026-07-07 17:36:32] [FUSED forget_client_train:fedprox] Epoch=38, avg_r_acc=0.7213, avg_f_acc=0.8658
[2026-07-07 17:37:51] [FUSED forget_client_train:fedprox] Epoch=39, avg_r_acc=0.7407, avg_f_acc=0.8587
[2026-07-07 17:39:10] [FUSED forget_client_train:fedprox] Epoch=40, avg_r_acc=0.7144, avg_f_acc=0.8084
[2026-07-07 17:40:30] [FUSED forget_client_train:fedprox] Epoch=41, avg_r_acc=0.7391, avg_f_acc=0.8682
[2026-07-07 17:41:48] [FUSED forget_client_train:fedprox] Epoch=42, avg_r_acc=0.7277, avg_f_acc=0.8420
[2026-07-07 17:43:08] [FUSED forget_client_train:fedprox] Epoch=43, avg_r_acc=0.7531, avg_f_acc=0.8587
[2026-07-07 17:44:30] [FUSED forget_client_train:fedprox] Epoch=44, avg_r_acc=0.7376, avg_f_acc=0.8444
[2026-07-07 17:45:49] [FUSED forget_client_train:fedprox] Epoch=45, avg_r_acc=0.7133, avg_f_acc=0.8084
[2026-07-07 17:47:08] [FUSED forget_client_train:fedprox] Epoch=46, avg_r_acc=0.7421, avg_f_acc=0.9024
[2026-07-07 17:48:28] [FUSED forget_client_train:fedprox] Epoch=47, avg_r_acc=0.7127, avg_f_acc=0.7760
[2026-07-07 17:49:49] [FUSED forget_client_train:fedprox] Epoch=48, avg_r_acc=0.7495, avg_f_acc=0.8587
[2026-07-07 17:51:09] [FUSED forget_client_train:fedprox] Epoch=49, avg_r_acc=0.7161, avg_f_acc=0.8658
[2026-07-07 17:51:09] FUSED unlearning complete. LoRA trainable params: 254000/11432051 (2.2218%).
[2026-07-07 17:51:09] Running relearn (ReA) probe for 50 rounds (algorithm-agnostic)...
[2026-07-07 17:53:08] [Relearn] Round=0, avg_f_acc=0.9301 (ReA), avg_r_acc=0.6762
[2026-07-07 17:55:13] [Relearn] Round=1, avg_f_acc=0.9277 (ReA), avg_r_acc=0.6957
[2026-07-07 17:57:14] [Relearn] Round=2, avg_f_acc=0.8896 (ReA), avg_r_acc=0.7162
[2026-07-07 17:59:21] [Relearn] Round=3, avg_f_acc=0.8831 (ReA), avg_r_acc=0.7152
[2026-07-07 18:01:29] [Relearn] Round=4, avg_f_acc=0.8896 (ReA), avg_r_acc=0.7244
[2026-07-07 18:03:32] [Relearn] Round=5, avg_f_acc=0.9134 (ReA), avg_r_acc=0.7230
[2026-07-07 18:05:41] [Relearn] Round=6, avg_f_acc=0.8950 (ReA), avg_r_acc=0.7215
[2026-07-07 18:07:44] [Relearn] Round=7, avg_f_acc=0.9277 (ReA), avg_r_acc=0.7293
[2026-07-07 18:09:45] [Relearn] Round=8, avg_f_acc=0.9372 (ReA), avg_r_acc=0.7457
[2026-07-07 18:11:55] [Relearn] Round=9, avg_f_acc=0.9372 (ReA), avg_r_acc=0.7337
[2026-07-07 18:13:58] [Relearn] Round=10, avg_f_acc=0.8950 (ReA), avg_r_acc=0.7230
[2026-07-07 18:16:02] [Relearn] Round=11, avg_f_acc=0.9372 (ReA), avg_r_acc=0.7465
[2026-07-07 18:18:09] [Relearn] Round=12, avg_f_acc=0.8950 (ReA), avg_r_acc=0.7142
[2026-07-07 18:20:14] [Relearn] Round=13, avg_f_acc=0.9253 (ReA), avg_r_acc=0.7267
[2026-07-07 18:22:23] [Relearn] Round=14, avg_f_acc=0.9253 (ReA), avg_r_acc=0.7249
[2026-07-07 18:24:29] [Relearn] Round=15, avg_f_acc=0.9102 (ReA), avg_r_acc=0.7186
[2026-07-07 18:26:29] [Relearn] Round=16, avg_f_acc=0.9102 (ReA), avg_r_acc=0.7191
[2026-07-07 18:28:36] [Relearn] Round=17, avg_f_acc=0.9253 (ReA), avg_r_acc=0.7266
[2026-07-07 18:30:40] [Relearn] Round=18, avg_f_acc=0.9429 (ReA), avg_r_acc=0.7357
[2026-07-07 18:32:39] [Relearn] Round=19, avg_f_acc=0.8831 (ReA), avg_r_acc=0.7219
[2026-07-07 18:34:45] [Relearn] Round=20, avg_f_acc=0.9102 (ReA), avg_r_acc=0.7108
[2026-07-07 18:36:48] [Relearn] Round=21, avg_f_acc=0.9253 (ReA), avg_r_acc=0.7191
[2026-07-07 18:38:55] [Relearn] Round=22, avg_f_acc=0.9221 (ReA), avg_r_acc=0.7201
[2026-07-07 18:40:59] [Relearn] Round=23, avg_f_acc=0.9253 (ReA), avg_r_acc=0.7148
[2026-07-07 18:43:10] [Relearn] Round=24, avg_f_acc=0.8950 (ReA), avg_r_acc=0.7184
[2026-07-07 18:45:18] [Relearn] Round=25, avg_f_acc=0.9102 (ReA), avg_r_acc=0.7346
[2026-07-07 18:47:18] [Relearn] Round=26, avg_f_acc=0.8950 (ReA), avg_r_acc=0.7230
[2026-07-07 18:49:28] [Relearn] Round=27, avg_f_acc=0.9102 (ReA), avg_r_acc=0.7385
[2026-07-07 18:51:37] [Relearn] Round=28, avg_f_acc=0.8950 (ReA), avg_r_acc=0.7230
[2026-07-07 18:53:41] [Relearn] Round=29, avg_f_acc=0.9102 (ReA), avg_r_acc=0.7171
[2026-07-07 18:55:47] [Relearn] Round=30, avg_f_acc=0.9253 (ReA), avg_r_acc=0.7463
[2026-07-07 18:57:52] [Relearn] Round=31, avg_f_acc=0.9372 (ReA), avg_r_acc=0.7285
[2026-07-07 18:59:56] [Relearn] Round=32, avg_f_acc=0.8831 (ReA), avg_r_acc=0.7370
[2026-07-07 19:02:04] [Relearn] Round=33, avg_f_acc=0.9134 (ReA), avg_r_acc=0.7224
[2026-07-07 19:04:07] [Relearn] Round=34, avg_f_acc=0.8831 (ReA), avg_r_acc=0.7208
[2026-07-07 19:06:13] [Relearn] Round=35, avg_f_acc=0.9253 (ReA), avg_r_acc=0.7442
[2026-07-07 19:08:24] [Relearn] Round=36, avg_f_acc=0.8831 (ReA), avg_r_acc=0.7177
[2026-07-07 19:10:29] [Relearn] Round=37, avg_f_acc=0.8855 (ReA), avg_r_acc=0.7257
[2026-07-07 19:12:38] [Relearn] Round=38, avg_f_acc=0.8950 (ReA), avg_r_acc=0.7286
[2026-07-07 19:14:40] [Relearn] Round=39, avg_f_acc=0.9405 (ReA), avg_r_acc=0.7477
[2026-07-07 19:16:46] [Relearn] Round=40, avg_f_acc=0.8855 (ReA), avg_r_acc=0.7330
[2026-07-07 19:18:46] [Relearn] Round=41, avg_f_acc=0.8831 (ReA), avg_r_acc=0.7373
[2026-07-07 19:20:49] [Relearn] Round=42, avg_f_acc=0.8855 (ReA), avg_r_acc=0.7310
[2026-07-07 19:22:50] [Relearn] Round=43, avg_f_acc=0.9253 (ReA), avg_r_acc=0.7360
[2026-07-07 19:24:59] [Relearn] Round=44, avg_f_acc=0.8974 (ReA), avg_r_acc=0.7332
[2026-07-07 19:26:57] [Relearn] Round=45, avg_f_acc=0.8950 (ReA), avg_r_acc=0.7203
[2026-07-07 19:28:43] [Relearn] Round=46, avg_f_acc=0.9102 (ReA), avg_r_acc=0.7439
[2026-07-07 19:30:24] [Relearn] Round=47, avg_f_acc=0.8974 (ReA), avg_r_acc=0.7136
[2026-07-07 19:32:24] [Relearn] Round=48, avg_f_acc=0.9126 (ReA), avg_r_acc=0.7362
[2026-07-07 19:34:24] [Relearn] Round=49, avg_f_acc=0.9253 (ReA), avg_r_acc=0.7430
[2026-07-07 19:34:24] ReA (post-relearn forget-client accuracy) = 0.9253
[2026-07-07 19:34:42] Final unlearned model: global test loss=0.0514, acc=0.7959
[2026-07-07 19:35:53] [eval/classification] accuracy=0.7959 macro_precision=0.7856 macro_recall=0.7511 macro_f1=0.7592 weighted_f1=0.7874
[2026-07-07 19:35:53] [eval] overall_acc=0.7959 overall_loss=0.8152 | macro_precision=0.7856 macro_recall=0.7511 macro_f1=0.7592 weighted_f1=0.7874 | per_hospital={ Spain_Dataset: 0.8585, Canada_Dataset: 0.9098, India_Dataset: 0.4015 }
[2026-07-07 19:36:14] [eval/unlearning/remember_classification] accuracy=0.7770 macro_precision=0.7462 macro_recall=0.7162 macro_f1=0.7226 weighted_f1=0.7672
[2026-07-07 19:36:25] [eval/unlearning/forget_classification] accuracy=0.8706 macro_precision=0.9203 macro_recall=0.8658 macro_f1=0.8745 weighted_f1=0.8665
[2026-07-07 19:38:30] [eval/unlearning] RA=0.7770 FA=0.8706 ReA=0.9882 remember_macro_f1=0.7226 forget_macro_f1=0.8745 MIA_acc=0.3307
[2026-07-07 19:38:30] [symmetric eval] RA=0.7770 FA=0.8706 ReA=0.9882 MIA_acc=0.3307
[2026-07-07 19:38:30] Running shadow-model MIA (n_shadow=3, attack_epochs=50, proxy_frac=0.2)...
[2026-07-07 20:39:12] Shadow-model MIA accuracy = 0.5277 (per-client: {0: 0.6064356435643564, 1: 0.7610565110565111, 2: 0.21568627450980393})
[2026-07-07 20:39:12] Saved unlearned model to checkpoints/fu_domain/fu_domain_fedprox_spain_backbone_oral_341137/unlearned_model.pt
[2026-07-07 20:39:12] === Run finished: fu_domain_fedprox_spain_backbone_oral_341137 (elapsed 14063.5s) ===
