[2026-07-08 07:31:03] === Run started: fu_cli_fedmoon_spain_oral_341169 ===
[2026-07-08 07:31:03] Forking from source FL run: fl_fedavg_oral_329811
[2026-07-08 07:31:03] Forgetting: Spain_Dataset (index 0 of ['Spain_Dataset', 'Canada_Dataset', 'India_Dataset'])
[2026-07-08 07:31:03] Phase-2 mechanism: FUSED-CLI (Algorithm 1), algorithm=fedmoon
[2026-07-08 07:31:04] Loaded source checkpoint (read-only) from checkpoints/fl/fl_fedavg_oral_329811/best.pt
[2026-07-08 07:31:04] Built 3 hospital train loaders in order ['Spain_Dataset', 'Canada_Dataset', 'India_Dataset'], sizes=[319, 1308, 404]
[2026-07-08 07:31:04] Built 3 proxy hospital train loaders (proxy_frac=0.2), sizes=[79, 327, 101].
[2026-07-08 07:31:04] Running FUSED-CLI unlearning (algorithm=fedmoon)...
[2026-07-08 07:31:04] Running Critical Layer Identification (one federated round, remember clients only)...
[2026-07-08 07:31:28] Selected 4 critical layers: ['layer4.0.conv2.weight', 'layer4.1.conv2.weight', 'layer4.1.conv1.weight', 'layer4.0.conv1.weight']
[2026-07-08 07:32:46] [FUSED-CLI:fedmoon] Round=0, avg_r_acc=0.6661, avg_f_acc=0.7903, adapter_density=413080/8257536
[2026-07-08 07:34:04] [FUSED-CLI:fedmoon] Round=1, avg_r_acc=0.6684, avg_f_acc=0.7903, adapter_density=413080/8257536
[2026-07-08 07:35:20] [FUSED-CLI:fedmoon] Round=2, avg_r_acc=0.6676, avg_f_acc=0.7903, adapter_density=413080/8257536
[2026-07-08 07:36:34] [FUSED-CLI:fedmoon] Round=3, avg_r_acc=0.6669, avg_f_acc=0.7807, adapter_density=413080/8257536
[2026-07-08 07:37:50] [FUSED-CLI:fedmoon] Round=4, avg_r_acc=0.6662, avg_f_acc=0.7807, adapter_density=413080/8257536
[2026-07-08 07:39:05] [FUSED-CLI:fedmoon] Round=5, avg_r_acc=0.6677, avg_f_acc=0.7807, adapter_density=413080/8257536
[2026-07-08 07:40:23] [FUSED-CLI:fedmoon] Round=6, avg_r_acc=0.6733, avg_f_acc=0.7807, adapter_density=413080/8257536
[2026-07-08 07:41:41] [FUSED-CLI:fedmoon] Round=7, avg_r_acc=0.6778, avg_f_acc=0.7807, adapter_density=413080/8257536
[2026-07-08 07:42:56] [FUSED-CLI:fedmoon] Round=8, avg_r_acc=0.6500, avg_f_acc=0.7807, adapter_density=413080/8257536
[2026-07-08 07:44:12] [FUSED-CLI:fedmoon] Round=9, avg_r_acc=0.6493, avg_f_acc=0.7807, adapter_density=413080/8257536
[2026-07-08 07:45:27] [FUSED-CLI:fedmoon] Round=10, avg_r_acc=0.6486, avg_f_acc=0.7807, adapter_density=413080/8257536
[2026-07-08 07:46:42] [FUSED-CLI:fedmoon] Round=11, avg_r_acc=0.6508, avg_f_acc=0.7807, adapter_density=413080/8257536
[2026-07-08 07:48:00] [FUSED-CLI:fedmoon] Round=12, avg_r_acc=0.6508, avg_f_acc=0.7807, adapter_density=413080/8257536
[2026-07-08 07:49:15] [FUSED-CLI:fedmoon] Round=13, avg_r_acc=0.6539, avg_f_acc=0.7807, adapter_density=413080/8257536
[2026-07-08 07:50:31] [FUSED-CLI:fedmoon] Round=14, avg_r_acc=0.6539, avg_f_acc=0.7712, adapter_density=413080/8257536
[2026-07-08 07:51:45] [FUSED-CLI:fedmoon] Round=15, avg_r_acc=0.6532, avg_f_acc=0.7712, adapter_density=413080/8257536
[2026-07-08 07:52:59] [FUSED-CLI:fedmoon] Round=16, avg_r_acc=0.6532, avg_f_acc=0.7712, adapter_density=413080/8257536
[2026-07-08 07:54:15] [FUSED-CLI:fedmoon] Round=17, avg_r_acc=0.6518, avg_f_acc=0.7712, adapter_density=413080/8257536
[2026-07-08 07:55:30] [FUSED-CLI:fedmoon] Round=18, avg_r_acc=0.6518, avg_f_acc=0.7712, adapter_density=413080/8257536
[2026-07-08 07:56:45] [FUSED-CLI:fedmoon] Round=19, avg_r_acc=0.6518, avg_f_acc=0.7712, adapter_density=413080/8257536
[2026-07-08 07:57:59] [FUSED-CLI:fedmoon] Round=20, avg_r_acc=0.6518, avg_f_acc=0.7712, adapter_density=413080/8257536
[2026-07-08 07:59:15] [FUSED-CLI:fedmoon] Round=21, avg_r_acc=0.6518, avg_f_acc=0.7712, adapter_density=413080/8257536
[2026-07-08 08:00:29] [FUSED-CLI:fedmoon] Round=22, avg_r_acc=0.6511, avg_f_acc=0.7712, adapter_density=413080/8257536
[2026-07-08 08:01:45] [FUSED-CLI:fedmoon] Round=23, avg_r_acc=0.6511, avg_f_acc=0.7712, adapter_density=413080/8257536
[2026-07-08 08:03:00] [FUSED-CLI:fedmoon] Round=24, avg_r_acc=0.6511, avg_f_acc=0.7712, adapter_density=413080/8257536
[2026-07-08 08:04:15] [FUSED-CLI:fedmoon] Round=25, avg_r_acc=0.6511, avg_f_acc=0.7712, adapter_density=413080/8257536
[2026-07-08 08:05:31] [FUSED-CLI:fedmoon] Round=26, avg_r_acc=0.6563, avg_f_acc=0.7712, adapter_density=413080/8257536
[2026-07-08 08:06:44] [FUSED-CLI:fedmoon] Round=27, avg_r_acc=0.6563, avg_f_acc=0.7712, adapter_density=413080/8257536
[2026-07-08 08:07:59] [FUSED-CLI:fedmoon] Round=28, avg_r_acc=0.6585, avg_f_acc=0.7712, adapter_density=413080/8257536
[2026-07-08 08:09:15] [FUSED-CLI:fedmoon] Round=29, avg_r_acc=0.6585, avg_f_acc=0.7712, adapter_density=413080/8257536
[2026-07-08 08:10:31] [FUSED-CLI:fedmoon] Round=30, avg_r_acc=0.6585, avg_f_acc=0.7712, adapter_density=413080/8257536
[2026-07-08 08:11:48] [FUSED-CLI:fedmoon] Round=31, avg_r_acc=0.6585, avg_f_acc=0.7712, adapter_density=413080/8257536
[2026-07-08 08:13:01] [FUSED-CLI:fedmoon] Round=32, avg_r_acc=0.6578, avg_f_acc=0.7712, adapter_density=413080/8257536
[2026-07-08 08:14:17] [FUSED-CLI:fedmoon] Round=33, avg_r_acc=0.6578, avg_f_acc=0.7712, adapter_density=413080/8257536
[2026-07-08 08:15:32] [FUSED-CLI:fedmoon] Round=34, avg_r_acc=0.6578, avg_f_acc=0.7712, adapter_density=413080/8257536
[2026-07-08 08:16:47] [FUSED-CLI:fedmoon] Round=35, avg_r_acc=0.6578, avg_f_acc=0.7712, adapter_density=413080/8257536
[2026-07-08 08:18:04] [FUSED-CLI:fedmoon] Round=36, avg_r_acc=0.6578, avg_f_acc=0.7712, adapter_density=413080/8257536
[2026-07-08 08:19:19] [FUSED-CLI:fedmoon] Round=37, avg_r_acc=0.6578, avg_f_acc=0.7712, adapter_density=413080/8257536
[2026-07-08 08:20:33] [FUSED-CLI:fedmoon] Round=38, avg_r_acc=0.6578, avg_f_acc=0.7712, adapter_density=413080/8257536
[2026-07-08 08:21:47] [FUSED-CLI:fedmoon] Round=39, avg_r_acc=0.6578, avg_f_acc=0.7712, adapter_density=413080/8257536
[2026-07-08 08:23:02] [FUSED-CLI:fedmoon] Round=40, avg_r_acc=0.6578, avg_f_acc=0.7712, adapter_density=413080/8257536
[2026-07-08 08:24:17] [FUSED-CLI:fedmoon] Round=41, avg_r_acc=0.6578, avg_f_acc=0.7712, adapter_density=413080/8257536
[2026-07-08 08:25:30] [FUSED-CLI:fedmoon] Round=42, avg_r_acc=0.6578, avg_f_acc=0.7712, adapter_density=413080/8257536
[2026-07-08 08:26:44] [FUSED-CLI:fedmoon] Round=43, avg_r_acc=0.6578, avg_f_acc=0.7712, adapter_density=413080/8257536
[2026-07-08 08:28:00] [FUSED-CLI:fedmoon] Round=44, avg_r_acc=0.6578, avg_f_acc=0.7712, adapter_density=413080/8257536
[2026-07-08 08:29:15] [FUSED-CLI:fedmoon] Round=45, avg_r_acc=0.6578, avg_f_acc=0.7712, adapter_density=413080/8257536
[2026-07-08 08:30:29] [FUSED-CLI:fedmoon] Round=46, avg_r_acc=0.6578, avg_f_acc=0.7712, adapter_density=413080/8257536
[2026-07-08 08:31:43] [FUSED-CLI:fedmoon] Round=47, avg_r_acc=0.6578, avg_f_acc=0.7712, adapter_density=413080/8257536
[2026-07-08 08:32:59] [FUSED-CLI:fedmoon] Round=48, avg_r_acc=0.6578, avg_f_acc=0.7712, adapter_density=413080/8257536
[2026-07-08 08:34:13] [FUSED-CLI:fedmoon] Round=49, avg_r_acc=0.6578, avg_f_acc=0.7712, adapter_density=413080/8257536
[2026-07-08 08:34:13] FUSED-CLI unlearning complete. Critical layers: ['layer4.0.conv2.weight', 'layer4.1.conv2.weight', 'layer4.1.conv1.weight', 'layer4.0.conv1.weight']
[2026-07-08 08:34:13] Running relearn (ReA) probe for 50 rounds...
[2026-07-08 08:36:09] [Relearn] Round=0, avg_f_acc=0.8394 (ReA), avg_r_acc=0.6482
[2026-07-08 08:38:00] [Relearn] Round=1, avg_f_acc=0.8506 (ReA), avg_r_acc=0.6785
[2026-07-08 08:39:56] [Relearn] Round=2, avg_f_acc=0.8673 (ReA), avg_r_acc=0.6642
[2026-07-08 08:41:56] [Relearn] Round=3, avg_f_acc=0.8483 (ReA), avg_r_acc=0.6622
[2026-07-08 08:43:52] [Relearn] Round=4, avg_f_acc=0.8578 (ReA), avg_r_acc=0.6619
[2026-07-08 08:45:48] [Relearn] Round=5, avg_f_acc=0.8483 (ReA), avg_r_acc=0.6530
[2026-07-08 08:47:46] [Relearn] Round=6, avg_f_acc=0.8602 (ReA), avg_r_acc=0.6583
[2026-07-08 08:49:46] [Relearn] Round=7, avg_f_acc=0.8602 (ReA), avg_r_acc=0.6364
[2026-07-08 08:51:39] [Relearn] Round=8, avg_f_acc=0.8697 (ReA), avg_r_acc=0.6549
[2026-07-08 08:53:33] [Relearn] Round=9, avg_f_acc=0.8602 (ReA), avg_r_acc=0.6618
[2026-07-08 08:55:29] [Relearn] Round=10, avg_f_acc=0.8602 (ReA), avg_r_acc=0.6636
[2026-07-08 08:57:25] [Relearn] Round=11, avg_f_acc=0.8602 (ReA), avg_r_acc=0.6519
[2026-07-08 08:59:19] [Relearn] Round=12, avg_f_acc=0.8483 (ReA), avg_r_acc=0.6590
[2026-07-08 09:01:19] [Relearn] Round=13, avg_f_acc=0.8483 (ReA), avg_r_acc=0.6627
[2026-07-08 09:03:16] [Relearn] Round=14, avg_f_acc=0.8483 (ReA), avg_r_acc=0.6619
[2026-07-08 09:05:17] [Relearn] Round=15, avg_f_acc=0.8483 (ReA), avg_r_acc=0.6612
[2026-07-08 09:07:15] [Relearn] Round=16, avg_f_acc=0.8331 (ReA), avg_r_acc=0.6656
[2026-07-08 09:09:08] [Relearn] Round=17, avg_f_acc=0.8483 (ReA), avg_r_acc=0.6642
[2026-07-08 09:10:59] [Relearn] Round=18, avg_f_acc=0.8483 (ReA), avg_r_acc=0.6731
[2026-07-08 09:12:55] [Relearn] Round=19, avg_f_acc=0.8483 (ReA), avg_r_acc=0.6682
[2026-07-08 09:14:52] [Relearn] Round=20, avg_f_acc=0.8483 (ReA), avg_r_acc=0.6689
[2026-07-08 09:16:57] [Relearn] Round=21, avg_f_acc=0.8483 (ReA), avg_r_acc=0.6577
[2026-07-08 09:18:54] [Relearn] Round=22, avg_f_acc=0.8483 (ReA), avg_r_acc=0.6589
[2026-07-08 09:20:59] [Relearn] Round=23, avg_f_acc=0.8483 (ReA), avg_r_acc=0.6708
[2026-07-08 09:22:56] [Relearn] Round=24, avg_f_acc=0.8578 (ReA), avg_r_acc=0.6759
[2026-07-08 09:24:35] [Relearn] Round=25, avg_f_acc=0.8483 (ReA), avg_r_acc=0.6780
[2026-07-08 09:26:34] [Relearn] Round=26, avg_f_acc=0.8483 (ReA), avg_r_acc=0.6776
[2026-07-08 09:28:33] [Relearn] Round=27, avg_f_acc=0.8578 (ReA), avg_r_acc=0.6816
[2026-07-08 09:30:30] [Relearn] Round=28, avg_f_acc=0.8483 (ReA), avg_r_acc=0.6804
[2026-07-08 09:32:36] [Relearn] Round=29, avg_f_acc=0.8483 (ReA), avg_r_acc=0.6752
[2026-07-08 09:34:37] [Relearn] Round=30, avg_f_acc=0.8483 (ReA), avg_r_acc=0.6826
[2026-07-08 09:36:36] [Relearn] Round=31, avg_f_acc=0.8483 (ReA), avg_r_acc=0.6759
[2026-07-08 09:38:34] [Relearn] Round=32, avg_f_acc=0.8483 (ReA), avg_r_acc=0.6790
[2026-07-08 09:40:33] [Relearn] Round=33, avg_f_acc=0.8483 (ReA), avg_r_acc=0.6693
[2026-07-08 09:42:32] [Relearn] Round=34, avg_f_acc=0.8483 (ReA), avg_r_acc=0.6790
[2026-07-08 09:44:25] [Relearn] Round=35, avg_f_acc=0.8483 (ReA), avg_r_acc=0.6681
[2026-07-08 09:46:20] [Relearn] Round=36, avg_f_acc=0.8483 (ReA), avg_r_acc=0.6701
[2026-07-08 09:48:01] [Relearn] Round=37, avg_f_acc=0.8483 (ReA), avg_r_acc=0.6731
[2026-07-08 09:50:01] [Relearn] Round=38, avg_f_acc=0.8483 (ReA), avg_r_acc=0.6727
[2026-07-08 09:52:03] [Relearn] Round=39, avg_f_acc=0.8483 (ReA), avg_r_acc=0.6724
[2026-07-08 09:53:48] [Relearn] Round=40, avg_f_acc=0.8483 (ReA), avg_r_acc=0.6761
[2026-07-08 09:55:43] [Relearn] Round=41, avg_f_acc=0.8634 (ReA), avg_r_acc=0.6687
[2026-07-08 09:57:42] [Relearn] Round=42, avg_f_acc=0.8483 (ReA), avg_r_acc=0.6715
[2026-07-08 09:59:33] [Relearn] Round=43, avg_f_acc=0.8483 (ReA), avg_r_acc=0.6643
[2026-07-08 10:01:31] [Relearn] Round=44, avg_f_acc=0.8483 (ReA), avg_r_acc=0.6804
[2026-07-08 10:03:22] [Relearn] Round=45, avg_f_acc=0.8483 (ReA), avg_r_acc=0.6811
[2026-07-08 10:05:16] [Relearn] Round=46, avg_f_acc=0.8634 (ReA), avg_r_acc=0.6723
[2026-07-08 10:07:11] [Relearn] Round=47, avg_f_acc=0.8483 (ReA), avg_r_acc=0.6686
[2026-07-08 10:09:06] [Relearn] Round=48, avg_f_acc=0.8483 (ReA), avg_r_acc=0.6634
[2026-07-08 10:11:01] [Relearn] Round=49, avg_f_acc=0.8634 (ReA), avg_r_acc=0.6753
[2026-07-08 10:11:01] ReA = 0.8634
[2026-07-08 10:11:18] Final unlearned model: global test loss=0.0809, acc=0.7520
[2026-07-08 10:12:27] [eval/classification] accuracy=0.7520 macro_precision=0.7221 macro_recall=0.7220 macro_f1=0.7192 weighted_f1=0.7492
[2026-07-08 10:12:27] [eval] overall_acc=0.7520 overall_loss=1.2751 | macro_precision=0.7221 macro_recall=0.7220 macro_f1=0.7192 weighted_f1=0.7492 | per_hospital={ Spain_Dataset: 0.7547, Canada_Dataset: 0.8471, India_Dataset: 0.4621 }
[2026-07-08 10:12:47] [eval/unlearning/remember_classification] accuracy=0.7488 macro_precision=0.7024 macro_recall=0.7061 macro_f1=0.7012 weighted_f1=0.7471
[2026-07-08 10:12:57] [eval/unlearning/forget_classification] accuracy=0.7765 macro_precision=0.8112 macro_recall=0.7712 macro_f1=0.7753 weighted_f1=0.7689
[2026-07-08 10:14:55] [eval/unlearning] RA=0.7488 FA=0.7765 ReA=1.0000 remember_macro_f1=0.7012 forget_macro_f1=0.7753 MIA_acc=0.3190
[2026-07-08 10:14:55] [symmetric eval] RA=0.7488 FA=0.7765 ReA=1.0000 MIA_acc=0.3190
[2026-07-08 10:14:55] Running shadow-model MIA (n_shadow=3, attack_epochs=50, proxy_frac=0.2)...
