[2026-07-05 02:14:59] === Run started: fu_cli_fedprox_spain_oral_337318 ===
[2026-07-05 02:14:59] Forking from source FL run: fl_fedavg_oral_329811
[2026-07-05 02:14:59] Forgetting: Spain_Dataset (index 0 of ['Spain_Dataset', 'Canada_Dataset', 'India_Dataset'])
[2026-07-05 02:14:59] Phase-2 mechanism: FUSED-CLI (Algorithm 1), algorithm=fedprox
[2026-07-05 02:15:02] Loaded source checkpoint (read-only) from checkpoints/fl/fl_fedavg_oral_329811/best.pt
[2026-07-05 02:15:04] Built 3 hospital train loaders in order ['Spain_Dataset', 'Canada_Dataset', 'India_Dataset'], sizes=[398, 1635, 505]
[2026-07-05 02:15:04] Running FUSED-CLI unlearning (algorithm=fedprox)...
[2026-07-05 02:15:04] Running Critical Layer Identification (one federated round, remember clients only)...
[2026-07-05 02:16:38] Selected 4 critical layers: ['layer4.0.conv2.weight', 'layer4.1.conv2.weight', 'layer4.1.conv1.weight', 'layer4.0.conv1.weight']
[2026-07-05 02:18:32] [FUSED-CLI:fedprox] Round=0, avg_r_acc=0.6581, avg_f_acc=0.7886, adapter_density=413080/8257536
[2026-07-05 02:20:05] [FUSED-CLI:fedprox] Round=1, avg_r_acc=0.6642, avg_f_acc=0.7886, adapter_density=413080/8257536
[2026-07-05 02:21:39] [FUSED-CLI:fedprox] Round=2, avg_r_acc=0.6479, avg_f_acc=0.7886, adapter_density=413080/8257536
[2026-07-05 02:23:13] [FUSED-CLI:fedprox] Round=3, avg_r_acc=0.6525, avg_f_acc=0.7809, adapter_density=413080/8257536
[2026-07-05 02:24:44] [FUSED-CLI:fedprox] Round=4, avg_r_acc=0.6574, avg_f_acc=0.7731, adapter_density=413080/8257536
[2026-07-05 02:26:17] [FUSED-CLI:fedprox] Round=5, avg_r_acc=0.6599, avg_f_acc=0.7819, adapter_density=413080/8257536
[2026-07-05 02:27:48] [FUSED-CLI:fedprox] Round=6, avg_r_acc=0.6576, avg_f_acc=0.7907, adapter_density=413080/8257536
[2026-07-05 02:29:23] [FUSED-CLI:fedprox] Round=7, avg_r_acc=0.6608, avg_f_acc=0.7829, adapter_density=413080/8257536
[2026-07-05 02:30:55] [FUSED-CLI:fedprox] Round=8, avg_r_acc=0.6597, avg_f_acc=0.7829, adapter_density=413080/8257536
[2026-07-05 02:32:28] [FUSED-CLI:fedprox] Round=9, avg_r_acc=0.6591, avg_f_acc=0.7829, adapter_density=413080/8257536
[2026-07-05 02:34:01] [FUSED-CLI:fedprox] Round=10, avg_r_acc=0.6609, avg_f_acc=0.7917, adapter_density=413080/8257536
[2026-07-05 02:35:36] [FUSED-CLI:fedprox] Round=11, avg_r_acc=0.6639, avg_f_acc=0.7917, adapter_density=413080/8257536
[2026-07-05 02:37:10] [FUSED-CLI:fedprox] Round=12, avg_r_acc=0.6639, avg_f_acc=0.7917, adapter_density=413080/8257536
[2026-07-05 02:38:43] [FUSED-CLI:fedprox] Round=13, avg_r_acc=0.6646, avg_f_acc=0.7917, adapter_density=413080/8257536
[2026-07-05 02:40:14] [FUSED-CLI:fedprox] Round=14, avg_r_acc=0.6586, avg_f_acc=0.8092, adapter_density=413080/8257536
[2026-07-05 02:41:46] [FUSED-CLI:fedprox] Round=15, avg_r_acc=0.6629, avg_f_acc=0.8092, adapter_density=413080/8257536
[2026-07-05 02:43:17] [FUSED-CLI:fedprox] Round=16, avg_r_acc=0.6618, avg_f_acc=0.8092, adapter_density=413080/8257536
[2026-07-05 02:44:50] [FUSED-CLI:fedprox] Round=17, avg_r_acc=0.6612, avg_f_acc=0.8092, adapter_density=413080/8257536
[2026-07-05 02:46:23] [FUSED-CLI:fedprox] Round=18, avg_r_acc=0.6612, avg_f_acc=0.8092, adapter_density=413080/8257536
[2026-07-05 02:47:56] [FUSED-CLI:fedprox] Round=19, avg_r_acc=0.6612, avg_f_acc=0.8092, adapter_density=413080/8257536
[2026-07-05 02:49:29] [FUSED-CLI:fedprox] Round=20, avg_r_acc=0.6625, avg_f_acc=0.8092, adapter_density=413080/8257536
[2026-07-05 02:51:01] [FUSED-CLI:fedprox] Round=21, avg_r_acc=0.6619, avg_f_acc=0.8092, adapter_density=413080/8257536
[2026-07-05 02:52:33] [FUSED-CLI:fedprox] Round=22, avg_r_acc=0.6619, avg_f_acc=0.8092, adapter_density=413080/8257536
[2026-07-05 02:54:04] [FUSED-CLI:fedprox] Round=23, avg_r_acc=0.6619, avg_f_acc=0.8015, adapter_density=413080/8257536
[2026-07-05 02:55:35] [FUSED-CLI:fedprox] Round=24, avg_r_acc=0.6637, avg_f_acc=0.8015, adapter_density=413080/8257536
[2026-07-05 02:57:07] [FUSED-CLI:fedprox] Round=25, avg_r_acc=0.6637, avg_f_acc=0.8015, adapter_density=413080/8257536
[2026-07-05 02:58:40] [FUSED-CLI:fedprox] Round=26, avg_r_acc=0.6637, avg_f_acc=0.8015, adapter_density=413080/8257536
[2026-07-05 03:00:12] [FUSED-CLI:fedprox] Round=27, avg_r_acc=0.6423, avg_f_acc=0.8015, adapter_density=413080/8257536
[2026-07-05 03:01:44] [FUSED-CLI:fedprox] Round=28, avg_r_acc=0.6423, avg_f_acc=0.8015, adapter_density=413080/8257536
[2026-07-05 03:03:16] [FUSED-CLI:fedprox] Round=29, avg_r_acc=0.6477, avg_f_acc=0.8103, adapter_density=413080/8257536
[2026-07-05 03:04:49] [FUSED-CLI:fedprox] Round=30, avg_r_acc=0.6495, avg_f_acc=0.8103, adapter_density=413080/8257536
[2026-07-05 03:06:20] [FUSED-CLI:fedprox] Round=31, avg_r_acc=0.6495, avg_f_acc=0.8103, adapter_density=413080/8257536
[2026-07-05 03:07:54] [FUSED-CLI:fedprox] Round=32, avg_r_acc=0.6495, avg_f_acc=0.8103, adapter_density=413080/8257536
[2026-07-05 03:09:26] [FUSED-CLI:fedprox] Round=33, avg_r_acc=0.6495, avg_f_acc=0.8103, adapter_density=413080/8257536
[2026-07-05 03:10:56] [FUSED-CLI:fedprox] Round=34, avg_r_acc=0.6489, avg_f_acc=0.8103, adapter_density=413080/8257536
[2026-07-05 03:12:28] [FUSED-CLI:fedprox] Round=35, avg_r_acc=0.6489, avg_f_acc=0.8103, adapter_density=413080/8257536
[2026-07-05 03:14:02] [FUSED-CLI:fedprox] Round=36, avg_r_acc=0.6489, avg_f_acc=0.8103, adapter_density=413080/8257536
[2026-07-05 03:15:34] [FUSED-CLI:fedprox] Round=37, avg_r_acc=0.6489, avg_f_acc=0.8103, adapter_density=413080/8257536
[2026-07-05 03:17:07] [FUSED-CLI:fedprox] Round=38, avg_r_acc=0.6489, avg_f_acc=0.8103, adapter_density=413080/8257536
[2026-07-05 03:18:39] [FUSED-CLI:fedprox] Round=39, avg_r_acc=0.6495, avg_f_acc=0.8103, adapter_density=413080/8257536
[2026-07-05 03:20:11] [FUSED-CLI:fedprox] Round=40, avg_r_acc=0.6286, avg_f_acc=0.8103, adapter_density=413080/8257536
[2026-07-05 03:21:42] [FUSED-CLI:fedprox] Round=41, avg_r_acc=0.6286, avg_f_acc=0.8103, adapter_density=413080/8257536
[2026-07-05 03:23:13] [FUSED-CLI:fedprox] Round=42, avg_r_acc=0.6286, avg_f_acc=0.8103, adapter_density=413080/8257536
[2026-07-05 03:24:44] [FUSED-CLI:fedprox] Round=43, avg_r_acc=0.6286, avg_f_acc=0.8103, adapter_density=413080/8257536
[2026-07-05 03:26:16] [FUSED-CLI:fedprox] Round=44, avg_r_acc=0.6286, avg_f_acc=0.8015, adapter_density=413080/8257536
[2026-07-05 03:27:47] [FUSED-CLI:fedprox] Round=45, avg_r_acc=0.6286, avg_f_acc=0.8015, adapter_density=413080/8257536
[2026-07-05 03:29:19] [FUSED-CLI:fedprox] Round=46, avg_r_acc=0.6078, avg_f_acc=0.8015, adapter_density=413080/8257536
[2026-07-05 03:30:51] [FUSED-CLI:fedprox] Round=47, avg_r_acc=0.6078, avg_f_acc=0.8015, adapter_density=413080/8257536
[2026-07-05 03:32:24] [FUSED-CLI:fedprox] Round=48, avg_r_acc=0.6078, avg_f_acc=0.8015, adapter_density=413080/8257536
[2026-07-05 03:33:55] [FUSED-CLI:fedprox] Round=49, avg_r_acc=0.6078, avg_f_acc=0.8015, adapter_density=413080/8257536
[2026-07-05 03:33:55] FUSED-CLI unlearning complete. Critical layers: ['layer4.0.conv2.weight', 'layer4.1.conv2.weight', 'layer4.1.conv1.weight', 'layer4.0.conv1.weight']
[2026-07-05 03:33:55] Running relearn (ReA) probe for 50 rounds...
[2026-07-05 03:37:39] [Relearn] Round=0, avg_f_acc=0.8479 (ReA), avg_r_acc=0.6724
[2026-07-05 03:39:47] [Relearn] Round=1, avg_f_acc=0.8413 (ReA), avg_r_acc=0.6463
[2026-07-05 03:42:21] [Relearn] Round=2, avg_f_acc=0.8644 (ReA), avg_r_acc=0.6512
[2026-07-05 03:44:53] [Relearn] Round=3, avg_f_acc=0.8556 (ReA), avg_r_acc=0.6482
[2026-07-05 03:47:33] [Relearn] Round=4, avg_f_acc=0.8644 (ReA), avg_r_acc=0.6484
[2026-07-05 03:50:01] [Relearn] Round=5, avg_f_acc=0.8433 (ReA), avg_r_acc=0.6321
[2026-07-05 03:52:36] [Relearn] Round=6, avg_f_acc=0.8644 (ReA), avg_r_acc=0.6596
[2026-07-05 03:55:08] [Relearn] Round=7, avg_f_acc=0.8577 (ReA), avg_r_acc=0.6529
[2026-07-05 03:57:48] [Relearn] Round=8, avg_f_acc=0.8644 (ReA), avg_r_acc=0.6436
[2026-07-05 04:00:17] [Relearn] Round=9, avg_f_acc=0.8644 (ReA), avg_r_acc=0.6456
[2026-07-05 04:02:57] [Relearn] Round=10, avg_f_acc=0.8556 (ReA), avg_r_acc=0.6499
[2026-07-05 04:05:17] [Relearn] Round=11, avg_f_acc=0.8455 (ReA), avg_r_acc=0.6225
[2026-07-05 04:07:48] [Relearn] Round=12, avg_f_acc=0.8433 (ReA), avg_r_acc=0.6301
[2026-07-05 04:10:17] [Relearn] Round=13, avg_f_acc=0.8722 (ReA), avg_r_acc=0.6268
[2026-07-05 04:12:44] [Relearn] Round=14, avg_f_acc=0.8433 (ReA), avg_r_acc=0.6305
[2026-07-05 04:14:49] [Relearn] Round=15, avg_f_acc=0.8566 (ReA), avg_r_acc=0.6402
[2026-07-05 04:17:17] [Relearn] Round=16, avg_f_acc=0.8644 (ReA), avg_r_acc=0.6491
[2026-07-05 04:19:53] [Relearn] Round=17, avg_f_acc=0.8644 (ReA), avg_r_acc=0.6441
[2026-07-05 04:22:18] [Relearn] Round=18, avg_f_acc=0.8556 (ReA), avg_r_acc=0.6274
[2026-07-05 04:24:49] [Relearn] Round=19, avg_f_acc=0.8644 (ReA), avg_r_acc=0.6625
[2026-07-05 04:27:21] [Relearn] Round=20, avg_f_acc=0.8644 (ReA), avg_r_acc=0.6608
[2026-07-05 04:29:28] [Relearn] Round=21, avg_f_acc=0.8556 (ReA), avg_r_acc=0.6560
[2026-07-05 04:31:49] [Relearn] Round=22, avg_f_acc=0.8634 (ReA), avg_r_acc=0.6506
[2026-07-05 04:34:16] [Relearn] Round=23, avg_f_acc=0.8634 (ReA), avg_r_acc=0.6577
[2026-07-05 04:36:41] [Relearn] Round=24, avg_f_acc=0.8634 (ReA), avg_r_acc=0.6561
[2026-07-05 04:38:46] [Relearn] Round=25, avg_f_acc=0.8634 (ReA), avg_r_acc=0.6551
[2026-07-05 04:40:52] [Relearn] Round=26, avg_f_acc=0.8634 (ReA), avg_r_acc=0.6595
[2026-07-05 04:43:00] [Relearn] Round=27, avg_f_acc=0.8711 (ReA), avg_r_acc=0.6394
[2026-07-05 04:45:32] [Relearn] Round=28, avg_f_acc=0.8556 (ReA), avg_r_acc=0.6558
[2026-07-05 04:48:02] [Relearn] Round=29, avg_f_acc=0.8722 (ReA), avg_r_acc=0.6497
[2026-07-05 04:50:33] [Relearn] Round=30, avg_f_acc=0.8401 (ReA), avg_r_acc=0.6504
[2026-07-05 04:53:07] [Relearn] Round=31, avg_f_acc=0.8324 (ReA), avg_r_acc=0.6669
[2026-07-05 04:55:14] [Relearn] Round=32, avg_f_acc=0.8401 (ReA), avg_r_acc=0.6651
[2026-07-05 04:57:43] [Relearn] Round=33, avg_f_acc=0.8479 (ReA), avg_r_acc=0.6569
[2026-07-05 05:00:10] [Relearn] Round=34, avg_f_acc=0.8722 (ReA), avg_r_acc=0.6636
[2026-07-05 05:02:20] [Relearn] Round=35, avg_f_acc=0.8588 (ReA), avg_r_acc=0.6509
[2026-07-05 05:04:43] [Relearn] Round=36, avg_f_acc=0.8634 (ReA), avg_r_acc=0.6486
[2026-07-05 05:07:17] [Relearn] Round=37, avg_f_acc=0.8711 (ReA), avg_r_acc=0.6432
[2026-07-05 05:09:47] [Relearn] Round=38, avg_f_acc=0.8556 (ReA), avg_r_acc=0.6512
[2026-07-05 05:12:29] [Relearn] Round=39, avg_f_acc=0.8479 (ReA), avg_r_acc=0.6492
[2026-07-05 05:14:37] [Relearn] Round=40, avg_f_acc=0.8634 (ReA), avg_r_acc=0.6480
[2026-07-05 05:17:01] [Relearn] Round=41, avg_f_acc=0.8556 (ReA), avg_r_acc=0.6486
[2026-07-05 05:19:07] [Relearn] Round=42, avg_f_acc=0.8566 (ReA), avg_r_acc=0.6505
[2026-07-05 05:21:15] [Relearn] Round=43, avg_f_acc=0.8479 (ReA), avg_r_acc=0.6532
[2026-07-05 05:23:46] [Relearn] Round=44, avg_f_acc=0.8722 (ReA), avg_r_acc=0.6445
[2026-07-05 05:26:25] [Relearn] Round=45, avg_f_acc=0.8566 (ReA), avg_r_acc=0.6463
[2026-07-05 05:28:57] [Relearn] Round=46, avg_f_acc=0.8732 (ReA), avg_r_acc=0.6463
[2026-07-05 05:31:30] [Relearn] Round=47, avg_f_acc=0.8644 (ReA), avg_r_acc=0.6570
[2026-07-05 05:34:15] [Relearn] Round=48, avg_f_acc=0.8644 (ReA), avg_r_acc=0.6551
[2026-07-05 05:36:41] [Relearn] Round=49, avg_f_acc=0.8644 (ReA), avg_r_acc=0.6567
[2026-07-05 05:36:41] ReA = 0.8644
[2026-07-05 05:36:57] Final unlearned model: global test loss=0.0748, acc=0.7378
[2026-07-05 05:36:57] Saved unlearned model to checkpoints/fu_cli_domain/fu_cli_fedprox_spain_oral_337318/unlearned_model.pt
[2026-07-05 05:36:57] === Run finished: fu_cli_fedprox_spain_oral_337318 (elapsed 12118.2s) ===
