[2026-07-07 00:45:53] === Run started: fu_domain_fedbn_canada_backbone_oral_340076 ===
[2026-07-07 00:45:53] Forking from source FL run: fl_fedbn_oral_330775
[2026-07-07 00:45:53] Forgetting hospital: Canada_Dataset (index 1 of ['Spain_Dataset', 'Canada_Dataset', 'India_Dataset'])
[2026-07-07 00:45:53] Phase-2 algorithm: fedbn
[2026-07-07 00:45:53] global_epoch=50, local_epoch=3, batch_size=16
[2026-07-07 00:45:54] Loaded source checkpoint (read-only) from checkpoints/fl/fl_fedbn_oral_330775/best.pt
[2026-07-07 00:45:54] Built 3 hospital train loaders, 3 hospital test loaders, in order ['Spain_Dataset', 'Canada_Dataset', 'India_Dataset'].
[2026-07-07 00:45:54] Running FUSED forget_client_train_domain (algorithm=fedbn)...
[2026-07-07 00:49:13] [FUSED forget_client_train:fedbn] Epoch=0, avg_r_acc=0.6315, avg_f_acc=0.7763
[2026-07-07 00:52:23] [FUSED forget_client_train:fedbn] Epoch=1, avg_r_acc=0.6427, avg_f_acc=0.7651
[2026-07-07 00:55:38] [FUSED forget_client_train:fedbn] Epoch=2, avg_r_acc=0.6180, avg_f_acc=0.7288
[2026-07-07 00:58:37] [FUSED forget_client_train:fedbn] Epoch=3, avg_r_acc=0.6441, avg_f_acc=0.7769
[2026-07-07 01:01:36] [FUSED forget_client_train:fedbn] Epoch=4, avg_r_acc=0.6430, avg_f_acc=0.7562
[2026-07-07 01:04:38] [FUSED forget_client_train:fedbn] Epoch=5, avg_r_acc=0.6338, avg_f_acc=0.7454
[2026-07-07 01:07:33] [FUSED forget_client_train:fedbn] Epoch=6, avg_r_acc=0.6438, avg_f_acc=0.7808
[2026-07-07 01:10:45] [FUSED forget_client_train:fedbn] Epoch=7, avg_r_acc=0.6471, avg_f_acc=0.7438
[2026-07-07 01:13:44] [FUSED forget_client_train:fedbn] Epoch=8, avg_r_acc=0.6400, avg_f_acc=0.7625
[2026-07-07 01:16:48] [FUSED forget_client_train:fedbn] Epoch=9, avg_r_acc=0.6399, avg_f_acc=0.7703
[2026-07-07 01:19:51] [FUSED forget_client_train:fedbn] Epoch=10, avg_r_acc=0.6323, avg_f_acc=0.7740
[2026-07-07 01:22:47] [FUSED forget_client_train:fedbn] Epoch=11, avg_r_acc=0.6351, avg_f_acc=0.7535
[2026-07-07 01:25:55] [FUSED forget_client_train:fedbn] Epoch=12, avg_r_acc=0.6335, avg_f_acc=0.7647
[2026-07-07 01:28:33] [FUSED forget_client_train:fedbn] Epoch=13, avg_r_acc=0.6442, avg_f_acc=0.7546
[2026-07-07 01:31:43] [FUSED forget_client_train:fedbn] Epoch=14, avg_r_acc=0.6675, avg_f_acc=0.7499
[2026-07-07 01:34:35] [FUSED forget_client_train:fedbn] Epoch=15, avg_r_acc=0.6241, avg_f_acc=0.7774
[2026-07-07 01:37:30] [FUSED forget_client_train:fedbn] Epoch=16, avg_r_acc=0.6506, avg_f_acc=0.7651
[2026-07-07 01:40:24] [FUSED forget_client_train:fedbn] Epoch=17, avg_r_acc=0.6315, avg_f_acc=0.7472
[2026-07-07 01:43:23] [FUSED forget_client_train:fedbn] Epoch=18, avg_r_acc=0.6369, avg_f_acc=0.7546
[2026-07-07 01:46:22] [FUSED forget_client_train:fedbn] Epoch=19, avg_r_acc=0.6830, avg_f_acc=0.7384
[2026-07-07 01:49:14] [FUSED forget_client_train:fedbn] Epoch=20, avg_r_acc=0.6750, avg_f_acc=0.7841
[2026-07-07 01:52:08] [FUSED forget_client_train:fedbn] Epoch=21, avg_r_acc=0.5896, avg_f_acc=0.6805
[2026-07-07 01:55:03] [FUSED forget_client_train:fedbn] Epoch=22, avg_r_acc=0.6072, avg_f_acc=0.7314
[2026-07-07 01:58:04] [FUSED forget_client_train:fedbn] Epoch=23, avg_r_acc=0.6538, avg_f_acc=0.7434
[2026-07-07 02:01:04] [FUSED forget_client_train:fedbn] Epoch=24, avg_r_acc=0.6352, avg_f_acc=0.7793
[2026-07-07 02:04:03] [FUSED forget_client_train:fedbn] Epoch=25, avg_r_acc=0.6694, avg_f_acc=0.7346
[2026-07-07 02:07:07] [FUSED forget_client_train:fedbn] Epoch=26, avg_r_acc=0.6936, avg_f_acc=0.7854
[2026-07-07 02:10:06] [FUSED forget_client_train:fedbn] Epoch=27, avg_r_acc=0.6672, avg_f_acc=0.7681
[2026-07-07 02:13:00] [FUSED forget_client_train:fedbn] Epoch=28, avg_r_acc=0.6394, avg_f_acc=0.7297
[2026-07-07 02:16:01] [FUSED forget_client_train:fedbn] Epoch=29, avg_r_acc=0.6861, avg_f_acc=0.7838
[2026-07-07 02:19:02] [FUSED forget_client_train:fedbn] Epoch=30, avg_r_acc=0.6951, avg_f_acc=0.7748
[2026-07-07 02:22:04] [FUSED forget_client_train:fedbn] Epoch=31, avg_r_acc=0.6248, avg_f_acc=0.7838
[2026-07-07 02:25:05] [FUSED forget_client_train:fedbn] Epoch=32, avg_r_acc=0.6365, avg_f_acc=0.7638
[2026-07-07 02:28:08] [FUSED forget_client_train:fedbn] Epoch=33, avg_r_acc=0.6331, avg_f_acc=0.7681
[2026-07-07 02:31:11] [FUSED forget_client_train:fedbn] Epoch=34, avg_r_acc=0.6522, avg_f_acc=0.7530
[2026-07-07 02:34:15] [FUSED forget_client_train:fedbn] Epoch=35, avg_r_acc=0.6307, avg_f_acc=0.7580
[2026-07-07 02:37:23] [FUSED forget_client_train:fedbn] Epoch=36, avg_r_acc=0.6872, avg_f_acc=0.7872
[2026-07-07 02:40:39] [FUSED forget_client_train:fedbn] Epoch=37, avg_r_acc=0.6997, avg_f_acc=0.7827
[2026-07-07 02:43:40] [FUSED forget_client_train:fedbn] Epoch=38, avg_r_acc=0.6667, avg_f_acc=0.7703
[2026-07-07 02:46:43] [FUSED forget_client_train:fedbn] Epoch=39, avg_r_acc=0.7046, avg_f_acc=0.7965
[2026-07-07 02:49:47] [FUSED forget_client_train:fedbn] Epoch=40, avg_r_acc=0.6279, avg_f_acc=0.7751
[2026-07-07 02:52:56] [FUSED forget_client_train:fedbn] Epoch=41, avg_r_acc=0.6336, avg_f_acc=0.7625
[2026-07-07 02:55:53] [FUSED forget_client_train:fedbn] Epoch=42, avg_r_acc=0.6369, avg_f_acc=0.7591
[2026-07-07 02:58:50] [FUSED forget_client_train:fedbn] Epoch=43, avg_r_acc=0.6310, avg_f_acc=0.7771
[2026-07-07 03:01:49] [FUSED forget_client_train:fedbn] Epoch=44, avg_r_acc=0.6704, avg_f_acc=0.7436
[2026-07-07 03:04:44] [FUSED forget_client_train:fedbn] Epoch=45, avg_r_acc=0.6556, avg_f_acc=0.7546
[2026-07-07 03:07:46] [FUSED forget_client_train:fedbn] Epoch=46, avg_r_acc=0.6690, avg_f_acc=0.7492
[2026-07-07 03:10:49] [FUSED forget_client_train:fedbn] Epoch=47, avg_r_acc=0.6962, avg_f_acc=0.7965
[2026-07-07 03:13:51] [FUSED forget_client_train:fedbn] Epoch=48, avg_r_acc=0.5526, avg_f_acc=0.6143
[2026-07-07 03:16:28] [FUSED forget_client_train:fedbn] Epoch=49, avg_r_acc=0.6690, avg_f_acc=0.7632
[2026-07-07 03:16:28] FUSED unlearning complete. LoRA trainable params: 254000/11432051 (2.2218%).
[2026-07-07 03:16:28] Running relearn (ReA) probe for 50 rounds (algorithm-agnostic)...
[2026-07-07 03:17:26] [Relearn] Round=0, avg_f_acc=0.7844 (ReA), avg_r_acc=0.6409
[2026-07-07 03:18:26] [Relearn] Round=1, avg_f_acc=0.7877 (ReA), avg_r_acc=0.5990
[2026-07-07 03:19:27] [Relearn] Round=2, avg_f_acc=0.7088 (ReA), avg_r_acc=0.5194
[2026-07-07 03:20:26] [Relearn] Round=3, avg_f_acc=0.8013 (ReA), avg_r_acc=0.6127
[2026-07-07 03:21:25] [Relearn] Round=4, avg_f_acc=0.6814 (ReA), avg_r_acc=0.5090
[2026-07-07 03:22:24] [Relearn] Round=5, avg_f_acc=0.6664 (ReA), avg_r_acc=0.5044
[2026-07-07 03:23:25] [Relearn] Round=6, avg_f_acc=0.7867 (ReA), avg_r_acc=0.5801
[2026-07-07 03:24:24] [Relearn] Round=7, avg_f_acc=0.7331 (ReA), avg_r_acc=0.5587
[2026-07-07 03:25:22] [Relearn] Round=8, avg_f_acc=0.7280 (ReA), avg_r_acc=0.5604
[2026-07-07 03:26:22] [Relearn] Round=9, avg_f_acc=0.7667 (ReA), avg_r_acc=0.5735
[2026-07-07 03:27:22] [Relearn] Round=10, avg_f_acc=0.7205 (ReA), avg_r_acc=0.5286
[2026-07-07 03:28:21] [Relearn] Round=11, avg_f_acc=0.7640 (ReA), avg_r_acc=0.5415
[2026-07-07 03:29:20] [Relearn] Round=12, avg_f_acc=0.7057 (ReA), avg_r_acc=0.5060
[2026-07-07 03:30:19] [Relearn] Round=13, avg_f_acc=0.7541 (ReA), avg_r_acc=0.5766
[2026-07-07 03:31:18] [Relearn] Round=14, avg_f_acc=0.6732 (ReA), avg_r_acc=0.4950
[2026-07-07 03:32:17] [Relearn] Round=15, avg_f_acc=0.7606 (ReA), avg_r_acc=0.5851
[2026-07-07 03:33:17] [Relearn] Round=16, avg_f_acc=0.7510 (ReA), avg_r_acc=0.5966
[2026-07-07 03:34:17] [Relearn] Round=17, avg_f_acc=0.8055 (ReA), avg_r_acc=0.5791
[2026-07-07 03:35:16] [Relearn] Round=18, avg_f_acc=0.6876 (ReA), avg_r_acc=0.5018
[2026-07-07 03:36:15] [Relearn] Round=19, avg_f_acc=0.7911 (ReA), avg_r_acc=0.5560
[2026-07-07 03:37:14] [Relearn] Round=20, avg_f_acc=0.7342 (ReA), avg_r_acc=0.5646
[2026-07-07 03:38:14] [Relearn] Round=21, avg_f_acc=0.7425 (ReA), avg_r_acc=0.5350
[2026-07-07 03:39:13] [Relearn] Round=22, avg_f_acc=0.7279 (ReA), avg_r_acc=0.5150
[2026-07-07 03:40:12] [Relearn] Round=23, avg_f_acc=0.6970 (ReA), avg_r_acc=0.5072
[2026-07-07 03:41:11] [Relearn] Round=24, avg_f_acc=0.7739 (ReA), avg_r_acc=0.5903
[2026-07-07 03:42:11] [Relearn] Round=25, avg_f_acc=0.7248 (ReA), avg_r_acc=0.5212
[2026-07-07 03:43:10] [Relearn] Round=26, avg_f_acc=0.6246 (ReA), avg_r_acc=0.4489
[2026-07-07 03:44:09] [Relearn] Round=27, avg_f_acc=0.7674 (ReA), avg_r_acc=0.5381
[2026-07-07 03:45:08] [Relearn] Round=28, avg_f_acc=0.7689 (ReA), avg_r_acc=0.5412
[2026-07-07 03:46:08] [Relearn] Round=29, avg_f_acc=0.7405 (ReA), avg_r_acc=0.5334
[2026-07-07 03:47:07] [Relearn] Round=30, avg_f_acc=0.7942 (ReA), avg_r_acc=0.5857
[2026-07-07 03:48:08] [Relearn] Round=31, avg_f_acc=0.7396 (ReA), avg_r_acc=0.5456
[2026-07-07 03:49:08] [Relearn] Round=32, avg_f_acc=0.8028 (ReA), avg_r_acc=0.5638
[2026-07-07 03:50:08] [Relearn] Round=33, avg_f_acc=0.7916 (ReA), avg_r_acc=0.5732
[2026-07-07 03:51:08] [Relearn] Round=34, avg_f_acc=0.5902 (ReA), avg_r_acc=0.4417
[2026-07-07 03:52:09] [Relearn] Round=35, avg_f_acc=0.7669 (ReA), avg_r_acc=0.5677
[2026-07-07 03:53:08] [Relearn] Round=36, avg_f_acc=0.7067 (ReA), avg_r_acc=0.5163
[2026-07-07 03:54:10] [Relearn] Round=37, avg_f_acc=0.6485 (ReA), avg_r_acc=0.4766
[2026-07-07 03:55:10] [Relearn] Round=38, avg_f_acc=0.7753 (ReA), avg_r_acc=0.5809
[2026-07-07 03:56:10] [Relearn] Round=39, avg_f_acc=0.7553 (ReA), avg_r_acc=0.5938
[2026-07-07 03:57:10] [Relearn] Round=40, avg_f_acc=0.7067 (ReA), avg_r_acc=0.5233
[2026-07-07 03:58:11] [Relearn] Round=41, avg_f_acc=0.6733 (ReA), avg_r_acc=0.4827
[2026-07-07 03:59:10] [Relearn] Round=42, avg_f_acc=0.7555 (ReA), avg_r_acc=0.5739
[2026-07-07 04:00:10] [Relearn] Round=43, avg_f_acc=0.7954 (ReA), avg_r_acc=0.5953
[2026-07-07 04:01:11] [Relearn] Round=44, avg_f_acc=0.7299 (ReA), avg_r_acc=0.5171
[2026-07-07 04:02:10] [Relearn] Round=45, avg_f_acc=0.7396 (ReA), avg_r_acc=0.5649
[2026-07-07 04:03:09] [Relearn] Round=46, avg_f_acc=0.7691 (ReA), avg_r_acc=0.5868
[2026-07-07 04:04:07] [Relearn] Round=47, avg_f_acc=0.7934 (ReA), avg_r_acc=0.5289
[2026-07-07 04:05:06] [Relearn] Round=48, avg_f_acc=0.7628 (ReA), avg_r_acc=0.5558
[2026-07-07 04:06:05] [Relearn] Round=49, avg_f_acc=0.7857 (ReA), avg_r_acc=0.5573
[2026-07-07 04:06:05] ReA (post-relearn forget-client accuracy) = 0.7857
[2026-07-07 04:06:22] Final unlearned model: global test loss=0.0821, acc=0.6970
