[2026-07-03 14:01:54] === Run started: fu_domain_fedavg_india_oral_335343 ===
[2026-07-03 14:01:54] Forking from source FL run: fl_fedavg_oral_329811
[2026-07-03 14:01:54] Forgetting hospital: India_Dataset (index 2 of ['Spain_Dataset', 'Canada_Dataset', 'India_Dataset'])
[2026-07-03 14:01:54] Phase-2 algorithm: fedavg
[2026-07-03 14:01:54] global_epoch=50, local_epoch=3, batch_size=16
[2026-07-03 14:01:54] Loaded source checkpoint (read-only) from checkpoints/fl/fl_fedavg_oral_329811/best.pt
[2026-07-03 14:01:55] Built 3 hospital train loaders, 3 hospital test loaders, in order ['Spain_Dataset', 'Canada_Dataset', 'India_Dataset'].
[2026-07-03 14:01:55] Running FUSED forget_client_train_domain (algorithm=fedavg)...
[2026-07-03 14:05:14] [FUSED forget_client_train:fedavg] Epoch=0, avg_r_acc=0.8255, avg_f_acc=0.5094
[2026-07-03 14:08:30] [FUSED forget_client_train:fedavg] Epoch=1, avg_r_acc=0.8241, avg_f_acc=0.5022
[2026-07-03 14:11:38] [FUSED forget_client_train:fedavg] Epoch=2, avg_r_acc=0.8247, avg_f_acc=0.4915
[2026-07-03 14:14:44] [FUSED forget_client_train:fedavg] Epoch=3, avg_r_acc=0.8241, avg_f_acc=0.4951
[2026-07-03 14:17:54] [FUSED forget_client_train:fedavg] Epoch=4, avg_r_acc=0.8188, avg_f_acc=0.4772
[2026-07-03 14:20:58] [FUSED forget_client_train:fedavg] Epoch=5, avg_r_acc=0.8253, avg_f_acc=0.4987
[2026-07-03 14:24:04] [FUSED forget_client_train:fedavg] Epoch=6, avg_r_acc=0.8139, avg_f_acc=0.4807
[2026-07-03 14:27:11] [FUSED forget_client_train:fedavg] Epoch=7, avg_r_acc=0.8140, avg_f_acc=0.5094
[2026-07-03 14:30:19] [FUSED forget_client_train:fedavg] Epoch=8, avg_r_acc=0.8139, avg_f_acc=0.4772
[2026-07-03 14:33:28] [FUSED forget_client_train:fedavg] Epoch=9, avg_r_acc=0.8104, avg_f_acc=0.4700
[2026-07-03 14:36:40] [FUSED forget_client_train:fedavg] Epoch=10, avg_r_acc=0.7994, avg_f_acc=0.4628
[2026-07-03 14:39:46] [FUSED forget_client_train:fedavg] Epoch=11, avg_r_acc=0.8152, avg_f_acc=0.4700
[2026-07-03 14:42:57] [FUSED forget_client_train:fedavg] Epoch=12, avg_r_acc=0.8236, avg_f_acc=0.4987
[2026-07-03 14:46:08] [FUSED forget_client_train:fedavg] Epoch=13, avg_r_acc=0.8230, avg_f_acc=0.4879
[2026-07-03 14:49:17] [FUSED forget_client_train:fedavg] Epoch=14, avg_r_acc=0.8051, avg_f_acc=0.4879
[2026-07-03 14:52:32] [FUSED forget_client_train:fedavg] Epoch=15, avg_r_acc=0.8194, avg_f_acc=0.4736
[2026-07-03 14:55:43] [FUSED forget_client_train:fedavg] Epoch=16, avg_r_acc=0.8185, avg_f_acc=0.4915
[2026-07-03 14:59:02] [FUSED forget_client_train:fedavg] Epoch=17, avg_r_acc=0.8044, avg_f_acc=0.4664
[2026-07-03 15:02:14] [FUSED forget_client_train:fedavg] Epoch=18, avg_r_acc=0.8217, avg_f_acc=0.4700
[2026-07-03 15:05:20] [FUSED forget_client_train:fedavg] Epoch=19, avg_r_acc=0.8149, avg_f_acc=0.4556
[2026-07-03 15:08:29] [FUSED forget_client_train:fedavg] Epoch=20, avg_r_acc=0.8149, avg_f_acc=0.4807
[2026-07-03 15:11:36] [FUSED forget_client_train:fedavg] Epoch=21, avg_r_acc=0.8107, avg_f_acc=0.4807
[2026-07-03 15:14:45] [FUSED forget_client_train:fedavg] Epoch=22, avg_r_acc=0.8205, avg_f_acc=0.4521
[2026-07-03 15:17:49] [FUSED forget_client_train:fedavg] Epoch=23, avg_r_acc=0.8102, avg_f_acc=0.4736
[2026-07-03 15:20:57] [FUSED forget_client_train:fedavg] Epoch=24, avg_r_acc=0.8108, avg_f_acc=0.4736
[2026-07-03 15:24:01] [FUSED forget_client_train:fedavg] Epoch=25, avg_r_acc=0.8247, avg_f_acc=0.4843
[2026-07-03 15:27:21] [FUSED forget_client_train:fedavg] Epoch=26, avg_r_acc=0.8258, avg_f_acc=0.4879
[2026-07-03 15:30:22] [FUSED forget_client_train:fedavg] Epoch=27, avg_r_acc=0.8053, avg_f_acc=0.4772
[2026-07-03 15:33:35] [FUSED forget_client_train:fedavg] Epoch=28, avg_r_acc=0.8193, avg_f_acc=0.4772
[2026-07-03 15:36:45] [FUSED forget_client_train:fedavg] Epoch=29, avg_r_acc=0.8104, avg_f_acc=0.4556
[2026-07-03 15:39:48] [FUSED forget_client_train:fedavg] Epoch=30, avg_r_acc=0.8110, avg_f_acc=0.4736
[2026-07-03 15:42:59] [FUSED forget_client_train:fedavg] Epoch=31, avg_r_acc=0.8193, avg_f_acc=0.4807
[2026-07-03 15:46:10] [FUSED forget_client_train:fedavg] Epoch=32, avg_r_acc=0.8061, avg_f_acc=0.4937
[2026-07-03 15:49:21] [FUSED forget_client_train:fedavg] Epoch=33, avg_r_acc=0.8087, avg_f_acc=0.4664
[2026-07-03 15:52:28] [FUSED forget_client_train:fedavg] Epoch=34, avg_r_acc=0.8101, avg_f_acc=0.4772
[2026-07-03 15:55:35] [FUSED forget_client_train:fedavg] Epoch=35, avg_r_acc=0.8121, avg_f_acc=0.4937
[2026-07-03 15:58:40] [FUSED forget_client_train:fedavg] Epoch=36, avg_r_acc=0.8083, avg_f_acc=0.4736
[2026-07-03 16:02:00] [FUSED forget_client_train:fedavg] Epoch=37, avg_r_acc=0.7989, avg_f_acc=0.4843
[2026-07-03 16:05:06] [FUSED forget_client_train:fedavg] Epoch=38, avg_r_acc=0.8155, avg_f_acc=0.4879
[2026-07-03 16:08:14] [FUSED forget_client_train:fedavg] Epoch=39, avg_r_acc=0.8057, avg_f_acc=0.4736
[2026-07-03 16:11:25] [FUSED forget_client_train:fedavg] Epoch=40, avg_r_acc=0.8089, avg_f_acc=0.4973
[2026-07-03 16:14:32] [FUSED forget_client_train:fedavg] Epoch=41, avg_r_acc=0.8161, avg_f_acc=0.4807
[2026-07-03 16:17:41] [FUSED forget_client_train:fedavg] Epoch=42, avg_r_acc=0.8211, avg_f_acc=0.4700
[2026-07-03 16:20:50] [FUSED forget_client_train:fedavg] Epoch=43, avg_r_acc=0.8192, avg_f_acc=0.4736
[2026-07-03 16:23:56] [FUSED forget_client_train:fedavg] Epoch=44, avg_r_acc=0.8193, avg_f_acc=0.4772
[2026-07-03 16:27:05] [FUSED forget_client_train:fedavg] Epoch=45, avg_r_acc=0.8272, avg_f_acc=0.4664
[2026-07-03 16:30:10] [FUSED forget_client_train:fedavg] Epoch=46, avg_r_acc=0.8305, avg_f_acc=0.4664
[2026-07-03 16:33:23] [FUSED forget_client_train:fedavg] Epoch=47, avg_r_acc=0.8285, avg_f_acc=0.4664
[2026-07-03 16:36:30] [FUSED forget_client_train:fedavg] Epoch=48, avg_r_acc=0.8225, avg_f_acc=0.4879
[2026-07-03 16:39:40] [FUSED forget_client_train:fedavg] Epoch=49, avg_r_acc=0.8231, avg_f_acc=0.4736
[2026-07-03 16:39:40] FUSED unlearning complete. LoRA trainable params: 254000/11432051 (2.2218%).
[2026-07-03 16:39:40] Running relearn (ReA) probe for 50 rounds (algorithm-agnostic)...
[2026-07-03 16:40:29] [Relearn] Round=0, avg_f_acc=0.4373 (ReA), avg_r_acc=0.7150
[2026-07-03 16:41:20] [Relearn] Round=1, avg_f_acc=0.4301 (ReA), avg_r_acc=0.7031
[2026-07-03 16:42:14] [Relearn] Round=2, avg_f_acc=0.4229 (ReA), avg_r_acc=0.5903
[2026-07-03 16:43:05] [Relearn] Round=3, avg_f_acc=0.4409 (ReA), avg_r_acc=0.7060
[2026-07-03 16:43:58] [Relearn] Round=4, avg_f_acc=0.4444 (ReA), avg_r_acc=0.6205
[2026-07-03 16:44:51] [Relearn] Round=5, avg_f_acc=0.4050 (ReA), avg_r_acc=0.6758
[2026-07-03 16:45:40] [Relearn] Round=6, avg_f_acc=0.4337 (ReA), avg_r_acc=0.5619
[2026-07-03 16:46:28] [Relearn] Round=7, avg_f_acc=0.4444 (ReA), avg_r_acc=0.5905
[2026-07-03 16:47:18] [Relearn] Round=8, avg_f_acc=0.4409 (ReA), avg_r_acc=0.7181
[2026-07-03 16:48:05] [Relearn] Round=9, avg_f_acc=0.4194 (ReA), avg_r_acc=0.6007
[2026-07-03 16:48:57] [Relearn] Round=10, avg_f_acc=0.4373 (ReA), avg_r_acc=0.6202
[2026-07-03 16:49:48] [Relearn] Round=11, avg_f_acc=0.4301 (ReA), avg_r_acc=0.6137
[2026-07-03 16:50:38] [Relearn] Round=12, avg_f_acc=0.4373 (ReA), avg_r_acc=0.6218
[2026-07-03 16:51:29] [Relearn] Round=13, avg_f_acc=0.4337 (ReA), avg_r_acc=0.6104
[2026-07-03 16:52:20] [Relearn] Round=14, avg_f_acc=0.4373 (ReA), avg_r_acc=0.6149
[2026-07-03 16:53:10] [Relearn] Round=15, avg_f_acc=0.4373 (ReA), avg_r_acc=0.5917
[2026-07-03 16:54:01] [Relearn] Round=16, avg_f_acc=0.4444 (ReA), avg_r_acc=0.6407
[2026-07-03 16:54:51] [Relearn] Round=17, avg_f_acc=0.4301 (ReA), avg_r_acc=0.5969
[2026-07-03 16:55:44] [Relearn] Round=18, avg_f_acc=0.4409 (ReA), avg_r_acc=0.6513
[2026-07-03 16:56:36] [Relearn] Round=19, avg_f_acc=0.4194 (ReA), avg_r_acc=0.6493
[2026-07-03 16:57:28] [Relearn] Round=20, avg_f_acc=0.4337 (ReA), avg_r_acc=0.5759
[2026-07-03 16:58:20] [Relearn] Round=21, avg_f_acc=0.4373 (ReA), avg_r_acc=0.5914
[2026-07-03 16:59:11] [Relearn] Round=22, avg_f_acc=0.4409 (ReA), avg_r_acc=0.5795
[2026-07-03 17:00:01] [Relearn] Round=23, avg_f_acc=0.4337 (ReA), avg_r_acc=0.6194
[2026-07-03 17:00:50] [Relearn] Round=24, avg_f_acc=0.4588 (ReA), avg_r_acc=0.6123
[2026-07-03 17:01:42] [Relearn] Round=25, avg_f_acc=0.4552 (ReA), avg_r_acc=0.6193
[2026-07-03 17:02:34] [Relearn] Round=26, avg_f_acc=0.4409 (ReA), avg_r_acc=0.5992
[2026-07-03 17:03:25] [Relearn] Round=27, avg_f_acc=0.4373 (ReA), avg_r_acc=0.6092
[2026-07-03 17:04:14] [Relearn] Round=28, avg_f_acc=0.4194 (ReA), avg_r_acc=0.6682
[2026-07-03 17:05:03] [Relearn] Round=29, avg_f_acc=0.4480 (ReA), avg_r_acc=0.5882
[2026-07-03 17:05:51] [Relearn] Round=30, avg_f_acc=0.4552 (ReA), avg_r_acc=0.6115
[2026-07-03 17:06:41] [Relearn] Round=31, avg_f_acc=0.4409 (ReA), avg_r_acc=0.5951
[2026-07-03 17:07:32] [Relearn] Round=32, avg_f_acc=0.4301 (ReA), avg_r_acc=0.6160
[2026-07-03 17:08:20] [Relearn] Round=33, avg_f_acc=0.4194 (ReA), avg_r_acc=0.6361
[2026-07-03 17:09:10] [Relearn] Round=34, avg_f_acc=0.4409 (ReA), avg_r_acc=0.5828
[2026-07-03 17:10:02] [Relearn] Round=35, avg_f_acc=0.4301 (ReA), avg_r_acc=0.6642
[2026-07-03 17:10:54] [Relearn] Round=36, avg_f_acc=0.4409 (ReA), avg_r_acc=0.5912
[2026-07-03 17:11:44] [Relearn] Round=37, avg_f_acc=0.4480 (ReA), avg_r_acc=0.5669
[2026-07-03 17:12:33] [Relearn] Round=38, avg_f_acc=0.4409 (ReA), avg_r_acc=0.6518
[2026-07-03 17:13:26] [Relearn] Round=39, avg_f_acc=0.4624 (ReA), avg_r_acc=0.6143
[2026-07-03 17:14:15] [Relearn] Round=40, avg_f_acc=0.4265 (ReA), avg_r_acc=0.5997
[2026-07-03 17:15:05] [Relearn] Round=41, avg_f_acc=0.4552 (ReA), avg_r_acc=0.6094
[2026-07-03 17:15:54] [Relearn] Round=42, avg_f_acc=0.4624 (ReA), avg_r_acc=0.6425
[2026-07-03 17:16:47] [Relearn] Round=43, avg_f_acc=0.4588 (ReA), avg_r_acc=0.6391
[2026-07-03 17:17:36] [Relearn] Round=44, avg_f_acc=0.4229 (ReA), avg_r_acc=0.6453
[2026-07-03 17:18:27] [Relearn] Round=45, avg_f_acc=0.4516 (ReA), avg_r_acc=0.5859
[2026-07-03 17:19:18] [Relearn] Round=46, avg_f_acc=0.4480 (ReA), avg_r_acc=0.6550
[2026-07-03 17:20:11] [Relearn] Round=47, avg_f_acc=0.4552 (ReA), avg_r_acc=0.6247
[2026-07-03 17:21:03] [Relearn] Round=48, avg_f_acc=0.4373 (ReA), avg_r_acc=0.5916
[2026-07-03 17:21:53] [Relearn] Round=49, avg_f_acc=0.4552 (ReA), avg_r_acc=0.5925
[2026-07-03 17:21:53] ReA (post-relearn forget-client accuracy) = 0.4552
[2026-07-03 17:22:09] Final unlearned model: global test loss=0.1061, acc=0.7473
[2026-07-03 17:22:09] Saved unlearned model to checkpoints/fu_domain/fu_domain_fedavg_india_oral_335343/unlearned_model.pt
[2026-07-03 17:22:09] === Run finished: fu_domain_fedavg_india_oral_335343 (elapsed 12014.8s) ===
