[2026-07-02 14:35:36] === Run started: retrain_spain_fedbn_oral_333818 ===
[2026-07-02 14:35:36] Config loaded from configs/retrain_baseline.yaml
[2026-07-02 14:35:36] Retrain baseline: this is an INDEPENDENT FL run with the forget client/scope excluded from round 0. No source checkpoint is loaded.
[2026-07-02 14:35:37] Unlearning scope: client. Forgetting hospital/client 'Spain_Dataset' (1 partition(s)); remembering 2 partition(s).
[2026-07-02 14:35:37] Retraining FL model using ONLY remember partitions (forget data excluded from round 0).
[2026-07-02 14:35:37] Run hyperparameters:
  algorithm: fedbn
  model: resnet18
  num_clients: 2
  global_epochs: 50
  local_epochs: 3
  batch_size: 16
  learning_rate: 0.001
  domain_adaptation: False
[2026-07-02 14:35:38] Starting Flower simulation: algorithm=fedbn, clients=2, rounds=50
[2026-07-02 14:36:39] [FL round 1] comm=89501528B comp=88.46s
[2026-07-02 14:37:33] [FL round 2] comm=89501528B comp=88.79s
[2026-07-02 14:38:28] [FL round 3] comm=89501528B comp=85.29s
[2026-07-02 14:39:22] [FL round 4] comm=89501528B comp=85.84s
[2026-07-02 14:40:18] [FL round 5] comm=89501528B comp=87.94s
[2026-07-02 14:41:12] [FL round 6] comm=89501528B comp=86.69s
[2026-07-02 14:42:06] [FL round 7] comm=89501528B comp=86.35s
[2026-07-02 14:43:02] [FL round 8] comm=89501528B comp=86.88s
[2026-07-02 14:43:57] [FL round 9] comm=89501528B comp=86.45s
[2026-07-02 14:44:51] [FL round 10] comm=89501528B comp=84.72s
[2026-07-02 14:45:45] [FL round 11] comm=89501528B comp=85.55s
[2026-07-02 14:46:41] [FL round 12] comm=89501528B comp=88.25s
[2026-07-02 14:47:34] [FL round 13] comm=89501528B comp=85.76s
[2026-07-02 14:48:29] [FL round 14] comm=89501528B comp=87.18s
[2026-07-02 14:49:23] [FL round 15] comm=89501528B comp=86.52s
[2026-07-02 14:50:18] [FL round 16] comm=89501528B comp=86.09s
[2026-07-02 14:51:13] [FL round 17] comm=89501528B comp=86.31s
[2026-07-02 14:52:07] [FL round 18] comm=89501528B comp=88.41s
[2026-07-02 14:53:02] [FL round 19] comm=89501528B comp=86.71s
[2026-07-02 14:53:56] [FL round 20] comm=89501528B comp=83.49s
[2026-07-02 14:54:50] [FL round 21] comm=89501528B comp=88.49s
[2026-07-02 14:55:44] [FL round 22] comm=89501528B comp=85.98s
[2026-07-02 14:56:39] [FL round 23] comm=89501528B comp=85.60s
[2026-07-02 14:57:32] [FL round 24] comm=89501528B comp=84.30s
[2026-07-02 14:58:28] [FL round 25] comm=89501528B comp=90.33s
[2026-07-02 14:59:21] [FL round 26] comm=89501528B comp=87.01s
[2026-07-02 15:00:16] [FL round 27] comm=89501528B comp=87.91s
[2026-07-02 15:01:10] [FL round 28] comm=89501528B comp=87.96s
[2026-07-02 15:02:03] [FL round 29] comm=89501528B comp=88.00s
[2026-07-02 15:02:58] [FL round 30] comm=89501528B comp=88.03s
[2026-07-02 15:03:53] [FL round 31] comm=89501528B comp=88.34s
[2026-07-02 15:04:47] [FL round 32] comm=89501528B comp=85.40s
[2026-07-02 15:05:40] [FL round 33] comm=89501528B comp=88.17s
[2026-07-02 15:06:35] [FL round 34] comm=89501528B comp=86.05s
[2026-07-02 15:07:28] [FL round 35] comm=89501528B comp=86.02s
[2026-07-02 15:08:22] [FL round 36] comm=89501528B comp=85.86s
[2026-07-02 15:09:16] [FL round 37] comm=89501528B comp=84.30s
[2026-07-02 15:10:09] [FL round 38] comm=89501528B comp=84.40s
[2026-07-02 15:11:03] [FL round 39] comm=89501528B comp=85.09s
[2026-07-02 15:11:56] [FL round 40] comm=89501528B comp=83.60s
[2026-07-02 15:12:50] [FL round 41] comm=89501528B comp=86.55s
[2026-07-02 15:13:44] [FL round 42] comm=89501528B comp=87.28s
[2026-07-02 15:14:38] [FL round 43] comm=89501528B comp=85.15s
[2026-07-02 15:15:31] [FL round 44] comm=89501528B comp=86.99s
[2026-07-02 15:16:27] [FL round 45] comm=89501528B comp=89.00s
[2026-07-02 15:17:21] [FL round 46] comm=89501528B comp=88.21s
[2026-07-02 15:18:15] [FL round 47] comm=89501528B comp=87.80s
[2026-07-02 15:19:09] [FL round 48] comm=89501528B comp=86.16s
[2026-07-02 15:20:03] [FL round 49] comm=89501528B comp=88.21s
[2026-07-02 15:20:59] [FL round 50] comm=89501528B comp=87.03s
[2026-07-02 15:21:05] Checkpoint assembled from fully-federated parameters (no domain adaptation).
[2026-07-02 15:22:25] [eval/classification] accuracy=0.7143 macro_precision=0.7262 macro_recall=0.6398 macro_f1=0.6474 weighted_f1=0.6854
[2026-07-02 15:22:25] [eval] overall_acc=0.7143 overall_loss=1.7185 | macro_precision=0.7262 macro_recall=0.6398 macro_f1=0.6474 weighted_f1=0.6854 | per_hospital={ Spain_Dataset: 0.5943, Canada_Dataset: 0.8947, India_Dataset: 0.2652 }
[2026-07-02 15:22:55] [eval/unlearning/remember_classification] accuracy=0.7382 macro_precision=0.7310 macro_recall=0.6504 macro_f1=0.6607 weighted_f1=0.7122
[2026-07-02 15:23:09] [eval/unlearning/forget_classification] accuracy=0.5943 macro_precision=0.6887 macro_recall=0.5869 macro_f1=0.5678 weighted_f1=0.5580
[2026-07-02 15:25:26] [eval/unlearning] RA=0.7382 FA=0.5943 ReA=0.9717 remember_macro_f1=0.6607 forget_macro_f1=0.5678 MIA_acc=0.2936
[2026-07-02 15:25:27] Saved retrained baseline checkpoint to checkpoints/retrain/retrain_spain_fedbn_oral_333818
[2026-07-02 15:25:27] === Run finished: retrain_spain_fedbn_oral_333818 (elapsed 2990.8s) ===
