[2026-07-07 21:29:03] === Run started: fu_cli_fedmoon_spain_backbone_oral_341145 ===
[2026-07-07 21:29:03] Forking from source FL run: fl_fedmoon_oral_330530
[2026-07-07 21:29:03] Forgetting: Spain_Dataset (index 0 of ['Spain_Dataset', 'Canada_Dataset', 'India_Dataset'])
[2026-07-07 21:29:03] Phase-2 mechanism: FUSED-CLI (Algorithm 1), algorithm=fedmoon
[2026-07-07 21:29:04] Loaded source checkpoint (read-only) from checkpoints/fl/fl_fedmoon_oral_330530/best.pt
[2026-07-07 21:29:04] Built 3 hospital train loaders in order ['Spain_Dataset', 'Canada_Dataset', 'India_Dataset'], sizes=[319, 1308, 404]
[2026-07-07 21:29:04] Built 3 proxy hospital train loaders (proxy_frac=0.2), sizes=[79, 327, 101].
[2026-07-07 21:29:04] Running FUSED-CLI unlearning (algorithm=fedmoon)...
[2026-07-07 21:29:04] Running Critical Layer Identification (one federated round, remember clients only)...
[2026-07-07 21:29:26] Selected 4 critical layers: ['layer4.1.conv2.weight', 'layer4.0.conv2.weight', 'layer4.1.conv1.weight', 'layer4.0.conv1.weight']
[2026-07-07 21:30:44] [FUSED-CLI:fedmoon] Round=0, avg_r_acc=0.6293, avg_f_acc=0.7641, adapter_density=413080/8257536
[2026-07-07 21:32:02] [FUSED-CLI:fedmoon] Round=1, avg_r_acc=0.6285, avg_f_acc=0.7760, adapter_density=413080/8257536
[2026-07-07 21:33:21] [FUSED-CLI:fedmoon] Round=2, avg_r_acc=0.6285, avg_f_acc=0.7760, adapter_density=413080/8257536
[2026-07-07 21:34:42] [FUSED-CLI:fedmoon] Round=3, avg_r_acc=0.6285, avg_f_acc=0.7760, adapter_density=413080/8257536
[2026-07-07 21:35:59] [FUSED-CLI:fedmoon] Round=4, avg_r_acc=0.6301, avg_f_acc=0.7760, adapter_density=413080/8257536
[2026-07-07 21:37:16] [FUSED-CLI:fedmoon] Round=5, avg_r_acc=0.6301, avg_f_acc=0.7879, adapter_density=413080/8257536
[2026-07-07 21:38:34] [FUSED-CLI:fedmoon] Round=6, avg_r_acc=0.6294, avg_f_acc=0.7879, adapter_density=413080/8257536
[2026-07-07 21:39:53] [FUSED-CLI:fedmoon] Round=7, avg_r_acc=0.6286, avg_f_acc=0.7879, adapter_density=413080/8257536
[2026-07-07 21:41:09] [FUSED-CLI:fedmoon] Round=8, avg_r_acc=0.6302, avg_f_acc=0.7879, adapter_density=413080/8257536
[2026-07-07 21:42:22] [FUSED-CLI:fedmoon] Round=9, avg_r_acc=0.6294, avg_f_acc=0.7879, adapter_density=413080/8257536
[2026-07-07 21:43:39] [FUSED-CLI:fedmoon] Round=10, avg_r_acc=0.6294, avg_f_acc=0.7879, adapter_density=413080/8257536
[2026-07-07 21:44:56] [FUSED-CLI:fedmoon] Round=11, avg_r_acc=0.6341, avg_f_acc=0.7879, adapter_density=413080/8257536
[2026-07-07 21:46:14] [FUSED-CLI:fedmoon] Round=12, avg_r_acc=0.6363, avg_f_acc=0.7879, adapter_density=413080/8257536
[2026-07-07 21:47:30] [FUSED-CLI:fedmoon] Round=13, avg_r_acc=0.6078, avg_f_acc=0.7879, adapter_density=413080/8257536
[2026-07-07 21:48:47] [FUSED-CLI:fedmoon] Round=14, avg_r_acc=0.6078, avg_f_acc=0.7879, adapter_density=413080/8257536
[2026-07-07 21:50:03] [FUSED-CLI:fedmoon] Round=15, avg_r_acc=0.6071, avg_f_acc=0.7879, adapter_density=413080/8257536
[2026-07-07 21:51:20] [FUSED-CLI:fedmoon] Round=16, avg_r_acc=0.6071, avg_f_acc=0.7879, adapter_density=413080/8257536
[2026-07-07 21:52:35] [FUSED-CLI:fedmoon] Round=17, avg_r_acc=0.6005, avg_f_acc=0.7879, adapter_density=413080/8257536
[2026-07-07 21:53:51] [FUSED-CLI:fedmoon] Round=18, avg_r_acc=0.6005, avg_f_acc=0.7879, adapter_density=413080/8257536
[2026-07-07 21:55:07] [FUSED-CLI:fedmoon] Round=19, avg_r_acc=0.6083, avg_f_acc=0.7879, adapter_density=413080/8257536
[2026-07-07 21:56:23] [FUSED-CLI:fedmoon] Round=20, avg_r_acc=0.6114, avg_f_acc=0.7879, adapter_density=413080/8257536
[2026-07-07 21:57:39] [FUSED-CLI:fedmoon] Round=21, avg_r_acc=0.6114, avg_f_acc=0.7879, adapter_density=413080/8257536
[2026-07-07 21:58:56] [FUSED-CLI:fedmoon] Round=22, avg_r_acc=0.6114, avg_f_acc=0.7879, adapter_density=413080/8257536
[2026-07-07 22:00:12] [FUSED-CLI:fedmoon] Round=23, avg_r_acc=0.6114, avg_f_acc=0.7879, adapter_density=413080/8257536
[2026-07-07 22:01:28] [FUSED-CLI:fedmoon] Round=24, avg_r_acc=0.6114, avg_f_acc=0.7879, adapter_density=413080/8257536
[2026-07-07 22:02:44] [FUSED-CLI:fedmoon] Round=25, avg_r_acc=0.6114, avg_f_acc=0.7879, adapter_density=413080/8257536
[2026-07-07 22:04:00] [FUSED-CLI:fedmoon] Round=26, avg_r_acc=0.6114, avg_f_acc=0.7879, adapter_density=413080/8257536
[2026-07-07 22:05:16] [FUSED-CLI:fedmoon] Round=27, avg_r_acc=0.6136, avg_f_acc=0.7879, adapter_density=413080/8257536
[2026-07-07 22:06:33] [FUSED-CLI:fedmoon] Round=28, avg_r_acc=0.6136, avg_f_acc=0.7879, adapter_density=413080/8257536
[2026-07-07 22:07:48] [FUSED-CLI:fedmoon] Round=29, avg_r_acc=0.6136, avg_f_acc=0.7879, adapter_density=413080/8257536
[2026-07-07 22:09:06] [FUSED-CLI:fedmoon] Round=30, avg_r_acc=0.6136, avg_f_acc=0.7879, adapter_density=413080/8257536
[2026-07-07 22:10:23] [FUSED-CLI:fedmoon] Round=31, avg_r_acc=0.5859, avg_f_acc=0.7879, adapter_density=413080/8257536
[2026-07-07 22:11:40] [FUSED-CLI:fedmoon] Round=32, avg_r_acc=0.5859, avg_f_acc=0.7879, adapter_density=413080/8257536
[2026-07-07 22:12:55] [FUSED-CLI:fedmoon] Round=33, avg_r_acc=0.5851, avg_f_acc=0.7879, adapter_density=413080/8257536
[2026-07-07 22:14:13] [FUSED-CLI:fedmoon] Round=34, avg_r_acc=0.5874, avg_f_acc=0.7879, adapter_density=413080/8257536
[2026-07-07 22:15:30] [FUSED-CLI:fedmoon] Round=35, avg_r_acc=0.5874, avg_f_acc=0.7879, adapter_density=413080/8257536
[2026-07-07 22:16:46] [FUSED-CLI:fedmoon] Round=36, avg_r_acc=0.5905, avg_f_acc=0.7879, adapter_density=413080/8257536
[2026-07-07 22:18:03] [FUSED-CLI:fedmoon] Round=37, avg_r_acc=0.5838, avg_f_acc=0.7879, adapter_density=413080/8257536
[2026-07-07 22:19:19] [FUSED-CLI:fedmoon] Round=38, avg_r_acc=0.5838, avg_f_acc=0.7998, adapter_density=413080/8257536
[2026-07-07 22:20:31] [FUSED-CLI:fedmoon] Round=39, avg_r_acc=0.5870, avg_f_acc=0.7998, adapter_density=413080/8257536
[2026-07-07 22:21:47] [FUSED-CLI:fedmoon] Round=40, avg_r_acc=0.5870, avg_f_acc=0.7998, adapter_density=413080/8257536
[2026-07-07 22:23:04] [FUSED-CLI:fedmoon] Round=41, avg_r_acc=0.5892, avg_f_acc=0.7998, adapter_density=413080/8257536
[2026-07-07 22:24:21] [FUSED-CLI:fedmoon] Round=42, avg_r_acc=0.5892, avg_f_acc=0.7998, adapter_density=413080/8257536
[2026-07-07 22:25:37] [FUSED-CLI:fedmoon] Round=43, avg_r_acc=0.5885, avg_f_acc=0.7998, adapter_density=413080/8257536
[2026-07-07 22:26:53] [FUSED-CLI:fedmoon] Round=44, avg_r_acc=0.5900, avg_f_acc=0.7998, adapter_density=413080/8257536
[2026-07-07 22:28:09] [FUSED-CLI:fedmoon] Round=45, avg_r_acc=0.5900, avg_f_acc=0.7998, adapter_density=413080/8257536
[2026-07-07 22:29:24] [FUSED-CLI:fedmoon] Round=46, avg_r_acc=0.5900, avg_f_acc=0.7998, adapter_density=413080/8257536
[2026-07-07 22:30:40] [FUSED-CLI:fedmoon] Round=47, avg_r_acc=0.5900, avg_f_acc=0.7998, adapter_density=413080/8257536
[2026-07-07 22:31:53] [FUSED-CLI:fedmoon] Round=48, avg_r_acc=0.5900, avg_f_acc=0.7998, adapter_density=413080/8257536
[2026-07-07 22:33:09] [FUSED-CLI:fedmoon] Round=49, avg_r_acc=0.5900, avg_f_acc=0.7998, adapter_density=413080/8257536
[2026-07-07 22:33:09] FUSED-CLI unlearning complete. Critical layers: ['layer4.1.conv2.weight', 'layer4.0.conv2.weight', 'layer4.1.conv1.weight', 'layer4.0.conv1.weight']
[2026-07-07 22:33:09] Running relearn (ReA) probe for 50 rounds...
[2026-07-07 22:35:11] [Relearn] Round=0, avg_f_acc=0.8593 (ReA), avg_r_acc=0.6384
[2026-07-07 22:37:04] [Relearn] Round=1, avg_f_acc=0.8474 (ReA), avg_r_acc=0.6499
[2026-07-07 22:38:59] [Relearn] Round=2, avg_f_acc=0.8935 (ReA), avg_r_acc=0.6598
[2026-07-07 22:40:52] [Relearn] Round=3, avg_f_acc=0.8784 (ReA), avg_r_acc=0.6472
[2026-07-07 22:42:47] [Relearn] Round=4, avg_f_acc=0.8457 (ReA), avg_r_acc=0.6205
[2026-07-07 22:44:44] [Relearn] Round=5, avg_f_acc=0.8784 (ReA), avg_r_acc=0.6144
[2026-07-07 22:46:43] [Relearn] Round=6, avg_f_acc=0.8665 (ReA), avg_r_acc=0.6429
[2026-07-07 22:48:40] [Relearn] Round=7, avg_f_acc=0.8784 (ReA), avg_r_acc=0.6400
[2026-07-07 22:50:35] [Relearn] Round=8, avg_f_acc=0.8840 (ReA), avg_r_acc=0.6117
[2026-07-07 22:52:38] [Relearn] Round=9, avg_f_acc=0.8879 (ReA), avg_r_acc=0.5953
[2026-07-07 22:54:31] [Relearn] Round=10, avg_f_acc=0.9087 (ReA), avg_r_acc=0.6361
[2026-07-07 22:56:33] [Relearn] Round=11, avg_f_acc=0.8784 (ReA), avg_r_acc=0.6106
[2026-07-07 22:58:25] [Relearn] Round=12, avg_f_acc=0.8760 (ReA), avg_r_acc=0.6385
[2026-07-07 23:00:29] [Relearn] Round=13, avg_f_acc=0.8784 (ReA), avg_r_acc=0.6599
[2026-07-07 23:02:22] [Relearn] Round=14, avg_f_acc=0.8840 (ReA), avg_r_acc=0.6134
[2026-07-07 23:04:14] [Relearn] Round=15, avg_f_acc=0.8840 (ReA), avg_r_acc=0.6138
[2026-07-07 23:06:08] [Relearn] Round=16, avg_f_acc=0.8816 (ReA), avg_r_acc=0.5908
[2026-07-07 23:08:02] [Relearn] Round=17, avg_f_acc=0.8935 (ReA), avg_r_acc=0.5940
[2026-07-07 23:09:55] [Relearn] Round=18, avg_f_acc=0.9087 (ReA), avg_r_acc=0.6308
[2026-07-07 23:11:49] [Relearn] Round=19, avg_f_acc=0.8840 (ReA), avg_r_acc=0.5927
[2026-07-07 23:13:47] [Relearn] Round=20, avg_f_acc=0.9030 (ReA), avg_r_acc=0.5946
[2026-07-07 23:15:42] [Relearn] Round=21, avg_f_acc=0.8840 (ReA), avg_r_acc=0.5978
[2026-07-07 23:17:41] [Relearn] Round=22, avg_f_acc=0.8935 (ReA), avg_r_acc=0.5925
[2026-07-07 23:19:33] [Relearn] Round=23, avg_f_acc=0.8784 (ReA), avg_r_acc=0.6104
[2026-07-07 23:21:29] [Relearn] Round=24, avg_f_acc=0.9030 (ReA), avg_r_acc=0.5892
[2026-07-07 23:23:22] [Relearn] Round=25, avg_f_acc=0.8935 (ReA), avg_r_acc=0.6482
[2026-07-07 23:25:20] [Relearn] Round=26, avg_f_acc=0.8935 (ReA), avg_r_acc=0.6342
[2026-07-07 23:27:16] [Relearn] Round=27, avg_f_acc=0.9030 (ReA), avg_r_acc=0.6297
[2026-07-07 23:29:19] [Relearn] Round=28, avg_f_acc=0.9030 (ReA), avg_r_acc=0.6179
[2026-07-07 23:31:21] [Relearn] Round=29, avg_f_acc=0.8935 (ReA), avg_r_acc=0.6364
[2026-07-07 23:33:21] [Relearn] Round=30, avg_f_acc=0.8935 (ReA), avg_r_acc=0.6213
[2026-07-07 23:35:24] [Relearn] Round=31, avg_f_acc=0.8935 (ReA), avg_r_acc=0.6339
[2026-07-07 23:37:25] [Relearn] Round=32, avg_f_acc=0.8935 (ReA), avg_r_acc=0.6510
[2026-07-07 23:39:25] [Relearn] Round=33, avg_f_acc=0.9030 (ReA), avg_r_acc=0.6034
[2026-07-07 23:41:28] [Relearn] Round=34, avg_f_acc=0.9087 (ReA), avg_r_acc=0.6153
[2026-07-07 23:43:24] [Relearn] Round=35, avg_f_acc=0.8935 (ReA), avg_r_acc=0.5943
[2026-07-07 23:45:24] [Relearn] Round=36, avg_f_acc=0.9087 (ReA), avg_r_acc=0.6537
[2026-07-07 23:47:23] [Relearn] Round=37, avg_f_acc=0.9182 (ReA), avg_r_acc=0.6326
[2026-07-07 23:49:24] [Relearn] Round=38, avg_f_acc=0.9087 (ReA), avg_r_acc=0.6001
[2026-07-07 23:51:16] [Relearn] Round=39, avg_f_acc=0.9087 (ReA), avg_r_acc=0.5992
[2026-07-07 23:53:18] [Relearn] Round=40, avg_f_acc=0.9087 (ReA), avg_r_acc=0.5813
[2026-07-07 23:55:13] [Relearn] Round=41, avg_f_acc=0.8935 (ReA), avg_r_acc=0.5911
[2026-07-07 23:57:15] [Relearn] Round=42, avg_f_acc=0.9087 (ReA), avg_r_acc=0.6123
[2026-07-07 23:59:10] [Relearn] Round=43, avg_f_acc=0.9087 (ReA), avg_r_acc=0.6204
[2026-07-08 00:01:10] [Relearn] Round=44, avg_f_acc=0.9087 (ReA), avg_r_acc=0.6234
[2026-07-08 00:03:06] [Relearn] Round=45, avg_f_acc=0.9087 (ReA), avg_r_acc=0.6226
[2026-07-08 00:05:06] [Relearn] Round=46, avg_f_acc=0.9238 (ReA), avg_r_acc=0.6128
[2026-07-08 00:07:03] [Relearn] Round=47, avg_f_acc=0.8935 (ReA), avg_r_acc=0.6415
[2026-07-08 00:08:58] [Relearn] Round=48, avg_f_acc=0.9238 (ReA), avg_r_acc=0.6121
[2026-07-08 00:10:53] [Relearn] Round=49, avg_f_acc=0.9238 (ReA), avg_r_acc=0.6040
[2026-07-08 00:10:53] ReA = 0.9238
[2026-07-08 00:11:10] Final unlearned model: global test loss=0.0602, acc=0.7504
[2026-07-08 00:12:20] [eval/classification] accuracy=0.7504 macro_precision=0.7153 macro_recall=0.7150 macro_f1=0.7120 weighted_f1=0.7458
[2026-07-08 00:12:20] [eval] overall_acc=0.7504 overall_loss=0.9532 | macro_precision=0.7153 macro_recall=0.7150 macro_f1=0.7120 weighted_f1=0.7458 | per_hospital={ Spain_Dataset: 0.8019, Canada_Dataset: 0.8446, India_Dataset: 0.4242 }
[2026-07-08 00:12:41] [eval/unlearning/remember_classification] accuracy=0.7300 macro_precision=0.6736 macro_recall=0.6898 macro_f1=0.6774 weighted_f1=0.7277
[2026-07-08 00:12:51] [eval/unlearning/forget_classification] accuracy=0.8118 macro_precision=0.8954 macro_recall=0.7998 macro_f1=0.8128 weighted_f1=0.8049
[2026-07-08 00:14:50] [eval/unlearning] RA=0.7300 FA=0.8118 ReA=1.0000 remember_macro_f1=0.6774 forget_macro_f1=0.8128 MIA_acc=0.3464
[2026-07-08 00:14:50] [symmetric eval] RA=0.7300 FA=0.8118 ReA=1.0000 MIA_acc=0.3464
[2026-07-08 00:14:50] Running shadow-model MIA (n_shadow=3, attack_epochs=50, proxy_frac=0.2)...
