[2026-07-06 21:30:51] === Run started: fu_cli_fedmoon_canada_backbone_oral_340068 ===
[2026-07-06 21:30:51] Forking from source FL run: fl_fedmoon_oral_330530
[2026-07-06 21:30:51] Forgetting: Canada_Dataset (index 1 of ['Spain_Dataset', 'Canada_Dataset', 'India_Dataset'])
[2026-07-06 21:30:51] Phase-2 mechanism: FUSED-CLI (Algorithm 1), algorithm=fedmoon
[2026-07-06 21:30:54] Loaded source checkpoint (read-only) from checkpoints/fl/fl_fedmoon_oral_330530/best.pt
[2026-07-06 21:30:54] Built 3 hospital train loaders in order ['Spain_Dataset', 'Canada_Dataset', 'India_Dataset'], sizes=[398, 1635, 505]
[2026-07-06 21:30:54] Running FUSED-CLI unlearning (algorithm=fedmoon)...
[2026-07-06 21:30:54] Running Critical Layer Identification (one federated round, remember clients only)...
[2026-07-06 21:31:57] Selected 4 critical layers: ['layer4.0.conv2.weight', 'layer4.1.conv1.weight', 'layer4.0.conv1.weight', 'layer4.1.conv2.weight']
[2026-07-06 21:35:14] [FUSED-CLI:fedmoon] Round=0, avg_r_acc=0.6026, avg_f_acc=0.7977, adapter_density=413080/8257536
[2026-07-06 21:38:29] [FUSED-CLI:fedmoon] Round=1, avg_r_acc=0.6175, avg_f_acc=0.7997, adapter_density=413080/8257536
[2026-07-06 21:41:43] [FUSED-CLI:fedmoon] Round=2, avg_r_acc=0.6038, avg_f_acc=0.8005, adapter_density=413080/8257536
[2026-07-06 21:44:58] [FUSED-CLI:fedmoon] Round=3, avg_r_acc=0.6056, avg_f_acc=0.8024, adapter_density=413080/8257536
[2026-07-06 21:47:59] [FUSED-CLI:fedmoon] Round=4, avg_r_acc=0.6074, avg_f_acc=0.8096, adapter_density=413080/8257536
[2026-07-06 21:51:12] [FUSED-CLI:fedmoon] Round=5, avg_r_acc=0.6038, avg_f_acc=0.8138, adapter_density=413080/8257536
[2026-07-06 21:54:25] [FUSED-CLI:fedmoon] Round=6, avg_r_acc=0.6038, avg_f_acc=0.8093, adapter_density=413080/8257536
[2026-07-06 21:57:42] [FUSED-CLI:fedmoon] Round=7, avg_r_acc=0.5848, avg_f_acc=0.8187, adapter_density=413080/8257536
[2026-07-06 22:00:45] [FUSED-CLI:fedmoon] Round=8, avg_r_acc=0.5907, avg_f_acc=0.8176, adapter_density=413080/8257536
[2026-07-06 22:04:00] [FUSED-CLI:fedmoon] Round=9, avg_r_acc=0.5915, avg_f_acc=0.8176, adapter_density=413080/8257536
[2026-07-06 22:07:15] [FUSED-CLI:fedmoon] Round=10, avg_r_acc=0.6030, avg_f_acc=0.8165, adapter_density=413080/8257536
[2026-07-06 22:10:27] [FUSED-CLI:fedmoon] Round=11, avg_r_acc=0.6010, avg_f_acc=0.8165, adapter_density=413080/8257536
[2026-07-06 22:13:43] [FUSED-CLI:fedmoon] Round=12, avg_r_acc=0.6063, avg_f_acc=0.8196, adapter_density=413080/8257536
[2026-07-06 22:16:59] [FUSED-CLI:fedmoon] Round=13, avg_r_acc=0.6063, avg_f_acc=0.8173, adapter_density=413080/8257536
[2026-07-06 22:20:14] [FUSED-CLI:fedmoon] Round=14, avg_r_acc=0.6063, avg_f_acc=0.8225, adapter_density=413080/8257536
[2026-07-06 22:23:31] [FUSED-CLI:fedmoon] Round=15, avg_r_acc=0.6086, avg_f_acc=0.8214, adapter_density=413080/8257536
[2026-07-06 22:26:47] [FUSED-CLI:fedmoon] Round=16, avg_r_acc=0.6148, avg_f_acc=0.8233, adapter_density=413080/8257536
[2026-07-06 22:30:01] [FUSED-CLI:fedmoon] Round=17, avg_r_acc=0.6184, avg_f_acc=0.8222, adapter_density=413080/8257536
[2026-07-06 22:33:14] [FUSED-CLI:fedmoon] Round=18, avg_r_acc=0.6220, avg_f_acc=0.8210, adapter_density=413080/8257536
[2026-07-06 22:36:31] [FUSED-CLI:fedmoon] Round=19, avg_r_acc=0.6220, avg_f_acc=0.8199, adapter_density=413080/8257536
[2026-07-06 22:39:46] [FUSED-CLI:fedmoon] Round=20, avg_r_acc=0.6238, avg_f_acc=0.8188, adapter_density=413080/8257536
[2026-07-06 22:42:58] [FUSED-CLI:fedmoon] Round=21, avg_r_acc=0.6238, avg_f_acc=0.8230, adapter_density=413080/8257536
[2026-07-06 22:46:16] [FUSED-CLI:fedmoon] Round=22, avg_r_acc=0.6256, avg_f_acc=0.8218, adapter_density=413080/8257536
[2026-07-06 22:49:34] [FUSED-CLI:fedmoon] Round=23, avg_r_acc=0.6235, avg_f_acc=0.8218, adapter_density=413080/8257536
[2026-07-06 22:52:47] [FUSED-CLI:fedmoon] Round=24, avg_r_acc=0.6315, avg_f_acc=0.8249, adapter_density=413080/8257536
[2026-07-06 22:56:01] [FUSED-CLI:fedmoon] Round=25, avg_r_acc=0.6332, avg_f_acc=0.8226, adapter_density=413080/8257536
[2026-07-06 22:59:14] [FUSED-CLI:fedmoon] Round=26, avg_r_acc=0.6350, avg_f_acc=0.8204, adapter_density=413080/8257536
[2026-07-06 23:02:30] [FUSED-CLI:fedmoon] Round=27, avg_r_acc=0.6355, avg_f_acc=0.8193, adapter_density=413080/8257536
[2026-07-06 23:05:43] [FUSED-CLI:fedmoon] Round=28, avg_r_acc=0.6317, avg_f_acc=0.8234, adapter_density=413080/8257536
[2026-07-06 23:08:56] [FUSED-CLI:fedmoon] Round=29, avg_r_acc=0.6317, avg_f_acc=0.8223, adapter_density=413080/8257536
[2026-07-06 23:12:01] [FUSED-CLI:fedmoon] Round=30, avg_r_acc=0.6296, avg_f_acc=0.8212, adapter_density=413080/8257536
[2026-07-06 23:15:15] [FUSED-CLI:fedmoon] Round=31, avg_r_acc=0.6301, avg_f_acc=0.8190, adapter_density=413080/8257536
[2026-07-06 23:18:08] [FUSED-CLI:fedmoon] Round=32, avg_r_acc=0.6319, avg_f_acc=0.8082, adapter_density=413080/8257536
[2026-07-06 23:21:23] [FUSED-CLI:fedmoon] Round=33, avg_r_acc=0.6386, avg_f_acc=0.8082, adapter_density=413080/8257536
[2026-07-06 23:24:37] [FUSED-CLI:fedmoon] Round=34, avg_r_acc=0.6429, avg_f_acc=0.8082, adapter_density=413080/8257536
[2026-07-06 23:27:46] [FUSED-CLI:fedmoon] Round=35, avg_r_acc=0.6447, avg_f_acc=0.8059, adapter_density=413080/8257536
[2026-07-06 23:31:01] [FUSED-CLI:fedmoon] Round=36, avg_r_acc=0.6437, avg_f_acc=0.8048, adapter_density=413080/8257536
[2026-07-06 23:34:15] [FUSED-CLI:fedmoon] Round=37, avg_r_acc=0.6437, avg_f_acc=0.8037, adapter_density=413080/8257536
[2026-07-06 23:37:33] [FUSED-CLI:fedmoon] Round=38, avg_r_acc=0.6455, avg_f_acc=0.8037, adapter_density=413080/8257536
[2026-07-06 23:40:49] [FUSED-CLI:fedmoon] Round=39, avg_r_acc=0.6455, avg_f_acc=0.8037, adapter_density=413080/8257536
[2026-07-06 23:44:05] [FUSED-CLI:fedmoon] Round=40, avg_r_acc=0.6455, avg_f_acc=0.8037, adapter_density=413080/8257536
[2026-07-06 23:47:21] [FUSED-CLI:fedmoon] Round=41, avg_r_acc=0.6455, avg_f_acc=0.8014, adapter_density=413080/8257536
[2026-07-06 23:50:34] [FUSED-CLI:fedmoon] Round=42, avg_r_acc=0.6455, avg_f_acc=0.8003, adapter_density=413080/8257536
[2026-07-06 23:53:51] [FUSED-CLI:fedmoon] Round=43, avg_r_acc=0.6455, avg_f_acc=0.8003, adapter_density=413080/8257536
[2026-07-06 23:57:05] [FUSED-CLI:fedmoon] Round=44, avg_r_acc=0.6455, avg_f_acc=0.8045, adapter_density=413080/8257536
[2026-07-07 00:00:20] [FUSED-CLI:fedmoon] Round=45, avg_r_acc=0.6499, avg_f_acc=0.8045, adapter_density=413080/8257536
[2026-07-07 00:03:14] [FUSED-CLI:fedmoon] Round=46, avg_r_acc=0.6499, avg_f_acc=0.8034, adapter_density=413080/8257536
[2026-07-07 00:06:29] [FUSED-CLI:fedmoon] Round=47, avg_r_acc=0.6517, avg_f_acc=0.8022, adapter_density=413080/8257536
[2026-07-07 00:09:45] [FUSED-CLI:fedmoon] Round=48, avg_r_acc=0.6517, avg_f_acc=0.8000, adapter_density=413080/8257536
[2026-07-07 00:13:00] [FUSED-CLI:fedmoon] Round=49, avg_r_acc=0.6353, avg_f_acc=0.8000, adapter_density=413080/8257536
[2026-07-07 00:13:00] FUSED-CLI unlearning complete. Critical layers: ['layer4.0.conv2.weight', 'layer4.1.conv1.weight', 'layer4.0.conv1.weight', 'layer4.1.conv2.weight']
[2026-07-07 00:13:00] Running relearn (ReA) probe for 50 rounds...
[2026-07-07 00:14:03] [Relearn] Round=0, avg_f_acc=0.7492 (ReA), avg_r_acc=0.4905
[2026-07-07 00:15:04] [Relearn] Round=1, avg_f_acc=0.7810 (ReA), avg_r_acc=0.5326
[2026-07-07 00:16:06] [Relearn] Round=2, avg_f_acc=0.7697 (ReA), avg_r_acc=0.5067
[2026-07-07 00:17:09] [Relearn] Round=3, avg_f_acc=0.7613 (ReA), avg_r_acc=0.5005
[2026-07-07 00:18:10] [Relearn] Round=4, avg_f_acc=0.7705 (ReA), avg_r_acc=0.5373
[2026-07-07 00:19:12] [Relearn] Round=5, avg_f_acc=0.7396 (ReA), avg_r_acc=0.5001
[2026-07-07 00:20:14] [Relearn] Round=6, avg_f_acc=0.7602 (ReA), avg_r_acc=0.5331
[2026-07-07 00:21:16] [Relearn] Round=7, avg_f_acc=0.7727 (ReA), avg_r_acc=0.5349
[2026-07-07 00:22:18] [Relearn] Round=8, avg_f_acc=0.7717 (ReA), avg_r_acc=0.5206
[2026-07-07 00:23:21] [Relearn] Round=9, avg_f_acc=0.7750 (ReA), avg_r_acc=0.5409
[2026-07-07 00:24:22] [Relearn] Round=10, avg_f_acc=0.7644 (ReA), avg_r_acc=0.5307
[2026-07-07 00:25:24] [Relearn] Round=11, avg_f_acc=0.7750 (ReA), avg_r_acc=0.5404
[2026-07-07 00:26:28] [Relearn] Round=12, avg_f_acc=0.7719 (ReA), avg_r_acc=0.5263
[2026-07-07 00:27:30] [Relearn] Round=13, avg_f_acc=0.7642 (ReA), avg_r_acc=0.5324
[2026-07-07 00:28:32] [Relearn] Round=14, avg_f_acc=0.7686 (ReA), avg_r_acc=0.5152
[2026-07-07 00:29:35] [Relearn] Round=15, avg_f_acc=0.7600 (ReA), avg_r_acc=0.5001
[2026-07-07 00:30:37] [Relearn] Round=16, avg_f_acc=0.7600 (ReA), avg_r_acc=0.5209
[2026-07-07 00:31:39] [Relearn] Round=17, avg_f_acc=0.7509 (ReA), avg_r_acc=0.4944
[2026-07-07 00:32:41] [Relearn] Round=18, avg_f_acc=0.7539 (ReA), avg_r_acc=0.5139
[2026-07-07 00:33:44] [Relearn] Round=19, avg_f_acc=0.7612 (ReA), avg_r_acc=0.5255
[2026-07-07 00:34:47] [Relearn] Round=20, avg_f_acc=0.7686 (ReA), avg_r_acc=0.5046
[2026-07-07 00:35:50] [Relearn] Round=21, avg_f_acc=0.7390 (ReA), avg_r_acc=0.4965
[2026-07-07 00:36:54] [Relearn] Round=22, avg_f_acc=0.7559 (ReA), avg_r_acc=0.5339
[2026-07-07 00:37:56] [Relearn] Round=23, avg_f_acc=0.7403 (ReA), avg_r_acc=0.5069
[2026-07-07 00:39:00] [Relearn] Round=24, avg_f_acc=0.7592 (ReA), avg_r_acc=0.5131
[2026-07-07 00:40:02] [Relearn] Round=25, avg_f_acc=0.7539 (ReA), avg_r_acc=0.5229
[2026-07-07 00:41:06] [Relearn] Round=26, avg_f_acc=0.7444 (ReA), avg_r_acc=0.5305
[2026-07-07 00:42:07] [Relearn] Round=27, avg_f_acc=0.7486 (ReA), avg_r_acc=0.5239
[2026-07-07 00:43:11] [Relearn] Round=28, avg_f_acc=0.7350 (ReA), avg_r_acc=0.5041
[2026-07-07 00:44:13] [Relearn] Round=29, avg_f_acc=0.7562 (ReA), avg_r_acc=0.5227
[2026-07-07 00:45:15] [Relearn] Round=30, avg_f_acc=0.7509 (ReA), avg_r_acc=0.5355
[2026-07-07 00:46:18] [Relearn] Round=31, avg_f_acc=0.7647 (ReA), avg_r_acc=0.5401
[2026-07-07 00:47:19] [Relearn] Round=32, avg_f_acc=0.7784 (ReA), avg_r_acc=0.5406
[2026-07-07 00:48:23] [Relearn] Round=33, avg_f_acc=0.7795 (ReA), avg_r_acc=0.5227
[2026-07-07 00:49:25] [Relearn] Round=34, avg_f_acc=0.7583 (ReA), avg_r_acc=0.5129
[2026-07-07 00:50:26] [Relearn] Round=35, avg_f_acc=0.7625 (ReA), avg_r_acc=0.5139
[2026-07-07 00:51:28] [Relearn] Round=36, avg_f_acc=0.7604 (ReA), avg_r_acc=0.5473
[2026-07-07 00:52:29] [Relearn] Round=37, avg_f_acc=0.7656 (ReA), avg_r_acc=0.5255
[2026-07-07 00:53:30] [Relearn] Round=38, avg_f_acc=0.7625 (ReA), avg_r_acc=0.5211
[2026-07-07 00:54:33] [Relearn] Round=39, avg_f_acc=0.7509 (ReA), avg_r_acc=0.5391
[2026-07-07 00:55:34] [Relearn] Round=40, avg_f_acc=0.7689 (ReA), avg_r_acc=0.5352
[2026-07-07 00:56:36] [Relearn] Round=41, avg_f_acc=0.7594 (ReA), avg_r_acc=0.5391
[2026-07-07 00:57:37] [Relearn] Round=42, avg_f_acc=0.7351 (ReA), avg_r_acc=0.4835
[2026-07-07 00:58:38] [Relearn] Round=43, avg_f_acc=0.7848 (ReA), avg_r_acc=0.5267
[2026-07-07 00:59:40] [Relearn] Round=44, avg_f_acc=0.7647 (ReA), avg_r_acc=0.5263
[2026-07-07 01:00:42] [Relearn] Round=45, avg_f_acc=0.7583 (ReA), avg_r_acc=0.5316
[2026-07-07 01:01:44] [Relearn] Round=46, avg_f_acc=0.7594 (ReA), avg_r_acc=0.5334
[2026-07-07 01:02:46] [Relearn] Round=47, avg_f_acc=0.7583 (ReA), avg_r_acc=0.5282
[2026-07-07 01:03:46] [Relearn] Round=48, avg_f_acc=0.7614 (ReA), avg_r_acc=0.5414
[2026-07-07 01:04:48] [Relearn] Round=49, avg_f_acc=0.7467 (ReA), avg_r_acc=0.5334
[2026-07-07 01:04:48] ReA = 0.7467
[2026-07-07 01:05:05] Final unlearned model: global test loss=0.0606, acc=0.7268
