[2026-06-28 12:36:18] === Run started: fl_fedavg_oral_329811 ===
[2026-06-28 12:36:18] Config loaded from configs/fl_fedavg.yaml
[2026-06-28 12:36:18] Run directories: {'log_dir': 'logs/fl/fl_fedavg_oral_329811', 'tb_dir': 'logs/fl/fl_fedavg_oral_329811/tb', 'checkpoint_dir': 'checkpoints/fl/fl_fedavg_oral_329811', 'output_dir': 'outputs/fl/fl_fedavg_oral_329811'}
[2026-06-28 12:36:18] Indexing dataset...
[2026-06-28 12:36:18] Indexed 2538 train samples, 637 test samples.
[2026-06-28 12:36:18] Built 3 client partition(s) (client_split=hospital_based).
[2026-06-28 12:36:18]   client_id=Spain_Dataset hospital=Spain_Dataset n_samples=398
[2026-06-28 12:36:18]   client_id=Canada_Dataset hospital=Canada_Dataset n_samples=1635
[2026-06-28 12:36:18]   client_id=India_Dataset hospital=India_Dataset n_samples=505
[2026-06-28 12:36:18] Run hyperparameters:
  algorithm: fedavg
  model: resnet18
  num_clients: 3
  global_epochs: 50
  local_epochs: 3
  batch_size: 16
  learning_rate: 0.001
  domain_adaptation: False
[2026-06-28 12:36:19] Starting Flower simulation: algorithm=fedavg, clients=3, rounds=50
[2026-06-28 12:40:17] [FL round 1] comm=134252292B comp=383.93s
[2026-06-28 12:44:12] [FL round 2] comm=134252292B comp=320.87s
[2026-06-28 12:47:46] [FL round 3] comm=134252292B comp=312.03s
[2026-06-28 12:51:20] [FL round 4] comm=134252292B comp=311.13s
[2026-06-28 12:54:50] [FL round 5] comm=134252292B comp=303.25s
[2026-06-28 12:58:26] [FL round 6] comm=134252292B comp=309.11s
[2026-06-28 13:02:01] [FL round 7] comm=134252292B comp=308.74s
[2026-06-28 13:05:37] [FL round 8] comm=134252292B comp=311.23s
[2026-06-28 13:09:14] [FL round 9] comm=134252292B comp=313.84s
[2026-06-28 13:12:48] [FL round 10] comm=134252292B comp=308.99s
[2026-06-28 13:16:21] [FL round 11] comm=134252292B comp=308.95s
[2026-06-28 13:19:55] [FL round 12] comm=134252292B comp=304.21s
[2026-06-28 13:23:24] [FL round 13] comm=134252292B comp=300.49s
[2026-06-28 13:27:04] [FL round 14] comm=134252292B comp=319.07s
[2026-06-28 13:30:33] [FL round 15] comm=134252292B comp=307.46s
[2026-06-28 13:34:08] [FL round 16] comm=134252292B comp=308.04s
[2026-06-28 13:37:38] [FL round 17] comm=134252292B comp=306.97s
[2026-06-28 13:41:09] [FL round 18] comm=134252292B comp=305.96s
[2026-06-28 13:44:41] [FL round 19] comm=134252292B comp=308.59s
[2026-06-28 13:48:18] [FL round 20] comm=134252292B comp=313.22s
[2026-06-28 13:51:53] [FL round 21] comm=134252292B comp=310.47s
[2026-06-28 13:55:33] [FL round 22] comm=134252292B comp=311.70s
[2026-06-28 13:59:17] [FL round 23] comm=134252292B comp=317.44s
[2026-06-28 14:02:51] [FL round 24] comm=134252292B comp=310.50s
[2026-06-28 14:06:28] [FL round 25] comm=134252292B comp=310.80s
[2026-06-28 14:10:06] [FL round 26] comm=134252292B comp=312.23s
[2026-06-28 14:13:36] [FL round 27] comm=134252292B comp=305.39s
[2026-06-28 14:17:18] [FL round 28] comm=134252292B comp=315.30s
[2026-06-28 14:21:01] [FL round 29] comm=134252292B comp=319.16s
[2026-06-28 14:24:40] [FL round 30] comm=134252292B comp=312.66s
[2026-06-28 14:28:12] [FL round 31] comm=134252292B comp=308.77s
[2026-06-28 14:31:50] [FL round 32] comm=134252292B comp=317.73s
[2026-06-28 14:35:31] [FL round 33] comm=134252292B comp=317.32s
[2026-06-28 14:39:04] [FL round 34] comm=134252292B comp=306.84s
[2026-06-28 14:42:37] [FL round 35] comm=134252292B comp=306.33s
[2026-06-28 14:46:24] [FL round 36] comm=134252292B comp=334.29s
[2026-06-28 14:50:08] [FL round 37] comm=134252292B comp=324.76s
[2026-06-28 14:53:49] [FL round 38] comm=134252292B comp=328.97s
[2026-06-28 14:57:38] [FL round 39] comm=134252292B comp=330.31s
[2026-06-28 15:01:20] [FL round 40] comm=134252292B comp=327.41s
[2026-06-28 15:04:53] [FL round 41] comm=134252292B comp=319.93s
[2026-06-28 15:08:34] [FL round 42] comm=134252292B comp=326.31s
[2026-06-28 15:12:21] [FL round 43] comm=134252292B comp=332.79s
[2026-06-28 15:16:00] [FL round 44] comm=134252292B comp=321.39s
[2026-06-28 15:19:44] [FL round 45] comm=134252292B comp=324.58s
[2026-06-28 15:23:27] [FL round 46] comm=134252292B comp=320.97s
[2026-06-28 15:27:07] [FL round 47] comm=134252292B comp=321.64s
[2026-06-28 15:30:52] [FL round 48] comm=134252292B comp=329.75s
[2026-06-28 15:34:33] [FL round 49] comm=134252292B comp=326.65s
[2026-06-28 15:38:14] [FL round 50] comm=134252292B comp=320.32s
[2026-06-28 15:38:33] Checkpoint assembled from fully-federated parameters (no domain adaptation).
[2026-06-28 15:40:19] [eval/classification] accuracy=0.7598 macro_precision=0.7536 macro_recall=0.7118 macro_f1=0.7240 weighted_f1=0.7508
[2026-06-28 15:40:19] [eval] overall_acc=0.7598 overall_loss=1.5616 | macro_precision=0.7536 macro_recall=0.7118 macro_f1=0.7240 weighted_f1=0.7508 | per_hospital={ Spain_Dataset: 0.7736, Canada_Dataset: 0.8747, India_Dataset: 0.4015 }
[2026-06-28 15:40:20] Saved final global model checkpoint to checkpoints/fl/fl_fedavg_oral_329811/best.pt
[2026-06-28 15:40:20] === Run finished: fl_fedavg_oral_329811 (elapsed 11041.6s) ===
