[2026-07-08 04:32:32] === Run started: fu_cli_fedavg_canada_oral_341159 ===
[2026-07-08 04:32:32] Forking from source FL run: fl_fedavg_oral_329811
[2026-07-08 04:32:32] Forgetting: Canada_Dataset (index 1 of ['Spain_Dataset', 'Canada_Dataset', 'India_Dataset'])
[2026-07-08 04:32:32] Phase-2 mechanism: FUSED-CLI (Algorithm 1), algorithm=fedavg
[2026-07-08 04:32:33] Loaded source checkpoint (read-only) from checkpoints/fl/fl_fedavg_oral_329811/best.pt
[2026-07-08 04:32:33] Built 3 hospital train loaders in order ['Spain_Dataset', 'Canada_Dataset', 'India_Dataset'], sizes=[319, 1308, 404]
[2026-07-08 04:32:33] Built 3 proxy hospital train loaders (proxy_frac=0.2), sizes=[79, 327, 101].
[2026-07-08 04:32:33] Running FUSED-CLI unlearning (algorithm=fedavg)...
[2026-07-08 04:32:33] Running Critical Layer Identification (one federated round, remember clients only)...
[2026-07-08 04:33:20] Selected 4 critical layers: ['layer3.0.conv2.weight', 'layer4.0.conv1.weight', 'layer4.0.conv2.weight', 'layer4.1.conv1.weight']
[2026-07-08 04:35:44] [FUSED-CLI:fedavg] Round=0, avg_r_acc=0.6548, avg_f_acc=0.8266, adapter_density=324695/6488064
[2026-07-08 04:37:55] [FUSED-CLI:fedavg] Round=1, avg_r_acc=0.6267, avg_f_acc=0.8411, adapter_density=324695/6488064
[2026-07-08 04:40:08] [FUSED-CLI:fedavg] Round=2, avg_r_acc=0.6408, avg_f_acc=0.8444, adapter_density=324695/6488064
[2026-07-08 04:42:24] [FUSED-CLI:fedavg] Round=3, avg_r_acc=0.6490, avg_f_acc=0.8359, adapter_density=324695/6488064
[2026-07-08 04:44:40] [FUSED-CLI:fedavg] Round=4, avg_r_acc=0.6631, avg_f_acc=0.8435, adapter_density=324695/6488064
[2026-07-08 04:46:56] [FUSED-CLI:fedavg] Round=5, avg_r_acc=0.6673, avg_f_acc=0.8364, adapter_density=324695/6488064
[2026-07-08 04:49:11] [FUSED-CLI:fedavg] Round=6, avg_r_acc=0.6432, avg_f_acc=0.8385, adapter_density=324695/6488064
[2026-07-08 04:51:29] [FUSED-CLI:fedavg] Round=7, avg_r_acc=0.6199, avg_f_acc=0.8342, adapter_density=324695/6488064
[2026-07-08 04:53:43] [FUSED-CLI:fedavg] Round=8, avg_r_acc=0.5955, avg_f_acc=0.8285, adapter_density=324695/6488064
[2026-07-08 04:55:58] [FUSED-CLI:fedavg] Round=9, avg_r_acc=0.5908, avg_f_acc=0.8271, adapter_density=324695/6488064
[2026-07-08 04:58:13] [FUSED-CLI:fedavg] Round=10, avg_r_acc=0.5832, avg_f_acc=0.8139, adapter_density=324695/6488064
[2026-07-08 05:00:27] [FUSED-CLI:fedavg] Round=11, avg_r_acc=0.5784, avg_f_acc=0.8110, adapter_density=324695/6488064
[2026-07-08 05:02:43] [FUSED-CLI:fedavg] Round=12, avg_r_acc=0.5784, avg_f_acc=0.8053, adapter_density=324695/6488064
[2026-07-08 05:04:57] [FUSED-CLI:fedavg] Round=13, avg_r_acc=0.5826, avg_f_acc=0.8039, adapter_density=324695/6488064
[2026-07-08 05:07:12] [FUSED-CLI:fedavg] Round=14, avg_r_acc=0.5826, avg_f_acc=0.7997, adapter_density=324695/6488064
[2026-07-08 05:09:27] [FUSED-CLI:fedavg] Round=15, avg_r_acc=0.5848, avg_f_acc=0.7983, adapter_density=324695/6488064
[2026-07-08 05:11:43] [FUSED-CLI:fedavg] Round=16, avg_r_acc=0.5892, avg_f_acc=0.8094, adapter_density=324695/6488064
[2026-07-08 05:13:58] [FUSED-CLI:fedavg] Round=17, avg_r_acc=0.5867, avg_f_acc=0.8066, adapter_density=324695/6488064
[2026-07-08 05:16:12] [FUSED-CLI:fedavg] Round=18, avg_r_acc=0.5867, avg_f_acc=0.8052, adapter_density=324695/6488064
[2026-07-08 05:18:27] [FUSED-CLI:fedavg] Round=19, avg_r_acc=0.5889, avg_f_acc=0.8052, adapter_density=324695/6488064
[2026-07-08 05:20:41] [FUSED-CLI:fedavg] Round=20, avg_r_acc=0.5889, avg_f_acc=0.8052, adapter_density=324695/6488064
[2026-07-08 05:22:54] [FUSED-CLI:fedavg] Round=21, avg_r_acc=0.5911, avg_f_acc=0.8009, adapter_density=324695/6488064
[2026-07-08 05:25:07] [FUSED-CLI:fedavg] Round=22, avg_r_acc=0.5911, avg_f_acc=0.8009, adapter_density=324695/6488064
[2026-07-08 05:27:21] [FUSED-CLI:fedavg] Round=23, avg_r_acc=0.5911, avg_f_acc=0.8009, adapter_density=324695/6488064
[2026-07-08 05:29:35] [FUSED-CLI:fedavg] Round=24, avg_r_acc=0.5911, avg_f_acc=0.8009, adapter_density=324695/6488064
[2026-07-08 05:31:49] [FUSED-CLI:fedavg] Round=25, avg_r_acc=0.5911, avg_f_acc=0.7981, adapter_density=324695/6488064
[2026-07-08 05:34:06] [FUSED-CLI:fedavg] Round=26, avg_r_acc=0.5933, avg_f_acc=0.7981, adapter_density=324695/6488064
[2026-07-08 05:36:21] [FUSED-CLI:fedavg] Round=27, avg_r_acc=0.5886, avg_f_acc=0.7966, adapter_density=324695/6488064
[2026-07-08 05:38:36] [FUSED-CLI:fedavg] Round=28, avg_r_acc=0.5886, avg_f_acc=0.7938, adapter_density=324695/6488064
[2026-07-08 05:40:51] [FUSED-CLI:fedavg] Round=29, avg_r_acc=0.5886, avg_f_acc=0.7938, adapter_density=324695/6488064
[2026-07-08 05:43:05] [FUSED-CLI:fedavg] Round=30, avg_r_acc=0.5908, avg_f_acc=0.7938, adapter_density=324695/6488064
[2026-07-08 05:45:20] [FUSED-CLI:fedavg] Round=31, avg_r_acc=0.5908, avg_f_acc=0.7938, adapter_density=324695/6488064
[2026-07-08 05:47:35] [FUSED-CLI:fedavg] Round=32, avg_r_acc=0.5908, avg_f_acc=0.7938, adapter_density=324695/6488064
[2026-07-08 05:49:48] [FUSED-CLI:fedavg] Round=33, avg_r_acc=0.5908, avg_f_acc=0.7938, adapter_density=324695/6488064
[2026-07-08 05:52:02] [FUSED-CLI:fedavg] Round=34, avg_r_acc=0.5908, avg_f_acc=0.7938, adapter_density=324695/6488064
[2026-07-08 05:54:17] [FUSED-CLI:fedavg] Round=35, avg_r_acc=0.5908, avg_f_acc=0.7924, adapter_density=324695/6488064
[2026-07-08 05:56:32] [FUSED-CLI:fedavg] Round=36, avg_r_acc=0.5908, avg_f_acc=0.7924, adapter_density=324695/6488064
[2026-07-08 05:58:46] [FUSED-CLI:fedavg] Round=37, avg_r_acc=0.5908, avg_f_acc=0.7881, adapter_density=324695/6488064
[2026-07-08 06:01:00] [FUSED-CLI:fedavg] Round=38, avg_r_acc=0.5908, avg_f_acc=0.7881, adapter_density=324695/6488064
[2026-07-08 06:03:15] [FUSED-CLI:fedavg] Round=39, avg_r_acc=0.5908, avg_f_acc=0.7881, adapter_density=324695/6488064
[2026-07-08 06:05:30] [FUSED-CLI:fedavg] Round=40, avg_r_acc=0.5908, avg_f_acc=0.7881, adapter_density=324695/6488064
[2026-07-08 06:07:44] [FUSED-CLI:fedavg] Round=41, avg_r_acc=0.5908, avg_f_acc=0.7881, adapter_density=324695/6488064
[2026-07-08 06:09:58] [FUSED-CLI:fedavg] Round=42, avg_r_acc=0.5908, avg_f_acc=0.7881, adapter_density=324695/6488064
[2026-07-08 06:12:12] [FUSED-CLI:fedavg] Round=43, avg_r_acc=0.5841, avg_f_acc=0.7881, adapter_density=324695/6488064
[2026-07-08 06:14:26] [FUSED-CLI:fedavg] Round=44, avg_r_acc=0.5841, avg_f_acc=0.7867, adapter_density=324695/6488064
[2026-07-08 06:16:39] [FUSED-CLI:fedavg] Round=45, avg_r_acc=0.5766, avg_f_acc=0.7867, adapter_density=324695/6488064
[2026-07-08 06:18:54] [FUSED-CLI:fedavg] Round=46, avg_r_acc=0.5841, avg_f_acc=0.7867, adapter_density=324695/6488064
[2026-07-08 06:21:08] [FUSED-CLI:fedavg] Round=47, avg_r_acc=0.5841, avg_f_acc=0.7867, adapter_density=324695/6488064
[2026-07-08 06:23:23] [FUSED-CLI:fedavg] Round=48, avg_r_acc=0.5841, avg_f_acc=0.7867, adapter_density=324695/6488064
[2026-07-08 06:25:37] [FUSED-CLI:fedavg] Round=49, avg_r_acc=0.5766, avg_f_acc=0.7881, adapter_density=324695/6488064
[2026-07-08 06:25:37] FUSED-CLI unlearning complete. Critical layers: ['layer3.0.conv2.weight', 'layer4.0.conv1.weight', 'layer4.0.conv2.weight', 'layer4.1.conv1.weight']
[2026-07-08 06:25:37] Running relearn (ReA) probe for 50 rounds...
[2026-07-08 06:26:27] [Relearn] Round=0, avg_f_acc=0.7586 (ReA), avg_r_acc=0.5450
[2026-07-08 06:27:16] [Relearn] Round=1, avg_f_acc=0.7462 (ReA), avg_r_acc=0.5487
[2026-07-08 06:28:06] [Relearn] Round=2, avg_f_acc=0.7176 (ReA), avg_r_acc=0.5307
[2026-07-08 06:28:54] [Relearn] Round=3, avg_f_acc=0.7205 (ReA), avg_r_acc=0.5284
[2026-07-08 06:29:41] [Relearn] Round=4, avg_f_acc=0.7295 (ReA), avg_r_acc=0.5569
[2026-07-08 06:30:30] [Relearn] Round=5, avg_f_acc=0.7093 (ReA), avg_r_acc=0.5244
[2026-07-08 06:31:20] [Relearn] Round=6, avg_f_acc=0.7406 (ReA), avg_r_acc=0.5661
[2026-07-08 06:32:09] [Relearn] Round=7, avg_f_acc=0.7434 (ReA), avg_r_acc=0.5622
[2026-07-08 06:32:58] [Relearn] Round=8, avg_f_acc=0.7329 (ReA), avg_r_acc=0.5611
[2026-07-08 06:33:46] [Relearn] Round=9, avg_f_acc=0.7532 (ReA), avg_r_acc=0.5465
[2026-07-08 06:34:35] [Relearn] Round=10, avg_f_acc=0.6829 (ReA), avg_r_acc=0.4997
[2026-07-08 06:35:24] [Relearn] Round=11, avg_f_acc=0.7469 (ReA), avg_r_acc=0.5376
[2026-07-08 06:36:14] [Relearn] Round=12, avg_f_acc=0.6926 (ReA), avg_r_acc=0.4886
[2026-07-08 06:37:01] [Relearn] Round=13, avg_f_acc=0.7406 (ReA), avg_r_acc=0.5230
[2026-07-08 06:37:51] [Relearn] Round=14, avg_f_acc=0.7295 (ReA), avg_r_acc=0.4856
[2026-07-08 06:38:41] [Relearn] Round=15, avg_f_acc=0.7377 (ReA), avg_r_acc=0.5197
[2026-07-08 06:39:30] [Relearn] Round=16, avg_f_acc=0.7266 (ReA), avg_r_acc=0.4982
[2026-07-08 06:40:20] [Relearn] Round=17, avg_f_acc=0.7440 (ReA), avg_r_acc=0.5307
[2026-07-08 06:41:10] [Relearn] Round=18, avg_f_acc=0.6967 (ReA), avg_r_acc=0.4800
[2026-07-08 06:41:59] [Relearn] Round=19, avg_f_acc=0.7377 (ReA), avg_r_acc=0.5465
[2026-07-08 06:42:49] [Relearn] Round=20, avg_f_acc=0.7135 (ReA), avg_r_acc=0.5370
[2026-07-08 06:43:38] [Relearn] Round=21, avg_f_acc=0.7093 (ReA), avg_r_acc=0.5077
[2026-07-08 06:44:27] [Relearn] Round=22, avg_f_acc=0.7162 (ReA), avg_r_acc=0.5235
[2026-07-08 06:45:16] [Relearn] Round=23, avg_f_acc=0.6982 (ReA), avg_r_acc=0.5002
[2026-07-08 06:46:06] [Relearn] Round=24, avg_f_acc=0.7120 (ReA), avg_r_acc=0.4932
[2026-07-08 06:46:55] [Relearn] Round=25, avg_f_acc=0.7059 (ReA), avg_r_acc=0.4925
[2026-07-08 06:47:44] [Relearn] Round=26, avg_f_acc=0.7163 (ReA), avg_r_acc=0.4926
[2026-07-08 06:48:33] [Relearn] Round=27, avg_f_acc=0.7218 (ReA), avg_r_acc=0.5272
[2026-07-08 06:49:22] [Relearn] Round=28, avg_f_acc=0.7246 (ReA), avg_r_acc=0.5363
[2026-07-08 06:50:12] [Relearn] Round=29, avg_f_acc=0.7295 (ReA), avg_r_acc=0.5422
[2026-07-08 06:51:01] [Relearn] Round=30, avg_f_acc=0.7037 (ReA), avg_r_acc=0.4978
[2026-07-08 06:51:50] [Relearn] Round=31, avg_f_acc=0.7037 (ReA), avg_r_acc=0.5104
[2026-07-08 06:52:40] [Relearn] Round=32, avg_f_acc=0.7045 (ReA), avg_r_acc=0.5015
[2026-07-08 06:53:29] [Relearn] Round=33, avg_f_acc=0.6955 (ReA), avg_r_acc=0.4962
[2026-07-08 06:54:18] [Relearn] Round=34, avg_f_acc=0.7337 (ReA), avg_r_acc=0.5413
[2026-07-08 06:55:07] [Relearn] Round=35, avg_f_acc=0.7337 (ReA), avg_r_acc=0.5234
[2026-07-08 06:55:56] [Relearn] Round=36, avg_f_acc=0.7517 (ReA), avg_r_acc=0.5645
[2026-07-08 06:56:46] [Relearn] Round=37, avg_f_acc=0.7483 (ReA), avg_r_acc=0.5300
[2026-07-08 06:57:36] [Relearn] Round=38, avg_f_acc=0.6913 (ReA), avg_r_acc=0.5038
[2026-07-08 06:58:25] [Relearn] Round=39, avg_f_acc=0.7692 (ReA), avg_r_acc=0.5600
[2026-07-08 06:59:15] [Relearn] Round=40, avg_f_acc=0.7476 (ReA), avg_r_acc=0.5496
[2026-07-08 07:00:04] [Relearn] Round=41, avg_f_acc=0.7573 (ReA), avg_r_acc=0.5382
[2026-07-08 07:00:54] [Relearn] Round=42, avg_f_acc=0.7580 (ReA), avg_r_acc=0.5436
[2026-07-08 07:01:43] [Relearn] Round=43, avg_f_acc=0.7170 (ReA), avg_r_acc=0.5167
[2026-07-08 07:02:33] [Relearn] Round=44, avg_f_acc=0.7066 (ReA), avg_r_acc=0.5293
[2026-07-08 07:03:23] [Relearn] Round=45, avg_f_acc=0.6885 (ReA), avg_r_acc=0.5060
[2026-07-08 07:04:12] [Relearn] Round=46, avg_f_acc=0.6997 (ReA), avg_r_acc=0.4993
[2026-07-08 07:05:02] [Relearn] Round=47, avg_f_acc=0.7525 (ReA), avg_r_acc=0.5382
[2026-07-08 07:05:52] [Relearn] Round=48, avg_f_acc=0.7503 (ReA), avg_r_acc=0.5082
[2026-07-08 07:06:42] [Relearn] Round=49, avg_f_acc=0.7205 (ReA), avg_r_acc=0.5419
[2026-07-08 07:06:42] ReA = 0.7205
[2026-07-08 07:06:58] Final unlearned model: global test loss=0.0937, acc=0.6593
[2026-07-08 07:08:01] [eval/classification] accuracy=0.6593 macro_precision=0.6614 macro_recall=0.6880 macro_f1=0.6547 weighted_f1=0.6659
[2026-07-08 07:08:01] [eval] overall_acc=0.6593 overall_loss=1.4818 | macro_precision=0.6614 macro_recall=0.6880 macro_f1=0.6547 weighted_f1=0.6659 | per_hospital={ Spain_Dataset: 0.7453, Canada_Dataset: 0.6591, India_Dataset: 0.5909 }
[2026-07-08 07:08:25] [eval/unlearning/remember_classification] accuracy=0.6649 macro_precision=0.6433 macro_recall=0.6490 macro_f1=0.6459 weighted_f1=0.6656
[2026-07-08 07:08:28] [eval/unlearning/forget_classification] accuracy=0.6844 macro_precision=0.6506 macro_recall=0.7881 macro_f1=0.6639 weighted_f1=0.7069
[2026-07-08 07:08:51] [eval/unlearning] RA=0.6649 FA=0.6844 ReA=0.9906 remember_macro_f1=0.6459 forget_macro_f1=0.6639 MIA_acc=0.5675
[2026-07-08 07:08:51] [symmetric eval] RA=0.6649 FA=0.6844 ReA=0.9906 MIA_acc=0.5675
[2026-07-08 07:08:51] Running shadow-model MIA (n_shadow=3, attack_epochs=50, proxy_frac=0.2)...
