[2026-07-05 02:16:59] === Run started: fu_cli_fedavg_spain_oral_337320 ===
[2026-07-05 02:16:59] Forking from source FL run: fl_fedavg_oral_329811
[2026-07-05 02:16:59] Forgetting: Spain_Dataset (index 0 of ['Spain_Dataset', 'Canada_Dataset', 'India_Dataset'])
[2026-07-05 02:16:59] Phase-2 mechanism: FUSED-CLI (Algorithm 1), algorithm=fedavg
[2026-07-05 02:17:06] Loaded source checkpoint (read-only) from checkpoints/fl/fl_fedavg_oral_329811/best.pt
[2026-07-05 02:17:07] Built 3 hospital train loaders in order ['Spain_Dataset', 'Canada_Dataset', 'India_Dataset'], sizes=[398, 1635, 505]
[2026-07-05 02:17:07] Running FUSED-CLI unlearning (algorithm=fedavg)...
[2026-07-05 02:17:07] Running Critical Layer Identification (one federated round, remember clients only)...
[2026-07-05 02:18:41] Selected 4 critical layers: ['layer4.0.conv2.weight', 'layer4.1.conv2.weight', 'layer4.1.conv1.weight', 'layer4.0.conv1.weight']
[2026-07-05 02:20:42] [FUSED-CLI:fedavg] Round=0, avg_r_acc=0.6581, avg_f_acc=0.7886, adapter_density=413080/8257536
[2026-07-05 02:22:15] [FUSED-CLI:fedavg] Round=1, avg_r_acc=0.6642, avg_f_acc=0.7886, adapter_density=413080/8257536
[2026-07-05 02:23:50] [FUSED-CLI:fedavg] Round=2, avg_r_acc=0.6479, avg_f_acc=0.7886, adapter_density=413080/8257536
[2026-07-05 02:25:23] [FUSED-CLI:fedavg] Round=3, avg_r_acc=0.6525, avg_f_acc=0.7809, adapter_density=413080/8257536
[2026-07-05 02:26:57] [FUSED-CLI:fedavg] Round=4, avg_r_acc=0.6574, avg_f_acc=0.7731, adapter_density=413080/8257536
[2026-07-05 02:28:31] [FUSED-CLI:fedavg] Round=5, avg_r_acc=0.6599, avg_f_acc=0.7819, adapter_density=413080/8257536
[2026-07-05 02:30:05] [FUSED-CLI:fedavg] Round=6, avg_r_acc=0.6576, avg_f_acc=0.7907, adapter_density=413080/8257536
[2026-07-05 02:31:37] [FUSED-CLI:fedavg] Round=7, avg_r_acc=0.6608, avg_f_acc=0.7829, adapter_density=413080/8257536
[2026-07-05 02:33:09] [FUSED-CLI:fedavg] Round=8, avg_r_acc=0.6597, avg_f_acc=0.7829, adapter_density=413080/8257536
[2026-07-05 02:34:44] [FUSED-CLI:fedavg] Round=9, avg_r_acc=0.6591, avg_f_acc=0.7829, adapter_density=413080/8257536
[2026-07-05 02:36:17] [FUSED-CLI:fedavg] Round=10, avg_r_acc=0.6591, avg_f_acc=0.7917, adapter_density=413080/8257536
[2026-07-05 02:37:51] [FUSED-CLI:fedavg] Round=11, avg_r_acc=0.6645, avg_f_acc=0.7917, adapter_density=413080/8257536
[2026-07-05 02:39:25] [FUSED-CLI:fedavg] Round=12, avg_r_acc=0.6639, avg_f_acc=0.7917, adapter_density=413080/8257536
[2026-07-05 02:40:59] [FUSED-CLI:fedavg] Round=13, avg_r_acc=0.6657, avg_f_acc=0.7917, adapter_density=413080/8257536
[2026-07-05 02:42:32] [FUSED-CLI:fedavg] Round=14, avg_r_acc=0.6640, avg_f_acc=0.7917, adapter_density=413080/8257536
[2026-07-05 02:44:05] [FUSED-CLI:fedavg] Round=15, avg_r_acc=0.6629, avg_f_acc=0.8092, adapter_density=413080/8257536
[2026-07-05 02:45:37] [FUSED-CLI:fedavg] Round=16, avg_r_acc=0.6629, avg_f_acc=0.8092, adapter_density=413080/8257536
[2026-07-05 02:47:10] [FUSED-CLI:fedavg] Round=17, avg_r_acc=0.6612, avg_f_acc=0.8092, adapter_density=413080/8257536
[2026-07-05 02:48:43] [FUSED-CLI:fedavg] Round=18, avg_r_acc=0.6612, avg_f_acc=0.8092, adapter_density=413080/8257536
[2026-07-05 02:50:17] [FUSED-CLI:fedavg] Round=19, avg_r_acc=0.6612, avg_f_acc=0.8092, adapter_density=413080/8257536
[2026-07-05 02:51:51] [FUSED-CLI:fedavg] Round=20, avg_r_acc=0.6630, avg_f_acc=0.8092, adapter_density=413080/8257536
[2026-07-05 02:53:25] [FUSED-CLI:fedavg] Round=21, avg_r_acc=0.6630, avg_f_acc=0.8092, adapter_density=413080/8257536
[2026-07-05 02:54:59] [FUSED-CLI:fedavg] Round=22, avg_r_acc=0.6630, avg_f_acc=0.8092, adapter_density=413080/8257536
[2026-07-05 02:56:33] [FUSED-CLI:fedavg] Round=23, avg_r_acc=0.6625, avg_f_acc=0.8015, adapter_density=413080/8257536
[2026-07-05 02:58:07] [FUSED-CLI:fedavg] Round=24, avg_r_acc=0.6625, avg_f_acc=0.8015, adapter_density=413080/8257536
[2026-07-05 02:59:41] [FUSED-CLI:fedavg] Round=25, avg_r_acc=0.6643, avg_f_acc=0.8015, adapter_density=413080/8257536
[2026-07-05 03:01:15] [FUSED-CLI:fedavg] Round=26, avg_r_acc=0.6643, avg_f_acc=0.8015, adapter_density=413080/8257536
[2026-07-05 03:02:47] [FUSED-CLI:fedavg] Round=27, avg_r_acc=0.6643, avg_f_acc=0.8015, adapter_density=413080/8257536
[2026-07-05 03:04:20] [FUSED-CLI:fedavg] Round=28, avg_r_acc=0.6434, avg_f_acc=0.8015, adapter_density=413080/8257536
[2026-07-05 03:05:55] [FUSED-CLI:fedavg] Round=29, avg_r_acc=0.6429, avg_f_acc=0.8015, adapter_density=413080/8257536
[2026-07-05 03:07:28] [FUSED-CLI:fedavg] Round=30, avg_r_acc=0.6482, avg_f_acc=0.8015, adapter_density=413080/8257536
[2026-07-05 03:09:01] [FUSED-CLI:fedavg] Round=31, avg_r_acc=0.6482, avg_f_acc=0.8103, adapter_density=413080/8257536
[2026-07-05 03:10:34] [FUSED-CLI:fedavg] Round=32, avg_r_acc=0.6500, avg_f_acc=0.8103, adapter_density=413080/8257536
[2026-07-05 03:12:07] [FUSED-CLI:fedavg] Round=33, avg_r_acc=0.6500, avg_f_acc=0.8103, adapter_density=413080/8257536
[2026-07-05 03:13:41] [FUSED-CLI:fedavg] Round=34, avg_r_acc=0.6500, avg_f_acc=0.8103, adapter_density=413080/8257536
[2026-07-05 03:15:15] [FUSED-CLI:fedavg] Round=35, avg_r_acc=0.6500, avg_f_acc=0.8103, adapter_density=413080/8257536
[2026-07-05 03:16:48] [FUSED-CLI:fedavg] Round=36, avg_r_acc=0.6500, avg_f_acc=0.8103, adapter_density=413080/8257536
[2026-07-05 03:18:18] [FUSED-CLI:fedavg] Round=37, avg_r_acc=0.6500, avg_f_acc=0.8015, adapter_density=413080/8257536
[2026-07-05 03:19:50] [FUSED-CLI:fedavg] Round=38, avg_r_acc=0.6500, avg_f_acc=0.8015, adapter_density=413080/8257536
[2026-07-05 03:21:22] [FUSED-CLI:fedavg] Round=39, avg_r_acc=0.6500, avg_f_acc=0.8015, adapter_density=413080/8257536
[2026-07-05 03:22:56] [FUSED-CLI:fedavg] Round=40, avg_r_acc=0.6500, avg_f_acc=0.8015, adapter_density=413080/8257536
[2026-07-05 03:24:30] [FUSED-CLI:fedavg] Round=41, avg_r_acc=0.6500, avg_f_acc=0.8015, adapter_density=413080/8257536
[2026-07-05 03:26:02] [FUSED-CLI:fedavg] Round=42, avg_r_acc=0.6298, avg_f_acc=0.8015, adapter_density=413080/8257536
[2026-07-05 03:27:32] [FUSED-CLI:fedavg] Round=43, avg_r_acc=0.6298, avg_f_acc=0.8015, adapter_density=413080/8257536
[2026-07-05 03:29:04] [FUSED-CLI:fedavg] Round=44, avg_r_acc=0.6298, avg_f_acc=0.8015, adapter_density=413080/8257536
[2026-07-05 03:30:38] [FUSED-CLI:fedavg] Round=45, avg_r_acc=0.6298, avg_f_acc=0.8015, adapter_density=413080/8257536
[2026-07-05 03:32:12] [FUSED-CLI:fedavg] Round=46, avg_r_acc=0.6303, avg_f_acc=0.8015, adapter_density=413080/8257536
[2026-07-05 03:33:45] [FUSED-CLI:fedavg] Round=47, avg_r_acc=0.6298, avg_f_acc=0.8015, adapter_density=413080/8257536
[2026-07-05 03:35:19] [FUSED-CLI:fedavg] Round=48, avg_r_acc=0.6095, avg_f_acc=0.8015, adapter_density=413080/8257536
[2026-07-05 03:36:53] [FUSED-CLI:fedavg] Round=49, avg_r_acc=0.6095, avg_f_acc=0.8015, adapter_density=413080/8257536
[2026-07-05 03:36:53] FUSED-CLI unlearning complete. Critical layers: ['layer4.0.conv2.weight', 'layer4.1.conv2.weight', 'layer4.1.conv1.weight', 'layer4.0.conv1.weight']
[2026-07-05 03:36:53] Running relearn (ReA) probe for 50 rounds...
[2026-07-05 03:39:22] [Relearn] Round=0, avg_f_acc=0.8479 (ReA), avg_r_acc=0.6718
[2026-07-05 03:42:02] [Relearn] Round=1, avg_f_acc=0.8624 (ReA), avg_r_acc=0.6451
[2026-07-05 03:44:36] [Relearn] Round=2, avg_f_acc=0.8644 (ReA), avg_r_acc=0.6506
[2026-07-05 03:47:08] [Relearn] Round=3, avg_f_acc=0.8345 (ReA), avg_r_acc=0.6482
[2026-07-05 03:49:41] [Relearn] Round=4, avg_f_acc=0.8644 (ReA), avg_r_acc=0.6556
[2026-07-05 03:52:13] [Relearn] Round=5, avg_f_acc=0.8345 (ReA), avg_r_acc=0.6381
[2026-07-05 03:54:35] [Relearn] Round=6, avg_f_acc=0.8556 (ReA), avg_r_acc=0.6596
[2026-07-05 03:57:08] [Relearn] Round=7, avg_f_acc=0.8577 (ReA), avg_r_acc=0.6547
[2026-07-05 03:59:13] [Relearn] Round=8, avg_f_acc=0.8722 (ReA), avg_r_acc=0.6510
[2026-07-05 04:01:22] [Relearn] Round=9, avg_f_acc=0.8644 (ReA), avg_r_acc=0.6459
[2026-07-05 04:03:44] [Relearn] Round=10, avg_f_acc=0.8556 (ReA), avg_r_acc=0.6513
[2026-07-05 04:06:12] [Relearn] Round=11, avg_f_acc=0.8532 (ReA), avg_r_acc=0.6242
[2026-07-05 04:08:20] [Relearn] Round=12, avg_f_acc=0.8511 (ReA), avg_r_acc=0.6373
[2026-07-05 04:10:45] [Relearn] Round=13, avg_f_acc=0.8722 (ReA), avg_r_acc=0.6305
[2026-07-05 04:13:11] [Relearn] Round=14, avg_f_acc=0.8345 (ReA), avg_r_acc=0.6276
[2026-07-05 04:15:38] [Relearn] Round=15, avg_f_acc=0.8566 (ReA), avg_r_acc=0.6431
[2026-07-05 04:18:08] [Relearn] Round=16, avg_f_acc=0.8644 (ReA), avg_r_acc=0.6520
[2026-07-05 04:20:34] [Relearn] Round=17, avg_f_acc=0.8644 (ReA), avg_r_acc=0.6400
[2026-07-05 04:22:59] [Relearn] Round=18, avg_f_acc=0.8634 (ReA), avg_r_acc=0.6245
[2026-07-05 04:25:27] [Relearn] Round=19, avg_f_acc=0.8644 (ReA), avg_r_acc=0.6604
[2026-07-05 04:27:43] [Relearn] Round=20, avg_f_acc=0.8644 (ReA), avg_r_acc=0.6618
[2026-07-05 04:30:01] [Relearn] Round=21, avg_f_acc=0.8556 (ReA), avg_r_acc=0.6597
[2026-07-05 04:32:25] [Relearn] Round=22, avg_f_acc=0.8722 (ReA), avg_r_acc=0.6590
[2026-07-05 04:34:57] [Relearn] Round=23, avg_f_acc=0.8634 (ReA), avg_r_acc=0.6590
[2026-07-05 04:37:29] [Relearn] Round=24, avg_f_acc=0.8634 (ReA), avg_r_acc=0.6566
[2026-07-05 04:39:55] [Relearn] Round=25, avg_f_acc=0.8634 (ReA), avg_r_acc=0.6539
[2026-07-05 04:42:31] [Relearn] Round=26, avg_f_acc=0.8634 (ReA), avg_r_acc=0.6601
[2026-07-05 04:44:54] [Relearn] Round=27, avg_f_acc=0.8711 (ReA), avg_r_acc=0.6382
[2026-07-05 04:47:18] [Relearn] Round=28, avg_f_acc=0.8556 (ReA), avg_r_acc=0.6595
[2026-07-05 04:49:35] [Relearn] Round=29, avg_f_acc=0.8644 (ReA), avg_r_acc=0.6551
[2026-07-05 04:52:01] [Relearn] Round=30, avg_f_acc=0.8401 (ReA), avg_r_acc=0.6560
[2026-07-05 04:54:20] [Relearn] Round=31, avg_f_acc=0.8324 (ReA), avg_r_acc=0.6425
[2026-07-05 04:56:44] [Relearn] Round=32, avg_f_acc=0.8479 (ReA), avg_r_acc=0.6632
[2026-07-05 04:59:13] [Relearn] Round=33, avg_f_acc=0.8556 (ReA), avg_r_acc=0.6491
[2026-07-05 05:01:43] [Relearn] Round=34, avg_f_acc=0.8566 (ReA), avg_r_acc=0.6630
[2026-07-05 05:04:10] [Relearn] Round=35, avg_f_acc=0.8722 (ReA), avg_r_acc=0.6548
[2026-07-05 05:06:19] [Relearn] Round=36, avg_f_acc=0.8556 (ReA), avg_r_acc=0.6497
[2026-07-05 05:08:31] [Relearn] Round=37, avg_f_acc=0.8556 (ReA), avg_r_acc=0.6451
[2026-07-05 05:11:04] [Relearn] Round=38, avg_f_acc=0.8634 (ReA), avg_r_acc=0.6468
[2026-07-05 05:13:11] [Relearn] Round=39, avg_f_acc=0.8556 (ReA), avg_r_acc=0.6522
[2026-07-05 05:15:27] [Relearn] Round=40, avg_f_acc=0.8634 (ReA), avg_r_acc=0.6508
[2026-07-05 05:17:36] [Relearn] Round=41, avg_f_acc=0.8479 (ReA), avg_r_acc=0.6377
[2026-07-05 05:19:58] [Relearn] Round=42, avg_f_acc=0.8566 (ReA), avg_r_acc=0.6437
[2026-07-05 05:22:31] [Relearn] Round=43, avg_f_acc=0.8479 (ReA), avg_r_acc=0.6498
[2026-07-05 05:24:56] [Relearn] Round=44, avg_f_acc=0.8722 (ReA), avg_r_acc=0.6459
[2026-07-05 05:27:19] [Relearn] Round=45, avg_f_acc=0.8566 (ReA), avg_r_acc=0.6511
[2026-07-05 05:29:26] [Relearn] Round=46, avg_f_acc=0.8732 (ReA), avg_r_acc=0.6517
[2026-07-05 05:31:55] [Relearn] Round=47, avg_f_acc=0.8556 (ReA), avg_r_acc=0.6564
[2026-07-05 05:34:24] [Relearn] Round=48, avg_f_acc=0.8556 (ReA), avg_r_acc=0.6503
[2026-07-05 05:36:51] [Relearn] Round=49, avg_f_acc=0.8556 (ReA), avg_r_acc=0.6572
[2026-07-05 05:36:51] ReA = 0.8556
[2026-07-05 05:37:08] Final unlearned model: global test loss=0.0745, acc=0.7425
[2026-07-05 05:37:08] Saved unlearned model to checkpoints/fu_cli_domain/fu_cli_fedavg_spain_oral_337320/unlearned_model.pt
[2026-07-05 05:37:08] === Run finished: fu_cli_fedavg_spain_oral_337320 (elapsed 12008.8s) ===
