[2026-07-02 01:56:42] === Run started: fused_cifar10_resume_mia_332859 ===
[2026-07-02 01:56:42] Run hyperparameters:
  dataset_root: /export/home/ralhasan/fl-fu-oral3/dataset/cifar10
  num_classes: 10
  num_clients: 50
  alpha: 1.0
  proxy_frac: 0.2
  pretrained: True
  local_batch_size: 128
  test_batch_size: 64
  learning_rate: 0.005
  global_epochs: 100
  local_epochs: 5
  fused_iterations: 100
  relearn_rounds: 100
  forget_paradigm: client
  forget_client_idx: [0]
  lora_r: 16
  lora_alpha: 32
  lora_dropout: 0.1
  run_mia: True
  n_shadow: 5
  mia_attack_epochs: 50
  device: cuda
  seed: 50
  num_workers: 2
  logs_root: logs/cifar10
  checkpoints_root: checkpoints/cifar10
  outputs_root: outputs/cifar10
[2026-07-02 01:56:43] Rebuilding CIFAR-10 federated data (seed=50, matches original run fused_cifar10_full_327966's Dirichlet client partition).
[2026-07-02 01:56:56] Built 50 clients. Client data sizes (pre-proxy-carve): [1264, 1300, 1253, 1329, 1566, 1895, 1239, 1223, 940, 1422, 1436, 1294, 1020, 1954, 1147, 1394, 1287, 1040, 1204, 1245, 529, 1159, 1284, 959, 887, 863, 1140, 1312, 1051, 1551, 965, 1295, 1203, 989, 1537, 1160, 1218, 1664, 1414, 498, 1455, 1233, 1328, 680, 1190, 793, 1277, 725, 1243, 946]
[2026-07-02 01:56:56] Applying Byzantine label-shift attack to forget_client_idx=[0]...
[2026-07-02 01:56:57] Loading checkpoints from checkpoints/cifar10/fused_cifar10_full_327966
[2026-07-02 01:57:04] Loaded FUSED adapter: 254112/11435754 trainable parameters (2.222% density).
[2026-07-02 01:57:04] === MIA: membership_inference_attack (FUSED) ===
[2026-07-02 20:27:12] FUSED MIA accuracy = 0.8194 (per-client: {0: 0.3523809523809524, 1: 0.8415529905561385, 2: 0.8014861995753716, 3: 0.8522372528616025, 4: 0.8314410480349345, 5: 0.8506756756756757, 6: 0.7529286474973376, 7: 0.815845824411135, 8: 0.8445945945945946, 9: 0.7983798379837984, 10: 0.8563734290843806, 11: 0.8224789915966386, 12: 0.8034300791556728, 13: 0.85809906291834, 14: 0.8157033805888768, 15: 0.8523550724637681, 16: 0.7852631578947369, 17: 0.8219895287958116, 18: 0.8668098818474759, 19: 0.7882978723404256, 20: 0.8181818181818182, 21: 0.8358695652173913, 22: 0.7629083245521602, 23: 0.8494623655913979, 24: 0.8447412353923205, 25: 0.8448566610455311, 26: 0.8438864628820961, 27: 0.8462343096234309, 28: 0.8026143790849674, 29: 0.8572679509632224, 30: 0.8389261744966443, 31: 0.8382352941176471, 32: 0.8614393125671321, 33: 0.8242343541944075, 34: 0.8471001757469244, 35: 0.866304347826087, 36: 0.8233404710920771, 37: 0.8334618350038551, 38: 0.8394950405770965, 39: 0.7692307692307693, 40: 0.8462913315460232, 41: 0.7707889125799574, 42: 0.83125, 43: 0.7996357012750456, 44: 0.8478964401294499, 45: 0.8454861111111112, 46: 0.8575949367088608, 47: 0.8160714285714286, 48: 0.8489361702127659, 49: 0.8461538461538461})
[2026-07-02 20:27:12] === MIA: membership_inference_attack (Retrain) ===
[2026-07-04 00:02:38] Retrain MIA accuracy = 0.7437 (per-client: {0: 0.3291005291005291, 1: 0.832109129066107, 2: 0.6985138004246284, 3: 0.8064516129032258, 4: 0.7799126637554585, 5: 0.797972972972973, 6: 0.7422790202342918, 7: 0.6798715203426124, 8: 0.7837837837837838, 9: 0.7767776777677767, 10: 0.8285457809694794, 11: 0.7626050420168067, 12: 0.7058047493403694, 13: 0.7757697456492637, 14: 0.7339149400218102, 15: 0.8351449275362319, 16: 0.6052631578947368, 17: 0.6714659685863874, 18: 0.715359828141783, 19: 0.5968085106382979, 20: 0.7350649350649351, 21: 0.7891304347826087, 22: 0.6954689146469969, 23: 0.782258064516129, 24: 0.7161936560934892, 25: 0.7757166947723441, 26: 0.7194323144104804, 27: 0.7813807531380753, 28: 0.7751633986928105, 29: 0.7504378283712785, 30: 0.8442953020134228, 31: 0.7962184873949579, 32: 0.7926960257787325, 33: 0.6577896138482024, 34: 0.7618629173989455, 35: 0.7815217391304348, 36: 0.7591006423982869, 37: 0.7579028527370856, 38: 0.806131650135257, 39: 0.6896551724137931, 40: 0.7685433422698839, 41: 0.6375266524520256, 42: 0.7395833333333334, 43: 0.7158469945355191, 44: 0.8101402373247033, 45: 0.8090277777777778, 46: 0.7953586497890295, 47: 0.7535714285714286, 48: 0.7808510638297872, 49: 0.7516869095816464})
[2026-07-04 00:02:38] 
[2026-07-04 00:02:38] === RESUME RUN SUMMARY (MIA fix only; ReA untouched here, use scripts/resume_rea_only.py for that) ===
[2026-07-04 00:02:38] Metric        Retrain      FUSED
[2026-07-04 00:02:38] MIA            0.7437     0.8194
[2026-07-04 00:02:38] === Run finished: fused_cifar10_resume_mia_332859 (elapsed 165956.0s) ===
